============================================================
   Tang Dynasty, V5.6.71036
      Copyright (c) 2012-2023 Anlogic Inc.
   Executable = D:/Anlogic/TD5.6.2/bin/td.exe
   Built at =   20:34:38 Mar 21 2023
   Run by =     BigPig
   Run Date =   Fri Jul  7 22:15:19 2023

   Run on =     DESKTOP-9MNJBAS
============================================================
RUN-1002 : start command "open_project top.prj"
RUN-1001 : Print Global Property
RUN-1001 : ---------------------------------------------------------------
RUN-1001 :        Parameters        |  Settings  |  Default Values  |  Note  
RUN-1001 : ---------------------------------------------------------------
RUN-1001 :          message         |  standard  |     standard     |        
RUN-1001 :   mixed_pack_place_flow  |     on     |        on        |        
RUN-1001 :        qor_monitor       |    off     |       off        |        
RUN-1001 :        syn_ip_flow       |    off     |       off        |        
RUN-1001 :          thread          |    auto    |       auto       |        
RUN-1001 : ---------------------------------------------------------------
RUN-1001 : Print Design Property
RUN-1001 : --------------------------------------------------------------
RUN-1001 :        Parameters       |  Settings  |  Default Values  |  Note  
RUN-1001 : --------------------------------------------------------------
RUN-1001 :   default_reg_initial   |    auto    |       auto       |        
RUN-1001 :        infer_add        |     on     |        on        |        
RUN-1001 :        infer_fsm        |    off     |       off        |        
RUN-1001 :        infer_mult       |     on     |        on        |        
RUN-1001 :        infer_ram        |     on     |        on        |        
RUN-1001 :        infer_reg        |     on     |        on        |        
RUN-1001 :   infer_reg_init_value  |     on     |        on        |        
RUN-1001 :        infer_rom        |     on     |        on        |        
RUN-1001 :      infer_shifter      |     on     |        on        |        
RUN-1001 : --------------------------------------------------------------
RUN-1001 : Print Rtl Property
RUN-1001 : --------------------------------------------------------------
RUN-1001 :        Parameters       |  Settings  |  Default Values  |  Note  
RUN-1001 : --------------------------------------------------------------
RUN-1001 :       compress_add      |   ripple   |      ripple      |        
RUN-1001 :        elf_sload        |    off     |       off        |        
RUN-1001 :       fix_undriven      |     0      |        0         |        
RUN-1001 :         flatten         |    off     |       off        |        
RUN-1001 :       gate_sharing      |     on     |        on        |        
RUN-1001 :    hdl_warning_level    |   normal   |      normal      |        
RUN-1001 :   impl_internal_tribuf  |     on     |        on        |        
RUN-1001 :      impl_set_reset     |     on     |        on        |        
RUN-1001 :        infer_gsr        |    off     |       off        |        
RUN-1001 :      keep_hierarchy     |    auto    |       auto       |        
RUN-1001 :        max_fanout       |    9999    |       9999       |        
RUN-1001 :      max_oh2bin_len     |     10     |        10        |        
RUN-1001 :       merge_equal       |     on     |        on        |        
RUN-1001 :       merge_equiv       |     on     |        on        |        
RUN-1001 :        merge_mux        |    off     |       off        |        
RUN-1001 :     min_control_set     |     8      |        8         |        
RUN-1001 :      min_ripple_len     |    auto    |       auto       |        
RUN-1001 :       oh2bin_ratio      |    0.08    |       0.08       |        
RUN-1001 :     opt_adder_fanout    |     on     |        on        |        
RUN-1001 :        opt_arith        |     on     |        on        |        
RUN-1001 :       opt_big_gate      |    off     |       off        |        
RUN-1001 :        opt_const        |     on     |        on        |        
RUN-1001 :      opt_const_mult     |     on     |        on        |        
RUN-1001 :       opt_lessthan      |     on     |        on        |        
RUN-1001 :         opt_mux         |    off     |       off        |        
RUN-1001 :         opt_ram         |    high    |       high       |        
RUN-1001 :      rtl_sim_model      |    off     |       off        |        
RUN-1001 :         seq_syn         |     on     |        on        |        
RUN-1001 : --------------------------------------------------------------
HDL-1007 : analyze verilog file ../../src/uart_rx.sv
HDL-5007 WARNING: non-net output port 'recv_data' cannot be initialized at declaration in SystemVerilog mode in ../../src/uart_rx.sv(9)
HDL-5007 WARNING: parameter 'RATE_CNT' becomes localparam in 'uart_rx' with formal parameter declaration list in ../../src/uart_rx.sv(14)
HDL-1007 : analyze verilog file ../../src/uart_top.sv
HDL-1007 : undeclared symbol 'send_busy', assumed default net type 'wire' in ../../src/uart_top.sv(63)
HDL-1007 : analyze verilog file ../../src/uart_tx.sv
HDL-5007 WARNING: non-net output port 'tx_pin' cannot be initialized at declaration in SystemVerilog mode in ../../src/uart_tx.sv(12)
HDL-5007 WARNING: parameter 'RATE_CNT' becomes localparam in 'uart_tx' with formal parameter declaration list in ../../src/uart_tx.sv(14)
RUN-1001 : Project manager successfully analyzed 3 source files.
RUN-1002 : start command "import_device eagle_s20.db -package EG4S20NG88"
ARC-1001 : Device Initialization.
ARC-1001 : ---------------------------------------------------------------
ARC-1001 :            OPTION            |        IO         |   SETTING   
ARC-1001 : ---------------------------------------------------------------
ARC-1001 :   cso_b/cclk/mosi/miso/dout  |  P69/P82/P81/P80  |    gpio    
ARC-1001 :             done             |        P8         |    gpio    
ARC-1001 :           program_b          |        P67        |  dedicate  
ARC-1001 :        tdi/tms/tck/tdo       |  P25/P22/P26/P21  |  dedicate  
ARC-1001 : ---------------------------------------------------------------
ARC-1004 : Device setting, marked 5 dedicate IOs in total.
RUN-1002 : start command "import_db ../syn_1/top_gate.db"
RUN-1001 : Importing database generated by Tang Dynasty, V5.6.71036.
RUN-1001 : Database version number 46146.
RUN-1001 : Import flow parameters
RUN-1001 : Import IO constraints
RUN-1001 : Import Inst constraints
RUN-1001 : Import design success TD_VERSION=5.6.71036 , DB_VERSION=46146
RUN-1002 : start command "place"
RUN-1001 : Open license file D:/Anlogic/TD5.6.2/license/Anlogic.lic
RUN-1001 : Print Global Property
RUN-1001 : ---------------------------------------------------------------
RUN-1001 :        Parameters        |  Settings  |  Default Values  |  Note  
RUN-1001 : ---------------------------------------------------------------
RUN-1001 :          message         |  standard  |     standard     |        
RUN-1001 :   mixed_pack_place_flow  |     on     |        on        |        
RUN-1001 :        qor_monitor       |    off     |       off        |        
RUN-1001 :        syn_ip_flow       |    off     |       off        |        
RUN-1001 :          thread          |     16     |       auto       |   *    
RUN-1001 : ---------------------------------------------------------------
RUN-1001 : Print Place Property
RUN-1001 : --------------------------------------------------------------
RUN-1001 :        Parameters       |  Settings  |  Default Values  |  Note  
RUN-1001 : --------------------------------------------------------------
RUN-1001 :      detailed_place     |     on     |        on        |        
RUN-1001 :          effort         |   medium   |      medium      |        
RUN-1001 :         fix_hold        |    off     |       off        |        
RUN-1001 :       legalization      |    ori     |       ori        |        
RUN-1001 :      new_spreading      |     on     |        on        |        
RUN-1001 :        opt_timing       |   medium   |      medium      |        
RUN-1001 :   post_clock_route_opt  |    off     |       off        |        
RUN-1001 :       pr_strategy       |     1      |        1         |        
RUN-1001 :        relaxation       |    1.00    |       1.00       |        
RUN-1001 :         retiming        |    off     |       off        |        
RUN-1001 : --------------------------------------------------------------
PHY-3001 : Placer runs in 16 thread(s).
RUN-1002 : start command "legalize_phy_inst"
SYN-1011 : Flatten model uart_top
RUN-1002 : start command "phys_opt -simplify_lut"
SYN-4024 : Net "clk_dup_1" drives clk pins.
SYN-4025 : Tag rtl::Net clk_dup_1 as clock net
SYN-4026 : Tagged 1 rtl::Net as clock net
PHY-1001 : Populate physical database on model uart_top.
RUN-1001 : There are total 256 instances
RUN-0007 : 128 luts, 97 seqs, 13 mslices, 12 lslices, 3 pads, 0 brams, 0 dsps
RUN-1001 : There are total 309 nets
RUN-1001 : 189 nets have 2 pins
RUN-1001 : 79 nets have [3 - 5] pins
RUN-1001 : 27 nets have [6 - 10] pins
RUN-1001 : 11 nets have [11 - 20] pins
RUN-1001 : 2 nets have [21 - 99] pins
RUN-1001 : 1 nets have 100+ pins
RUN-1001 : Report Control nets information:
RUN-1001 : DFF Distribution
RUN-1001 : ----------------------------------
RUN-1001 :   CE   |  SSR  |  ASR  |  DFF Count  
RUN-1001 : ----------------------------------
RUN-1001 :   No   |  No   |  No   |     43      
RUN-1001 :   No   |  No   |  Yes  |      0      
RUN-1001 :   No   |  Yes  |  No   |      0      
RUN-1001 :   Yes  |  No   |  No   |     54      
RUN-1001 :   Yes  |  No   |  Yes  |      0      
RUN-1001 :   Yes  |  Yes  |  No   |      0      
RUN-1001 : ----------------------------------
RUN-0007 : Control Group Statistic
RUN-0007 : ---------------------------
RUN-0007 :   #CLK  |  #CE  |  #SSR/ASR  
RUN-0007 : ---------------------------
RUN-0007 :    1    |   5   |     1      
RUN-0007 : ---------------------------
RUN-0007 : Control Set = 5
PHY-3001 : Initial placement ...
PHY-3001 : design contains 254 instances, 128 luts, 97 seqs, 25 slices, 4 macros(25 instances: 13 mslices 12 lslices)
PHY-0007 : Cell area utilization is 0%
PHY-3001 : Global placement ...
PHY-3001 : Initial: Len = 79740.4
PHY-3001 : Clustering ...
PHY-3001 : Level 0 #clusters 254.
PHY-3001 : End clustering;  0.000017s wall, 0.000000s user + 0.000000s system = 0.000000s CPU (n/a%)

PHY-3001 : Run with size of 4
PHY-3001 : Cell area utilization is 0%
PHY-3001 : :::0::: Try harder cell spreading with beta_ = 0
PHY-3002 : Step(1): len = 46817.7, overlap = 0
PHY-3002 : Step(2): len = 32231.4, overlap = 0
PHY-3002 : Step(3): len = 22194.5, overlap = 0
PHY-3002 : Step(4): len = 17184.9, overlap = 0
PHY-3002 : Step(5): len = 14433.7, overlap = 0
PHY-3002 : Step(6): len = 12933.1, overlap = 0
PHY-3002 : Step(7): len = 11898, overlap = 0
PHY-3002 : Step(8): len = 10376.9, overlap = 0
PHY-3002 : Step(9): len = 8883, overlap = 0
PHY-3002 : Step(10): len = 8994, overlap = 0
PHY-3002 : Step(11): len = 8071.1, overlap = 0
PHY-3002 : Step(12): len = 7290.5, overlap = 0
PHY-3002 : Step(13): len = 7310.7, overlap = 0
PHY-3002 : Step(14): len = 6335.1, overlap = 0
PHY-3002 : Step(15): len = 5620.2, overlap = 0
PHY-3002 : Step(16): len = 5793.2, overlap = 0
PHY-3002 : Step(17): len = 5459.8, overlap = 0
PHY-3002 : Step(18): len = 5318.8, overlap = 0
PHY-3002 : Step(19): len = 4970.1, overlap = 0
PHY-3002 : Step(20): len = 4698.6, overlap = 0
PHY-3002 : Step(21): len = 4361.7, overlap = 0
PHY-3002 : Step(22): len = 3969.3, overlap = 0
PHY-3002 : Step(23): len = 4024.8, overlap = 0
PHY-3002 : Step(24): len = 4084.9, overlap = 0
PHY-3002 : Step(25): len = 3949.2, overlap = 0
PHY-3002 : Step(26): len = 4033.8, overlap = 0
PHY-3002 : Step(27): len = 3978.9, overlap = 0
PHY-3002 : Step(28): len = 3920.5, overlap = 0.25
PHY-3002 : Step(29): len = 3862.6, overlap = 0.625
PHY-3002 : Step(30): len = 3339.2, overlap = 0.75
PHY-3002 : Step(31): len = 3370.5, overlap = 0.625
PHY-3002 : Step(32): len = 3331.6, overlap = 0.375
PHY-3002 : Step(33): len = 3405, overlap = 0
PHY-3002 : Step(34): len = 2855.8, overlap = 0
PHY-3002 : Step(35): len = 2858.2, overlap = 0
PHY-3002 : Step(36): len = 2858.2, overlap = 0
PHY-3002 : Step(37): len = 2573.2, overlap = 0
PHY-3002 : Step(38): len = 2573.2, overlap = 0
PHY-3002 : Step(39): len = 2549.3, overlap = 0
PHY-3001 : Legalization ...
PHY-3001 : End legalization;  0.003049s wall, 0.000000s user + 0.000000s system = 0.000000s CPU (n/a%)

PHY-3001 : Run with size of 4
PHY-3001 : Cell area utilization is 1%
PHY-3001 : :::0::: Try harder cell spreading with beta_ = 0
PHY-3002 : Step(40): len = 2426.2, overlap = 1.1875
PHY-3002 : Step(41): len = 2455.1, overlap = 1.1875
PHY-3002 : Step(42): len = 2455.1, overlap = 1.1875
PHY-3001 : Run with size of 2
PHY-3001 : Cell area utilization is 1%
PHY-3001 : :::0::: Try harder cell spreading with beta_ = 1.9796e-05
PHY-3002 : Step(43): len = 2586.6, overlap = 6.125
PHY-3002 : Step(44): len = 2648.3, overlap = 6.125
PHY-3001 : :::1::: Try harder cell spreading with beta_ = 3.95921e-05
PHY-3002 : Step(45): len = 2887.9, overlap = 6.59375
PHY-3002 : Step(46): len = 2887.9, overlap = 6.59375
PHY-3002 : Step(47): len = 2745, overlap = 6.6875
PHY-3002 : Step(48): len = 2745, overlap = 6.6875
PHY-3002 : Step(49): len = 2792, overlap = 6.9375
PHY-3001 : :::2::: Try harder cell spreading with beta_ = 7.91842e-05
PHY-3002 : Step(50): len = 3033.9, overlap = 6.90625
PHY-3002 : Step(51): len = 3033.9, overlap = 6.90625
PHY-3002 : Step(52): len = 2821.1, overlap = 6.9375
OPT-1001 : Start physical optimization ...
OPT-1001 : Total overflow 15.66 peak overflow 2.25
OPT-1001 : Start high-fanout net optimization ...
OPT-1001 : Update timing in global mode
PHY-1001 : Start incremental global routing, caller is place ...
RUN-1001 : Generating global routing grids ...
RUN-1001 : Building simple global routing graph ...
PHY-1001 : Generate routing nets ...
PHY-1001 : Reuse net number 0/309.
PHY-1001 : Global iterations in 16 thread ...
PHY-1002 : len = 2896, over cnt = 15(0%), over = 58, worst = 8
PHY-1001 : End global iterations;  0.007550s wall, 0.000000s user + 0.000000s system = 0.000000s CPU (n/a%)

PHY-1001 : Congestion index: top1 = 9.96, top5 = 2.18, top10 = 1.09, top15 = 0.73.
PHY-1001 : End incremental global routing;  0.039352s wall, 0.031250s user + 0.000000s system = 0.031250s CPU (79.4%)

RUN-1002 : start command "start_timer -report"
TMR-5001 WARNING: No sdc constraints found while initiating timer.
TMR-2505 : Start building timing graph for model uart_top.
TMR-2506 : Build timing graph completely. Port num: 3, tpin num: 1104, tnet num: 307, tinst num: 254, tnode num: 1370, tedge num: 1768.
TMR-2508 : Levelizing timing graph completed, there are 21 levels in total.
TMR-2501 : Timing graph initialized successfully.
OPT-1001 : End timing update;  0.041233s wall, 0.046875s user + 0.000000s system = 0.046875s CPU (113.7%)

OPT-1001 : 0 high-fanout net processed.
OPT-1001 : End high-fanout net optimization;  0.082593s wall, 0.078125s user + 0.000000s system = 0.078125s CPU (94.6%)

OPT-1001 : Current memory(MB): used = 141, reserve = 111, peak = 141.
OPT-1001 : End physical optimization;  0.085351s wall, 0.078125s user + 0.000000s system = 0.078125s CPU (91.5%)

PHY-3001 : Start packing ...
SYN-4007 : Packing 0 MUX to BLE ...
SYN-4008 : Packed 0 MUX and 0 SEQ to BLE.
SYN-4007 : Packing 128 LUT to BLE ...
SYN-4008 : Packed 128 LUT and 62 SEQ to BLE.
SYN-4003 : Packing 35 remaining SEQ's ...
SYN-4005 : Packed 31 SEQ with LUT/SLICE
SYN-4006 : 37 single LUT's are left
SYN-4006 : 4 single SEQ's are left
SYN-4011 : Packing model "uart_top" (AL_USER_NORMAL) with 132/163 primitive instances ...
PHY-3001 : End packing;  0.006897s wall, 0.015625s user + 0.000000s system = 0.015625s CPU (226.5%)

PHY-1001 : Populate physical database on model uart_top.
RUN-1001 : There are total 107 instances
RUN-1001 : 51 mslices, 50 lslices, 3 pads, 0 brams, 0 dsps
RUN-1001 : There are total 248 nets
RUN-1001 : 121 nets have 2 pins
RUN-1001 : 85 nets have [3 - 5] pins
RUN-1001 : 26 nets have [6 - 10] pins
RUN-1001 : 13 nets have [11 - 20] pins
RUN-1001 : 3 nets have [21 - 99] pins
PHY-3001 : design contains 105 instances, 101 slices, 4 macros(25 instances: 13 mslices 12 lslices)
PHY-3001 : Cell area utilization is 1%
PHY-3001 : After packing: Len = 2903.2, Over = 10.5
PHY-3001 : Run with size of 2
PHY-3001 : Cell area utilization is 1%
PHY-3001 : :::0::: Try harder cell spreading with beta_ = 1.41176e-05
PHY-3002 : Step(53): len = 2699.7, overlap = 10.75
PHY-3002 : Step(54): len = 2705.1, overlap = 10.75
PHY-3002 : Step(55): len = 2706.1, overlap = 10.75
PHY-3001 : :::1::: Try harder cell spreading with beta_ = 2.82352e-05
PHY-3002 : Step(56): len = 2734, overlap = 10.5
PHY-3002 : Step(57): len = 2789.1, overlap = 8.75
PHY-3002 : Step(58): len = 2861, overlap = 8.75
PHY-3001 : :::2::: Try harder cell spreading with beta_ = 5.64704e-05
PHY-3002 : Step(59): len = 2757.9, overlap = 8
PHY-3002 : Step(60): len = 2757.9, overlap = 8
PHY-3002 : Step(61): len = 2790, overlap = 7.75
PHY-3001 : Legalization ...
PHY-3001 : End legalization;  0.013096s wall, 0.000000s user + 0.015625s system = 0.015625s CPU (119.3%)

PHY-3001 : Trial Legalized: Len = 6118.2
PHY-3001 : Run with size of 2
PHY-3001 : Cell area utilization is 1%
PHY-3001 : :::0::: Try harder cell spreading with beta_ = 0.0613548
PHY-3002 : Step(62): len = 5674.8, overlap = 0
PHY-3002 : Step(63): len = 4762.3, overlap = 1.25
PHY-3002 : Step(64): len = 4393.9, overlap = 1.75
PHY-3002 : Step(65): len = 4329.6, overlap = 1.75
PHY-3002 : Step(66): len = 4301.8, overlap = 2.25
PHY-3001 : :::1::: Try harder cell spreading with beta_ = 0.12271
PHY-3002 : Step(67): len = 4293.9, overlap = 2.25
PHY-3002 : Step(68): len = 4293.9, overlap = 2.25
PHY-3001 : Legalization ...
PHY-3001 : End legalization;  0.003455s wall, 0.015625s user + 0.000000s system = 0.015625s CPU (452.2%)

PHY-3001 : Legalized: Len = 5174.2, Over = 0
PHY-3001 : End spreading;  0.001631s wall, 0.000000s user + 0.000000s system = 0.000000s CPU (n/a%)

PHY-3001 : Final: Len = 5174.2, Over = 0
OPT-1001 : Start physical optimization ...
OPT-1001 : Total overflow 0.00 peak overflow 0.00
OPT-1001 : Start high-fanout net optimization ...
OPT-1001 : Update timing in global mode
PHY-1001 : Start incremental global routing, caller is place ...
RUN-1001 : Generating global routing grids ...
PHY-1001 : Generate routing nets ...
PHY-1001 : Reuse net number 12/248.
PHY-1001 : Global iterations in 16 thread ...
PHY-1002 : len = 5744, over cnt = 21(0%), over = 36, worst = 4
PHY-1002 : len = 6032, over cnt = 4(0%), over = 4, worst = 1
PHY-1002 : len = 6096, over cnt = 0(0%), over = 0, worst = 0
PHY-1001 : End global iterations;  0.016651s wall, 0.015625s user + 0.000000s system = 0.015625s CPU (93.8%)

PHY-1001 : Congestion index: top1 = 14.76, top5 = 4.62, top10 = 2.30, top15 = 1.54.
PHY-1001 : End incremental global routing;  0.045204s wall, 0.046875s user + 0.000000s system = 0.046875s CPU (103.7%)

RUN-1002 : start command "start_timer -report"
TMR-5001 WARNING: No sdc constraints found while initiating timer.
TMR-2505 : Start building timing graph for model uart_top.
TMR-2506 : Build timing graph completely. Port num: 3, tpin num: 974, tnet num: 246, tinst num: 105, tnode num: 1185, tedge num: 1666.
TMR-2508 : Levelizing timing graph completed, there are 21 levels in total.
TMR-2501 : Timing graph initialized successfully.
OPT-1001 : End timing update;  0.022846s wall, 0.015625s user + 0.000000s system = 0.015625s CPU (68.4%)

OPT-1001 : 0 high-fanout net processed.
OPT-1001 : End high-fanout net optimization;  0.070594s wall, 0.078125s user + 0.000000s system = 0.078125s CPU (110.7%)

OPT-1001 : Current memory(MB): used = 143, reserve = 112, peak = 143.
OPT-1001 : Update timing in Manhattan mode
OPT-1001 : End timing update;  0.000145s wall, 0.000000s user + 0.000000s system = 0.000000s CPU (n/a%)

OPT-1001 : Start pin optimization...
OPT-1001 : skip pin optimization...
RUN-1001 : Generating global routing grids ...
PHY-1001 : Generate routing nets ...
PHY-1001 : Reuse net number 209/248.
PHY-1001 : Global iterations in 16 thread ...
PHY-1002 : len = 6096, over cnt = 0(0%), over = 0, worst = 0
PHY-1001 : End global iterations;  0.000764s wall, 0.000000s user + 0.000000s system = 0.000000s CPU (n/a%)

PHY-1001 : Congestion index: top1 = 14.76, top5 = 4.62, top10 = 2.30, top15 = 1.54.
OPT-1001 : Update timing in Manhattan mode
OPT-1001 : End timing update;  0.000275s wall, 0.000000s user + 0.000000s system = 0.000000s CPU (n/a%)

RUN-1001 : QoR Analysis:
OPT-0007 :   WNS 2147483647 TNS 0 NUM_FEPS 0
RUN-1001 :   No local congestion issue, and most congested 1% tile average routing util is 14.344828
RUN-1001 :   Top critical paths
OPT-1001 : End physical optimization;  0.101574s wall, 0.093750s user + 0.000000s system = 0.093750s CPU (92.3%)

RUN-1003 : finish command "place" in  1.087428s wall, 1.265625s user + 1.515625s system = 2.781250s CPU (255.8%)

RUN-1004 : used memory is 127 MB, reserved memory is 97 MB, peak memory is 143 MB
RUN-1002 : start command "export_db top_place.db"
RUN-1001 : Exported /
RUN-1001 : Exported flow parameters
RUN-1001 : Exported libs
RUN-1001 : Exported entities
RUN-1001 : Exported ports
RUN-1001 : Exported pins
RUN-1001 : Exported instances
RUN-1001 : Exported nets
RUN-1001 : Exported buses
RUN-1001 : Exported models
RUN-1001 : Exported congestions
RUN-1001 : Exported violations
RUN-1001 : Exported IO constraints
RUN-1001 : Exported Inst constraints
RUN-1002 : start command "route"
RUN-1001 : Open license file D:/Anlogic/TD5.6.2/license/Anlogic.lic
RUN-1001 : Print Global Property
RUN-1001 : ---------------------------------------------------------------
RUN-1001 :        Parameters        |  Settings  |  Default Values  |  Note  
RUN-1001 : ---------------------------------------------------------------
RUN-1001 :          message         |  standard  |     standard     |        
RUN-1001 :   mixed_pack_place_flow  |     on     |        on        |        
RUN-1001 :        qor_monitor       |    off     |       off        |        
RUN-1001 :        syn_ip_flow       |    off     |       off        |        
RUN-1001 :          thread          |     16     |       auto       |   *    
RUN-1001 : ---------------------------------------------------------------
RUN-1001 : Print Route Property
RUN-1001 : -------------------------------------------------------
RUN-1001 :    Parameters    |  Settings  |  Default Values  |  Note  
RUN-1001 : -------------------------------------------------------
RUN-1001 :      effort      |   medium   |      medium      |        
RUN-1001 :     fix_hold     |    off     |       off        |        
RUN-1001 :    opt_timing    |   medium   |      medium      |        
RUN-1001 :   phy_sim_model  |    off     |       off        |        
RUN-1001 :     priority     |   timing   |      timing      |        
RUN-1001 :     swap_pin     |     on     |        on        |        
RUN-1001 : -------------------------------------------------------
PHY-1001 : Route runs in 16 thread(s)
RUN-1001 : There are total 107 instances
RUN-1001 : 51 mslices, 50 lslices, 3 pads, 0 brams, 0 dsps
RUN-1001 : There are total 248 nets
RUN-1001 : 121 nets have 2 pins
RUN-1001 : 85 nets have [3 - 5] pins
RUN-1001 : 26 nets have [6 - 10] pins
RUN-1001 : 13 nets have [11 - 20] pins
RUN-1001 : 3 nets have [21 - 99] pins
RUN-1002 : start command "start_timer -report"
TMR-5001 WARNING: No sdc constraints found while initiating timer.
TMR-2505 : Start building timing graph for model uart_top.
TMR-2506 : Build timing graph completely. Port num: 3, tpin num: 974, tnet num: 246, tinst num: 105, tnode num: 1185, tedge num: 1666.
TMR-2508 : Levelizing timing graph completed, there are 21 levels in total.
TMR-2501 : Timing graph initialized successfully.
PHY-1001 : 51 mslices, 50 lslices, 3 pads, 0 brams, 0 dsps
TMR-2503 : Start to update net delay, extr mode = 3.
TMR-2504 : Update delay of 246 nets completely.
TMR-2502 : Annotate delay completely, extr mode = 3.
TMR-3002 : No user constraint, initiate default constraint.
TMR-1501 : Assign derive clock DeriveClock to 142 clock pins, and constraint 211 relative nodes.
TMR-3003 : Constraints initiated successfully.
TMR-3501 : Forward propagation: start to calculate arrival time...
TMR-3502 : Backward propagation: start to calculate required time...
TMR-3503 : Timing propagation completes.
PHY-1001 : Start global routing, caller is route ...
RUN-1001 : Generating global routing grids ...
PHY-1001 : Generate routing nets ...
PHY-1001 : Global iterations in 16 thread ...
PHY-1002 : len = 5768, over cnt = 19(0%), over = 34, worst = 4
PHY-1002 : len = 6024, over cnt = 4(0%), over = 4, worst = 1
PHY-1002 : len = 6080, over cnt = 0(0%), over = 0, worst = 0
PHY-1001 : End global iterations;  0.015985s wall, 0.015625s user + 0.000000s system = 0.015625s CPU (97.7%)

PHY-1001 : Congestion index: top1 = 14.74, top5 = 4.61, top10 = 2.30, top15 = 1.53.
PHY-1001 : End global routing;  0.043540s wall, 0.046875s user + 0.000000s system = 0.046875s CPU (107.7%)

PHY-1001 : Start detail routing ...
PHY-1001 : Current memory(MB): used = 164, reserve = 134, peak = 180.
PHY-1001 : Detailed router is running in normal mode.
PHY-1001 : Generate detailed routing grids ...
PHY-1001 : Generate nets ...
PHY-1001 : net clk_dup_1 will be routed on clock mesh
PHY-1001 : Current memory(MB): used = 433, reserve = 407, peak = 433.
PHY-1001 : End build detailed router design. 2.533385s wall, 2.468750s user + 0.046875s system = 2.515625s CPU (99.3%)

PHY-1001 : Detail Route ...
PHY-1001 : ===== Detail Route Phase 1 =====
PHY-1001 : Clock net routing.....
PHY-1001 : Routed 0% nets.
PHY-1022 : len = 5936, over cnt = 0(0%), over = 0, worst = 0, crit = 0
PHY-1001 : End initial clock net routed; 0.005457s wall, 0.000000s user + 0.000000s system = 0.000000s CPU (n/a%)

PHY-1001 : Current memory(MB): used = 434, reserve = 409, peak = 434.
PHY-1001 : End phase 1; 0.009532s wall, 0.000000s user + 0.000000s system = 0.000000s CPU (n/a%)

PHY-1001 : ===== Detail Route Phase 2 =====
PHY-1001 : Initial routing.....
PHY-1001 : Routed 34% nets.
PHY-1001 : Routed 41% nets.
PHY-1001 : Routed 54% nets.
PHY-1001 : Routed 68% nets.
PHY-1001 : Routed 89% nets.
PHY-1022 : len = 18384, over cnt = 10(0%), over = 10, worst = 1, crit = 0
PHY-1001 : Current memory(MB): used = 438, reserve = 411, peak = 438.
PHY-1001 : End initial routed; 0.057371s wall, 0.078125s user + 0.000000s system = 0.078125s CPU (136.2%)

PHY-1001 : Current memory(MB): used = 438, reserve = 411, peak = 438.
PHY-1001 : End phase 2; 0.057402s wall, 0.078125s user + 0.000000s system = 0.078125s CPU (136.1%)

PHY-1001 : ===== Detail Route Phase 3 =====
PHY-1001 : Ripup-reroute.....
PHY-1001 : ===== DR Iter 1 =====
PHY-1022 : len = 18320, over cnt = 5(0%), over = 5, worst = 1, crit = 0
PHY-1001 : End DR Iter 1; 0.008765s wall, 0.000000s user + 0.000000s system = 0.000000s CPU (n/a%)

PHY-1001 : ===== DR Iter 2 =====
PHY-1022 : len = 18352, over cnt = 0(0%), over = 0, worst = 0, crit = 0
PHY-1001 : End DR Iter 2; 0.009499s wall, 0.000000s user + 0.000000s system = 0.000000s CPU (n/a%)

PHY-1001 : Commit to database.....
PHY-1001 : 3 feed throughs used by 3 nets
PHY-1001 : End commit to database; 0.019450s wall, 0.015625s user + 0.000000s system = 0.015625s CPU (80.3%)

PHY-1001 : Current memory(MB): used = 448, reserve = 421, peak = 448.
PHY-1001 : End phase 3; 0.110249s wall, 0.109375s user + 0.000000s system = 0.109375s CPU (99.2%)

PHY-1003 : Routed, final wirelength = 18352
PHY-1001 : Current memory(MB): used = 448, reserve = 421, peak = 448.
PHY-1001 : End export database. 0.003986s wall, 0.000000s user + 0.000000s system = 0.000000s CPU (n/a%)

PHY-1001 : End detail routing;  2.838708s wall, 2.765625s user + 0.062500s system = 2.828125s CPU (99.6%)

RUN-1003 : finish command "route" in  2.936075s wall, 2.859375s user + 0.062500s system = 2.921875s CPU (99.5%)

RUN-1004 : used memory is 422 MB, reserved memory is 396 MB, peak memory is 448 MB
RUN-1002 : start command "report_area -io_info -file top_phy.area"
RUN-1001 : standard
***Report Model: uart_top Device: EG4S20NG88***

IO Statistics
#IO                         3
  #input                    2
  #output                   1
  #inout                    0

Utilization Statistics
#lut                      190   out of  19600    0.97%
#reg                      102   out of  19600    0.52%
#le                       194
  #lut only                92   out of    194   47.42%
  #reg only                 4   out of    194    2.06%
  #lut&reg                 98   out of    194   50.52%
#dsp                        0   out of     29    0.00%
#bram                       0   out of     64    0.00%
  #bram9k                   0
  #fifo9k                   0
#bram32k                    0   out of     16    0.00%
#pad                        3   out of     66    4.55%
  #ireg                     1
  #oreg                     1
  #treg                     0
#pll                        0   out of      4    0.00%
#gclk                       0   out of     16    0.00%

Clock Resource Statistics
Index     ClockNet     Type               DriverType         Driver          Fanout
#1        clk_dup_1    GCLK               io                 clk_syn_2.di    71


Detailed IO Report

   Name      Direction    Location    IOStandard    DriveStrength    PullType    PackReg  
    clk        INPUT        P35        LVCMOS25          N/A          PULLUP      NONE    
  uart_rx      INPUT        P34        LVCMOS25          N/A          PULLUP      IREG    
  uart_tx     OUTPUT        P10        LVCMOS25           8            NONE       OREG    

Report Hierarchy Area:
+----------------------------------------------------------------------------+
|Instance     |Module   |le     |lut     |ripple  |seq     |bram    |dsp     |
+----------------------------------------------------------------------------+
|top          |uart_top |194    |165     |25      |104     |0       |0       |
|  uart_rx_m0 |uart_rx  |74     |64      |10      |31      |0       |0       |
|  uart_tx_m0 |uart_tx  |41     |35      |6       |23      |0       |0       |
+----------------------------------------------------------------------------+


DataNet Average Fanout:

   Index     Fanout    Nets  
    #1         1       118   
    #2         2        72   
    #3         3        10   
    #4         4        3    
    #5        5-10      27   
    #6       11-50      12   
  Average     2.70           

RUN-1002 : start command "export_db top_pr.db"
RUN-1001 : Exported /
RUN-1001 : Exported flow parameters
RUN-1001 : Exported libs
RUN-1001 : Exported entities
RUN-1001 : Exported ports
RUN-1001 : Exported pins
RUN-1001 : Exported instances
RUN-1001 : Exported nets
RUN-1001 : Exported buses
RUN-1001 : Exported models
RUN-1001 : Exported congestions
RUN-1001 : Exported violations
RUN-1001 : Exported IO constraints
RUN-1001 : Exported Inst constraints
RUN-1002 : start command "export_bid top_inst.bid"
RUN-1002 : start command "bitgen -bit top.bit"
BIT-1003 : Start to generate bitstream. 
BIT-1002 : Init instances with 16 threads.
BIT-1002 : Init instances completely, inst num: 105
BIT-1002 : Init pips with 16 threads.
BIT-1002 : Init pips completely, net num: 248, pip num: 1947
BIT-1002 : Init feedthrough completely, num: 3
BIT-1003 : Multithreading accelaration with 16 threads.
BIT-1003 : Generate bitstream completely, there are 163 valid insts, and 5919 bits set as '1'.
BIT-1004 : PLL setting string = 0000
BIT-1004 : Generate bits file top.bit.
RUN-1002 : start command "backup_run_log run.log ../.logs/phy_1/td_20230707_221519.log"
RUN-1001 : Backing up run's log file succeed.
