============================================================
   Tang Dynasty, V5.6.71036
      Copyright (c) 2012-2023 Anlogic Inc.
   Executable = D:/Anlogic/TD5.6.2/bin/td.exe
   Built at =   20:34:38 Mar 21 2023
   Run by =     BigPig
   Run Date =   Fri Jul  7 22:02:02 2023

   Run on =     DESKTOP-9MNJBAS
============================================================
RUN-1002 : start command "open_project top.prj"
RUN-1001 : Print Global Property
RUN-1001 : ---------------------------------------------------------------
RUN-1001 :        Parameters        |  Settings  |  Default Values  |  Note  
RUN-1001 : ---------------------------------------------------------------
RUN-1001 :          message         |  standard  |     standard     |        
RUN-1001 :   mixed_pack_place_flow  |     on     |        on        |        
RUN-1001 :        qor_monitor       |    off     |       off        |        
RUN-1001 :        syn_ip_flow       |    off     |       off        |        
RUN-1001 :          thread          |    auto    |       auto       |        
RUN-1001 : ---------------------------------------------------------------
RUN-1001 : Print Design Property
RUN-1001 : --------------------------------------------------------------
RUN-1001 :        Parameters       |  Settings  |  Default Values  |  Note  
RUN-1001 : --------------------------------------------------------------
RUN-1001 :   default_reg_initial   |    auto    |       auto       |        
RUN-1001 :        infer_add        |     on     |        on        |        
RUN-1001 :        infer_fsm        |    off     |       off        |        
RUN-1001 :        infer_mult       |     on     |        on        |        
RUN-1001 :        infer_ram        |     on     |        on        |        
RUN-1001 :        infer_reg        |     on     |        on        |        
RUN-1001 :   infer_reg_init_value  |     on     |        on        |        
RUN-1001 :        infer_rom        |     on     |        on        |        
RUN-1001 :      infer_shifter      |     on     |        on        |        
RUN-1001 : --------------------------------------------------------------
RUN-1001 : Print Rtl Property
RUN-1001 : --------------------------------------------------------------
RUN-1001 :        Parameters       |  Settings  |  Default Values  |  Note  
RUN-1001 : --------------------------------------------------------------
RUN-1001 :       compress_add      |   ripple   |      ripple      |        
RUN-1001 :        elf_sload        |    off     |       off        |        
RUN-1001 :       fix_undriven      |     0      |        0         |        
RUN-1001 :         flatten         |    off     |       off        |        
RUN-1001 :       gate_sharing      |     on     |        on        |        
RUN-1001 :    hdl_warning_level    |   normal   |      normal      |        
RUN-1001 :   impl_internal_tribuf  |     on     |        on        |        
RUN-1001 :      impl_set_reset     |     on     |        on        |        
RUN-1001 :        infer_gsr        |    off     |       off        |        
RUN-1001 :      keep_hierarchy     |    auto    |       auto       |        
RUN-1001 :        max_fanout       |    9999    |       9999       |        
RUN-1001 :      max_oh2bin_len     |     10     |        10        |        
RUN-1001 :       merge_equal       |     on     |        on        |        
RUN-1001 :       merge_equiv       |     on     |        on        |        
RUN-1001 :        merge_mux        |    off     |       off        |        
RUN-1001 :     min_control_set     |     8      |        8         |        
RUN-1001 :      min_ripple_len     |    auto    |       auto       |        
RUN-1001 :       oh2bin_ratio      |    0.08    |       0.08       |        
RUN-1001 :     opt_adder_fanout    |     on     |        on        |        
RUN-1001 :        opt_arith        |     on     |        on        |        
RUN-1001 :       opt_big_gate      |    off     |       off        |        
RUN-1001 :        opt_const        |     on     |        on        |        
RUN-1001 :      opt_const_mult     |     on     |        on        |        
RUN-1001 :       opt_lessthan      |     on     |        on        |        
RUN-1001 :         opt_mux         |    off     |       off        |        
RUN-1001 :         opt_ram         |    high    |       high       |        
RUN-1001 :      rtl_sim_model      |    off     |       off        |        
RUN-1001 :         seq_syn         |     on     |        on        |        
RUN-1001 : --------------------------------------------------------------
HDL-1007 : analyze verilog file ../../src/uart_rx.sv
HDL-5007 WARNING: non-net output port 'recv_data' cannot be initialized at declaration in SystemVerilog mode in ../../src/uart_rx.sv(9)
HDL-5007 WARNING: parameter 'RATE_CNT' becomes localparam in 'uart_rx' with formal parameter declaration list in ../../src/uart_rx.sv(14)
HDL-1007 : analyze verilog file ../../src/uart_top.sv
HDL-1007 : undeclared symbol 'send_busy', assumed default net type 'wire' in ../../src/uart_top.sv(63)
HDL-1007 : analyze verilog file ../../src/uart_tx.sv
HDL-5007 WARNING: non-net output port 'tx_pin' cannot be initialized at declaration in SystemVerilog mode in ../../src/uart_tx.sv(12)
HDL-5007 WARNING: parameter 'RATE_CNT' becomes localparam in 'uart_tx' with formal parameter declaration list in ../../src/uart_tx.sv(14)
RUN-1001 : Project manager successfully analyzed 3 source files.
RUN-1002 : start command "import_device eagle_s20.db -package EG4S20NG88"
ARC-1001 : Device Initialization.
ARC-1001 : ---------------------------------------------------------------
ARC-1001 :            OPTION            |        IO         |   SETTING   
ARC-1001 : ---------------------------------------------------------------
ARC-1001 :   cso_b/cclk/mosi/miso/dout  |  P69/P82/P81/P80  |    gpio    
ARC-1001 :             done             |        P8         |    gpio    
ARC-1001 :           program_b          |        P67        |  dedicate  
ARC-1001 :        tdi/tms/tck/tdo       |  P25/P22/P26/P21  |  dedicate  
ARC-1001 : ---------------------------------------------------------------
ARC-1004 : Device setting, marked 5 dedicate IOs in total.
RUN-1002 : start command "import_db ../syn_1/top_gate.db"
RUN-1001 : Importing database generated by Tang Dynasty, V5.6.71036.
RUN-1001 : Database version number 46146.
RUN-1001 : Import flow parameters
RUN-1001 : Import IO constraints
RUN-1001 : Import Inst constraints
RUN-1001 : Import design success TD_VERSION=5.6.71036 , DB_VERSION=46146
RUN-1002 : start command "place"
RUN-1001 : Open license file D:/Anlogic/TD5.6.2/license/Anlogic.lic
RUN-1001 : Print Global Property
RUN-1001 : ---------------------------------------------------------------
RUN-1001 :        Parameters        |  Settings  |  Default Values  |  Note  
RUN-1001 : ---------------------------------------------------------------
RUN-1001 :          message         |  standard  |     standard     |        
RUN-1001 :   mixed_pack_place_flow  |     on     |        on        |        
RUN-1001 :        qor_monitor       |    off     |       off        |        
RUN-1001 :        syn_ip_flow       |    off     |       off        |        
RUN-1001 :          thread          |     16     |       auto       |   *    
RUN-1001 : ---------------------------------------------------------------
RUN-1001 : Print Place Property
RUN-1001 : --------------------------------------------------------------
RUN-1001 :        Parameters       |  Settings  |  Default Values  |  Note  
RUN-1001 : --------------------------------------------------------------
RUN-1001 :      detailed_place     |     on     |        on        |        
RUN-1001 :          effort         |   medium   |      medium      |        
RUN-1001 :         fix_hold        |    off     |       off        |        
RUN-1001 :       legalization      |    ori     |       ori        |        
RUN-1001 :      new_spreading      |     on     |        on        |        
RUN-1001 :        opt_timing       |   medium   |      medium      |        
RUN-1001 :   post_clock_route_opt  |    off     |       off        |        
RUN-1001 :       pr_strategy       |     1      |        1         |        
RUN-1001 :        relaxation       |    1.00    |       1.00       |        
RUN-1001 :         retiming        |    off     |       off        |        
RUN-1001 : --------------------------------------------------------------
PHY-3001 : Placer runs in 16 thread(s).
RUN-1002 : start command "legalize_phy_inst"
SYN-1011 : Flatten model uart_top
RUN-1002 : start command "phys_opt -simplify_lut"
SYN-4024 : Net "clk_dup_1" drives clk pins.
SYN-4025 : Tag rtl::Net clk_dup_1 as clock net
SYN-4026 : Tagged 1 rtl::Net as clock net
PHY-1001 : Populate physical database on model uart_top.
RUN-1001 : There are total 249 instances
RUN-0007 : 125 luts, 97 seqs, 12 mslices, 9 lslices, 3 pads, 0 brams, 0 dsps
RUN-1001 : There are total 302 nets
RUN-1001 : 186 nets have 2 pins
RUN-1001 : 87 nets have [3 - 5] pins
RUN-1001 : 14 nets have [6 - 10] pins
RUN-1001 : 12 nets have [11 - 20] pins
RUN-1001 : 2 nets have [21 - 99] pins
RUN-1001 : 1 nets have 100+ pins
RUN-1001 : Report Control nets information:
RUN-1001 : DFF Distribution
RUN-1001 : ----------------------------------
RUN-1001 :   CE   |  SSR  |  ASR  |  DFF Count  
RUN-1001 : ----------------------------------
RUN-1001 :   No   |  No   |  No   |     43      
RUN-1001 :   No   |  No   |  Yes  |      0      
RUN-1001 :   No   |  Yes  |  No   |      0      
RUN-1001 :   Yes  |  No   |  No   |     54      
RUN-1001 :   Yes  |  No   |  Yes  |      0      
RUN-1001 :   Yes  |  Yes  |  No   |      0      
RUN-1001 : ----------------------------------
RUN-0007 : Control Group Statistic
RUN-0007 : ---------------------------
RUN-0007 :   #CLK  |  #CE  |  #SSR/ASR  
RUN-0007 : ---------------------------
RUN-0007 :    1    |   5   |     1      
RUN-0007 : ---------------------------
RUN-0007 : Control Set = 5
PHY-3001 : Initial placement ...
PHY-3001 : design contains 247 instances, 125 luts, 97 seqs, 21 slices, 3 macros(21 instances: 12 mslices 9 lslices)
PHY-0007 : Cell area utilization is 0%
PHY-3001 : Global placement ...
PHY-3001 : Initial: Len = 81801.6
PHY-3001 : Clustering ...
PHY-3001 : Level 0 #clusters 247.
PHY-3001 : End clustering;  0.000008s wall, 0.000000s user + 0.000000s system = 0.000000s CPU (n/a%)

PHY-3001 : Run with size of 4
PHY-3001 : Cell area utilization is 0%
PHY-3001 : :::0::: Try harder cell spreading with beta_ = 0
PHY-3002 : Step(1): len = 47805.4, overlap = 0
PHY-3002 : Step(2): len = 32733.7, overlap = 0
PHY-3002 : Step(3): len = 21393.3, overlap = 0
PHY-3002 : Step(4): len = 15724.9, overlap = 0
PHY-3002 : Step(5): len = 12847.2, overlap = 0
PHY-3002 : Step(6): len = 11189, overlap = 0
PHY-3002 : Step(7): len = 10819.1, overlap = 0
PHY-3002 : Step(8): len = 9564.9, overlap = 0
PHY-3002 : Step(9): len = 8636.6, overlap = 0
PHY-3002 : Step(10): len = 8925.3, overlap = 0
PHY-3002 : Step(11): len = 7211.7, overlap = 0
PHY-3002 : Step(12): len = 6756.9, overlap = 0
PHY-3002 : Step(13): len = 6843.6, overlap = 0
PHY-3002 : Step(14): len = 5930.7, overlap = 0
PHY-3002 : Step(15): len = 5756.2, overlap = 0
PHY-3002 : Step(16): len = 5657.2, overlap = 0
PHY-3002 : Step(17): len = 5058.7, overlap = 0
PHY-3002 : Step(18): len = 5090.1, overlap = 0
PHY-3002 : Step(19): len = 4743, overlap = 0
PHY-3002 : Step(20): len = 4424.4, overlap = 0
PHY-3002 : Step(21): len = 4392, overlap = 0
PHY-3002 : Step(22): len = 4180.5, overlap = 0
PHY-3002 : Step(23): len = 4132.8, overlap = 0
PHY-3002 : Step(24): len = 3915.4, overlap = 0
PHY-3002 : Step(25): len = 3938.7, overlap = 0
PHY-3002 : Step(26): len = 3971.1, overlap = 0
PHY-3002 : Step(27): len = 3724.3, overlap = 0
PHY-3002 : Step(28): len = 3761.5, overlap = 0
PHY-3002 : Step(29): len = 3729.8, overlap = 0
PHY-3002 : Step(30): len = 3734.1, overlap = 0
PHY-3002 : Step(31): len = 3693.1, overlap = 0.0625
PHY-3002 : Step(32): len = 3271.5, overlap = 0.3125
PHY-3002 : Step(33): len = 3221.7, overlap = 0
PHY-3002 : Step(34): len = 3325.1, overlap = 0
PHY-3002 : Step(35): len = 2685.7, overlap = 0
PHY-3002 : Step(36): len = 2698.7, overlap = 0
PHY-3002 : Step(37): len = 2698.7, overlap = 0
PHY-3001 : Legalization ...
PHY-3001 : End legalization;  0.003033s wall, 0.000000s user + 0.000000s system = 0.000000s CPU (n/a%)

PHY-3001 : Run with size of 4
PHY-3001 : Cell area utilization is 1%
PHY-3001 : :::0::: Try harder cell spreading with beta_ = 0
PHY-3002 : Step(38): len = 2456.7, overlap = 1.6875
PHY-3002 : Step(39): len = 2456.7, overlap = 1.6875
PHY-3002 : Step(40): len = 2430.6, overlap = 1.6875
PHY-3002 : Step(41): len = 2464.9, overlap = 1.6875
PHY-3002 : Step(42): len = 2490.3, overlap = 1.6875
PHY-3001 : Run with size of 2
PHY-3001 : Cell area utilization is 1%
PHY-3001 : :::0::: Try harder cell spreading with beta_ = 3.43915e-05
PHY-3002 : Step(43): len = 2565, overlap = 7.21875
PHY-3002 : Step(44): len = 2601.8, overlap = 7.1875
PHY-3002 : Step(45): len = 2889.5, overlap = 7.03125
PHY-3001 : :::1::: Try harder cell spreading with beta_ = 6.87831e-05
PHY-3002 : Step(46): len = 2896.8, overlap = 7.21875
PHY-3002 : Step(47): len = 3009.5, overlap = 7
PHY-3002 : Step(48): len = 3143.3, overlap = 6.90625
PHY-3001 : :::2::: Try harder cell spreading with beta_ = 0.000137566
PHY-3002 : Step(49): len = 2946.3, overlap = 6.59375
PHY-3002 : Step(50): len = 3010.4, overlap = 6.59375
PHY-3002 : Step(51): len = 3054.9, overlap = 6.6875
OPT-1001 : Start physical optimization ...
OPT-1001 : Total overflow 14.25 peak overflow 2.16
OPT-1001 : Start high-fanout net optimization ...
OPT-1001 : Update timing in global mode
PHY-1001 : Start incremental global routing, caller is place ...
RUN-1001 : Generating global routing grids ...
RUN-1001 : Building simple global routing graph ...
PHY-1001 : Generate routing nets ...
PHY-1001 : Reuse net number 0/302.
PHY-1001 : Global iterations in 16 thread ...
PHY-1002 : len = 3008, over cnt = 20(0%), over = 67, worst = 8
PHY-1001 : End global iterations;  0.007615s wall, 0.015625s user + 0.000000s system = 0.015625s CPU (205.2%)

PHY-1001 : Congestion index: top1 = 10.54, top5 = 2.34, top10 = 1.17, top15 = 0.78.
PHY-1001 : End incremental global routing;  0.039300s wall, 0.031250s user + 0.015625s system = 0.046875s CPU (119.3%)

RUN-1002 : start command "start_timer -report"
TMR-5001 WARNING: No sdc constraints found while initiating timer.
TMR-2505 : Start building timing graph for model uart_top.
TMR-2506 : Build timing graph completely. Port num: 3, tpin num: 1080, tnet num: 300, tinst num: 247, tnode num: 1346, tedge num: 1723.
TMR-2508 : Levelizing timing graph completed, there are 21 levels in total.
TMR-2501 : Timing graph initialized successfully.
OPT-1001 : End timing update;  0.041765s wall, 0.015625s user + 0.015625s system = 0.031250s CPU (74.8%)

OPT-1001 : 0 high-fanout net processed.
OPT-1001 : End high-fanout net optimization;  0.083142s wall, 0.062500s user + 0.031250s system = 0.093750s CPU (112.8%)

OPT-1001 : Current memory(MB): used = 139, reserve = 110, peak = 139.
OPT-1001 : End physical optimization;  0.085852s wall, 0.062500s user + 0.031250s system = 0.093750s CPU (109.2%)

PHY-3001 : Start packing ...
SYN-4007 : Packing 0 MUX to BLE ...
SYN-4008 : Packed 0 MUX and 0 SEQ to BLE.
SYN-4007 : Packing 125 LUT to BLE ...
SYN-4008 : Packed 125 LUT and 62 SEQ to BLE.
SYN-4003 : Packing 35 remaining SEQ's ...
SYN-4005 : Packed 32 SEQ with LUT/SLICE
SYN-4006 : 33 single LUT's are left
SYN-4006 : 3 single SEQ's are left
SYN-4011 : Packing model "uart_top" (AL_USER_NORMAL) with 128/155 primitive instances ...
PHY-3001 : End packing;  0.005387s wall, 0.000000s user + 0.000000s system = 0.000000s CPU (n/a%)

PHY-1001 : Populate physical database on model uart_top.
RUN-1001 : There are total 101 instances
RUN-1001 : 47 mslices, 48 lslices, 3 pads, 0 brams, 0 dsps
RUN-1001 : There are total 241 nets
RUN-1001 : 118 nets have 2 pins
RUN-1001 : 90 nets have [3 - 5] pins
RUN-1001 : 17 nets have [6 - 10] pins
RUN-1001 : 13 nets have [11 - 20] pins
RUN-1001 : 3 nets have [21 - 99] pins
PHY-3001 : design contains 99 instances, 95 slices, 3 macros(21 instances: 12 mslices 9 lslices)
PHY-3001 : Cell area utilization is 1%
PHY-3001 : After packing: Len = 3197.4, Over = 8.5
PHY-3001 : Run with size of 2
PHY-3001 : Cell area utilization is 1%
PHY-3001 : :::0::: Try harder cell spreading with beta_ = 3.46153e-05
PHY-3002 : Step(52): len = 2842.6, overlap = 8.5
PHY-3002 : Step(53): len = 2856.3, overlap = 9
PHY-3002 : Step(54): len = 2876.4, overlap = 9.25
PHY-3001 : :::1::: Try harder cell spreading with beta_ = 6.92306e-05
PHY-3002 : Step(55): len = 2843.5, overlap = 7.5
PHY-3002 : Step(56): len = 2843.5, overlap = 7.5
PHY-3002 : Step(57): len = 2840.8, overlap = 7
PHY-3001 : :::2::: Try harder cell spreading with beta_ = 0.000138461
PHY-3002 : Step(58): len = 2888, overlap = 6.5
PHY-3002 : Step(59): len = 2888, overlap = 6.5
PHY-3001 : Legalization ...
PHY-3001 : End legalization;  0.014740s wall, 0.015625s user + 0.031250s system = 0.046875s CPU (318.0%)

PHY-3001 : Trial Legalized: Len = 6037.4
PHY-3001 : Run with size of 2
PHY-3001 : Cell area utilization is 1%
PHY-3001 : :::0::: Try harder cell spreading with beta_ = 0
PHY-3002 : Step(60): len = 3803.9, overlap = 3
PHY-3002 : Step(61): len = 3027.5, overlap = 8
PHY-3002 : Step(62): len = 2935, overlap = 8.75
PHY-3002 : Step(63): len = 2805.3, overlap = 10
PHY-3002 : Step(64): len = 2789.9, overlap = 11
PHY-3002 : Step(65): len = 2746, overlap = 11.5
PHY-3001 : :::1::: Try harder cell spreading with beta_ = 2.43356e-05
PHY-3002 : Step(66): len = 2643, overlap = 10.75
PHY-3002 : Step(67): len = 2660.4, overlap = 10.5
PHY-3002 : Step(68): len = 2721.8, overlap = 10
PHY-3001 : :::2::: Try harder cell spreading with beta_ = 4.86712e-05
PHY-3002 : Step(69): len = 2740.4, overlap = 9.25
PHY-3002 : Step(70): len = 2782, overlap = 8.75
PHY-3001 : Legalization ...
PHY-3001 : End legalization;  0.003511s wall, 0.000000s user + 0.000000s system = 0.000000s CPU (n/a%)

PHY-3001 : Legalized: Len = 5146.4, Over = 0
PHY-3001 : End spreading;  0.001649s wall, 0.000000s user + 0.000000s system = 0.000000s CPU (n/a%)

PHY-3001 : Final: Len = 5146.4, Over = 0
OPT-1001 : Start physical optimization ...
OPT-1001 : Total overflow 0.00 peak overflow 0.00
OPT-1001 : Start high-fanout net optimization ...
OPT-1001 : Update timing in global mode
PHY-1001 : Start incremental global routing, caller is place ...
RUN-1001 : Generating global routing grids ...
PHY-1001 : Generate routing nets ...
PHY-1001 : Reuse net number 7/241.
PHY-1001 : Global iterations in 16 thread ...
PHY-1002 : len = 5632, over cnt = 15(0%), over = 24, worst = 4
PHY-1002 : len = 5816, over cnt = 8(0%), over = 8, worst = 1
PHY-1002 : len = 5944, over cnt = 0(0%), over = 0, worst = 0
PHY-1001 : End global iterations;  0.015336s wall, 0.015625s user + 0.000000s system = 0.015625s CPU (101.9%)

PHY-1001 : Congestion index: top1 = 15.32, top5 = 4.27, top10 = 2.13, top15 = 1.42.
PHY-1001 : End incremental global routing;  0.042831s wall, 0.031250s user + 0.000000s system = 0.031250s CPU (73.0%)

RUN-1002 : start command "start_timer -report"
TMR-5001 WARNING: No sdc constraints found while initiating timer.
TMR-2505 : Start building timing graph for model uart_top.
TMR-2506 : Build timing graph completely. Port num: 3, tpin num: 951, tnet num: 239, tinst num: 99, tnode num: 1159, tedge num: 1625.
TMR-2508 : Levelizing timing graph completed, there are 21 levels in total.
TMR-2501 : Timing graph initialized successfully.
OPT-1001 : End timing update;  0.022493s wall, 0.031250s user + 0.000000s system = 0.031250s CPU (138.9%)

OPT-1001 : 0 high-fanout net processed.
OPT-1001 : End high-fanout net optimization;  0.067731s wall, 0.062500s user + 0.000000s system = 0.062500s CPU (92.3%)

OPT-1001 : Current memory(MB): used = 141, reserve = 112, peak = 141.
OPT-1001 : Update timing in Manhattan mode
OPT-1001 : End timing update;  0.000138s wall, 0.000000s user + 0.000000s system = 0.000000s CPU (n/a%)

OPT-1001 : Start pin optimization...
OPT-1001 : skip pin optimization...
RUN-1001 : Generating global routing grids ...
PHY-1001 : Generate routing nets ...
PHY-1001 : Reuse net number 197/241.
PHY-1001 : Global iterations in 16 thread ...
PHY-1002 : len = 5944, over cnt = 0(0%), over = 0, worst = 0
PHY-1001 : End global iterations;  0.000764s wall, 0.000000s user + 0.000000s system = 0.000000s CPU (n/a%)

PHY-1001 : Congestion index: top1 = 15.32, top5 = 4.27, top10 = 2.13, top15 = 1.42.
OPT-1001 : Update timing in Manhattan mode
OPT-1001 : End timing update;  0.000231s wall, 0.000000s user + 0.000000s system = 0.000000s CPU (n/a%)

RUN-1001 : QoR Analysis:
OPT-0007 :   WNS 2147483647 TNS 0 NUM_FEPS 0
RUN-1001 :   No local congestion issue, and most congested 1% tile average routing util is 14.931034
RUN-1001 :   Top critical paths
OPT-1001 : End physical optimization;  0.097649s wall, 0.093750s user + 0.000000s system = 0.093750s CPU (96.0%)

RUN-1003 : finish command "place" in  1.063620s wall, 1.484375s user + 1.500000s system = 2.984375s CPU (280.6%)

RUN-1004 : used memory is 128 MB, reserved memory is 100 MB, peak memory is 141 MB
RUN-1002 : start command "export_db top_place.db"
RUN-1001 : Exported /
RUN-1001 : Exported flow parameters
RUN-1001 : Exported libs
RUN-1001 : Exported entities
RUN-1001 : Exported ports
RUN-1001 : Exported pins
RUN-1001 : Exported instances
RUN-1001 : Exported nets
RUN-1001 : Exported buses
RUN-1001 : Exported models
RUN-1001 : Exported congestions
RUN-1001 : Exported violations
RUN-1001 : Exported IO constraints
RUN-1001 : Exported Inst constraints
RUN-1002 : start command "route"
RUN-1001 : Open license file D:/Anlogic/TD5.6.2/license/Anlogic.lic
RUN-1001 : Print Global Property
RUN-1001 : ---------------------------------------------------------------
RUN-1001 :        Parameters        |  Settings  |  Default Values  |  Note  
RUN-1001 : ---------------------------------------------------------------
RUN-1001 :          message         |  standard  |     standard     |        
RUN-1001 :   mixed_pack_place_flow  |     on     |        on        |        
RUN-1001 :        qor_monitor       |    off     |       off        |        
RUN-1001 :        syn_ip_flow       |    off     |       off        |        
RUN-1001 :          thread          |     16     |       auto       |   *    
RUN-1001 : ---------------------------------------------------------------
RUN-1001 : Print Route Property
RUN-1001 : -------------------------------------------------------
RUN-1001 :    Parameters    |  Settings  |  Default Values  |  Note  
RUN-1001 : -------------------------------------------------------
RUN-1001 :      effort      |   medium   |      medium      |        
RUN-1001 :     fix_hold     |    off     |       off        |        
RUN-1001 :    opt_timing    |   medium   |      medium      |        
RUN-1001 :   phy_sim_model  |    off     |       off        |        
RUN-1001 :     priority     |   timing   |      timing      |        
RUN-1001 :     swap_pin     |     on     |        on        |        
RUN-1001 : -------------------------------------------------------
PHY-1001 : Route runs in 16 thread(s)
RUN-1001 : There are total 101 instances
RUN-1001 : 47 mslices, 48 lslices, 3 pads, 0 brams, 0 dsps
RUN-1001 : There are total 241 nets
RUN-1001 : 118 nets have 2 pins
RUN-1001 : 90 nets have [3 - 5] pins
RUN-1001 : 17 nets have [6 - 10] pins
RUN-1001 : 13 nets have [11 - 20] pins
RUN-1001 : 3 nets have [21 - 99] pins
RUN-1002 : start command "start_timer -report"
TMR-5001 WARNING: No sdc constraints found while initiating timer.
TMR-2505 : Start building timing graph for model uart_top.
TMR-2506 : Build timing graph completely. Port num: 3, tpin num: 951, tnet num: 239, tinst num: 99, tnode num: 1159, tedge num: 1625.
TMR-2508 : Levelizing timing graph completed, there are 21 levels in total.
TMR-2501 : Timing graph initialized successfully.
PHY-1001 : 47 mslices, 48 lslices, 3 pads, 0 brams, 0 dsps
TMR-2503 : Start to update net delay, extr mode = 3.
TMR-2504 : Update delay of 239 nets completely.
TMR-2502 : Annotate delay completely, extr mode = 3.
TMR-3002 : No user constraint, initiate default constraint.
TMR-1501 : Assign derive clock DeriveClock to 138 clock pins, and constraint 208 relative nodes.
TMR-3003 : Constraints initiated successfully.
TMR-3501 : Forward propagation: start to calculate arrival time...
TMR-3502 : Backward propagation: start to calculate required time...
TMR-3503 : Timing propagation completes.
PHY-1001 : Start global routing, caller is route ...
RUN-1001 : Generating global routing grids ...
PHY-1001 : Generate routing nets ...
PHY-1001 : Global iterations in 16 thread ...
PHY-1002 : len = 5624, over cnt = 14(0%), over = 23, worst = 4
PHY-1002 : len = 5792, over cnt = 7(0%), over = 7, worst = 1
PHY-1002 : len = 5896, over cnt = 0(0%), over = 0, worst = 0
PHY-1001 : End global iterations;  0.015662s wall, 0.015625s user + 0.000000s system = 0.015625s CPU (99.8%)

PHY-1001 : Congestion index: top1 = 15.37, top5 = 4.25, top10 = 2.12, top15 = 1.41.
PHY-1001 : End global routing;  0.042939s wall, 0.031250s user + 0.015625s system = 0.046875s CPU (109.2%)

PHY-1001 : Start detail routing ...
PHY-1001 : Current memory(MB): used = 164, reserve = 135, peak = 176.
PHY-1001 : Detailed router is running in normal mode.
PHY-1001 : Generate detailed routing grids ...
PHY-1001 : Generate nets ...
PHY-1001 : net clk_dup_1 will be routed on clock mesh
PHY-1001 : Current memory(MB): used = 430, reserve = 406, peak = 430.
PHY-1001 : End build detailed router design. 2.517314s wall, 2.421875s user + 0.093750s system = 2.515625s CPU (99.9%)

PHY-1001 : Detail Route ...
PHY-1001 : ===== Detail Route Phase 1 =====
PHY-1001 : Clock net routing.....
PHY-1001 : Routed 0% nets.
PHY-1022 : len = 5232, over cnt = 0(0%), over = 0, worst = 0, crit = 0
PHY-1001 : End initial clock net routed; 0.005907s wall, 0.000000s user + 0.000000s system = 0.000000s CPU (n/a%)

PHY-1001 : Current memory(MB): used = 432, reserve = 408, peak = 432.
PHY-1001 : End phase 1; 0.010418s wall, 0.015625s user + 0.000000s system = 0.015625s CPU (150.0%)

PHY-1001 : ===== Detail Route Phase 2 =====
PHY-1001 : Initial routing.....
PHY-1001 : Routed 36% nets.
PHY-1001 : Routed 43% nets.
PHY-1001 : Routed 53% nets.
PHY-1001 : Routed 68% nets.
PHY-1001 : Routed 90% nets.
PHY-1022 : len = 17224, over cnt = 11(0%), over = 11, worst = 1, crit = 0
PHY-1001 : Current memory(MB): used = 435, reserve = 410, peak = 436.
PHY-1001 : End initial routed; 0.062254s wall, 0.062500s user + 0.000000s system = 0.062500s CPU (100.4%)

PHY-1001 : Current memory(MB): used = 435, reserve = 410, peak = 436.
PHY-1001 : End phase 2; 0.062284s wall, 0.062500s user + 0.000000s system = 0.062500s CPU (100.3%)

PHY-1001 : ===== Detail Route Phase 3 =====
PHY-1001 : Ripup-reroute.....
PHY-1001 : ===== DR Iter 1 =====
PHY-1022 : len = 17256, over cnt = 1(0%), over = 1, worst = 1, crit = 0
PHY-1001 : End DR Iter 1; 0.009387s wall, 0.015625s user + 0.000000s system = 0.015625s CPU (166.5%)

PHY-1001 : ===== DR Iter 2 =====
PHY-1022 : len = 17264, over cnt = 0(0%), over = 0, worst = 0, crit = 0
PHY-1001 : End DR Iter 2; 0.007504s wall, 0.015625s user + 0.000000s system = 0.015625s CPU (208.2%)

PHY-1001 : Commit to database.....
PHY-1001 : 2 feed throughs used by 2 nets
PHY-1001 : End commit to database; 0.021770s wall, 0.031250s user + 0.000000s system = 0.031250s CPU (143.5%)

PHY-1001 : Current memory(MB): used = 445, reserve = 420, peak = 445.
PHY-1001 : End phase 3; 0.113832s wall, 0.109375s user + 0.000000s system = 0.109375s CPU (96.1%)

PHY-1003 : Routed, final wirelength = 17264
PHY-1001 : Current memory(MB): used = 445, reserve = 420, peak = 445.
PHY-1001 : End export database. 0.003979s wall, 0.000000s user + 0.000000s system = 0.000000s CPU (n/a%)

PHY-1001 : End detail routing;  2.830651s wall, 2.718750s user + 0.109375s system = 2.828125s CPU (99.9%)

RUN-1003 : finish command "route" in  2.928374s wall, 2.781250s user + 0.140625s system = 2.921875s CPU (99.8%)

RUN-1004 : used memory is 410 MB, reserved memory is 385 MB, peak memory is 445 MB
RUN-1002 : start command "report_area -io_info -file top_phy.area"
RUN-1001 : standard
***Report Model: uart_top Device: EG4S20NG88***

IO Statistics
#IO                         3
  #input                    2
  #output                   1
  #inout                    0

Utilization Statistics
#lut                      180   out of  19600    0.92%
#reg                      102   out of  19600    0.52%
#le                       183
  #lut only                81   out of    183   44.26%
  #reg only                 3   out of    183    1.64%
  #lut&reg                 99   out of    183   54.10%
#dsp                        0   out of     29    0.00%
#bram                       0   out of     64    0.00%
  #bram9k                   0
  #fifo9k                   0
#bram32k                    0   out of     16    0.00%
#pad                        3   out of     66    4.55%
  #ireg                     1
  #oreg                     1
  #treg                     0
#pll                        0   out of      4    0.00%
#gclk                       0   out of     16    0.00%

Clock Resource Statistics
Index     ClockNet     Type               DriverType         Driver          Fanout
#1        clk_dup_1    GCLK               io                 clk_syn_2.di    69


Detailed IO Report

   Name      Direction    Location    IOStandard    DriveStrength    PullType    PackReg  
    clk        INPUT        P35        LVCMOS25          N/A          PULLUP      NONE    
  uart_rx      INPUT        P34        LVCMOS25          N/A          PULLUP      IREG    
  uart_tx     OUTPUT        P10        LVCMOS25           8            NONE       OREG    

Report Hierarchy Area:
+----------------------------------------------------------------------------+
|Instance     |Module   |le     |lut     |ripple  |seq     |bram    |dsp     |
+----------------------------------------------------------------------------+
|top          |uart_top |183    |159     |21      |104     |0       |0       |
|  uart_rx_m0 |uart_rx  |70     |64      |6       |31      |0       |0       |
|  uart_tx_m0 |uart_tx  |38     |32      |6       |23      |0       |0       |
+----------------------------------------------------------------------------+


DataNet Average Fanout:

   Index     Fanout    Nets  
    #1         1       115   
    #2         2        68   
    #3         3        9    
    #4         4        12   
    #5        5-10      17   
    #6       11-50      14   
  Average     2.72           

RUN-1002 : start command "export_db top_pr.db"
RUN-1001 : Exported /
RUN-1001 : Exported flow parameters
RUN-1001 : Exported libs
RUN-1001 : Exported entities
RUN-1001 : Exported ports
RUN-1001 : Exported pins
RUN-1001 : Exported instances
RUN-1001 : Exported nets
RUN-1001 : Exported buses
RUN-1001 : Exported models
RUN-1001 : Exported congestions
RUN-1001 : Exported violations
RUN-1001 : Exported IO constraints
RUN-1001 : Exported Inst constraints
RUN-1002 : start command "export_bid top_inst.bid"
RUN-1002 : start command "bitgen -bit top.bit"
BIT-1003 : Start to generate bitstream. 
BIT-1002 : Init instances with 16 threads.
BIT-1002 : Init instances completely, inst num: 99
BIT-1002 : Init pips with 16 threads.
BIT-1002 : Init pips completely, net num: 241, pip num: 1899
BIT-1002 : Init feedthrough completely, num: 2
BIT-1003 : Multithreading accelaration with 16 threads.
BIT-1003 : Generate bitstream completely, there are 147 valid insts, and 5703 bits set as '1'.
BIT-1004 : PLL setting string = 0000
BIT-1004 : Generate bits file top.bit.
RUN-1002 : start command "backup_run_log run.log ../.logs/phy_1/td_20230707_220201.log"
