============================================================
   Tang Dynasty, V5.6.71036
      Copyright (c) 2012-2023 Anlogic Inc.
   Executable = D:/Anlogic/TD5.6.2/bin/td.exe
   Built at =   20:34:38 Mar 21 2023
   Run by =     BigPig
   Run Date =   Fri Jul  7 21:54:51 2023

   Run on =     DESKTOP-9MNJBAS
============================================================
RUN-1002 : start command "open_project top.prj"
RUN-1001 : Print Global Property
RUN-1001 : ---------------------------------------------------------------
RUN-1001 :        Parameters        |  Settings  |  Default Values  |  Note  
RUN-1001 : ---------------------------------------------------------------
RUN-1001 :          message         |  standard  |     standard     |        
RUN-1001 :   mixed_pack_place_flow  |     on     |        on        |        
RUN-1001 :        qor_monitor       |    off     |       off        |        
RUN-1001 :        syn_ip_flow       |    off     |       off        |        
RUN-1001 :          thread          |    auto    |       auto       |        
RUN-1001 : ---------------------------------------------------------------
RUN-1001 : Print Design Property
RUN-1001 : --------------------------------------------------------------
RUN-1001 :        Parameters       |  Settings  |  Default Values  |  Note  
RUN-1001 : --------------------------------------------------------------
RUN-1001 :   default_reg_initial   |    auto    |       auto       |        
RUN-1001 :        infer_add        |     on     |        on        |        
RUN-1001 :        infer_fsm        |    off     |       off        |        
RUN-1001 :        infer_mult       |     on     |        on        |        
RUN-1001 :        infer_ram        |     on     |        on        |        
RUN-1001 :        infer_reg        |     on     |        on        |        
RUN-1001 :   infer_reg_init_value  |     on     |        on        |        
RUN-1001 :        infer_rom        |     on     |        on        |        
RUN-1001 :      infer_shifter      |     on     |        on        |        
RUN-1001 : --------------------------------------------------------------
RUN-1001 : Print Rtl Property
RUN-1001 : --------------------------------------------------------------
RUN-1001 :        Parameters       |  Settings  |  Default Values  |  Note  
RUN-1001 : --------------------------------------------------------------
RUN-1001 :       compress_add      |   ripple   |      ripple      |        
RUN-1001 :        elf_sload        |    off     |       off        |        
RUN-1001 :       fix_undriven      |     0      |        0         |        
RUN-1001 :         flatten         |    off     |       off        |        
RUN-1001 :       gate_sharing      |     on     |        on        |        
RUN-1001 :    hdl_warning_level    |   normal   |      normal      |        
RUN-1001 :   impl_internal_tribuf  |     on     |        on        |        
RUN-1001 :      impl_set_reset     |     on     |        on        |        
RUN-1001 :        infer_gsr        |    off     |       off        |        
RUN-1001 :      keep_hierarchy     |    auto    |       auto       |        
RUN-1001 :        max_fanout       |    9999    |       9999       |        
RUN-1001 :      max_oh2bin_len     |     10     |        10        |        
RUN-1001 :       merge_equal       |     on     |        on        |        
RUN-1001 :       merge_equiv       |     on     |        on        |        
RUN-1001 :        merge_mux        |    off     |       off        |        
RUN-1001 :     min_control_set     |     8      |        8         |        
RUN-1001 :      min_ripple_len     |    auto    |       auto       |        
RUN-1001 :       oh2bin_ratio      |    0.08    |       0.08       |        
RUN-1001 :     opt_adder_fanout    |     on     |        on        |        
RUN-1001 :        opt_arith        |     on     |        on        |        
RUN-1001 :       opt_big_gate      |    off     |       off        |        
RUN-1001 :        opt_const        |     on     |        on        |        
RUN-1001 :      opt_const_mult     |     on     |        on        |        
RUN-1001 :       opt_lessthan      |     on     |        on        |        
RUN-1001 :         opt_mux         |    off     |       off        |        
RUN-1001 :         opt_ram         |    high    |       high       |        
RUN-1001 :      rtl_sim_model      |    off     |       off        |        
RUN-1001 :         seq_syn         |     on     |        on        |        
RUN-1001 : --------------------------------------------------------------
HDL-1007 : analyze verilog file ../../src/uart_rx.sv
HDL-5007 WARNING: non-net output port 'recv_data' cannot be initialized at declaration in SystemVerilog mode in ../../src/uart_rx.sv(9)
HDL-5007 WARNING: parameter 'RATE_CNT' becomes localparam in 'uart_rx' with formal parameter declaration list in ../../src/uart_rx.sv(14)
HDL-1007 : analyze verilog file ../../src/uart_top.sv
HDL-1007 : undeclared symbol 'send_busy', assumed default net type 'wire' in ../../src/uart_top.sv(63)
HDL-1007 : analyze verilog file ../../src/uart_tx.sv
HDL-5007 WARNING: non-net output port 'tx_pin' cannot be initialized at declaration in SystemVerilog mode in ../../src/uart_tx.sv(12)
HDL-5007 WARNING: parameter 'RATE_CNT' becomes localparam in 'uart_tx' with formal parameter declaration list in ../../src/uart_tx.sv(14)
RUN-1001 : Project manager successfully analyzed 3 source files.
RUN-1002 : start command "import_device eagle_s20.db -package EG4S20NG88"
ARC-1001 : Device Initialization.
ARC-1001 : ---------------------------------------------------------------
ARC-1001 :            OPTION            |        IO         |   SETTING   
ARC-1001 : ---------------------------------------------------------------
ARC-1001 :   cso_b/cclk/mosi/miso/dout  |  P69/P82/P81/P80  |    gpio    
ARC-1001 :             done             |        P8         |    gpio    
ARC-1001 :           program_b          |        P67        |  dedicate  
ARC-1001 :        tdi/tms/tck/tdo       |  P25/P22/P26/P21  |  dedicate  
ARC-1001 : ---------------------------------------------------------------
ARC-1004 : Device setting, marked 5 dedicate IOs in total.
RUN-1002 : start command "import_db ../syn_1/top_gate.db"
RUN-1001 : Importing database generated by Tang Dynasty, V5.6.71036.
RUN-1001 : Database version number 46146.
RUN-1001 : Import flow parameters
RUN-1001 : Import IO constraints
RUN-1001 : Import Inst constraints
RUN-1001 : Import design success TD_VERSION=5.6.71036 , DB_VERSION=46146
RUN-1002 : start command "place"
RUN-1001 : Open license file D:/Anlogic/TD5.6.2/license/Anlogic.lic
RUN-1001 : Print Global Property
RUN-1001 : ---------------------------------------------------------------
RUN-1001 :        Parameters        |  Settings  |  Default Values  |  Note  
RUN-1001 : ---------------------------------------------------------------
RUN-1001 :          message         |  standard  |     standard     |        
RUN-1001 :   mixed_pack_place_flow  |     on     |        on        |        
RUN-1001 :        qor_monitor       |    off     |       off        |        
RUN-1001 :        syn_ip_flow       |    off     |       off        |        
RUN-1001 :          thread          |     16     |       auto       |   *    
RUN-1001 : ---------------------------------------------------------------
RUN-1001 : Print Place Property
RUN-1001 : --------------------------------------------------------------
RUN-1001 :        Parameters       |  Settings  |  Default Values  |  Note  
RUN-1001 : --------------------------------------------------------------
RUN-1001 :      detailed_place     |     on     |        on        |        
RUN-1001 :          effort         |   medium   |      medium      |        
RUN-1001 :         fix_hold        |    off     |       off        |        
RUN-1001 :       legalization      |    ori     |       ori        |        
RUN-1001 :      new_spreading      |     on     |        on        |        
RUN-1001 :        opt_timing       |   medium   |      medium      |        
RUN-1001 :   post_clock_route_opt  |    off     |       off        |        
RUN-1001 :       pr_strategy       |     1      |        1         |        
RUN-1001 :        relaxation       |    1.00    |       1.00       |        
RUN-1001 :         retiming        |    off     |       off        |        
RUN-1001 : --------------------------------------------------------------
PHY-3001 : Placer runs in 16 thread(s).
RUN-1002 : start command "legalize_phy_inst"
SYN-1011 : Flatten model uart_top
RUN-1002 : start command "phys_opt -simplify_lut"
SYN-4024 : Net "clk_dup_1" drives clk pins.
SYN-4025 : Tag rtl::Net clk_dup_1 as clock net
SYN-4026 : Tagged 1 rtl::Net as clock net
PHY-1001 : Populate physical database on model uart_top.
RUN-1001 : There are total 5 instances
RUN-1001 : 0 mslices, 0 lslices, 3 pads, 0 brams, 0 dsps
RUN-1001 : There are total 5 nets
RUN-1001 : 5 nets have 2 pins
RUN-1001 : Report Control nets information:
RUN-1001 : DFF Distribution
RUN-1001 : ----------------------------------
RUN-1001 :   CE   |  SSR  |  ASR  |  DFF Count  
RUN-1001 : ----------------------------------
RUN-1001 :   No   |  No   |  No   |      0      
RUN-1001 :   No   |  No   |  Yes  |      0      
RUN-1001 :   No   |  Yes  |  No   |      0      
RUN-1001 :   Yes  |  No   |  No   |      0      
RUN-1001 :   Yes  |  No   |  Yes  |      0      
RUN-1001 :   Yes  |  Yes  |  No   |      0      
RUN-1001 : ----------------------------------
RUN-0007 : Control Group Statistic
RUN-0007 : ---------------------------
RUN-0007 :   #CLK  |  #CE  |  #SSR/ASR  
RUN-0007 : ---------------------------
RUN-0007 :    0    |   0   |     0      
RUN-0007 : ---------------------------
RUN-0007 : Control Set = 0
PHY-3001 : Initial placement ...
PHY-3001 : design contains 4 instances, 0 slices, 0 macros(0 instances: 0 mslices 0 lslices)
PHY-3001 : End placement; No cells to be placed.
RUN-1002 : start command "export_db top_place.db"
RUN-1001 : Exported /
RUN-1001 : Exported flow parameters
RUN-1001 : Exported libs
RUN-1001 : Exported entities
RUN-1001 : Exported ports
RUN-1001 : Exported pins
RUN-1001 : Exported instances
RUN-1001 : Exported nets
RUN-1001 : Exported buses
RUN-1001 : Exported models
RUN-1001 : Exported congestions
RUN-1001 : Exported violations
RUN-1001 : Exported IO constraints
RUN-1001 : Exported Inst constraints
RUN-1002 : start command "route"
RUN-1001 : Open license file D:/Anlogic/TD5.6.2/license/Anlogic.lic
RUN-1001 : Print Global Property
RUN-1001 : ---------------------------------------------------------------
RUN-1001 :        Parameters        |  Settings  |  Default Values  |  Note  
RUN-1001 : ---------------------------------------------------------------
RUN-1001 :          message         |  standard  |     standard     |        
RUN-1001 :   mixed_pack_place_flow  |     on     |        on        |        
RUN-1001 :        qor_monitor       |    off     |       off        |        
RUN-1001 :        syn_ip_flow       |    off     |       off        |        
RUN-1001 :          thread          |     16     |       auto       |   *    
RUN-1001 : ---------------------------------------------------------------
RUN-1001 : Print Route Property
RUN-1001 : -------------------------------------------------------
RUN-1001 :    Parameters    |  Settings  |  Default Values  |  Note  
RUN-1001 : -------------------------------------------------------
RUN-1001 :      effort      |   medium   |      medium      |        
RUN-1001 :     fix_hold     |    off     |       off        |        
RUN-1001 :    opt_timing    |   medium   |      medium      |        
RUN-1001 :   phy_sim_model  |    off     |       off        |        
RUN-1001 :     priority     |   timing   |      timing      |        
RUN-1001 :     swap_pin     |     on     |        on        |        
RUN-1001 : -------------------------------------------------------
PHY-1001 : Route runs in 16 thread(s)
RUN-1001 : There are total 5 instances
RUN-1001 : 0 mslices, 0 lslices, 3 pads, 0 brams, 0 dsps
RUN-1001 : There are total 5 nets
RUN-1001 : 5 nets have 2 pins
RUN-1002 : start command "start_timer -report"
TMR-5001 WARNING: No sdc constraints found while initiating timer.
TMR-2505 : Start building timing graph for model uart_top.
TMR-2506 : Build timing graph completely. Port num: 3, tpin num: 8, tnet num: 4, tinst num: 4, tnode num: 9, tedge num: 6.
TMR-2508 : Levelizing timing graph completed, there are 3 levels in total.
TMR-2501 : Timing graph initialized successfully.
PHY-1001 : 0 mslices, 0 lslices, 3 pads, 0 brams, 0 dsps
TMR-2503 : Start to update net delay, extr mode = 3.
TMR-2504 : Update delay of 4 nets completely.
TMR-2502 : Annotate delay completely, extr mode = 3.
TMR-3002 : No user constraint, initiate default constraint.
TMR-1501 : Assign derive clock DeriveClock to 2 clock pins, and constraint 1 relative nodes.
TMR-3003 : Constraints initiated successfully.
TMR-3501 : Forward propagation: start to calculate arrival time...
TMR-3502 : Backward propagation: start to calculate required time...
TMR-3503 : Timing propagation completes.
PHY-1001 : Start global routing, caller is route ...
RUN-1001 : Generating global routing grids ...
RUN-1001 : Building simple global routing graph ...
PHY-1001 : Generate routing nets ...
PHY-1001 : Global iterations in 16 thread ...
PHY-1002 : len = 0, over cnt = 0(0%), over = 0, worst = 0
PHY-1001 : End global iterations;  0.000466s wall, 0.000000s user + 0.000000s system = 0.000000s CPU (n/a%)

PHY-1001 : Congestion index: top1 = 0.00, top5 = 0.00, top10 = 0.00, top15 = 0.00.
PHY-1001 : End global routing;  0.030381s wall, 0.031250s user + 0.000000s system = 0.031250s CPU (102.9%)

PHY-1001 : Start detail routing ...
PHY-1001 : Current memory(MB): used = 153, reserve = 125, peak = 168.
PHY-1001 : Detailed router is running in normal mode.
PHY-1001 : Generate detailed routing grids ...
PHY-1001 : Generate nets ...
PHY-1001 : net clk_dup_1 will be routed on clock mesh
PHY-1001 : Current memory(MB): used = 423, reserve = 399, peak = 423.
PHY-1001 : End build detailed router design. 2.520841s wall, 2.500000s user + 0.015625s system = 2.515625s CPU (99.8%)

PHY-1001 : Detail Route ...
PHY-1001 : ===== Detail Route Phase 1 =====
PHY-1001 : Clock net routing.....
PHY-1001 : Routed 20% nets.
PHY-1022 : len = 704, over cnt = 0(0%), over = 0, worst = 0, crit = 0
PHY-1001 : End initial clock net routed; 0.003152s wall, 0.015625s user + 0.000000s system = 0.015625s CPU (495.7%)

PHY-1001 : Current memory(MB): used = 423, reserve = 399, peak = 423.
PHY-1001 : End phase 1; 0.006999s wall, 0.015625s user + 0.000000s system = 0.015625s CPU (223.3%)

PHY-1001 : ===== Detail Route Phase 2 =====
PHY-1001 : Initial routing.....
PHY-1022 : len = 704, over cnt = 0(0%), over = 0, worst = 0, crit = 0
PHY-1001 : Current memory(MB): used = 423, reserve = 399, peak = 423.
PHY-1001 : End initial routed; 0.005964s wall, 0.000000s user + 0.000000s system = 0.000000s CPU (n/a%)

PHY-1001 : Current memory(MB): used = 423, reserve = 399, peak = 423.
PHY-1001 : End phase 2; 0.005993s wall, 0.000000s user + 0.000000s system = 0.000000s CPU (n/a%)

PHY-1001 : ===== Detail Route Phase 3 =====
PHY-1001 : Commit to database.....
PHY-1001 : 0 feed throughs used by 0 nets
PHY-1001 : End commit to database; 0.003388s wall, 0.000000s user + 0.000000s system = 0.000000s CPU (n/a%)

PHY-1001 : Current memory(MB): used = 429, reserve = 406, peak = 429.
PHY-1001 : End phase 3; 0.003427s wall, 0.000000s user + 0.000000s system = 0.000000s CPU (n/a%)

PHY-1003 : Routed, final wirelength = 704
PHY-1001 : Current memory(MB): used = 429, reserve = 406, peak = 429.
PHY-1001 : End export database. 0.003909s wall, 0.015625s user + 0.000000s system = 0.015625s CPU (399.7%)

PHY-1001 : End detail routing;  2.667342s wall, 2.656250s user + 0.015625s system = 2.671875s CPU (100.2%)

RUN-1003 : finish command "route" in  2.761248s wall, 2.734375s user + 0.031250s system = 2.765625s CPU (100.2%)

RUN-1004 : used memory is 395 MB, reserved memory is 370 MB, peak memory is 429 MB
RUN-1002 : start command "report_area -io_info -file top_phy.area"
RUN-1001 : standard
***Report Model: uart_top Device: EG4S20NG88***

IO Statistics
#IO                         3
  #input                    2
  #output                   1
  #inout                    0

Utilization Statistics
#lut                        0   out of  19600    0.00%
#reg                        0   out of  19600    0.00%
#le                         0
#dsp                        0   out of     29    0.00%
#bram                       0   out of     64    0.00%
  #bram9k                   0
  #fifo9k                   0
#bram32k                    0   out of     16    0.00%
#pad                        3   out of     66    4.55%
  #ireg                     0
  #oreg                     1
  #treg                     0
#pll                        0   out of      4    0.00%
#gclk                       0   out of     16    0.00%

Clock Resource Statistics
Index     ClockNet     Type               DriverType         Driver          Fanout
#1        clk_dup_1    GCLK               io                 clk_syn_2.di    1


Detailed IO Report

   Name      Direction    Location    IOStandard    DriveStrength    PullType    PackReg  
    clk        INPUT        P35        LVCMOS25          N/A          PULLUP      NONE    
  uart_rx      INPUT        P34        LVCMOS25          N/A          PULLUP      NONE    
  uart_tx     OUTPUT        P10        LVCMOS25           8            NONE       OREG    

Report Hierarchy Area:
+------------------------------------------------------------------------+
|Instance |Module   |le     |lut     |ripple  |seq     |bram    |dsp     |
+------------------------------------------------------------------------+
|top      |uart_top |0      |0       |0       |1       |0       |0       |
+------------------------------------------------------------------------+


DataNet Average Fanout:

   Index      Fanout      Nets  
  Average    -nan(ind)          

RUN-1002 : start command "export_db top_pr.db"
RUN-1001 : Exported /
RUN-1001 : Exported flow parameters
RUN-1001 : Exported libs
RUN-1001 : Exported entities
RUN-1001 : Exported ports
RUN-1001 : Exported pins
RUN-1001 : Exported instances
RUN-1001 : Exported nets
RUN-1001 : Exported buses
RUN-1001 : Exported models
RUN-1001 : Exported congestions
RUN-1001 : Exported violations
RUN-1001 : Exported IO constraints
RUN-1001 : Exported Inst constraints
RUN-1002 : start command "export_bid top_inst.bid"
RUN-1002 : start command "bitgen -bit top.bit"
BIT-1003 : Start to generate bitstream. 
BIT-1002 : Init instances completely, inst num: 4
BIT-1002 : Init pips completely, net num: 5, pip num: 14
BIT-1003 : Multithreading accelaration with 16 threads.
BIT-1003 : Generate bitstream completely, there are 34 valid insts, and 34 bits set as '1'.
BIT-1004 : PLL setting string = 0000
BIT-1004 : Generate bits file top.bit.
RUN-1002 : start command "backup_run_log run.log ../.logs/phy_1/td_20230707_215451.log"
