============================================================
   Tang Dynasty, V5.6.71036
      Copyright (c) 2012-2023 Anlogic Inc.
   Executable = D:/Anlogic/TD5.6.2/bin/td.exe
   Built at =   20:34:38 Mar 21 2023
   Run by =     BigPig
   Run Date =   Sun Jul  9 17:12:38 2023

   Run on =     DESKTOP-9MNJBAS
============================================================
RUN-1002 : start command "open_project top.prj"
RUN-1001 : Print Global Property
RUN-1001 : ---------------------------------------------------------------
RUN-1001 :        Parameters        |  Settings  |  Default Values  |  Note  
RUN-1001 : ---------------------------------------------------------------
RUN-1001 :          message         |  standard  |     standard     |        
RUN-1001 :   mixed_pack_place_flow  |     on     |        on        |        
RUN-1001 :        qor_monitor       |    off     |       off        |        
RUN-1001 :        syn_ip_flow       |    off     |       off        |        
RUN-1001 :          thread          |    auto    |       auto       |        
RUN-1001 : ---------------------------------------------------------------
RUN-1001 : Print Design Property
RUN-1001 : --------------------------------------------------------------
RUN-1001 :        Parameters       |  Settings  |  Default Values  |  Note  
RUN-1001 : --------------------------------------------------------------
RUN-1001 :   default_reg_initial   |    auto    |       auto       |        
RUN-1001 :        infer_add        |     on     |        on        |        
RUN-1001 :        infer_fsm        |    off     |       off        |        
RUN-1001 :        infer_mult       |     on     |        on        |        
RUN-1001 :        infer_ram        |     on     |        on        |        
RUN-1001 :        infer_reg        |     on     |        on        |        
RUN-1001 :   infer_reg_init_value  |     on     |        on        |        
RUN-1001 :        infer_rom        |     on     |        on        |        
RUN-1001 :      infer_shifter      |     on     |        on        |        
RUN-1001 : --------------------------------------------------------------
RUN-1001 : Print Rtl Property
RUN-1001 : --------------------------------------------------------------
RUN-1001 :        Parameters       |  Settings  |  Default Values  |  Note  
RUN-1001 : --------------------------------------------------------------
RUN-1001 :       compress_add      |   ripple   |      ripple      |        
RUN-1001 :        elf_sload        |    off     |       off        |        
RUN-1001 :       fix_undriven      |     0      |        0         |        
RUN-1001 :         flatten         |    off     |       off        |        
RUN-1001 :       gate_sharing      |     on     |        on        |        
RUN-1001 :    hdl_warning_level    |   normal   |      normal      |        
RUN-1001 :   impl_internal_tribuf  |     on     |        on        |        
RUN-1001 :      impl_set_reset     |     on     |        on        |        
RUN-1001 :        infer_gsr        |    off     |       off        |        
RUN-1001 :      keep_hierarchy     |    auto    |       auto       |        
RUN-1001 :        max_fanout       |    9999    |       9999       |        
RUN-1001 :      max_oh2bin_len     |     10     |        10        |        
RUN-1001 :       merge_equal       |     on     |        on        |        
RUN-1001 :       merge_equiv       |     on     |        on        |        
RUN-1001 :        merge_mux        |    off     |       off        |        
RUN-1001 :     min_control_set     |     8      |        8         |        
RUN-1001 :      min_ripple_len     |    auto    |       auto       |        
RUN-1001 :       oh2bin_ratio      |    0.08    |       0.08       |        
RUN-1001 :     opt_adder_fanout    |     on     |        on        |        
RUN-1001 :        opt_arith        |     on     |        on        |        
RUN-1001 :       opt_big_gate      |    off     |       off        |        
RUN-1001 :        opt_const        |     on     |        on        |        
RUN-1001 :      opt_const_mult     |     on     |        on        |        
RUN-1001 :       opt_lessthan      |     on     |        on        |        
RUN-1001 :         opt_mux         |    off     |       off        |        
RUN-1001 :         opt_ram         |    high    |       high       |        
RUN-1001 :      rtl_sim_model      |    off     |       off        |        
RUN-1001 :         seq_syn         |     on     |        on        |        
RUN-1001 : --------------------------------------------------------------
HDL-1007 : analyze verilog file ../../al_ip/video_pll.v
HDL-1007 : undeclared symbol 'open', assumed default net type 'wire' in ../../al_ip/video_pll.v(57)
HDL-1007 : analyze verilog file ../../al_ip/video_fifo.v
HDL-1007 : analyze verilog file ../../src/rgb_timing.v
HDL-1007 : analyze verilog file ../../src/top.v
HDL-1007 : undeclared symbol 'cmos_16bit_wr', assumed default net type 'wire' in ../../src/top.v(67)
HDL-1007 : analyze verilog file ../../src/cmos_8_16bit.v
HDL-1007 : analyze verilog file ../../src/iic_init/iic_ctrl.sv
HDL-5007 WARNING: parameter 'DELAY' becomes localparam in 'iic_ctrl' with formal parameter declaration list in ../../src/iic_init/iic_ctrl.sv(14)
HDL-5007 WARNING: parameter 'STATE_DELAY' becomes localparam in 'iic_ctrl' with formal parameter declaration list in ../../src/iic_init/iic_ctrl.sv(16)
HDL-5007 WARNING: parameter 'STATE_INIT' becomes localparam in 'iic_ctrl' with formal parameter declaration list in ../../src/iic_init/iic_ctrl.sv(17)
HDL-5007 WARNING: parameter 'STATE_FINISH' becomes localparam in 'iic_ctrl' with formal parameter declaration list in ../../src/iic_init/iic_ctrl.sv(18)
HDL-5007 WARNING: parameter 'STATE_WAIT_BUSY' becomes localparam in 'iic_ctrl' with formal parameter declaration list in ../../src/iic_init/iic_ctrl.sv(19)
HDL-1007 : analyze verilog file ../../src/iic_init/iic_master.sv
HDL-5007 WARNING: non-net output port 'recv_data' cannot be initialized at declaration in SystemVerilog mode in ../../src/iic_init/iic_master.sv(19)
HDL-5007 WARNING: non-net output port 'iic_scl' cannot be initialized at declaration in SystemVerilog mode in ../../src/iic_init/iic_master.sv(24)
HDL-5007 WARNING: parameter 'CLK_DIV' becomes localparam in 'iic_master' with formal parameter declaration list in ../../src/iic_init/iic_master.sv(35)
HDL-1007 : analyze verilog file ../../src/video_timing_data.v
RUN-1001 : Project manager successfully analyzed 8 source files.
RUN-1002 : start command "import_device eagle_s20.db -package EG4S20NG88"
ARC-1001 : Device Initialization.
ARC-1001 : ---------------------------------------------------------------
ARC-1001 :            OPTION            |        IO         |   SETTING   
ARC-1001 : ---------------------------------------------------------------
ARC-1001 :   cso_b/cclk/mosi/miso/dout  |  P69/P82/P81/P80  |    gpio    
ARC-1001 :             done             |        P8         |    gpio    
ARC-1001 :           program_b          |        P67        |    gpio    
ARC-1001 :        tdi/tms/tck/tdo       |  P25/P22/P26/P21  |  dedicate  
ARC-1001 : ---------------------------------------------------------------
ARC-1004 : Device setting, marked 4 dedicate IOs in total.
RUN-1002 : start command "elaborate -top top"
RUN-1001 : Print Design Property
RUN-1001 : --------------------------------------------------------------
RUN-1001 :        Parameters       |  Settings  |  Default Values  |  Note  
RUN-1001 : --------------------------------------------------------------
RUN-1001 :   default_reg_initial   |    auto    |       auto       |        
RUN-1001 :        infer_add        |     on     |        on        |        
RUN-1001 :        infer_fsm        |    off     |       off        |        
RUN-1001 :        infer_mult       |     on     |        on        |        
RUN-1001 :        infer_ram        |     on     |        on        |        
RUN-1001 :        infer_reg        |     on     |        on        |        
RUN-1001 :   infer_reg_init_value  |     on     |        on        |        
RUN-1001 :        infer_rom        |     on     |        on        |        
RUN-1001 :      infer_shifter      |     on     |        on        |        
RUN-1001 : --------------------------------------------------------------
RUN-1001 : Print Rtl Property
RUN-1001 : --------------------------------------------------------------
RUN-1001 :        Parameters       |  Settings  |  Default Values  |  Note  
RUN-1001 : --------------------------------------------------------------
RUN-1001 :       compress_add      |   ripple   |      ripple      |        
RUN-1001 :        elf_sload        |    off     |       off        |        
RUN-1001 :       fix_undriven      |     0      |        0         |        
RUN-1001 :         flatten         |    off     |       off        |        
RUN-1001 :       gate_sharing      |     on     |        on        |        
RUN-1001 :    hdl_warning_level    |   normal   |      normal      |        
RUN-1001 :   impl_internal_tribuf  |     on     |        on        |        
RUN-1001 :      impl_set_reset     |     on     |        on        |        
RUN-1001 :        infer_gsr        |    off     |       off        |        
RUN-1001 :      keep_hierarchy     |    auto    |       auto       |        
RUN-1001 :        max_fanout       |    9999    |       9999       |        
RUN-1001 :      max_oh2bin_len     |     10     |        10        |        
RUN-1001 :       merge_equal       |     on     |        on        |        
RUN-1001 :       merge_equiv       |     on     |        on        |        
RUN-1001 :        merge_mux        |    off     |       off        |        
RUN-1001 :     min_control_set     |     8      |        8         |        
RUN-1001 :      min_ripple_len     |    auto    |       auto       |        
RUN-1001 :       oh2bin_ratio      |    0.08    |       0.08       |        
RUN-1001 :     opt_adder_fanout    |     on     |        on        |        
RUN-1001 :        opt_arith        |     on     |        on        |        
RUN-1001 :       opt_big_gate      |    off     |       off        |        
RUN-1001 :        opt_const        |     on     |        on        |        
RUN-1001 :      opt_const_mult     |     on     |        on        |        
RUN-1001 :       opt_lessthan      |     on     |        on        |        
RUN-1001 :         opt_mux         |    off     |       off        |        
RUN-1001 :         opt_ram         |    high    |       high       |        
RUN-1001 :      rtl_sim_model      |    off     |       off        |        
RUN-1001 :         seq_syn         |     on     |        on        |        
RUN-1001 : --------------------------------------------------------------
RUN-1001 : Print Global Property
RUN-1001 : ---------------------------------------------------------------
RUN-1001 :        Parameters        |  Settings  |  Default Values  |  Note  
RUN-1001 : ---------------------------------------------------------------
RUN-1001 :          message         |  standard  |     standard     |        
RUN-1001 :   mixed_pack_place_flow  |     on     |        on        |        
RUN-1001 :        qor_monitor       |    off     |       off        |        
RUN-1001 :        syn_ip_flow       |    off     |       off        |        
RUN-1001 :          thread          |    auto    |       auto       |        
RUN-1001 : ---------------------------------------------------------------
RUN-1001 : Print Design Property
RUN-1001 : --------------------------------------------------------------
RUN-1001 :        Parameters       |  Settings  |  Default Values  |  Note  
RUN-1001 : --------------------------------------------------------------
RUN-1001 :   default_reg_initial   |    auto    |       auto       |        
RUN-1001 :        infer_add        |     on     |        on        |        
RUN-1001 :        infer_fsm        |    off     |       off        |        
RUN-1001 :        infer_mult       |     on     |        on        |        
RUN-1001 :        infer_ram        |     on     |        on        |        
RUN-1001 :        infer_reg        |     on     |        on        |        
RUN-1001 :   infer_reg_init_value  |     on     |        on        |        
RUN-1001 :        infer_rom        |     on     |        on        |        
RUN-1001 :      infer_shifter      |     on     |        on        |        
RUN-1001 : --------------------------------------------------------------
HDL-1007 : elaborate module top in ../../src/top.v(1)
HDL-1007 : elaborate module video_pll in ../../al_ip/video_pll.v(22)
HDL-1007 : elaborate module EG_PHY_PLL(FIN="50.000",FBCLK_DIV=18,CLKC0_DIV=100,CLKC0_ENABLE="ENABLE",FEEDBK_MODE="NOCOMP",STDBY_ENABLE="DISABLE",CLKC0_CPHASE=99,GMC_GAIN=4,ICP_CURRENT=13,KVCO=4,LPF_CAPACITOR=1,LPF_RESISTOR=4,SYNC_ENABLE="DISABLE") in D:/Anlogic/TD5.6.2/arch/eagle_macro.v(930)
HDL-1007 : elaborate module iic_ctrl(INIT_CMD_NUM=256) in ../../src/iic_init/iic_ctrl.sv(1)
HDL-1007 : extracting RAM for identifier 'init_cmd' in ../../src/iic_init/iic_ctrl.sv(32)
HDL-1007 : elaborate module iic_master in ../../src/iic_init/iic_master.sv(1)
HDL-5007 WARNING: actual bit length 16 differs from formal bit length 8 for port 'slave_addr' in ../../src/iic_init/iic_ctrl.sv(92)
HDL-5007 WARNING: net 'init_cmd' does not have a driver in ../../src/iic_init/iic_ctrl.sv(32)
HDL-1007 : elaborate module cmos_8_16bit in ../../src/cmos_8_16bit.v(1)
HDL-1007 : port 'empty_flag' remains unconnected for this instance in ../../src/video_timing_data.v(32)
HDL-1007 : port 'full_flag' remains unconnected for this instance in ../../src/video_timing_data.v(32)
HDL-1007 : elaborate module video_timing_data in ../../src/video_timing_data.v(1)
HDL-1007 : elaborate module video_fifo in ../../al_ip/video_fifo.v(14)
HDL-1007 : elaborate module EG_LOGIC_FIFO(DATA_WIDTH_W=16,DATA_WIDTH_R=16,DATA_DEPTH_W=4096,DATA_DEPTH_R=4096,F=4096,RESETMODE="SYNC",ENDIAN="BIG") in D:/Anlogic/TD5.6.2/arch/eagle_macro.v(142)
HDL-1007 : elaborate module rgb_timing in ../../src/rgb_timing.v(1)
HDL-1200 : Current top model is top
HDL-1100 : Inferred 1 RAMs.
RUN-1002 : start command "export_db top_elaborate.db"
RUN-1001 : Exported /
RUN-1001 : Exported flow parameters
RUN-1001 : Exported libs
RUN-1001 : Exported entities
RUN-1001 : Exported ports
RUN-1001 : Exported pins
RUN-1001 : Exported instances
RUN-1001 : Exported nets
RUN-1001 : Exported buses
RUN-1001 : Exported models
RUN-1001 : Exported congestions
RUN-1001 : Exported violations
RUN-1001 : Exported IO constraints
RUN-1001 : Exported Inst constraints
RUN-1002 : start command "read_adc ../../src/top.adc"
RUN-1002 : start command "set_pin_assignment  clk 			  LOCATION = P35; "
RUN-1002 : start command "set_pin_assignment  lcd_clk 		  LOCATION = P60; "
RUN-1002 : start command "set_pin_assignment  lcd_hs 		  LOCATION = P61; "
RUN-1002 : start command "set_pin_assignment  lcd_vs 		  LOCATION = P62; "
RUN-1002 : start command "set_pin_assignment  lcd_de 		  LOCATION = P63; "
RUN-1002 : start command "set_pin_assignment  lcd_rgb[0] 	  LOCATION = P49; "
RUN-1002 : start command "set_pin_assignment  lcd_rgb[1] 	  LOCATION = P50; "
RUN-1002 : start command "set_pin_assignment  lcd_rgb[2] 	  LOCATION = P51; "
RUN-1002 : start command "set_pin_assignment  lcd_rgb[3] 	  LOCATION = P52; "
RUN-1002 : start command "set_pin_assignment  lcd_rgb[4] 	  LOCATION = P54; "
RUN-1002 : start command "set_pin_assignment  lcd_rgb[5] 	  LOCATION = P55; "
RUN-1002 : start command "set_pin_assignment  lcd_rgb[6] 	  LOCATION = P57; "
RUN-1002 : start command "set_pin_assignment  lcd_rgb[7] 	  LOCATION = P59; "
RUN-1002 : start command "set_pin_assignment  lcd_rgb[8] 	  LOCATION = P39; "
RUN-1002 : start command "set_pin_assignment  lcd_rgb[9] 	  LOCATION = P40; "
RUN-1002 : start command "set_pin_assignment  lcd_rgb[10] 	  LOCATION = P41; "
RUN-1002 : start command "set_pin_assignment  lcd_rgb[11] 	  LOCATION = P42; "
RUN-1002 : start command "set_pin_assignment  lcd_rgb[12] 	  LOCATION = P44; "
RUN-1002 : start command "set_pin_assignment  lcd_rgb[13] 	  LOCATION = P45; "
RUN-1002 : start command "set_pin_assignment  lcd_rgb[14] 	  LOCATION = P47; "
RUN-1002 : start command "set_pin_assignment  lcd_rgb[15] 	  LOCATION = P48; "
RUN-1002 : start command "set_pin_assignment  lcd_rgb[16] 	  LOCATION = P28; "
RUN-1002 : start command "set_pin_assignment  lcd_rgb[17] 	  LOCATION = P29; "
RUN-1002 : start command "set_pin_assignment  lcd_rgb[18] 	  LOCATION = P30; "
RUN-1002 : start command "set_pin_assignment  lcd_rgb[19] 	  LOCATION = P31; "
RUN-1002 : start command "set_pin_assignment  lcd_rgb[20] 	  LOCATION = P32; "
RUN-1002 : start command "set_pin_assignment  lcd_rgb[21] 	  LOCATION = P33; "
RUN-1002 : start command "set_pin_assignment  lcd_rgb[22] 	  LOCATION = P37; "
RUN-1002 : start command "set_pin_assignment  lcd_rgb[23] 	  LOCATION = P38; "
RUN-1002 : start command "set_pin_assignment  cmos_scl 		  LOCATION = P86; "
RUN-1002 : start command "set_pin_assignment  cmos_sda 		  LOCATION = P79; "
RUN-1002 : start command "set_pin_assignment  cmos_vsync 	  LOCATION = P87; "
RUN-1002 : start command "set_pin_assignment  cmos_href 	  LOCATION = P83; "
RUN-1002 : start command "set_pin_assignment  cmos_pclk 	  LOCATION = P68; "
RUN-1002 : start command "set_pin_assignment  cmos_db[0] 	  LOCATION = P77; "
RUN-1002 : start command "set_pin_assignment  cmos_db[1] 	  LOCATION = P76; "
RUN-1002 : start command "set_pin_assignment  cmos_db[2] 	  LOCATION = P75; "
RUN-1002 : start command "set_pin_assignment  cmos_db[3] 	  LOCATION = P74; "
RUN-1002 : start command "set_pin_assignment  cmos_db[4] 	  LOCATION = P72; "
RUN-1002 : start command "set_pin_assignment  cmos_db[5] 	  LOCATION = P71; "
RUN-1002 : start command "set_pin_assignment  cmos_db[6] 	  LOCATION = P70; "
RUN-1002 : start command "set_pin_assignment  cmos_db[7] 	  LOCATION = P67; "
RUN-1001 : Starting of IO setups legality check.
RUN-1001 : Starting of IO setups legality check.
RUN-1001 : Starting of IO vref setups legality check.
USR-6010 WARNING: ADC constraints: top model pin cmos_pwdn has no constraint.
USR-6010 WARNING: ADC constraints: top model pin rst_n has no constraint.
RUN-1002 : start command "optimize_rtl"
RUN-1001 : Open license file D:/Anlogic/TD5.6.2/license/Anlogic.lic
RUN-1001 : Print Global Property
RUN-1001 : ---------------------------------------------------------------
RUN-1001 :        Parameters        |  Settings  |  Default Values  |  Note  
RUN-1001 : ---------------------------------------------------------------
RUN-1001 :          message         |  standard  |     standard     |        
RUN-1001 :   mixed_pack_place_flow  |     on     |        on        |        
RUN-1001 :        qor_monitor       |    off     |       off        |        
RUN-1001 :        syn_ip_flow       |    off     |       off        |        
RUN-1001 :          thread          |    auto    |       auto       |        
RUN-1001 : ---------------------------------------------------------------
RUN-1001 : Print Rtl Property
RUN-1001 : --------------------------------------------------------------
RUN-1001 :        Parameters       |  Settings  |  Default Values  |  Note  
RUN-1001 : --------------------------------------------------------------
RUN-1001 :       compress_add      |   ripple   |      ripple      |        
RUN-1001 :        elf_sload        |    off     |       off        |        
RUN-1001 :       fix_undriven      |     0      |        0         |        
RUN-1001 :         flatten         |    off     |       off        |        
RUN-1001 :       gate_sharing      |     on     |        on        |        
RUN-1001 :    hdl_warning_level    |   normal   |      normal      |        
RUN-1001 :   impl_internal_tribuf  |     on     |        on        |        
RUN-1001 :      impl_set_reset     |     on     |        on        |        
RUN-1001 :        infer_gsr        |    off     |       off        |        
RUN-1001 :      keep_hierarchy     |    auto    |       auto       |        
RUN-1001 :        max_fanout       |    9999    |       9999       |        
RUN-1001 :      max_oh2bin_len     |     10     |        10        |        
RUN-1001 :       merge_equal       |     on     |        on        |        
RUN-1001 :       merge_equiv       |     on     |        on        |        
RUN-1001 :        merge_mux        |    off     |       off        |        
RUN-1001 :     min_control_set     |     8      |        8         |        
RUN-1001 :      min_ripple_len     |    auto    |       auto       |        
RUN-1001 :       oh2bin_ratio      |    0.08    |       0.08       |        
RUN-1001 :     opt_adder_fanout    |     on     |        on        |        
RUN-1001 :        opt_arith        |     on     |        on        |        
RUN-1001 :       opt_big_gate      |    off     |       off        |        
RUN-1001 :        opt_const        |     on     |        on        |        
RUN-1001 :      opt_const_mult     |     on     |        on        |        
RUN-1001 :       opt_lessthan      |     on     |        on        |        
RUN-1001 :         opt_mux         |    off     |       off        |        
RUN-1001 :         opt_ram         |    high    |       high       |        
RUN-1001 :      rtl_sim_model      |    off     |       off        |        
RUN-1001 :         seq_syn         |     on     |        on        |        
RUN-1001 : --------------------------------------------------------------
SYN-1012 : SanityCheck: Model "top"
SYN-1012 : SanityCheck: Model "cmos_8_16bit"
SYN-1012 : SanityCheck: Model "iic_ctrl(INIT_CMD_NUM=256)"
SYN-1012 : SanityCheck: Model "iic_master"
SYN-1012 : SanityCheck: Model "video_pll"
SYN-1012 : SanityCheck: Model "video_timing_data"
SYN-1012 : SanityCheck: Model "rgb_timing"
SYN-1012 : SanityCheck: Model "video_fifo"
SYN-1043 : Mark video_pll as IO macro for instance pll_inst
SYN-1043 : Mark iic_master as IO macro for instance iic_sda_i
SYN-1043 : Mark iic_ctrl(INIT_CMD_NUM=256) as IO macro for instance iic_master_m0
SYN-1011 : Flatten model top
SYN-1032 : 998/272 useful/useless nets, 241/49 useful/useless insts
SYN-1016 : Merged 85 instances.
SYN-1025 : Merged 6 RAM ports.
SYN-1032 : 858/242 useful/useless nets, 175/21 useful/useless insts
SYN-1016 : Merged 45 instances.
SYN-1032 : 822/6 useful/useless nets, 713/58 useful/useless insts
SYN-1014 : Optimize round 1
SYN-1021 : Optimized 32 onehot mux instances.
SYN-1020 : Optimized 95 distributor mux.
SYN-1019 : Optimized 9 mux instances.
SYN-1016 : Merged 283 instances.
SYN-1015 : Optimize round 1, 591 better
SYN-1014 : Optimize round 2
SYN-1044 : Optimized 1 inv instances.
SYN-1032 : 559/1 useful/useless nets, 450/146 useful/useless insts
SYN-1017 : Remove 1 const input seq instances
SYN-1002 :     iic_ctrl_m0/iic_master_m0/reg7_syn_2
SYN-1015 : Optimize round 2, 151 better
SYN-3004 : Optimized 2 const0 DFF(s)
SYN-1032 : 556/2 useful/useless nets, 447/0 useful/useless insts
SYN-1014 : Optimize round 1
SYN-1016 : Merged 1 instances.
SYN-1015 : Optimize round 1, 2 better
SYN-1014 : Optimize round 2
SYN-1015 : Optimize round 2, 0 better
RUN-1002 : start command "report_area -file top_rtl.area"
RUN-1001 : standard
***Report Model: top Device: EG4S20NG88***

IO Statistics
#IO                        44
  #input                   13
  #output                  30
  #inout                    1

Gate Statistics
#Basic gates              318
  #and                     22
  #nand                     0
  #or                       1
  #nor                      0
  #xor                      0
  #xnor                     0
  #buf                      0
  #not                     15
  #bufif1                   1
  #MX21                    47
  #FADD                     0
  #DFF                    232
  #LATCH                    0
#MACRO_ADD                 12
#MACRO_EQ                  18
#MACRO_MUX                 93
#MACRO_OTHERS               1

Report Hierarchy Area:
+------------------------------------------------------------------+
|Instance               |Module            |gates  |seq    |macros |
+------------------------------------------------------------------+
|top                    |top               |86     |232    |31     |
|  cmos_8_16bit_m0      |cmos_8_16bit      |3      |26     |0      |
|  iic_ctrl_m0          |iic_ctrl          |65     |172    |17     |
|    iic_master_m0      |iic_master        |44     |101    |11     |
|  video_pll_m0         |video_pll         |0      |0      |0      |
|  video_timing_data_m0 |video_timing_data |17     |34     |14     |
|    rgb_timing_m0      |rgb_timing        |15     |28     |10     |
|    video_fifo_m0      |video_fifo        |0      |0      |1      |
+------------------------------------------------------------------+

RUN-1002 : start command "export_db top_rtl.db"
RUN-1001 : Exported /
RUN-1001 : Exported flow parameters
RUN-1001 : Exported libs
RUN-1001 : Exported entities
RUN-1001 : Exported ports
RUN-1001 : Exported pins
RUN-1001 : Exported instances
RUN-1001 : Exported nets
RUN-1001 : Exported buses
RUN-1001 : Exported models
RUN-1001 : Exported congestions
RUN-1001 : Exported violations
RUN-1001 : Exported IO constraints
RUN-1001 : Exported Inst constraints
RUN-1002 : start command "optimize_gate -maparea top_gate.area"
RUN-1001 : Open license file D:/Anlogic/TD5.6.2/license/Anlogic.lic
RUN-1001 : Print Global Property
RUN-1001 : ---------------------------------------------------------------
RUN-1001 :        Parameters        |  Settings  |  Default Values  |  Note  
RUN-1001 : ---------------------------------------------------------------
RUN-1001 :          message         |  standard  |     standard     |        
RUN-1001 :   mixed_pack_place_flow  |     on     |        on        |        
RUN-1001 :        qor_monitor       |    off     |       off        |        
RUN-1001 :        syn_ip_flow       |    off     |       off        |        
RUN-1001 :          thread          |    auto    |       auto       |        
RUN-1001 : ---------------------------------------------------------------
RUN-1001 : Print Gate Property
RUN-1001 : ------------------------------------------------------------------
RUN-1001 :          Parameters         |  Settings  |  Default Values  |  Note  
RUN-1001 : ------------------------------------------------------------------
RUN-1001 :         cascade_dsp         |    off     |       off        |        
RUN-1001 :         cascade_eram        |    off     |       off        |        
RUN-1001 :        gate_sim_model       |    off     |       off        |        
RUN-1001 :        map_sim_model        |    off     |       off        |        
RUN-1001 :         map_strategy        |     1      |        1         |        
RUN-1001 :           opt_area          |   medium   |      medium      |        
RUN-1001 :          opt_timing         |    auto    |       auto       |        
RUN-1001 :         pack_effort         |   medium   |      medium      |        
RUN-1001 :      pack_lslice_ripple     |     on     |        on        |        
RUN-1001 :   pack_lslice_ripple_ratio  |    0.5     |       0.5        |        
RUN-1001 :        pack_seq_in_io       |    auto    |       auto       |        
RUN-1001 :        ph1_mux_ratio        |    1.0     |       1.0        |        
RUN-1001 :            report           |  standard  |     standard     |        
RUN-1001 :           retiming          |    off     |       off        |        
RUN-1001 : ------------------------------------------------------------------
SYN-2001 : Map 44 IOs to PADs
SYN-1032 : 592/6 useful/useless nets, 474/15 useful/useless insts
RUN-1002 : start command "update_pll_param -module top"
SYN-2501 : Processed 0 LOGIC_BUF instances.
SYN-2541 : Write 4096x16, read 4096x16.
SYN-2571 : Optimize after map_dsp, round 1
SYN-2571 : Optimize after map_dsp, round 1, 0 better
SYN-1001 : Throwback 15 control mux instances
SYN-2501 : Optimize round 1
SYN-1016 : Merged 49 instances.
SYN-2501 : Optimize round 1, 214 better
SYN-2501 : Optimize round 2
SYN-2501 : Optimize round 2, 0 better
SYN-2501 : Map 12 macro adder
SYN-3001 : Mapper mapped 255 instances into 25 LUTs, name keeping = 56%.
SYN-3001 : Mapper mapped 255 instances into 29 LUTs, name keeping = 55%.
SYN-3001 : Mapper mapped 255 instances into 27 LUTs, name keeping = 51%.
SYN-3001 : Mapper mapped 255 instances into 29 LUTs, name keeping = 37%.
SYN-3001 : Mapper mapped 255 instances into 25 LUTs, name keeping = 56%.
SYN-3001 : Mapper mapped 255 instances into 27 LUTs, name keeping = 55%.
SYN-3001 : Mapper mapped 255 instances into 27 LUTs, name keeping = 59%.
SYN-3001 : Mapper mapped 255 instances into 23 LUTs, name keeping = 60%.
SYN-3001 : Mapper mapped 255 instances into 18 LUTs, name keeping = 61%.
SYN-3001 : Mapper mapped 255 instances into 22 LUTs, name keeping = 63%.
SYN-3001 : Mapper mapped 255 instances into 24 LUTs, name keeping = 70%.
SYN-3001 : Mapper mapped 255 instances into 24 LUTs, name keeping = 41%.
SYN-3001 : Mapper mapped 255 instances into 19 LUTs, name keeping = 42%.
SYN-3001 : Mapper mapped 255 instances into 15 LUTs, name keeping = 53%.
SYN-3001 : Mapper mapped 255 instances into 4 LUTs, name keeping = 75%.
SYN-3001 : Mapper mapped 255 instances into 14 LUTs, name keeping = 50%.
SYN-3001 : Mapper mapped 255 instances into 16 LUTs, name keeping = 56%.
SYN-3001 : Mapper mapped 255 instances into 19 LUTs, name keeping = 63%.
SYN-3001 : Mapper mapped 255 instances into 10 LUTs, name keeping = 60%.
SYN-3001 : Mapper mapped 255 instances into 6 LUTs, name keeping = 16%.
SYN-3001 : Mapper mapped 255 instances into 9 LUTs, name keeping = 55%.
SYN-3001 : Mapper mapped 255 instances into 9 LUTs, name keeping = 66%.
SYN-2501 : Inferred 11 ROM instances
SYN-1019 : Optimized 1254 mux instances.
SYN-1016 : Merged 1354 instances.
SYN-1032 : 1270/9 useful/useless nets, 1160/3 useful/useless insts
SYN-3001 : Running gate level optimization.
SYN-2581 : Mapping with K=5, #lut = 245 (3.71), #lev = 5 (2.80)
SYN-2551 : Post LUT mapping optimization.
SYN-2581 : Mapping with K=5, #lut = 245 (3.71), #lev = 5 (2.80)
SYN-3001 : Logic optimization runtime opt =   0.03 sec, map =   0.00 sec
SYN-3001 : Mapper mapped 748 instances into 249 LUTs, name keeping = 53%.
SYN-3001 : Mapper removed 1 lut buffers
RUN-1002 : start command "report_area -file top_gate.area"
RUN-1001 : standard
***Report Model: top Device: EG4S20NG88***

IO Statistics
#IO                        44
  #input                   13
  #output                  30
  #inout                    1

LUT Statistics
#Total_luts               386
  #lut4                   187
  #lut5                    61
  #lut6                    44
  #lut5_mx41                0
  #lut4_alu1b              94

Utilization Statistics
#lut                      430   out of  19600    2.19%
#reg                      218   out of  19600    1.11%
#le                         0
#dsp                        0   out of     29    0.00%
#bram                       8   out of     64   12.50%
  #bram9k                   0
  #fifo9k                   8
#bram32k                    0   out of     16    0.00%
#pad                       44   out of     67   65.67%
  #ireg                     9
  #oreg                     5
  #treg                     1
#pll                        1   out of      4   25.00%

Report Hierarchy Area:
+---------------------------------------------------------------------------------------+
|Instance               |Module            |lut     |ripple  |seq     |bram    |dsp     |
+---------------------------------------------------------------------------------------+
|top                    |top               |336     |94      |233     |8       |0       |
|  cmos_8_16bit_m0      |cmos_8_16bit      |2       |0       |18      |0       |0       |
|  iic_ctrl_m0          |iic_ctrl          |296     |68      |170     |0       |0       |
|    iic_master_m0      |iic_master        |69      |23      |99      |0       |0       |
|  video_pll_m0         |video_pll         |0       |0       |0       |0       |0       |
|  video_timing_data_m0 |video_timing_data |37      |26      |30      |8       |0       |
|    rgb_timing_m0      |rgb_timing        |33      |26      |28      |0       |0       |
|    video_fifo_m0      |video_fifo        |2       |0       |0       |8       |0       |
+---------------------------------------------------------------------------------------+

SYN-1001 : Packing model "top" ...
SYN-4010 : Pack lib has 58 rtl pack models with 25 top pack blocks
SYN-1014 : Optimize round 1
SYN-1015 : Optimize round 1, 0 better
SYN-4002 : Packing 218 DFF/LATCH to SEQ ...
SYN-4009 : Pack 3 carry chain into lslice
SYN-4007 : Packing 35 adder to BLE ...
SYN-4008 : Packed 35 adder and 13 SEQ to BLE.
SYN-4007 : Packing 0 gate4 to BLE ...
SYN-4008 : Packed 0 gate4 and 0 SEQ to BLE.
SYN-4012 : Packed 0 FxMUX
RUN-1003 : finish command "optimize_gate -maparea top_gate.area" in  1.028323s wall, 0.921875s user + 0.109375s system = 1.031250s CPU (100.3%)

RUN-1004 : used memory is 111 MB, reserved memory is 78 MB, peak memory is 117 MB
RUN-1002 : start command "legalize_phy_inst"
SYN-1011 : Flatten model top
RUN-1002 : start command "export_db top_gate.db"
RUN-1001 : Exported /
RUN-1001 : Exported flow parameters
RUN-1001 : Exported libs
RUN-1001 : Exported entities
RUN-1001 : Exported ports
RUN-1001 : Exported pins
RUN-1001 : Exported instances
RUN-1001 : Exported nets
RUN-1001 : Exported buses
RUN-1001 : Exported models
RUN-1001 : Exported congestions
RUN-1001 : Exported violations
RUN-1001 : Exported IO constraints
RUN-1001 : Exported Inst constraints
RUN-1002 : start command "backup_run_log run.log ../.logs/syn_1/td_20230709_171238.log"
