============================================================
   Tang Dynasty, V5.6.71036
      Copyright (c) 2012-2023 Anlogic Inc.
   Executable = D:/Anlogic/TD5.6.2/bin/td.exe
   Built at =   20:34:38 Mar 21 2023
   Run by =     BigPig
   Run Date =   Sun Jul  9 17:03:05 2023

   Run on =     DESKTOP-9MNJBAS
============================================================
RUN-1002 : start command "open_project top.prj"
RUN-1001 : Print Global Property
RUN-1001 : ---------------------------------------------------------------
RUN-1001 :        Parameters        |  Settings  |  Default Values  |  Note  
RUN-1001 : ---------------------------------------------------------------
RUN-1001 :          message         |  standard  |     standard     |        
RUN-1001 :   mixed_pack_place_flow  |     on     |        on        |        
RUN-1001 :        qor_monitor       |    off     |       off        |        
RUN-1001 :        syn_ip_flow       |    off     |       off        |        
RUN-1001 :          thread          |    auto    |       auto       |        
RUN-1001 : ---------------------------------------------------------------
RUN-1001 : Print Design Property
RUN-1001 : --------------------------------------------------------------
RUN-1001 :        Parameters       |  Settings  |  Default Values  |  Note  
RUN-1001 : --------------------------------------------------------------
RUN-1001 :   default_reg_initial   |    auto    |       auto       |        
RUN-1001 :        infer_add        |     on     |        on        |        
RUN-1001 :        infer_fsm        |    off     |       off        |        
RUN-1001 :        infer_mult       |     on     |        on        |        
RUN-1001 :        infer_ram        |     on     |        on        |        
RUN-1001 :        infer_reg        |     on     |        on        |        
RUN-1001 :   infer_reg_init_value  |     on     |        on        |        
RUN-1001 :        infer_rom        |     on     |        on        |        
RUN-1001 :      infer_shifter      |     on     |        on        |        
RUN-1001 : --------------------------------------------------------------
RUN-1001 : Print Rtl Property
RUN-1001 : --------------------------------------------------------------
RUN-1001 :        Parameters       |  Settings  |  Default Values  |  Note  
RUN-1001 : --------------------------------------------------------------
RUN-1001 :       compress_add      |   ripple   |      ripple      |        
RUN-1001 :        elf_sload        |    off     |       off        |        
RUN-1001 :       fix_undriven      |     0      |        0         |        
RUN-1001 :         flatten         |    off     |       off        |        
RUN-1001 :       gate_sharing      |     on     |        on        |        
RUN-1001 :    hdl_warning_level    |   normal   |      normal      |        
RUN-1001 :   impl_internal_tribuf  |     on     |        on        |        
RUN-1001 :      impl_set_reset     |     on     |        on        |        
RUN-1001 :        infer_gsr        |    off     |       off        |        
RUN-1001 :      keep_hierarchy     |    auto    |       auto       |        
RUN-1001 :        max_fanout       |    9999    |       9999       |        
RUN-1001 :      max_oh2bin_len     |     10     |        10        |        
RUN-1001 :       merge_equal       |     on     |        on        |        
RUN-1001 :       merge_equiv       |     on     |        on        |        
RUN-1001 :        merge_mux        |    off     |       off        |        
RUN-1001 :     min_control_set     |     8      |        8         |        
RUN-1001 :      min_ripple_len     |    auto    |       auto       |        
RUN-1001 :       oh2bin_ratio      |    0.08    |       0.08       |        
RUN-1001 :     opt_adder_fanout    |     on     |        on        |        
RUN-1001 :        opt_arith        |     on     |        on        |        
RUN-1001 :       opt_big_gate      |    off     |       off        |        
RUN-1001 :        opt_const        |     on     |        on        |        
RUN-1001 :      opt_const_mult     |     on     |        on        |        
RUN-1001 :       opt_lessthan      |     on     |        on        |        
RUN-1001 :         opt_mux         |    off     |       off        |        
RUN-1001 :         opt_ram         |    high    |       high       |        
RUN-1001 :      rtl_sim_model      |    off     |       off        |        
RUN-1001 :         seq_syn         |     on     |        on        |        
RUN-1001 : --------------------------------------------------------------
HDL-1007 : analyze verilog file ../../al_ip/video_pll.v
HDL-1007 : undeclared symbol 'open', assumed default net type 'wire' in ../../al_ip/video_pll.v(57)
HDL-1007 : analyze verilog file ../../al_ip/video_fifo.v
HDL-1007 : analyze verilog file ../../src/rgb_timing.v
HDL-1007 : analyze verilog file ../../src/top.v
HDL-1007 : undeclared symbol 'cmos_16bit_wr', assumed default net type 'wire' in ../../src/top.v(67)
HDL-1007 : analyze verilog file ../../src/cmos_8_16bit.v
HDL-1007 : analyze verilog file ../../src/iic_init/iic_ctrl.sv
HDL-5007 WARNING: parameter 'DELAY' becomes localparam in 'iic_ctrl' with formal parameter declaration list in ../../src/iic_init/iic_ctrl.sv(14)
HDL-5007 WARNING: parameter 'STATE_DELAY' becomes localparam in 'iic_ctrl' with formal parameter declaration list in ../../src/iic_init/iic_ctrl.sv(16)
HDL-5007 WARNING: parameter 'STATE_INIT' becomes localparam in 'iic_ctrl' with formal parameter declaration list in ../../src/iic_init/iic_ctrl.sv(17)
HDL-5007 WARNING: parameter 'STATE_FINISH' becomes localparam in 'iic_ctrl' with formal parameter declaration list in ../../src/iic_init/iic_ctrl.sv(18)
HDL-5007 WARNING: parameter 'STATE_WAIT_BUSY' becomes localparam in 'iic_ctrl' with formal parameter declaration list in ../../src/iic_init/iic_ctrl.sv(19)
HDL-1007 : analyze verilog file ../../src/iic_init/iic_master.sv
HDL-5007 WARNING: non-net output port 'recv_data' cannot be initialized at declaration in SystemVerilog mode in ../../src/iic_init/iic_master.sv(19)
HDL-5007 WARNING: non-net output port 'iic_scl' cannot be initialized at declaration in SystemVerilog mode in ../../src/iic_init/iic_master.sv(24)
HDL-5007 WARNING: parameter 'CLK_DIV' becomes localparam in 'iic_master' with formal parameter declaration list in ../../src/iic_init/iic_master.sv(35)
HDL-1007 : analyze verilog file ../../src/video_timing_data.v
RUN-1001 : Project manager successfully analyzed 8 source files.
RUN-1002 : start command "import_device eagle_s20.db -package EG4S20NG88"
ARC-1001 : Device Initialization.
ARC-1001 : ---------------------------------------------------------------
ARC-1001 :            OPTION            |        IO         |   SETTING   
ARC-1001 : ---------------------------------------------------------------
ARC-1001 :   cso_b/cclk/mosi/miso/dout  |  P69/P82/P81/P80  |    gpio    
ARC-1001 :             done             |        P8         |    gpio    
ARC-1001 :           program_b          |        P67        |  dedicate  
ARC-1001 :        tdi/tms/tck/tdo       |  P25/P22/P26/P21  |  dedicate  
ARC-1001 : ---------------------------------------------------------------
ARC-1004 : Device setting, marked 5 dedicate IOs in total.
RUN-1002 : start command "elaborate -top top"
RUN-1001 : Print Design Property
RUN-1001 : --------------------------------------------------------------
RUN-1001 :        Parameters       |  Settings  |  Default Values  |  Note  
RUN-1001 : --------------------------------------------------------------
RUN-1001 :   default_reg_initial   |    auto    |       auto       |        
RUN-1001 :        infer_add        |     on     |        on        |        
RUN-1001 :        infer_fsm        |    off     |       off        |        
RUN-1001 :        infer_mult       |     on     |        on        |        
RUN-1001 :        infer_ram        |     on     |        on        |        
RUN-1001 :        infer_reg        |     on     |        on        |        
RUN-1001 :   infer_reg_init_value  |     on     |        on        |        
RUN-1001 :        infer_rom        |     on     |        on        |        
RUN-1001 :      infer_shifter      |     on     |        on        |        
RUN-1001 : --------------------------------------------------------------
RUN-1001 : Print Rtl Property
RUN-1001 : --------------------------------------------------------------
RUN-1001 :        Parameters       |  Settings  |  Default Values  |  Note  
RUN-1001 : --------------------------------------------------------------
RUN-1001 :       compress_add      |   ripple   |      ripple      |        
RUN-1001 :        elf_sload        |    off     |       off        |        
RUN-1001 :       fix_undriven      |     0      |        0         |        
RUN-1001 :         flatten         |    off     |       off        |        
RUN-1001 :       gate_sharing      |     on     |        on        |        
RUN-1001 :    hdl_warning_level    |   normal   |      normal      |        
RUN-1001 :   impl_internal_tribuf  |     on     |        on        |        
RUN-1001 :      impl_set_reset     |     on     |        on        |        
RUN-1001 :        infer_gsr        |    off     |       off        |        
RUN-1001 :      keep_hierarchy     |    auto    |       auto       |        
RUN-1001 :        max_fanout       |    9999    |       9999       |        
RUN-1001 :      max_oh2bin_len     |     10     |        10        |        
RUN-1001 :       merge_equal       |     on     |        on        |        
RUN-1001 :       merge_equiv       |     on     |        on        |        
RUN-1001 :        merge_mux        |    off     |       off        |        
RUN-1001 :     min_control_set     |     8      |        8         |        
RUN-1001 :      min_ripple_len     |    auto    |       auto       |        
RUN-1001 :       oh2bin_ratio      |    0.08    |       0.08       |        
RUN-1001 :     opt_adder_fanout    |     on     |        on        |        
RUN-1001 :        opt_arith        |     on     |        on        |        
RUN-1001 :       opt_big_gate      |    off     |       off        |        
RUN-1001 :        opt_const        |     on     |        on        |        
RUN-1001 :      opt_const_mult     |     on     |        on        |        
RUN-1001 :       opt_lessthan      |     on     |        on        |        
RUN-1001 :         opt_mux         |    off     |       off        |        
RUN-1001 :         opt_ram         |    high    |       high       |        
RUN-1001 :      rtl_sim_model      |    off     |       off        |        
RUN-1001 :         seq_syn         |     on     |        on        |        
RUN-1001 : --------------------------------------------------------------
RUN-1001 : Print Global Property
RUN-1001 : ---------------------------------------------------------------
RUN-1001 :        Parameters        |  Settings  |  Default Values  |  Note  
RUN-1001 : ---------------------------------------------------------------
RUN-1001 :          message         |  standard  |     standard     |        
RUN-1001 :   mixed_pack_place_flow  |     on     |        on        |        
RUN-1001 :        qor_monitor       |    off     |       off        |        
RUN-1001 :        syn_ip_flow       |    off     |       off        |        
RUN-1001 :          thread          |    auto    |       auto       |        
RUN-1001 : ---------------------------------------------------------------
RUN-1001 : Print Design Property
RUN-1001 : --------------------------------------------------------------
RUN-1001 :        Parameters       |  Settings  |  Default Values  |  Note  
RUN-1001 : --------------------------------------------------------------
RUN-1001 :   default_reg_initial   |    auto    |       auto       |        
RUN-1001 :        infer_add        |     on     |        on        |        
RUN-1001 :        infer_fsm        |    off     |       off        |        
RUN-1001 :        infer_mult       |     on     |        on        |        
RUN-1001 :        infer_ram        |     on     |        on        |        
RUN-1001 :        infer_reg        |     on     |        on        |        
RUN-1001 :   infer_reg_init_value  |     on     |        on        |        
RUN-1001 :        infer_rom        |     on     |        on        |        
RUN-1001 :      infer_shifter      |     on     |        on        |        
RUN-1001 : --------------------------------------------------------------
HDL-1007 : elaborate module top in ../../src/top.v(1)
HDL-1007 : elaborate module video_pll in ../../al_ip/video_pll.v(22)
HDL-1007 : elaborate module EG_PHY_PLL(FIN="50.000",FBCLK_DIV=18,CLKC0_DIV=100,CLKC0_ENABLE="ENABLE",FEEDBK_MODE="NOCOMP",STDBY_ENABLE="DISABLE",CLKC0_CPHASE=99,GMC_GAIN=4,ICP_CURRENT=13,KVCO=4,LPF_CAPACITOR=1,LPF_RESISTOR=4,SYNC_ENABLE="DISABLE") in D:/Anlogic/TD5.6.2/arch/eagle_macro.v(930)
HDL-1007 : elaborate module iic_ctrl(INIT_CMD_NUM=256) in ../../src/iic_init/iic_ctrl.sv(1)
HDL-1007 : extracting RAM for identifier 'init_cmd' in ../../src/iic_init/iic_ctrl.sv(32)
HDL-1007 : elaborate module iic_master in ../../src/iic_init/iic_master.sv(1)
HDL-5007 WARNING: actual bit length 16 differs from formal bit length 8 for port 'slave_addr' in ../../src/iic_init/iic_ctrl.sv(92)
HDL-5007 WARNING: net 'init_cmd' does not have a driver in ../../src/iic_init/iic_ctrl.sv(32)
HDL-1007 : elaborate module cmos_8_16bit in ../../src/cmos_8_16bit.v(1)
HDL-1007 : port 'empty_flag' remains unconnected for this instance in ../../src/video_timing_data.v(32)
HDL-1007 : port 'full_flag' remains unconnected for this instance in ../../src/video_timing_data.v(32)
HDL-1007 : elaborate module video_timing_data in ../../src/video_timing_data.v(1)
HDL-1007 : elaborate module video_fifo in ../../al_ip/video_fifo.v(14)
HDL-1007 : elaborate module EG_LOGIC_FIFO(DATA_WIDTH_W=16,DATA_WIDTH_R=16,DATA_DEPTH_W=4096,DATA_DEPTH_R=4096,F=4096,RESETMODE="SYNC",ENDIAN="BIG") in D:/Anlogic/TD5.6.2/arch/eagle_macro.v(142)
HDL-1007 : elaborate module rgb_timing in ../../src/rgb_timing.v(1)
HDL-1200 : Current top model is top
HDL-1100 : Inferred 1 RAMs.
RUN-1002 : start command "export_db top_elaborate.db"
RUN-1001 : Exported /
RUN-1001 : Exported flow parameters
RUN-1001 : Exported libs
RUN-1001 : Exported entities
RUN-1001 : Exported ports
RUN-1001 : Exported pins
RUN-1001 : Exported instances
RUN-1001 : Exported nets
RUN-1001 : Exported buses
RUN-1001 : Exported models
RUN-1001 : Exported congestions
RUN-1001 : Exported violations
RUN-1001 : Exported IO constraints
RUN-1001 : Exported Inst constraints
RUN-1002 : start command "read_adc ../../src/top.adc"
RUN-1002 : start command "set_pin_assignment  clk 			  LOCATION = P35; "
RUN-1002 : start command "set_pin_assignment  lcd_clk 		  LOCATION = P60; "
RUN-1002 : start command "set_pin_assignment  lcd_hs 		  LOCATION = P61; "
RUN-1002 : start command "set_pin_assignment  lcd_vs 		  LOCATION = P62; "
RUN-1002 : start command "set_pin_assignment  lcd_de 		  LOCATION = P63; "
RUN-1002 : start command "set_pin_assignment  lcd_rgb[0] 	  LOCATION = P49; "
RUN-1002 : start command "set_pin_assignment  lcd_rgb[1] 	  LOCATION = P50; "
RUN-1002 : start command "set_pin_assignment  lcd_rgb[2] 	  LOCATION = P51; "
RUN-1002 : start command "set_pin_assignment  lcd_rgb[3] 	  LOCATION = P52; "
RUN-1002 : start command "set_pin_assignment  lcd_rgb[4] 	  LOCATION = P54; "
RUN-1002 : start command "set_pin_assignment  lcd_rgb[5] 	  LOCATION = P55; "
RUN-1002 : start command "set_pin_assignment  lcd_rgb[6] 	  LOCATION = P57; "
RUN-1002 : start command "set_pin_assignment  lcd_rgb[7] 	  LOCATION = P59; "
RUN-1002 : start command "set_pin_assignment  lcd_rgb[8] 	  LOCATION = P39; "
RUN-1002 : start command "set_pin_assignment  lcd_rgb[9] 	  LOCATION = P40; "
RUN-1002 : start command "set_pin_assignment  lcd_rgb[10] 	  LOCATION = P41; "
RUN-1002 : start command "set_pin_assignment  lcd_rgb[11] 	  LOCATION = P42; "
RUN-1002 : start command "set_pin_assignment  lcd_rgb[12] 	  LOCATION = P44; "
RUN-1002 : start command "set_pin_assignment  lcd_rgb[13] 	  LOCATION = P45; "
RUN-1002 : start command "set_pin_assignment  lcd_rgb[14] 	  LOCATION = P47; "
RUN-1002 : start command "set_pin_assignment  lcd_rgb[15] 	  LOCATION = P48; "
RUN-1002 : start command "set_pin_assignment  lcd_rgb[16] 	  LOCATION = P28; "
RUN-1002 : start command "set_pin_assignment  lcd_rgb[17] 	  LOCATION = P29; "
RUN-1002 : start command "set_pin_assignment  lcd_rgb[18] 	  LOCATION = P30; "
RUN-1002 : start command "set_pin_assignment  lcd_rgb[19] 	  LOCATION = P31; "
RUN-1002 : start command "set_pin_assignment  lcd_rgb[20] 	  LOCATION = P32; "
RUN-1002 : start command "set_pin_assignment  lcd_rgb[21] 	  LOCATION = P33; "
RUN-1002 : start command "set_pin_assignment  lcd_rgb[22] 	  LOCATION = P37; "
RUN-1002 : start command "set_pin_assignment  lcd_rgb[23] 	  LOCATION = P38; "
RUN-1002 : start command "set_pin_assignment  cmos_scl 		  LOCATION = P86; "
RUN-1002 : start command "set_pin_assignment  cmos_sda 		  LOCATION = P79; "
RUN-1002 : start command "set_pin_assignment  cmos_vsync 	  LOCATION = P87; "
RUN-1002 : start command "set_pin_assignment  cmos_href 	  LOCATION = P83; "
RUN-1002 : start command "set_pin_assignment  cmos_pclk 	  LOCATION = P68; "
RUN-1002 : start command "set_pin_assignment  cmos_db[0] 	  LOCATION = P77; "
RUN-1002 : start command "set_pin_assignment  cmos_db[1] 	  LOCATION = P76; "
RUN-1002 : start command "set_pin_assignment  cmos_db[2] 	  LOCATION = P75; "
RUN-1002 : start command "set_pin_assignment  cmos_db[3] 	  LOCATION = P74; "
RUN-1002 : start command "set_pin_assignment  cmos_db[4] 	  LOCATION = P72; "
RUN-1002 : start command "set_pin_assignment  cmos_db[5] 	  LOCATION = P71; "
RUN-1002 : start command "set_pin_assignment  cmos_db[6] 	  LOCATION = P70; "
RUN-1002 : start command "set_pin_assignment  cmos_db[7] 	  LOCATION = P67; "
USR-8027 ERROR: Location P67 is for dedicate pin. Choose another pin for normal use.
USR-8168 ERROR: Line: 48, set_pin_assignment	{ cmos_db[7] 	}	{ LOCATION = P67; } is not a valid ADC command.
RUN-1002 : start command "backup_run_log run.log ../.logs/syn_1/td_20230709_170305.log"
