============================================================
   Tang Dynasty, V5.6.71036
      Copyright (c) 2012-2023 Anlogic Inc.
   Executable = D:/Anlogic/TD5.6.2/bin/td.exe
   Built at =   20:34:38 Mar 21 2023
   Run by =     BigPig
   Run Date =   Fri Jul  7 21:45:50 2023

   Run on =     DESKTOP-9MNJBAS
============================================================
HDL-5007 WARNING: could not find top-level module/unit; aborting hierarchy tree creation
RUN-1001 : Print Global Property
RUN-1001 : ---------------------------------------------------------------
RUN-1001 :        Parameters        |  Settings  |  Default Values  |  Note  
RUN-1001 : ---------------------------------------------------------------
RUN-1001 :          message         |  standard  |     standard     |        
RUN-1001 :   mixed_pack_place_flow  |     on     |        on        |        
RUN-1001 :        qor_monitor       |    off     |       off        |        
RUN-1001 :        syn_ip_flow       |    off     |       off        |        
RUN-1001 :          thread          |    auto    |       auto       |        
RUN-1001 : ---------------------------------------------------------------
RUN-1001 : Print Design Property
RUN-1001 : --------------------------------------------------------------
RUN-1001 :        Parameters       |  Settings  |  Default Values  |  Note  
RUN-1001 : --------------------------------------------------------------
RUN-1001 :   default_reg_initial   |    auto    |       auto       |        
RUN-1001 :        infer_add        |     on     |        on        |        
RUN-1001 :        infer_fsm        |    off     |       off        |        
RUN-1001 :        infer_mult       |     on     |        on        |        
RUN-1001 :        infer_ram        |     on     |        on        |        
RUN-1001 :        infer_reg        |     on     |        on        |        
RUN-1001 :   infer_reg_init_value  |     on     |        on        |        
RUN-1001 :        infer_rom        |     on     |        on        |        
RUN-1001 :      infer_shifter      |     on     |        on        |        
RUN-1001 : --------------------------------------------------------------
RUN-1001 : Print Rtl Property
RUN-1001 : --------------------------------------------------------------
RUN-1001 :        Parameters       |  Settings  |  Default Values  |  Note  
RUN-1001 : --------------------------------------------------------------
RUN-1001 :       compress_add      |   ripple   |      ripple      |        
RUN-1001 :        elf_sload        |    off     |       off        |        
RUN-1001 :       fix_undriven      |     0      |        0         |        
RUN-1001 :         flatten         |    off     |       off        |        
RUN-1001 :       gate_sharing      |     on     |        on        |        
RUN-1001 :    hdl_warning_level    |   normal   |      normal      |        
RUN-1001 :   impl_internal_tribuf  |     on     |        on        |        
RUN-1001 :      impl_set_reset     |     on     |        on        |        
RUN-1001 :        infer_gsr        |    off     |       off        |        
RUN-1001 :      keep_hierarchy     |    auto    |       auto       |        
RUN-1001 :        max_fanout       |    9999    |       9999       |        
RUN-1001 :      max_oh2bin_len     |     10     |        10        |        
RUN-1001 :       merge_equal       |     on     |        on        |        
RUN-1001 :       merge_equiv       |     on     |        on        |        
RUN-1001 :        merge_mux        |    off     |       off        |        
RUN-1001 :     min_control_set     |     8      |        8         |        
RUN-1001 :      min_ripple_len     |    auto    |       auto       |        
RUN-1001 :       oh2bin_ratio      |    0.08    |       0.08       |        
RUN-1001 :     opt_adder_fanout    |     on     |        on        |        
RUN-1001 :        opt_arith        |     on     |        on        |        
RUN-1001 :       opt_big_gate      |    off     |       off        |        
RUN-1001 :        opt_const        |     on     |        on        |        
RUN-1001 :      opt_const_mult     |     on     |        on        |        
RUN-1001 :       opt_lessthan      |     on     |        on        |        
RUN-1001 :         opt_mux         |    off     |       off        |        
RUN-1001 :         opt_ram         |    high    |       high       |        
RUN-1001 :      rtl_sim_model      |    off     |       off        |        
RUN-1001 :         seq_syn         |     on     |        on        |        
RUN-1001 : --------------------------------------------------------------
HDL-1007 : analyze verilog file src/uart_rx.sv
HDL-5007 WARNING: non-net output port 'recv_data' cannot be initialized at declaration in SystemVerilog mode in src/uart_rx.sv(9)
HDL-5007 WARNING: parameter 'RATE_CNT' becomes localparam in 'uart_rx' with formal parameter declaration list in src/uart_rx.sv(14)
RUN-1001 : Print Global Property
RUN-1001 : ---------------------------------------------------------------
RUN-1001 :        Parameters        |  Settings  |  Default Values  |  Note  
RUN-1001 : ---------------------------------------------------------------
RUN-1001 :          message         |  standard  |     standard     |        
RUN-1001 :   mixed_pack_place_flow  |     on     |        on        |        
RUN-1001 :        qor_monitor       |    off     |       off        |        
RUN-1001 :        syn_ip_flow       |    off     |       off        |        
RUN-1001 :          thread          |    auto    |       auto       |        
RUN-1001 : ---------------------------------------------------------------
RUN-1001 : Print Design Property
RUN-1001 : --------------------------------------------------------------
RUN-1001 :        Parameters       |  Settings  |  Default Values  |  Note  
RUN-1001 : --------------------------------------------------------------
RUN-1001 :   default_reg_initial   |    auto    |       auto       |        
RUN-1001 :        infer_add        |     on     |        on        |        
RUN-1001 :        infer_fsm        |    off     |       off        |        
RUN-1001 :        infer_mult       |     on     |        on        |        
RUN-1001 :        infer_ram        |     on     |        on        |        
RUN-1001 :        infer_reg        |     on     |        on        |        
RUN-1001 :   infer_reg_init_value  |     on     |        on        |        
RUN-1001 :        infer_rom        |     on     |        on        |        
RUN-1001 :      infer_shifter      |     on     |        on        |        
RUN-1001 : --------------------------------------------------------------
RUN-1001 : Print Rtl Property
RUN-1001 : --------------------------------------------------------------
RUN-1001 :        Parameters       |  Settings  |  Default Values  |  Note  
RUN-1001 : --------------------------------------------------------------
RUN-1001 :       compress_add      |   ripple   |      ripple      |        
RUN-1001 :        elf_sload        |    off     |       off        |        
RUN-1001 :       fix_undriven      |     0      |        0         |        
RUN-1001 :         flatten         |    off     |       off        |        
RUN-1001 :       gate_sharing      |     on     |        on        |        
RUN-1001 :    hdl_warning_level    |   normal   |      normal      |        
RUN-1001 :   impl_internal_tribuf  |     on     |        on        |        
RUN-1001 :      impl_set_reset     |     on     |        on        |        
RUN-1001 :        infer_gsr        |    off     |       off        |        
RUN-1001 :      keep_hierarchy     |    auto    |       auto       |        
RUN-1001 :        max_fanout       |    9999    |       9999       |        
RUN-1001 :      max_oh2bin_len     |     10     |        10        |        
RUN-1001 :       merge_equal       |     on     |        on        |        
RUN-1001 :       merge_equiv       |     on     |        on        |        
RUN-1001 :        merge_mux        |    off     |       off        |        
RUN-1001 :     min_control_set     |     8      |        8         |        
RUN-1001 :      min_ripple_len     |    auto    |       auto       |        
RUN-1001 :       oh2bin_ratio      |    0.08    |       0.08       |        
RUN-1001 :     opt_adder_fanout    |     on     |        on        |        
RUN-1001 :        opt_arith        |     on     |        on        |        
RUN-1001 :       opt_big_gate      |    off     |       off        |        
RUN-1001 :        opt_const        |     on     |        on        |        
RUN-1001 :      opt_const_mult     |     on     |        on        |        
RUN-1001 :       opt_lessthan      |     on     |        on        |        
RUN-1001 :         opt_mux         |    off     |       off        |        
RUN-1001 :         opt_ram         |    high    |       high       |        
RUN-1001 :      rtl_sim_model      |    off     |       off        |        
RUN-1001 :         seq_syn         |     on     |        on        |        
RUN-1001 : --------------------------------------------------------------
HDL-1007 : analyze verilog file src/uart_rx.sv
HDL-5007 WARNING: non-net output port 'recv_data' cannot be initialized at declaration in SystemVerilog mode in src/uart_rx.sv(9)
HDL-5007 WARNING: parameter 'RATE_CNT' becomes localparam in 'uart_rx' with formal parameter declaration list in src/uart_rx.sv(14)
HDL-1007 : analyze verilog file src/uart_top.sv
HDL-1007 : undeclared symbol 'send_busy', assumed default net type 'wire' in src/uart_top.sv(63)
RUN-1001 : Print Global Property
RUN-1001 : ---------------------------------------------------------------
RUN-1001 :        Parameters        |  Settings  |  Default Values  |  Note  
RUN-1001 : ---------------------------------------------------------------
RUN-1001 :          message         |  standard  |     standard     |        
RUN-1001 :   mixed_pack_place_flow  |     on     |        on        |        
RUN-1001 :        qor_monitor       |    off     |       off        |        
RUN-1001 :        syn_ip_flow       |    off     |       off        |        
RUN-1001 :          thread          |    auto    |       auto       |        
RUN-1001 : ---------------------------------------------------------------
RUN-1001 : Print Design Property
RUN-1001 : --------------------------------------------------------------
RUN-1001 :        Parameters       |  Settings  |  Default Values  |  Note  
RUN-1001 : --------------------------------------------------------------
RUN-1001 :   default_reg_initial   |    auto    |       auto       |        
RUN-1001 :        infer_add        |     on     |        on        |        
RUN-1001 :        infer_fsm        |    off     |       off        |        
RUN-1001 :        infer_mult       |     on     |        on        |        
RUN-1001 :        infer_ram        |     on     |        on        |        
RUN-1001 :        infer_reg        |     on     |        on        |        
RUN-1001 :   infer_reg_init_value  |     on     |        on        |        
RUN-1001 :        infer_rom        |     on     |        on        |        
RUN-1001 :      infer_shifter      |     on     |        on        |        
RUN-1001 : --------------------------------------------------------------
RUN-1001 : Print Rtl Property
RUN-1001 : --------------------------------------------------------------
RUN-1001 :        Parameters       |  Settings  |  Default Values  |  Note  
RUN-1001 : --------------------------------------------------------------
RUN-1001 :       compress_add      |   ripple   |      ripple      |        
RUN-1001 :        elf_sload        |    off     |       off        |        
RUN-1001 :       fix_undriven      |     0      |        0         |        
RUN-1001 :         flatten         |    off     |       off        |        
RUN-1001 :       gate_sharing      |     on     |        on        |        
RUN-1001 :    hdl_warning_level    |   normal   |      normal      |        
RUN-1001 :   impl_internal_tribuf  |     on     |        on        |        
RUN-1001 :      impl_set_reset     |     on     |        on        |        
RUN-1001 :        infer_gsr        |    off     |       off        |        
RUN-1001 :      keep_hierarchy     |    auto    |       auto       |        
RUN-1001 :        max_fanout       |    9999    |       9999       |        
RUN-1001 :      max_oh2bin_len     |     10     |        10        |        
RUN-1001 :       merge_equal       |     on     |        on        |        
RUN-1001 :       merge_equiv       |     on     |        on        |        
RUN-1001 :        merge_mux        |    off     |       off        |        
RUN-1001 :     min_control_set     |     8      |        8         |        
RUN-1001 :      min_ripple_len     |    auto    |       auto       |        
RUN-1001 :       oh2bin_ratio      |    0.08    |       0.08       |        
RUN-1001 :     opt_adder_fanout    |     on     |        on        |        
RUN-1001 :        opt_arith        |     on     |        on        |        
RUN-1001 :       opt_big_gate      |    off     |       off        |        
RUN-1001 :        opt_const        |     on     |        on        |        
RUN-1001 :      opt_const_mult     |     on     |        on        |        
RUN-1001 :       opt_lessthan      |     on     |        on        |        
RUN-1001 :         opt_mux         |    off     |       off        |        
RUN-1001 :         opt_ram         |    high    |       high       |        
RUN-1001 :      rtl_sim_model      |    off     |       off        |        
RUN-1001 :         seq_syn         |     on     |        on        |        
RUN-1001 : --------------------------------------------------------------
HDL-1007 : analyze verilog file src/uart_rx.sv
HDL-5007 WARNING: non-net output port 'recv_data' cannot be initialized at declaration in SystemVerilog mode in src/uart_rx.sv(9)
HDL-5007 WARNING: parameter 'RATE_CNT' becomes localparam in 'uart_rx' with formal parameter declaration list in src/uart_rx.sv(14)
HDL-1007 : analyze verilog file src/uart_top.sv
HDL-1007 : undeclared symbol 'send_busy', assumed default net type 'wire' in src/uart_top.sv(63)
HDL-1007 : analyze verilog file src/uart_tx.sv
HDL-5007 WARNING: non-net output port 'tx_pin' cannot be initialized at declaration in SystemVerilog mode in src/uart_tx.sv(12)
HDL-5007 WARNING: parameter 'RATE_CNT' becomes localparam in 'uart_tx' with formal parameter declaration list in src/uart_tx.sv(14)
RUN-1001 : reset_run syn_1 phy_1.
RUN-1001 : launch_runs syn_1 phy_1  -jobs 6.
RUN-1001 : syn_1: run complete.
RUN-1001 : phy_1: run complete.
RUN-1002 : start command "download -bit top_Runs\phy_1\top.bit -mode jtag -spd 9 -sec 64 -cable 0"
PRG-2014 : Chip validation success: EAGLE_S20_QFN88
RUN-1002 : start command "bit_to_vec -chip EAGLE_S20_QFN88 -m jtag_burst -freq 12 -bit top_Runs/phy_1/top.bit"
RUN-1002 : start command "program -cable 0 -mode svf -spd 9 -p"
RUN-1003 : finish command "program -cable 0 -mode svf -spd 9 -p" in  17.177913s wall, 0.109375s user + 0.140625s system = 0.250000s CPU (1.5%)

RUN-1004 : used memory is 244 MB, reserved memory is 174 MB, peak memory is 274 MB
RUN-1003 : finish command "download -bit top_Runs\phy_1\top.bit -mode jtag -spd 9 -sec 64 -cable 0" in  17.389226s wall, 0.171875s user + 0.156250s system = 0.328125s CPU (1.9%)

RUN-1004 : used memory is 244 MB, reserved memory is 174 MB, peak memory is 274 MB
GUI-1001 : Downloading succeeded!
HDL-1007 : analyze verilog file src/uart_top.sv
HDL-1007 : undeclared symbol 'send_busy', assumed default net type 'wire' in src/uart_top.sv(63)
RUN-1001 : reset_run syn_1 phy_1.
GUI-6001 WARNING: File E:/FPGA_work/Anlogic/EG4S20NG88_BigBig/uart_loop/top_Runs/phy_1/top.bit does not exist!
RUN-1001 : launch_runs syn_1 phy_1  -jobs 6.
RUN-1001 : syn_1: run complete.
RUN-1001 : phy_1: run complete.
RUN-1001 : open_run phy_1.
RUN-1002 : start command "import_db E:/FPGA_work/Anlogic/EG4S20NG88_BigBig/uart_loop/top_Runs/phy_1/top_pr.db"
RUN-1001 : Importing database generated by Tang Dynasty, V5.6.71036.
RUN-1001 : Database version number 46146.
RUN-1001 : Import flow parameters
PHY-1001 : Generate detailed routing grids ...
PHY-1001 : Generate nets ...
PHY-1001 : net clk_dup_1 will be routed on clock mesh
PHY-1001 : eco open net = 0
PHY-1001 : 0 feed throughs used by 0 nets
RUN-1001 : Import IO constraints
RUN-1001 : Import Inst constraints
RUN-1001 : Import design success TD_VERSION=5.6.71036 , DB_VERSION=46146
RUN-1003 : finish command "import_db E:/FPGA_work/Anlogic/EG4S20NG88_BigBig/uart_loop/top_Runs/phy_1/top_pr.db" in  2.656200s wall, 2.625000s user + 0.140625s system = 2.765625s CPU (104.1%)

RUN-1004 : used memory is 526 MB, reserved memory is 459 MB, peak memory is 556 MB
HDL-1007 : analyze verilog file src/uart_top.sv
HDL-1007 : undeclared symbol 'send_busy', assumed default net type 'wire' in src/uart_top.sv(63)
RUN-1001 : reset_run syn_1 phy_1.
RUN-1001 : launch_runs syn_1 phy_1  -jobs 6.
RUN-1001 : syn_1: run complete.
RUN-1001 : phy_1: run complete.
RUN-1001 : reset_run syn_1 phy_1.
GUI-6001 WARNING: File E:/FPGA_work/Anlogic/EG4S20NG88_BigBig/uart_loop/top_Runs/phy_1/top.bit does not exist!
RUN-1001 : launch_runs syn_1 phy_1  -jobs 6.
RUN-1001 : syn_1: run complete.
RUN-1001 : phy_1: run complete.
RUN-1001 : open_run phy_1.
RUN-1002 : start command "import_db E:/FPGA_work/Anlogic/EG4S20NG88_BigBig/uart_loop/top_Runs/phy_1/top_pr.db"
RUN-1001 : Importing database generated by Tang Dynasty, V5.6.71036.
RUN-1001 : Database version number 46146.
RUN-1001 : Import flow parameters
PHY-1001 : Generate detailed routing grids ...
PHY-1001 : Generate nets ...
PHY-1001 : net clk_dup_1 will be routed on clock mesh
PHY-1001 : eco open net = 0
PHY-1001 : 0 feed throughs used by 0 nets
RUN-1001 : Import IO constraints
RUN-1001 : Import Inst constraints
RUN-1001 : Import design success TD_VERSION=5.6.71036 , DB_VERSION=46146
RUN-1001 : reset_run syn_1.
RUN-1001 : launch_runs syn_1 -step opt_gate.
RUN-1001 : reset_run phy_1.
RUN-1001 : syn_1: run complete.
RUN-1001 : launch_runs phy_1 -step bitgen.
RUN-1001 : phy_1: run complete.
RUN-1002 : start command "download -bit top_Runs\phy_1\top.bit -mode jtag -spd 7 -sec 64 -cable 0"
PRG-2014 : Chip validation success: EAGLE_S20_QFN88
RUN-1002 : start command "bit_to_vec -chip EAGLE_S20_QFN88 -m jtag_burst -freq 4 -bit top_Runs/phy_1/top.bit"
RUN-1002 : start command "program -cable 0 -mode svf -spd 7 -p"
RUN-1003 : finish command "program -cable 0 -mode svf -spd 7 -p" in  16.846411s wall, 0.062500s user + 0.031250s system = 0.093750s CPU (0.6%)

RUN-1004 : used memory is 546 MB, reserved memory is 481 MB, peak memory is 563 MB
RUN-1003 : finish command "download -bit top_Runs\phy_1\top.bit -mode jtag -spd 7 -sec 64 -cable 0" in  17.049602s wall, 0.140625s user + 0.031250s system = 0.171875s CPU (1.0%)

RUN-1004 : used memory is 546 MB, reserved memory is 481 MB, peak memory is 563 MB
GUI-1001 : Downloading succeeded!
RUN-1002 : start command "download -bit top_Runs\phy_1\top.bit -mode jtag -spd 7 -sec 64 -cable 0"
PRG-2014 : Chip validation success: EAGLE_S20_QFN88
RUN-1002 : start command "bit_to_vec -chip EAGLE_S20_QFN88 -m jtag_burst -freq 4 -bit top_Runs/phy_1/top.bit"
RUN-1002 : start command "program -cable 0 -mode svf -spd 7 -p"
RUN-1003 : finish command "program -cable 0 -mode svf -spd 7 -p" in  16.754380s wall, 0.250000s user + 0.250000s system = 0.500000s CPU (3.0%)

RUN-1004 : used memory is 547 MB, reserved memory is 480 MB, peak memory is 563 MB
RUN-1003 : finish command "download -bit top_Runs\phy_1\top.bit -mode jtag -spd 7 -sec 64 -cable 0" in  16.964664s wall, 0.328125s user + 0.250000s system = 0.578125s CPU (3.4%)

RUN-1004 : used memory is 547 MB, reserved memory is 480 MB, peak memory is 563 MB
GUI-1001 : Downloading succeeded!
RUN-1001 : set_run_property syn_1 -flow_property GlobalProperty::thread::16.
GUI-1001 : set_param simulation sim_lib  
RUN-1001 : set_run_property phy_1 -flow_property BitgenProperty::GeneralOption::bin_compress::off.
RUN-1001 : set_run_property phy_1 -flow_property BitgenProperty::GeneralOption::header:: .
RUN-1001 : set_run_property phy_1 -flow_property BitgenProperty::GeneralOption::id:: .
RUN-1001 : reset_run syn_1 phy_1.
GUI-6001 WARNING: File E:/FPGA_work/Anlogic/EG4S20NG88_BigBig/uart_loop/top_Runs/phy_1/top.bit does not exist!
RUN-1001 : launch_runs syn_1 phy_1  -jobs 6.
RUN-1001 : syn_1: run complete.
RUN-1001 : phy_1: run complete.
RUN-1001 : open_run phy_1.
RUN-1002 : start command "import_db E:/FPGA_work/Anlogic/EG4S20NG88_BigBig/uart_loop/top_Runs/phy_1/top_pr.db"
RUN-1001 : Importing database generated by Tang Dynasty, V5.6.71036.
RUN-1001 : Database version number 46146.
RUN-1001 : Import flow parameters
PHY-1001 : Generate detailed routing grids ...
PHY-1001 : Generate nets ...
PHY-1001 : net clk_dup_1 will be routed on clock mesh
PHY-1001 : eco open net = 0
PHY-1001 : 0 feed throughs used by 0 nets
RUN-1001 : Import IO constraints
RUN-1001 : Import Inst constraints
RUN-1001 : Import design success TD_VERSION=5.6.71036 , DB_VERSION=46146
HDL-1007 : analyze verilog file src/uart_top.sv
HDL-1007 : undeclared symbol 'send_busy', assumed default net type 'wire' in src/uart_top.sv(63)
RUN-1001 : reset_run syn_1 phy_1.
RUN-1001 : launch_runs syn_1 phy_1  -jobs 6.
RUN-1001 : syn_1: run complete.
RUN-1001 : phy_1: run complete.
RUN-1002 : start command "download -bit top_Runs\phy_1\top.bit -mode jtag -spd 9 -sec 64 -cable 0"
PRG-2014 : Chip validation success: EAGLE_S20_QFN88
RUN-1002 : start command "bit_to_vec -chip EAGLE_S20_QFN88 -m jtag_burst -freq 12 -bit top_Runs/phy_1/top.bit"
RUN-1002 : start command "program -cable 0 -mode svf -spd 9 -p"
RUN-1003 : finish command "program -cable 0 -mode svf -spd 9 -p" in  17.868404s wall, 0.109375s user + 0.078125s system = 0.187500s CPU (1.0%)

RUN-1004 : used memory is 556 MB, reserved memory is 488 MB, peak memory is 571 MB
RUN-1003 : finish command "download -bit top_Runs\phy_1\top.bit -mode jtag -spd 9 -sec 64 -cable 0" in  18.072939s wall, 0.171875s user + 0.078125s system = 0.250000s CPU (1.4%)

RUN-1004 : used memory is 556 MB, reserved memory is 488 MB, peak memory is 571 MB
GUI-1001 : Downloading succeeded!
RUN-1001 : reset_run syn_1 phy_1.
GUI-6001 WARNING: File E:/FPGA_work/Anlogic/EG4S20NG88_BigBig/uart_loop/top_Runs/phy_1/top.bit does not exist!
RUN-1001 : launch_runs syn_1 phy_1  -jobs 6.
RUN-1001 : syn_1: run complete.
RUN-1001 : phy_1: run complete.
HDL-1007 : analyze verilog file src/uart_top.sv
RUN-1001 : open_run phy_1.
RUN-1002 : start command "import_db E:/FPGA_work/Anlogic/EG4S20NG88_BigBig/uart_loop/top_Runs/phy_1/top_pr.db"
RUN-1001 : Importing database generated by Tang Dynasty, V5.6.71036.
RUN-1001 : Database version number 46146.
RUN-1001 : Import flow parameters
PHY-1001 : Generate detailed routing grids ...
PHY-1001 : Generate nets ...
PHY-1001 : net clk_dup_1 will be routed on clock mesh
PHY-1001 : eco open net = 0
PHY-1001 : 2 feed throughs used by 2 nets
RUN-1001 : Import IO constraints
RUN-1001 : Import Inst constraints
RUN-1001 : Import design success TD_VERSION=5.6.71036 , DB_VERSION=46146
RUN-1001 : reset_run syn_1 phy_1.
RUN-1001 : launch_runs syn_1 phy_1  -jobs 6.
RUN-1001 : syn_1: run complete.
RUN-1001 : phy_1: run complete.
RUN-1001 : open_run phy_1.
RUN-1002 : start command "import_db E:/FPGA_work/Anlogic/EG4S20NG88_BigBig/uart_loop/top_Runs/phy_1/top_pr.db"
RUN-1001 : Importing database generated by Tang Dynasty, V5.6.71036.
RUN-1001 : Database version number 46146.
RUN-1001 : Import flow parameters
PHY-1001 : Generate detailed routing grids ...
PHY-1001 : Generate nets ...
PHY-1001 : eco open net = 0
PHY-1001 : 0 feed throughs used by 0 nets
RUN-1001 : Import IO constraints
RUN-1001 : Import Inst constraints
RUN-1001 : Import design success TD_VERSION=5.6.71036 , DB_VERSION=46146
RUN-1002 : start command "download -bit top_Runs\phy_1\top.bit -mode jtag -spd 7 -sec 64 -cable 0"
PRG-2014 : Chip validation success: EAGLE_S20_QFN88
RUN-1002 : start command "bit_to_vec -chip EAGLE_S20_QFN88 -m jtag_burst -freq 4 -bit top_Runs/phy_1/top.bit"
RUN-1002 : start command "program -cable 0 -mode svf -spd 7 -p"
RUN-1003 : finish command "program -cable 0 -mode svf -spd 7 -p" in  16.797904s wall, 0.125000s user + 0.109375s system = 0.234375s CPU (1.4%)

RUN-1004 : used memory is 546 MB, reserved memory is 479 MB, peak memory is 571 MB
RUN-1003 : finish command "download -bit top_Runs\phy_1\top.bit -mode jtag -spd 7 -sec 64 -cable 0" in  17.011257s wall, 0.203125s user + 0.109375s system = 0.312500s CPU (1.8%)

RUN-1004 : used memory is 546 MB, reserved memory is 479 MB, peak memory is 571 MB
GUI-1001 : Downloading succeeded!
HDL-1007 : analyze verilog file src/uart_top.sv
HDL-1007 : undeclared symbol 'send_busy', assumed default net type 'wire' in src/uart_top.sv(63)
RUN-1001 : reset_run syn_1 phy_1.
GUI-6001 WARNING: File E:/FPGA_work/Anlogic/EG4S20NG88_BigBig/uart_loop/top_Runs/phy_1/top.bit does not exist!
RUN-1001 : launch_runs syn_1 phy_1  -jobs 6.
RUN-1001 : syn_1: run complete.
RUN-1001 : phy_1: run complete.
RUN-1001 : open_run phy_1.
RUN-1002 : start command "import_db E:/FPGA_work/Anlogic/EG4S20NG88_BigBig/uart_loop/top_Runs/phy_1/top_pr.db"
RUN-1001 : Importing database generated by Tang Dynasty, V5.6.71036.
RUN-1001 : Database version number 46146.
RUN-1001 : Import flow parameters
PHY-1001 : Generate detailed routing grids ...
PHY-1001 : Generate nets ...
PHY-1001 : net clk_dup_1 will be routed on clock mesh
PHY-1001 : eco open net = 0
PHY-1001 : 2 feed throughs used by 2 nets
RUN-1001 : Import IO constraints
RUN-1001 : Import Inst constraints
RUN-1001 : Import design success TD_VERSION=5.6.71036 , DB_VERSION=46146
RUN-1002 : start command "download -bit top_Runs\phy_1\top.bit -mode jtag -spd 9 -sec 64 -cable 0"
PRG-2014 : Chip validation success: EAGLE_S20_QFN88
RUN-1002 : start command "bit_to_vec -chip EAGLE_S20_QFN88 -m jtag_burst -freq 12 -bit top_Runs/phy_1/top.bit"
RUN-1002 : start command "program -cable 0 -mode svf -spd 9 -p"
RUN-1003 : finish command "program -cable 0 -mode svf -spd 9 -p" in  17.967839s wall, 0.156250s user + 0.156250s system = 0.312500s CPU (1.7%)

RUN-1004 : used memory is 573 MB, reserved memory is 506 MB, peak memory is 590 MB
RUN-1003 : finish command "download -bit top_Runs\phy_1\top.bit -mode jtag -spd 9 -sec 64 -cable 0" in  18.172187s wall, 0.218750s user + 0.156250s system = 0.375000s CPU (2.1%)

RUN-1004 : used memory is 573 MB, reserved memory is 506 MB, peak memory is 590 MB
GUI-1001 : Downloading succeeded!
RUN-8001 ERROR: Step opt_route is already run.
RUN-1002 : start command "report_cfgs -file top_devicesetting.cfg"
RUN-1001 : Device Configuration Summary:
**Option**                          **Current Value**
hswapen                             0
mclk_freq_div                       2.5MHz
active_done                         0
cascade_mode                        None
security                            0
auto_clear_en                       0
persist_bit                         0
done_sync                           0
done_phase                          100
goe_phase                           101
gsr_phase                           110
gwd_phase                           110
ch_dedicate_0                       gpio
ch_dedicate_1                       gpio
ch_dedicate_2                       gpio
ch_dedicate_3                       gpio
ch_dedicate_4                       gpio
ch_dedicate_5                       gpio
ch_dedicate_6                       gpio
ch_dedicate_7                       gpio
cso_b_cclk_mosi_miso_dout           gpio
done                                gpio
initn                               gpio
program_b                           dedicate
tdi_tms_tck_tdo                     dedicate

PRG-5101 WARNING: Unknown register type FEATURE_ROW during device setting
RUN-1002 : start command "download -bit top_Runs\phy_1\top.bit -mode jtag -spd 9 -sec 64 -cable 0"
PRG-2014 : Chip validation success: EAGLE_S20_QFN88
RUN-1002 : start command "bit_to_vec -chip EAGLE_S20_QFN88 -m jtag_burst -freq 12 -bit top_Runs/phy_1/top.bit"
RUN-1002 : start command "program -cable 0 -mode svf -spd 9 -p"
RUN-1003 : finish command "program -cable 0 -mode svf -spd 9 -p" in  17.946334s wall, 0.156250s user + 0.078125s system = 0.234375s CPU (1.3%)

RUN-1004 : used memory is 585 MB, reserved memory is 517 MB, peak memory is 603 MB
RUN-1003 : finish command "download -bit top_Runs\phy_1\top.bit -mode jtag -spd 9 -sec 64 -cable 0" in  18.151174s wall, 0.234375s user + 0.078125s system = 0.312500s CPU (1.7%)

RUN-1004 : used memory is 585 MB, reserved memory is 517 MB, peak memory is 603 MB
GUI-1001 : Downloading succeeded!
GUI-5005 WARNING: Unknown file icon ...
GUI-5005 WARNING: Unknown file icon ...
GUI-5005 WARNING: Unknown file icon ...
RUN-1001 : End prepare routing data:  0.000783s wall, 0.000000s user + 0.000000s system = 0.000000s CPU (n/a%)

GUI-1001 : User opens ChipWatcher ...
PRG-1000 : <!-- HMAC is: d62f25807f80cdcf96ac25eef001f11c101dacee7a86f8c48cd50a5a6c619a58 -->
RUN-1001 : reset_run syn_1 phy_1.
GUI-6001 WARNING: File E:/FPGA_work/Anlogic/EG4S20NG88_BigBig/uart_loop/top_Runs/phy_1/top.bit does not exist!
RUN-1001 : launch_runs syn_1 phy_1  -jobs 6.
RUN-1001 : syn_1: run complete.
RUN-1001 : phy_1: run complete.
RUN-1001 : reset_run syn_1 phy_1.
RUN-1001 : launch_runs syn_1 phy_1  -jobs 6.
RUN-1001 : syn_1: run complete.
RUN-1001 : phy_1: run complete.
RUN-1001 : open_run phy_1.
RUN-1002 : start command "import_db E:/FPGA_work/Anlogic/EG4S20NG88_BigBig/uart_loop/top_Runs/phy_1/top_pr.db"
RUN-1001 : Importing database generated by Tang Dynasty, V5.6.71036.
RUN-1001 : Database version number 46146.
RUN-1001 : Import flow parameters
PHY-1001 : Generate detailed routing grids ...
PHY-1001 : Generate nets ...
PHY-1001 : net clk_dup_1 will be routed on clock mesh
PHY-1001 : clock net config_inst_syn_10 will be merged with clock config_inst_syn_9
PHY-1001 : eco open net = 0
PHY-1001 : 3 feed throughs used by 3 nets
RUN-1001 : Import IO constraints
RUN-1001 : Import Inst constraints
RUN-1001 : Import ChipWatcher
RUN-1001 : Import design success TD_VERSION=5.6.71036 , DB_VERSION=46146
RUN-1002 : start command "config_chipwatcher -sync test.cwc -dir "
KIT-1004 : ChipWatcher: import watcher inst auto_chipwatcher_0 completed, there are 2 view nodes, 9 trigger nets, 9 data nets.
GUI-1001 : Import test.cwc success!
GUI-8501 ERROR: Bit file code (0011101001100001) does not match with the ChipWatcher's (1111100011010001).
RUN-1002 : start command "download -bit top_Runs/phy_1/top.bit -mode jtag_burst -spd 9 -cable 0 -total_dev 1 -cur_dev 1"
PRG-2014 : Chip validation success: EAGLE_S20_QFN88
RUN-1002 : start command "bit_to_vec -chip EAGLE_S20_QFN88 -m jtag_burst -freq 12 -bit top_Runs/phy_1/top.bit"
RUN-1002 : start command "program -cable 0 -mode svf -spd 9 -p"
RUN-1003 : finish command "program -cable 0 -mode svf -spd 9 -p" in  18.196267s wall, 0.187500s user + 0.156250s system = 0.343750s CPU (1.9%)

RUN-1004 : used memory is 618 MB, reserved memory is 550 MB, peak memory is 636 MB
RUN-1003 : finish command "download -bit top_Runs/phy_1/top.bit -mode jtag_burst -spd 9 -cable 0 -total_dev 1 -cur_dev 1" in  18.403082s wall, 0.281250s user + 0.156250s system = 0.437500s CPU (2.4%)

RUN-1004 : used memory is 618 MB, reserved memory is 550 MB, peak memory is 636 MB
GUI-1001 : Downloading succeeded!
KIT-1004 : ChipWatcher: write ctrl reg value: 000000000000000000000000000000000000000000000000
KIT-1004 : ChipWatcher: write ctrl reg value: 010111011011111111000000000010000000000000000001
KIT-1004 : ChipWatcher: the value of status register = 110000000000001000
RUN-1002 : start command "rdbk_bram -bram 0X0004 -cable 0 -total_dev 1 -cur_dev 1"
KIT-1001 : Read back data from BRAM 0X0004 successfully.
RUN-1002 : start command "rdbk_bram -bram 0X0005 -cable 0 -total_dev 1 -cur_dev 1"
KIT-1001 : Read back data from BRAM 0X0005 successfully.
RUN-1002 : start command "rdbk_bram -bram 0X0006 -cable 0 -total_dev 1 -cur_dev 1"
KIT-1001 : Read back data from BRAM 0X0006 successfully.
RUN-1002 : start command "rdbk_bram -bram 0X0007 -cable 0 -total_dev 1 -cur_dev 1"
KIT-1001 : Read back data from BRAM 0X0007 successfully.
RUN-1002 : start command "rdbk_bram -bram 0X0008 -cable 0 -total_dev 1 -cur_dev 1"
KIT-1001 : Read back data from BRAM 0X0008 successfully.
RUN-1002 : start command "rdbk_bram -bram 0X0009 -cable 0 -total_dev 1 -cur_dev 1"
KIT-1001 : Read back data from BRAM 0X0009 successfully.
RUN-1002 : start command "rdbk_bram -bram 0X000A -cable 0 -total_dev 1 -cur_dev 1"
KIT-1001 : Read back data from BRAM 0X000A successfully.
RUN-1002 : start command "rdbk_bram -bram 0X000B -cable 0 -total_dev 1 -cur_dev 1"
KIT-1001 : Read back data from BRAM 0X000B successfully.
SYN-2541 : Attrs-to-init for 8 logic bram(s)
SYN-2541 : Reading sub[0] auto_chipwatcher_0_logicbram_syn_1
SYN-2541 : Reading sub[1] auto_chipwatcher_0_logicbram_syn_11
SYN-2541 : Reading sub[2] auto_chipwatcher_0_logicbram_syn_21
SYN-2541 : Reading sub[3] auto_chipwatcher_0_logicbram_syn_31
SYN-2541 : Reading sub[4] auto_chipwatcher_0_logicbram_syn_41
SYN-2541 : Reading sub[5] auto_chipwatcher_0_logicbram_syn_51
SYN-2541 : Reading sub[6] auto_chipwatcher_0_logicbram_syn_61
SYN-2541 : Reading sub[7] auto_chipwatcher_0_logicbram_syn_71
KIT-1004 : ChipWatcher: write ctrl reg value: 010111011011111111000000000010000000000000000000
KIT-1004 : ChipWatcher: write ctrl reg value: 000000000000000000000000000000000000000000000000
KIT-1004 : ChipWatcher: write ctrl reg value: 010111011011111111000000000010000000000000000001
KIT-1004 : ChipWatcher: the value of status register = 110000000000001000
RUN-1002 : start command "rdbk_bram -bram 0X0004 -cable 0 -total_dev 1 -cur_dev 1"
KIT-1001 : Read back data from BRAM 0X0004 successfully.
RUN-1002 : start command "rdbk_bram -bram 0X0005 -cable 0 -total_dev 1 -cur_dev 1"
KIT-1001 : Read back data from BRAM 0X0005 successfully.
RUN-1002 : start command "rdbk_bram -bram 0X0006 -cable 0 -total_dev 1 -cur_dev 1"
KIT-1001 : Read back data from BRAM 0X0006 successfully.
RUN-1002 : start command "rdbk_bram -bram 0X0007 -cable 0 -total_dev 1 -cur_dev 1"
KIT-1001 : Read back data from BRAM 0X0007 successfully.
RUN-1002 : start command "rdbk_bram -bram 0X0008 -cable 0 -total_dev 1 -cur_dev 1"
KIT-1001 : Read back data from BRAM 0X0008 successfully.
RUN-1002 : start command "rdbk_bram -bram 0X0009 -cable 0 -total_dev 1 -cur_dev 1"
KIT-1001 : Read back data from BRAM 0X0009 successfully.
RUN-1002 : start command "rdbk_bram -bram 0X000A -cable 0 -total_dev 1 -cur_dev 1"
KIT-1001 : Read back data from BRAM 0X000A successfully.
RUN-1002 : start command "rdbk_bram -bram 0X000B -cable 0 -total_dev 1 -cur_dev 1"
KIT-1001 : Read back data from BRAM 0X000B successfully.
SYN-2541 : Attrs-to-init for 8 logic bram(s)
SYN-2541 : Reading sub[0] auto_chipwatcher_0_logicbram_syn_1
SYN-2541 : Reading sub[1] auto_chipwatcher_0_logicbram_syn_11
SYN-2541 : Reading sub[2] auto_chipwatcher_0_logicbram_syn_21
SYN-2541 : Reading sub[3] auto_chipwatcher_0_logicbram_syn_31
SYN-2541 : Reading sub[4] auto_chipwatcher_0_logicbram_syn_41
SYN-2541 : Reading sub[5] auto_chipwatcher_0_logicbram_syn_51
SYN-2541 : Reading sub[6] auto_chipwatcher_0_logicbram_syn_61
SYN-2541 : Reading sub[7] auto_chipwatcher_0_logicbram_syn_71
KIT-1004 : ChipWatcher: write ctrl reg value: 010111011011111111000000000010000000000000000000
KIT-1004 : ChipWatcher: write ctrl reg value: 000000000000000000000000000000000000000000000000
KIT-1004 : ChipWatcher: write ctrl reg value: 010111011011111111000000000010000000000000000001
KIT-1004 : ChipWatcher: the value of status register = 110000000000001000
RUN-1002 : start command "rdbk_bram -bram 0X0004 -cable 0 -total_dev 1 -cur_dev 1"
KIT-1001 : Read back data from BRAM 0X0004 successfully.
RUN-1002 : start command "rdbk_bram -bram 0X0005 -cable 0 -total_dev 1 -cur_dev 1"
KIT-1001 : Read back data from BRAM 0X0005 successfully.
RUN-1002 : start command "rdbk_bram -bram 0X0006 -cable 0 -total_dev 1 -cur_dev 1"
KIT-1001 : Read back data from BRAM 0X0006 successfully.
RUN-1002 : start command "rdbk_bram -bram 0X0007 -cable 0 -total_dev 1 -cur_dev 1"
KIT-1001 : Read back data from BRAM 0X0007 successfully.
RUN-1002 : start command "rdbk_bram -bram 0X0008 -cable 0 -total_dev 1 -cur_dev 1"
KIT-1001 : Read back data from BRAM 0X0008 successfully.
RUN-1002 : start command "rdbk_bram -bram 0X0009 -cable 0 -total_dev 1 -cur_dev 1"
KIT-1001 : Read back data from BRAM 0X0009 successfully.
RUN-1002 : start command "rdbk_bram -bram 0X000A -cable 0 -total_dev 1 -cur_dev 1"
KIT-1001 : Read back data from BRAM 0X000A successfully.
RUN-1002 : start command "rdbk_bram -bram 0X000B -cable 0 -total_dev 1 -cur_dev 1"
KIT-1001 : Read back data from BRAM 0X000B successfully.
SYN-2541 : Attrs-to-init for 8 logic bram(s)
SYN-2541 : Reading sub[0] auto_chipwatcher_0_logicbram_syn_1
SYN-2541 : Reading sub[1] auto_chipwatcher_0_logicbram_syn_11
SYN-2541 : Reading sub[2] auto_chipwatcher_0_logicbram_syn_21
SYN-2541 : Reading sub[3] auto_chipwatcher_0_logicbram_syn_31
SYN-2541 : Reading sub[4] auto_chipwatcher_0_logicbram_syn_41
SYN-2541 : Reading sub[5] auto_chipwatcher_0_logicbram_syn_51
SYN-2541 : Reading sub[6] auto_chipwatcher_0_logicbram_syn_61
SYN-2541 : Reading sub[7] auto_chipwatcher_0_logicbram_syn_71
KIT-1004 : ChipWatcher: write ctrl reg value: 010111011011111111000000000010000000000000000000
KIT-1004 : ChipWatcher: write ctrl reg value: 000000000000000000000000000000000000000000000000
KIT-1004 : ChipWatcher: write ctrl reg value: 010111011011111111000000000010000000000000000001
KIT-1004 : ChipWatcher: the value of status register = 110000000000001000
RUN-1002 : start command "rdbk_bram -bram 0X0004 -cable 0 -total_dev 1 -cur_dev 1"
KIT-1001 : Read back data from BRAM 0X0004 successfully.
RUN-1002 : start command "rdbk_bram -bram 0X0005 -cable 0 -total_dev 1 -cur_dev 1"
KIT-1001 : Read back data from BRAM 0X0005 successfully.
RUN-1002 : start command "rdbk_bram -bram 0X0006 -cable 0 -total_dev 1 -cur_dev 1"
KIT-1001 : Read back data from BRAM 0X0006 successfully.
RUN-1002 : start command "rdbk_bram -bram 0X0007 -cable 0 -total_dev 1 -cur_dev 1"
KIT-1001 : Read back data from BRAM 0X0007 successfully.
RUN-1002 : start command "rdbk_bram -bram 0X0008 -cable 0 -total_dev 1 -cur_dev 1"
KIT-1001 : Read back data from BRAM 0X0008 successfully.
RUN-1002 : start command "rdbk_bram -bram 0X0009 -cable 0 -total_dev 1 -cur_dev 1"
KIT-1001 : Read back data from BRAM 0X0009 successfully.
RUN-1002 : start command "rdbk_bram -bram 0X000A -cable 0 -total_dev 1 -cur_dev 1"
KIT-1001 : Read back data from BRAM 0X000A successfully.
RUN-1002 : start command "rdbk_bram -bram 0X000B -cable 0 -total_dev 1 -cur_dev 1"
KIT-1001 : Read back data from BRAM 0X000B successfully.
SYN-2541 : Attrs-to-init for 8 logic bram(s)
SYN-2541 : Reading sub[0] auto_chipwatcher_0_logicbram_syn_1
SYN-2541 : Reading sub[1] auto_chipwatcher_0_logicbram_syn_11
SYN-2541 : Reading sub[2] auto_chipwatcher_0_logicbram_syn_21
SYN-2541 : Reading sub[3] auto_chipwatcher_0_logicbram_syn_31
SYN-2541 : Reading sub[4] auto_chipwatcher_0_logicbram_syn_41
SYN-2541 : Reading sub[5] auto_chipwatcher_0_logicbram_syn_51
SYN-2541 : Reading sub[6] auto_chipwatcher_0_logicbram_syn_61
SYN-2541 : Reading sub[7] auto_chipwatcher_0_logicbram_syn_71
KIT-1004 : ChipWatcher: write ctrl reg value: 010111011011111111000000000010000000000000000000
KIT-1004 : ChipWatcher: write ctrl reg value: 000000000000000000000000000000000000000000000000
KIT-1004 : ChipWatcher: write ctrl reg value: 000111011011111111000000000010000000000000000001
KIT-1004 : ChipWatcher: the value of status register = 010001001101111001
KIT-1004 : ChipWatcher: the value of status register = 010001010110010111
KIT-1004 : ChipWatcher: the value of status register = 010001000100001110
KIT-1004 : ChipWatcher: the value of status register = 010001100010010000
KIT-1004 : ChipWatcher: the value of status register = 110001010011100111
RUN-1002 : start command "rdbk_bram -bram 0X0004 -cable 0 -total_dev 1 -cur_dev 1"
KIT-1001 : Read back data from BRAM 0X0004 successfully.
RUN-1002 : start command "rdbk_bram -bram 0X0005 -cable 0 -total_dev 1 -cur_dev 1"
KIT-1001 : Read back data from BRAM 0X0005 successfully.
RUN-1002 : start command "rdbk_bram -bram 0X0006 -cable 0 -total_dev 1 -cur_dev 1"
KIT-1001 : Read back data from BRAM 0X0006 successfully.
RUN-1002 : start command "rdbk_bram -bram 0X0007 -cable 0 -total_dev 1 -cur_dev 1"
KIT-1001 : Read back data from BRAM 0X0007 successfully.
RUN-1002 : start command "rdbk_bram -bram 0X0008 -cable 0 -total_dev 1 -cur_dev 1"
KIT-1001 : Read back data from BRAM 0X0008 successfully.
RUN-1002 : start command "rdbk_bram -bram 0X0009 -cable 0 -total_dev 1 -cur_dev 1"
KIT-1001 : Read back data from BRAM 0X0009 successfully.
RUN-1002 : start command "rdbk_bram -bram 0X000A -cable 0 -total_dev 1 -cur_dev 1"
KIT-1001 : Read back data from BRAM 0X000A successfully.
RUN-1002 : start command "rdbk_bram -bram 0X000B -cable 0 -total_dev 1 -cur_dev 1"
KIT-1001 : Read back data from BRAM 0X000B successfully.
SYN-2541 : Attrs-to-init for 8 logic bram(s)
SYN-2541 : Reading sub[0] auto_chipwatcher_0_logicbram_syn_1
SYN-2541 : Reading sub[1] auto_chipwatcher_0_logicbram_syn_11
SYN-2541 : Reading sub[2] auto_chipwatcher_0_logicbram_syn_21
SYN-2541 : Reading sub[3] auto_chipwatcher_0_logicbram_syn_31
SYN-2541 : Reading sub[4] auto_chipwatcher_0_logicbram_syn_41
SYN-2541 : Reading sub[5] auto_chipwatcher_0_logicbram_syn_51
SYN-2541 : Reading sub[6] auto_chipwatcher_0_logicbram_syn_61
SYN-2541 : Reading sub[7] auto_chipwatcher_0_logicbram_syn_71
KIT-1004 : ChipWatcher: write ctrl reg value: 000111011011111111000000000010000000000000000000
KIT-1004 : ChipWatcher: write ctrl reg value: 000000000000000000000000000000000000000000000000
KIT-1004 : ChipWatcher: write ctrl reg value: 000111011011111111000000000010000000000000000001
KIT-1004 : ChipWatcher: the value of status register = 010001000000001110
KIT-1004 : ChipWatcher: the value of status register = 010000110011100110
KIT-1004 : ChipWatcher: the value of status register = 110001110010101100
RUN-1002 : start command "rdbk_bram -bram 0X0004 -cable 0 -total_dev 1 -cur_dev 1"
KIT-1001 : Read back data from BRAM 0X0004 successfully.
RUN-1002 : start command "rdbk_bram -bram 0X0005 -cable 0 -total_dev 1 -cur_dev 1"
KIT-1001 : Read back data from BRAM 0X0005 successfully.
RUN-1002 : start command "rdbk_bram -bram 0X0006 -cable 0 -total_dev 1 -cur_dev 1"
KIT-1001 : Read back data from BRAM 0X0006 successfully.
RUN-1002 : start command "rdbk_bram -bram 0X0007 -cable 0 -total_dev 1 -cur_dev 1"
KIT-1001 : Read back data from BRAM 0X0007 successfully.
RUN-1002 : start command "rdbk_bram -bram 0X0008 -cable 0 -total_dev 1 -cur_dev 1"
KIT-1001 : Read back data from BRAM 0X0008 successfully.
RUN-1002 : start command "rdbk_bram -bram 0X0009 -cable 0 -total_dev 1 -cur_dev 1"
KIT-1001 : Read back data from BRAM 0X0009 successfully.
RUN-1002 : start command "rdbk_bram -bram 0X000A -cable 0 -total_dev 1 -cur_dev 1"
KIT-1001 : Read back data from BRAM 0X000A successfully.
RUN-1002 : start command "rdbk_bram -bram 0X000B -cable 0 -total_dev 1 -cur_dev 1"
KIT-1001 : Read back data from BRAM 0X000B successfully.
SYN-2541 : Attrs-to-init for 8 logic bram(s)
SYN-2541 : Reading sub[0] auto_chipwatcher_0_logicbram_syn_1
SYN-2541 : Reading sub[1] auto_chipwatcher_0_logicbram_syn_11
SYN-2541 : Reading sub[2] auto_chipwatcher_0_logicbram_syn_21
SYN-2541 : Reading sub[3] auto_chipwatcher_0_logicbram_syn_31
SYN-2541 : Reading sub[4] auto_chipwatcher_0_logicbram_syn_41
SYN-2541 : Reading sub[5] auto_chipwatcher_0_logicbram_syn_51
SYN-2541 : Reading sub[6] auto_chipwatcher_0_logicbram_syn_61
SYN-2541 : Reading sub[7] auto_chipwatcher_0_logicbram_syn_71
KIT-1004 : ChipWatcher: write ctrl reg value: 000111011011111111000000000010000000000000000000
KIT-1004 : ChipWatcher: write ctrl reg value: 000000000000000000000000000000000000000000000000
KIT-1004 : ChipWatcher: write ctrl reg value: 000111011011111111000000000010000000000000000001
KIT-1004 : ChipWatcher: the value of status register = 010001100010111100
KIT-1004 : ChipWatcher: the value of status register = 010001111001000010
KIT-1004 : ChipWatcher: the value of status register = 010000100000001100
KIT-1004 : ChipWatcher: the value of status register = 010001111111111101
KIT-1004 : ChipWatcher: the value of status register = 110000100000010001
RUN-1002 : start command "rdbk_bram -bram 0X0004 -cable 0 -total_dev 1 -cur_dev 1"
KIT-1001 : Read back data from BRAM 0X0004 successfully.
RUN-1002 : start command "rdbk_bram -bram 0X0005 -cable 0 -total_dev 1 -cur_dev 1"
KIT-1001 : Read back data from BRAM 0X0005 successfully.
RUN-1002 : start command "rdbk_bram -bram 0X0006 -cable 0 -total_dev 1 -cur_dev 1"
KIT-1001 : Read back data from BRAM 0X0006 successfully.
RUN-1002 : start command "rdbk_bram -bram 0X0007 -cable 0 -total_dev 1 -cur_dev 1"
KIT-1001 : Read back data from BRAM 0X0007 successfully.
RUN-1002 : start command "rdbk_bram -bram 0X0008 -cable 0 -total_dev 1 -cur_dev 1"
KIT-1001 : Read back data from BRAM 0X0008 successfully.
RUN-1002 : start command "rdbk_bram -bram 0X0009 -cable 0 -total_dev 1 -cur_dev 1"
KIT-1001 : Read back data from BRAM 0X0009 successfully.
RUN-1002 : start command "rdbk_bram -bram 0X000A -cable 0 -total_dev 1 -cur_dev 1"
KIT-1001 : Read back data from BRAM 0X000A successfully.
RUN-1002 : start command "rdbk_bram -bram 0X000B -cable 0 -total_dev 1 -cur_dev 1"
KIT-1001 : Read back data from BRAM 0X000B successfully.
SYN-2541 : Attrs-to-init for 8 logic bram(s)
SYN-2541 : Reading sub[0] auto_chipwatcher_0_logicbram_syn_1
SYN-2541 : Reading sub[1] auto_chipwatcher_0_logicbram_syn_11
SYN-2541 : Reading sub[2] auto_chipwatcher_0_logicbram_syn_21
SYN-2541 : Reading sub[3] auto_chipwatcher_0_logicbram_syn_31
SYN-2541 : Reading sub[4] auto_chipwatcher_0_logicbram_syn_41
SYN-2541 : Reading sub[5] auto_chipwatcher_0_logicbram_syn_51
SYN-2541 : Reading sub[6] auto_chipwatcher_0_logicbram_syn_61
SYN-2541 : Reading sub[7] auto_chipwatcher_0_logicbram_syn_71
KIT-1004 : ChipWatcher: write ctrl reg value: 000111011011111111000000000010000000000000000000
KIT-1004 : ChipWatcher: write ctrl reg value: 000000000000000000000000000000000000000000000000
KIT-1004 : ChipWatcher: write ctrl reg value: 000111011011111111000000000010000000000000000001
KIT-1004 : ChipWatcher: the value of status register = 010001101100111101
KIT-1004 : ChipWatcher: the value of status register = 110000000111001100
RUN-1002 : start command "rdbk_bram -bram 0X0004 -cable 0 -total_dev 1 -cur_dev 1"
KIT-1001 : Read back data from BRAM 0X0004 successfully.
RUN-1002 : start command "rdbk_bram -bram 0X0005 -cable 0 -total_dev 1 -cur_dev 1"
KIT-1001 : Read back data from BRAM 0X0005 successfully.
RUN-1002 : start command "rdbk_bram -bram 0X0006 -cable 0 -total_dev 1 -cur_dev 1"
KIT-1001 : Read back data from BRAM 0X0006 successfully.
RUN-1002 : start command "rdbk_bram -bram 0X0007 -cable 0 -total_dev 1 -cur_dev 1"
KIT-1001 : Read back data from BRAM 0X0007 successfully.
RUN-1002 : start command "rdbk_bram -bram 0X0008 -cable 0 -total_dev 1 -cur_dev 1"
KIT-1001 : Read back data from BRAM 0X0008 successfully.
RUN-1002 : start command "rdbk_bram -bram 0X0009 -cable 0 -total_dev 1 -cur_dev 1"
KIT-1001 : Read back data from BRAM 0X0009 successfully.
RUN-1002 : start command "rdbk_bram -bram 0X000A -cable 0 -total_dev 1 -cur_dev 1"
KIT-1001 : Read back data from BRAM 0X000A successfully.
RUN-1002 : start command "rdbk_bram -bram 0X000B -cable 0 -total_dev 1 -cur_dev 1"
KIT-1001 : Read back data from BRAM 0X000B successfully.
SYN-2541 : Attrs-to-init for 8 logic bram(s)
SYN-2541 : Reading sub[0] auto_chipwatcher_0_logicbram_syn_1
SYN-2541 : Reading sub[1] auto_chipwatcher_0_logicbram_syn_11
SYN-2541 : Reading sub[2] auto_chipwatcher_0_logicbram_syn_21
SYN-2541 : Reading sub[3] auto_chipwatcher_0_logicbram_syn_31
SYN-2541 : Reading sub[4] auto_chipwatcher_0_logicbram_syn_41
SYN-2541 : Reading sub[5] auto_chipwatcher_0_logicbram_syn_51
SYN-2541 : Reading sub[6] auto_chipwatcher_0_logicbram_syn_61
SYN-2541 : Reading sub[7] auto_chipwatcher_0_logicbram_syn_71
KIT-1004 : ChipWatcher: write ctrl reg value: 000111011011111111000000000010000000000000000000
PRG-1000 : <!-- HMAC is: 4005b4702a9ec6120c694e5a822da5e0b76068499b34d249339f5098cb061d2e -->
GUI-1001 : User closes ChipWatcher ...
GUI-6001 WARNING: File E:/FPGA_work/Anlogic/EG4S20NG88_BigBig/uart_loop/test.cwc does not exist!
HDL-1007 : analyze verilog file src/uart_rx.sv
HDL-5007 WARNING: non-net output port 'recv_data' cannot be initialized at declaration in SystemVerilog mode in src/uart_rx.sv(9)
HDL-5007 WARNING: parameter 'RATE_CNT' becomes localparam in 'uart_rx' with formal parameter declaration list in src/uart_rx.sv(14)
RUN-1001 : reset_run syn_1 phy_1.
RUN-1001 : launch_runs syn_1 phy_1  -jobs 6.
RUN-1001 : syn_1: run complete.
RUN-1001 : phy_1: run complete.
RUN-1001 : open_run phy_1.
RUN-1002 : start command "import_db E:/FPGA_work/Anlogic/EG4S20NG88_BigBig/uart_loop/top_Runs/phy_1/top_pr.db"
RUN-1001 : Importing database generated by Tang Dynasty, V5.6.71036.
RUN-1001 : Database version number 46146.
RUN-1001 : Import flow parameters
PHY-1001 : Generate detailed routing grids ...
PHY-1001 : Generate nets ...
PHY-1001 : net clk_dup_1 will be routed on clock mesh
PHY-1001 : eco open net = 0
PHY-1001 : 3 feed throughs used by 3 nets
RUN-1001 : Import IO constraints
RUN-1001 : Import Inst constraints
RUN-1001 : Import design success TD_VERSION=5.6.71036 , DB_VERSION=46146
RUN-1002 : start command "download -bit top_Runs\phy_1\top.bit -mode jtag -spd 9 -sec 64 -cable 0"
PRG-2014 : Chip validation success: EAGLE_S20_QFN88
RUN-1002 : start command "bit_to_vec -chip EAGLE_S20_QFN88 -m jtag_burst -freq 12 -bit top_Runs/phy_1/top.bit"
RUN-1002 : start command "program -cable 0 -mode svf -spd 9 -p"
RUN-1003 : finish command "program -cable 0 -mode svf -spd 9 -p" in  17.937320s wall, 0.078125s user + 0.031250s system = 0.109375s CPU (0.6%)

RUN-1004 : used memory is 607 MB, reserved memory is 538 MB, peak memory is 636 MB
RUN-1003 : finish command "download -bit top_Runs\phy_1\top.bit -mode jtag -spd 9 -sec 64 -cable 0" in  18.144375s wall, 0.140625s user + 0.031250s system = 0.171875s CPU (0.9%)

RUN-1004 : used memory is 607 MB, reserved memory is 538 MB, peak memory is 636 MB
GUI-1001 : Downloading succeeded!
