============================================================
   Tang Dynasty, V5.6.71036
      Copyright (c) 2012-2023 Anlogic Inc.
   Executable = D:/Anlogic/TD5.6.2/bin/td.exe
   Built at =   20:34:38 Mar 21 2023
   Run by =     BigPig
   Run Date =   Fri Jul  7 17:41:11 2023

   Run on =     DESKTOP-9MNJBAS
============================================================
RUN-1002 : start command "open_project top.prj"
RUN-1001 : Print Global Property
RUN-1001 : ---------------------------------------------------------------
RUN-1001 :        Parameters        |  Settings  |  Default Values  |  Note  
RUN-1001 : ---------------------------------------------------------------
RUN-1001 :          message         |  standard  |     standard     |        
RUN-1001 :   mixed_pack_place_flow  |     on     |        on        |        
RUN-1001 :        qor_monitor       |    off     |       off        |        
RUN-1001 :        syn_ip_flow       |    off     |       off        |        
RUN-1001 :          thread          |    auto    |       auto       |        
RUN-1001 : ---------------------------------------------------------------
RUN-1001 : Print Design Property
RUN-1001 : --------------------------------------------------------------
RUN-1001 :        Parameters       |  Settings  |  Default Values  |  Note  
RUN-1001 : --------------------------------------------------------------
RUN-1001 :   default_reg_initial   |    auto    |       auto       |        
RUN-1001 :        infer_add        |     on     |        on        |        
RUN-1001 :        infer_fsm        |    off     |       off        |        
RUN-1001 :        infer_mult       |     on     |        on        |        
RUN-1001 :        infer_ram        |     on     |        on        |        
RUN-1001 :        infer_reg        |     on     |        on        |        
RUN-1001 :   infer_reg_init_value  |     on     |        on        |        
RUN-1001 :        infer_rom        |     on     |        on        |        
RUN-1001 :      infer_shifter      |     on     |        on        |        
RUN-1001 : --------------------------------------------------------------
RUN-1001 : Print Rtl Property
RUN-1001 : --------------------------------------------------------------
RUN-1001 :        Parameters       |  Settings  |  Default Values  |  Note  
RUN-1001 : --------------------------------------------------------------
RUN-1001 :       compress_add      |   ripple   |      ripple      |        
RUN-1001 :        elf_sload        |    off     |       off        |        
RUN-1001 :       fix_undriven      |     0      |        0         |        
RUN-1001 :         flatten         |    off     |       off        |        
RUN-1001 :       gate_sharing      |     on     |        on        |        
RUN-1001 :    hdl_warning_level    |   normal   |      normal      |        
RUN-1001 :   impl_internal_tribuf  |     on     |        on        |        
RUN-1001 :      impl_set_reset     |     on     |        on        |        
RUN-1001 :        infer_gsr        |    off     |       off        |        
RUN-1001 :      keep_hierarchy     |    auto    |       auto       |        
RUN-1001 :        max_fanout       |    9999    |       9999       |        
RUN-1001 :      max_oh2bin_len     |     10     |        10        |        
RUN-1001 :       merge_equal       |     on     |        on        |        
RUN-1001 :       merge_equiv       |     on     |        on        |        
RUN-1001 :        merge_mux        |    off     |       off        |        
RUN-1001 :     min_control_set     |     8      |        8         |        
RUN-1001 :      min_ripple_len     |    auto    |       auto       |        
RUN-1001 :       oh2bin_ratio      |    0.08    |       0.08       |        
RUN-1001 :     opt_adder_fanout    |     on     |        on        |        
RUN-1001 :        opt_arith        |     on     |        on        |        
RUN-1001 :       opt_big_gate      |    off     |       off        |        
RUN-1001 :        opt_const        |     on     |        on        |        
RUN-1001 :      opt_const_mult     |     on     |        on        |        
RUN-1001 :       opt_lessthan      |     on     |        on        |        
RUN-1001 :         opt_mux         |    off     |       off        |        
RUN-1001 :         opt_ram         |    high    |       high       |        
RUN-1001 :      rtl_sim_model      |    off     |       off        |        
RUN-1001 :         seq_syn         |     on     |        on        |        
RUN-1001 : --------------------------------------------------------------
HDL-1007 : analyze verilog file ../../al_ip/video_pll.v
HDL-1007 : undeclared symbol 'open', assumed default net type 'wire' in ../../al_ip/video_pll.v(70)
HDL-1007 : analyze verilog file ../../src/rgb_timing.v
HDL-1007 : analyze verilog file ../../src/top.v
RUN-1001 : Project manager successfully analyzed 3 source files.
RUN-1002 : start command "import_device eagle_s20.db -package EG4S20NG88"
ARC-1001 : Device Initialization.
ARC-1001 : ---------------------------------------------------------------
ARC-1001 :            OPTION            |        IO         |   SETTING   
ARC-1001 : ---------------------------------------------------------------
ARC-1001 :   cso_b/cclk/mosi/miso/dout  |  P69/P82/P81/P80  |    gpio    
ARC-1001 :             done             |        P8         |    gpio    
ARC-1001 :           program_b          |        P67        |  dedicate  
ARC-1001 :        tdi/tms/tck/tdo       |  P25/P22/P26/P21  |  dedicate  
ARC-1001 : ---------------------------------------------------------------
ARC-1004 : Device setting, marked 5 dedicate IOs in total.
RUN-1002 : start command "import_db ../syn_1/top_gate.db"
RUN-1001 : Importing database generated by Tang Dynasty, V5.6.71036.
RUN-1001 : Database version number 46146.
RUN-1001 : Import flow parameters
RUN-1001 : Import IO constraints
RUN-1001 : Import Inst constraints
RUN-1001 : Import design success TD_VERSION=5.6.71036 , DB_VERSION=46146
RUN-1002 : start command "place"
RUN-1001 : Open license file D:/Anlogic/TD5.6.2/license/Anlogic.lic
RUN-1001 : Print Global Property
RUN-1001 : ---------------------------------------------------------------
RUN-1001 :        Parameters        |  Settings  |  Default Values  |  Note  
RUN-1001 : ---------------------------------------------------------------
RUN-1001 :          message         |  standard  |     standard     |        
RUN-1001 :   mixed_pack_place_flow  |     on     |        on        |        
RUN-1001 :        qor_monitor       |    off     |       off        |        
RUN-1001 :        syn_ip_flow       |    off     |       off        |        
RUN-1001 :          thread          |    auto    |       auto       |        
RUN-1001 : ---------------------------------------------------------------
RUN-1001 : Print Place Property
RUN-1001 : --------------------------------------------------------------
RUN-1001 :        Parameters       |  Settings  |  Default Values  |  Note  
RUN-1001 : --------------------------------------------------------------
RUN-1001 :      detailed_place     |     on     |        on        |        
RUN-1001 :          effort         |   medium   |      medium      |        
RUN-1001 :         fix_hold        |    off     |       off        |        
RUN-1001 :       legalization      |    ori     |       ori        |        
RUN-1001 :      new_spreading      |     on     |        on        |        
RUN-1001 :        opt_timing       |   medium   |      medium      |        
RUN-1001 :   post_clock_route_opt  |    off     |       off        |        
RUN-1001 :       pr_strategy       |     1      |        1         |        
RUN-1001 :        relaxation       |    1.00    |       1.00       |        
RUN-1001 :         retiming        |    off     |       off        |        
RUN-1001 : --------------------------------------------------------------
PHY-3001 : Placer runs in 16 thread(s).
RUN-1002 : start command "legalize_phy_inst"
SYN-1011 : Flatten model top
RUN-1002 : start command "phys_opt -simplify_lut"
SYN-4016 : Net video_pll_m0/clk0_out driven by BUFG (0 clock/control pins, 1 other pins).
SYN-4027 : Net rgb_timing_m0/rgb_clk is clkc1 of pll video_pll_m0/pll_inst.
SYN-4019 : Net clk_dup_1 is refclk of pll video_pll_m0/pll_inst.
SYN-4020 : Net clk_dup_1 is fbclk of pll video_pll_m0/pll_inst.
SYN-4025 : Tag rtl::Net clk_dup_1 as clock net
SYN-4025 : Tag rtl::Net rgb_timing_m0/rgb_clk as clock net
SYN-4025 : Tag rtl::Net video_pll_m0/clk0_out as clock net
SYN-4026 : Tagged 3 rtl::Net as clock net
PHY-1001 : Populate physical database on model top.
RUN-1001 : There are total 268 instances
RUN-0007 : 78 luts, 36 seqs, 109 mslices, 11 lslices, 29 pads, 0 brams, 0 dsps
RUN-1001 : There are total 298 nets
RUN-1001 : 211 nets have 2 pins
RUN-1001 : 60 nets have [3 - 5] pins
RUN-1001 : 15 nets have [6 - 10] pins
RUN-1001 : 3 nets have [11 - 20] pins
RUN-1001 : 7 nets have [21 - 99] pins
RUN-1001 : 2 nets have 100+ pins
RUN-1001 : Report Control nets information:
RUN-1001 : DFF Distribution
RUN-1001 : ----------------------------------
RUN-1001 :   CE   |  SSR  |  ASR  |  DFF Count  
RUN-1001 : ----------------------------------
RUN-1001 :   No   |  No   |  No   |     16      
RUN-1001 :   No   |  No   |  Yes  |      0      
RUN-1001 :   No   |  Yes  |  No   |      0      
RUN-1001 :   Yes  |  No   |  No   |     20      
RUN-1001 :   Yes  |  No   |  Yes  |      0      
RUN-1001 :   Yes  |  Yes  |  No   |      0      
RUN-1001 : ----------------------------------
RUN-0007 : Control Group Statistic
RUN-0007 : ---------------------------
RUN-0007 :   #CLK  |  #CE  |  #SSR/ASR  
RUN-0007 : ---------------------------
RUN-0007 :    1    |   3   |     1      
RUN-0007 : ---------------------------
RUN-0007 : Control Set = 3
PHY-3001 : Initial placement ...
PHY-3001 : design contains 266 instances, 78 luts, 36 seqs, 120 slices, 25 macros(120 instances: 109 mslices 11 lslices)
PHY-0007 : Cell area utilization is 1%
PHY-3001 : Global placement ...
PHY-3001 : Initial: Len = 60394.8
PHY-3001 : Clustering ...
PHY-3001 : Level 0 #clusters 266.
PHY-3001 : End clustering;  0.000007s wall, 0.000000s user + 0.000000s system = 0.000000s CPU (n/a%)

PHY-3001 : Run with size of 4
PHY-3001 : Cell area utilization is 1%
PHY-3001 : :::0::: Try harder cell spreading with beta_ = 0
PHY-3002 : Step(1): len = 40431.7, overlap = 0
PHY-3002 : Step(2): len = 34170.2, overlap = 0
PHY-3002 : Step(3): len = 26021.6, overlap = 0
PHY-3002 : Step(4): len = 21963.2, overlap = 0
PHY-3002 : Step(5): len = 19327.7, overlap = 0
PHY-3002 : Step(6): len = 17223.6, overlap = 0
PHY-3002 : Step(7): len = 16095, overlap = 0
PHY-3002 : Step(8): len = 15466.5, overlap = 0
PHY-3002 : Step(9): len = 14733.9, overlap = 0
PHY-3002 : Step(10): len = 14860.6, overlap = 0
PHY-3002 : Step(11): len = 14229.4, overlap = 0
PHY-3002 : Step(12): len = 13527.6, overlap = 0
PHY-3002 : Step(13): len = 12263.6, overlap = 0
PHY-3002 : Step(14): len = 12240.1, overlap = 0
PHY-3002 : Step(15): len = 11948.5, overlap = 0.75
PHY-3002 : Step(16): len = 11731.6, overlap = 0.25
PHY-3002 : Step(17): len = 11333.7, overlap = 2
PHY-3002 : Step(18): len = 11012.9, overlap = 5
PHY-3002 : Step(19): len = 11072.3, overlap = 4.75
PHY-3002 : Step(20): len = 10865.1, overlap = 5.75
PHY-3002 : Step(21): len = 10932.4, overlap = 6.5
PHY-3002 : Step(22): len = 10937.7, overlap = 7.5
PHY-3002 : Step(23): len = 10648.3, overlap = 7.0625
PHY-3002 : Step(24): len = 10670.5, overlap = 5.9375
PHY-3002 : Step(25): len = 10533.3, overlap = 10
PHY-3002 : Step(26): len = 10425.6, overlap = 9.5625
PHY-3002 : Step(27): len = 10348.3, overlap = 2.25
PHY-3002 : Step(28): len = 10407.9, overlap = 1.25
PHY-3002 : Step(29): len = 9953.3, overlap = 5.5
PHY-3002 : Step(30): len = 9986.5, overlap = 5.25
PHY-3002 : Step(31): len = 9691.2, overlap = 9.875
PHY-3002 : Step(32): len = 9661.5, overlap = 7
PHY-3002 : Step(33): len = 9768.9, overlap = 4.25
PHY-3002 : Step(34): len = 9593.9, overlap = 4.25
PHY-3002 : Step(35): len = 9178.6, overlap = 4
PHY-3002 : Step(36): len = 9150.5, overlap = 4
PHY-3002 : Step(37): len = 9007.8, overlap = 5
PHY-3002 : Step(38): len = 9030.7, overlap = 5
PHY-3002 : Step(39): len = 8890.8, overlap = 7.8125
PHY-3002 : Step(40): len = 8890.8, overlap = 9
PHY-3002 : Step(41): len = 8515.5, overlap = 10.1875
PHY-3002 : Step(42): len = 8547.6, overlap = 9.375
PHY-3002 : Step(43): len = 8547.6, overlap = 9.375
PHY-3001 : Legalization ...
PHY-3001 : End legalization;  0.003004s wall, 0.000000s user + 0.000000s system = 0.000000s CPU (n/a%)

PHY-3001 : Run with size of 4
PHY-3001 : Cell area utilization is 2%
PHY-3001 : :::0::: Try harder cell spreading with beta_ = 2.83529e-05
PHY-3002 : Step(44): len = 8374.2, overlap = 12.6875
PHY-3002 : Step(45): len = 8401, overlap = 12.6875
PHY-3002 : Step(46): len = 8401, overlap = 12.6875
PHY-3001 : :::1::: Try harder cell spreading with beta_ = 5.67059e-05
PHY-3002 : Step(47): len = 8352.6, overlap = 11.25
PHY-3002 : Step(48): len = 8375.4, overlap = 11.25
PHY-3002 : Step(49): len = 8399.7, overlap = 11.0625
PHY-3001 : :::2::: Try harder cell spreading with beta_ = 0.000113412
PHY-3002 : Step(50): len = 8278.5, overlap = 10.6875
PHY-3002 : Step(51): len = 8291.2, overlap = 10.6875
PHY-3002 : Step(52): len = 8291.2, overlap = 10.6875
PHY-3001 : Run with size of 2
PHY-3001 : Cell area utilization is 2%
PHY-3001 : :::0::: Try harder cell spreading with beta_ = 8.23524e-06
PHY-3002 : Step(53): len = 8269.8, overlap = 14.375
PHY-3002 : Step(54): len = 8279.2, overlap = 14.4375
PHY-3002 : Step(55): len = 8267.6, overlap = 14.5
PHY-3001 : :::1::: Try harder cell spreading with beta_ = 1.64705e-05
PHY-3002 : Step(56): len = 8244.1, overlap = 13.7812
PHY-3002 : Step(57): len = 8270.7, overlap = 13.7812
PHY-3001 : :::2::: Try harder cell spreading with beta_ = 3.2941e-05
PHY-3002 : Step(58): len = 8224.2, overlap = 12.4062
PHY-3002 : Step(59): len = 8224.2, overlap = 12.4062
PHY-3002 : Step(60): len = 8264.4, overlap = 12.0312
OPT-1001 : Start physical optimization ...
OPT-1001 : Total overflow 29.22 peak overflow 2.78
OPT-1001 : Start high-fanout net optimization ...
OPT-1001 : Update timing in global mode
PHY-1001 : Start incremental global routing, caller is place ...
RUN-1001 : Generating global routing grids ...
RUN-1001 : Building simple global routing graph ...
PHY-1001 : Generate routing nets ...
PHY-1001 : Reuse net number 0/298.
PHY-1001 : Global iterations in 16 thread ...
PHY-1002 : len = 9960, over cnt = 15(0%), over = 34, worst = 6
PHY-1001 : End global iterations;  0.015076s wall, 0.031250s user + 0.046875s system = 0.078125s CPU (518.2%)

PHY-1001 : Congestion index: top1 = 11.70, top5 = 5.14, top10 = 2.97, top15 = 1.99.
PHY-1001 : End incremental global routing;  0.049891s wall, 0.062500s user + 0.046875s system = 0.109375s CPU (219.2%)

RUN-1002 : start command "start_timer -report"
TMR-5001 WARNING: No sdc constraints found while initiating timer.
TMR-2505 : Start building timing graph for model top.
TMR-2506 : Build timing graph completely. Port num: 6, tpin num: 1000, tnet num: 296, tinst num: 266, tnode num: 1100, tedge num: 1481.
TMR-2508 : Levelizing timing graph completed, there are 22 levels in total.
TMR-2501 : Timing graph initialized successfully.
OPT-1001 : End timing update;  0.123863s wall, 0.109375s user + 0.015625s system = 0.125000s CPU (100.9%)

OPT-1001 : 0 high-fanout net processed.
OPT-1001 : End high-fanout net optimization;  0.175576s wall, 0.171875s user + 0.062500s system = 0.234375s CPU (133.5%)

OPT-1001 : Current memory(MB): used = 138, reserve = 110, peak = 138.
OPT-1001 : End physical optimization;  0.178513s wall, 0.171875s user + 0.062500s system = 0.234375s CPU (131.3%)

PHY-3001 : Start packing ...
SYN-4007 : Packing 0 MUX to BLE ...
SYN-4008 : Packed 0 MUX and 0 SEQ to BLE.
SYN-4007 : Packing 78 LUT to BLE ...
SYN-4008 : Packed 78 LUT and 15 SEQ to BLE.
SYN-4003 : Packing 21 remaining SEQ's ...
SYN-4005 : Packed 16 SEQ with LUT/SLICE
SYN-4006 : 50 single LUT's are left
SYN-4006 : 5 single SEQ's are left
SYN-4011 : Packing model "top" (AL_USER_NORMAL) with 83/237 primitive instances ...
PHY-3001 : End packing;  0.003425s wall, 0.000000s user + 0.000000s system = 0.000000s CPU (n/a%)

PHY-1001 : Populate physical database on model top.
RUN-1001 : There are total 203 instances
RUN-1001 : 109 mslices, 60 lslices, 29 pads, 0 brams, 0 dsps
RUN-1001 : There are total 283 nets
RUN-1001 : 196 nets have 2 pins
RUN-1001 : 60 nets have [3 - 5] pins
RUN-1001 : 15 nets have [6 - 10] pins
RUN-1001 : 3 nets have [11 - 20] pins
RUN-1001 : 7 nets have [21 - 99] pins
RUN-1001 : 2 nets have 100+ pins
PHY-3001 : design contains 201 instances, 169 slices, 25 macros(120 instances: 109 mslices 11 lslices)
PHY-3001 : Cell area utilization is 2%
PHY-3001 : After packing: Len = 8216.8, Over = 11.25
PHY-3001 : Run with size of 2
PHY-3001 : Cell area utilization is 2%
PHY-3001 : :::0::: Try harder cell spreading with beta_ = 9.72387e-05
PHY-3002 : Step(61): len = 8156, overlap = 12.25
PHY-3002 : Step(62): len = 8154.4, overlap = 11.75
PHY-3002 : Step(63): len = 8156.8, overlap = 11
PHY-3001 : :::1::: Try harder cell spreading with beta_ = 0.000194477
PHY-3002 : Step(64): len = 8160.5, overlap = 11.5
PHY-3002 : Step(65): len = 8160.6, overlap = 11.5
PHY-3002 : Step(66): len = 8163.1, overlap = 10.5
PHY-3001 : :::2::: Try harder cell spreading with beta_ = 0.000388955
PHY-3002 : Step(67): len = 8161.8, overlap = 10.25
PHY-3002 : Step(68): len = 8161.9, overlap = 10.25
PHY-3001 : Legalization ...
PHY-3001 : End legalization;  0.024039s wall, 0.015625s user + 0.015625s system = 0.031250s CPU (130.0%)

PHY-3001 : Trial Legalized: Len = 10005.8
PHY-3001 : Run with size of 2
PHY-3001 : Cell area utilization is 2%
PHY-3001 : :::0::: Try harder cell spreading with beta_ = 0
PHY-3002 : Step(69): len = 9040.4, overlap = 1.5
PHY-3002 : Step(70): len = 8988, overlap = 1.25
PHY-3002 : Step(71): len = 8838.9, overlap = 0.75
PHY-3002 : Step(72): len = 8449.4, overlap = 1.75
PHY-3002 : Step(73): len = 8472.3, overlap = 2
PHY-3002 : Step(74): len = 8472.3, overlap = 2
PHY-3001 : Legalization ...
PHY-3001 : End legalization;  0.003532s wall, 0.000000s user + 0.000000s system = 0.000000s CPU (n/a%)

PHY-3001 : Legalized: Len = 9055.8, Over = 0
PHY-3001 : End spreading;  0.001676s wall, 0.000000s user + 0.000000s system = 0.000000s CPU (n/a%)

PHY-3001 : Final: Len = 9055.8, Over = 0
OPT-1001 : Start physical optimization ...
OPT-1001 : Total overflow 0.00 peak overflow 0.00
OPT-1001 : Start high-fanout net optimization ...
OPT-1001 : Update timing in global mode
PHY-1001 : Start incremental global routing, caller is place ...
RUN-1001 : Generating global routing grids ...
PHY-1001 : Generate routing nets ...
PHY-1001 : Reuse net number 10/283.
PHY-1001 : Global iterations in 16 thread ...
PHY-1002 : len = 11328, over cnt = 8(0%), over = 15, worst = 4
PHY-1002 : len = 11424, over cnt = 3(0%), over = 3, worst = 1
PHY-1002 : len = 11456, over cnt = 1(0%), over = 1, worst = 1
PHY-1002 : len = 11472, over cnt = 0(0%), over = 0, worst = 0
PHY-1001 : End global iterations;  0.020693s wall, 0.046875s user + 0.000000s system = 0.046875s CPU (226.5%)

PHY-1001 : Congestion index: top1 = 12.63, top5 = 5.93, top10 = 3.42, top15 = 2.28.
PHY-1001 : End incremental global routing;  0.051429s wall, 0.078125s user + 0.000000s system = 0.078125s CPU (151.9%)

RUN-1002 : start command "start_timer -report"
TMR-5001 WARNING: No sdc constraints found while initiating timer.
TMR-2505 : Start building timing graph for model top.
TMR-2506 : Build timing graph completely. Port num: 6, tpin num: 951, tnet num: 281, tinst num: 201, tnode num: 1032, tedge num: 1425.
TMR-2508 : Levelizing timing graph completed, there are 22 levels in total.
TMR-2501 : Timing graph initialized successfully.
OPT-1001 : End timing update;  0.107439s wall, 0.093750s user + 0.000000s system = 0.093750s CPU (87.3%)

OPT-1001 : 0 high-fanout net processed.
OPT-1001 : End high-fanout net optimization;  0.162038s wall, 0.187500s user + 0.000000s system = 0.187500s CPU (115.7%)

OPT-1001 : Current memory(MB): used = 140, reserve = 111, peak = 140.
OPT-1001 : Update timing in Manhattan mode
OPT-1001 : End timing update;  0.000168s wall, 0.000000s user + 0.000000s system = 0.000000s CPU (n/a%)

OPT-1001 : Start pin optimization...
OPT-1001 : skip pin optimization...
RUN-1001 : Generating global routing grids ...
PHY-1001 : Generate routing nets ...
PHY-1001 : Reuse net number 195/283.
PHY-1001 : Global iterations in 16 thread ...
PHY-1002 : len = 11472, over cnt = 0(0%), over = 0, worst = 0
PHY-1001 : End global iterations;  0.001453s wall, 0.000000s user + 0.000000s system = 0.000000s CPU (n/a%)

PHY-1001 : Congestion index: top1 = 12.63, top5 = 5.93, top10 = 3.42, top15 = 2.28.
OPT-1001 : Update timing in Manhattan mode
OPT-1001 : End timing update;  0.000186s wall, 0.000000s user + 0.000000s system = 0.000000s CPU (n/a%)

RUN-1001 : QoR Analysis:
OPT-0007 :   WNS 2147483647 TNS 0 NUM_FEPS 0
RUN-1001 :   No local congestion issue, and most congested 1% tile average routing util is 12.275862
RUN-1001 :   Top critical paths
OPT-1001 : End physical optimization;  0.195308s wall, 0.218750s user + 0.000000s system = 0.218750s CPU (112.0%)

RUN-1003 : finish command "place" in  1.357823s wall, 1.859375s user + 1.625000s system = 3.484375s CPU (256.6%)

RUN-1004 : used memory is 125 MB, reserved memory is 97 MB, peak memory is 140 MB
RUN-1002 : start command "export_db top_place.db"
RUN-1001 : Exported /
RUN-1001 : Exported flow parameters
RUN-1001 : Exported libs
RUN-1001 : Exported entities
RUN-1001 : Exported ports
RUN-1001 : Exported pins
RUN-1001 : Exported instances
RUN-1001 : Exported nets
RUN-1001 : Exported buses
RUN-1001 : Exported models
RUN-1001 : Exported congestions
RUN-1001 : Exported violations
RUN-1001 : Exported IO constraints
RUN-1001 : Exported Inst constraints
RUN-1002 : start command "route"
RUN-1001 : Open license file D:/Anlogic/TD5.6.2/license/Anlogic.lic
RUN-1001 : Print Global Property
RUN-1001 : ---------------------------------------------------------------
RUN-1001 :        Parameters        |  Settings  |  Default Values  |  Note  
RUN-1001 : ---------------------------------------------------------------
RUN-1001 :          message         |  standard  |     standard     |        
RUN-1001 :   mixed_pack_place_flow  |     on     |        on        |        
RUN-1001 :        qor_monitor       |    off     |       off        |        
RUN-1001 :        syn_ip_flow       |    off     |       off        |        
RUN-1001 :          thread          |    auto    |       auto       |        
RUN-1001 : ---------------------------------------------------------------
RUN-1001 : Print Route Property
RUN-1001 : -------------------------------------------------------
RUN-1001 :    Parameters    |  Settings  |  Default Values  |  Note  
RUN-1001 : -------------------------------------------------------
RUN-1001 :      effort      |   medium   |      medium      |        
RUN-1001 :     fix_hold     |    off     |       off        |        
RUN-1001 :    opt_timing    |   medium   |      medium      |        
RUN-1001 :   phy_sim_model  |    off     |       off        |        
RUN-1001 :     priority     |   timing   |      timing      |        
RUN-1001 :     swap_pin     |     on     |        on        |        
RUN-1001 : -------------------------------------------------------
PHY-1001 : Route runs in 16 thread(s)
RUN-1001 : There are total 203 instances
RUN-1001 : 109 mslices, 60 lslices, 29 pads, 0 brams, 0 dsps
RUN-1001 : There are total 283 nets
RUN-1001 : 196 nets have 2 pins
RUN-1001 : 60 nets have [3 - 5] pins
RUN-1001 : 15 nets have [6 - 10] pins
RUN-1001 : 3 nets have [11 - 20] pins
RUN-1001 : 7 nets have [21 - 99] pins
RUN-1001 : 2 nets have 100+ pins
RUN-1002 : start command "start_timer -report"
TMR-5001 WARNING: No sdc constraints found while initiating timer.
TMR-2505 : Start building timing graph for model top.
TMR-2506 : Build timing graph completely. Port num: 6, tpin num: 951, tnet num: 281, tinst num: 201, tnode num: 1032, tedge num: 1425.
TMR-2508 : Levelizing timing graph completed, there are 22 levels in total.
TMR-2501 : Timing graph initialized successfully.
PHY-1001 : 109 mslices, 60 lslices, 29 pads, 0 brams, 0 dsps
TMR-2503 : Start to update net delay, extr mode = 3.
TMR-2504 : Update delay of 281 nets completely.
TMR-2502 : Annotate delay completely, extr mode = 3.
TMR-3002 : No user constraint, initiate default constraint.
TMR-1501 : Assign derive clock DeriveClock to 52 clock pins, and constraint 81 relative nodes.
TMR-3003 : Constraints initiated successfully.
TMR-3501 : Forward propagation: start to calculate arrival time...
TMR-3502 : Backward propagation: start to calculate required time...
TMR-3503 : Timing propagation completes.
PHY-1001 : Start global routing, caller is route ...
RUN-1001 : Generating global routing grids ...
PHY-1001 : Generate routing nets ...
PHY-1001 : Global iterations in 16 thread ...
PHY-1002 : len = 11296, over cnt = 8(0%), over = 15, worst = 4
PHY-1002 : len = 11392, over cnt = 3(0%), over = 3, worst = 1
PHY-1002 : len = 11440, over cnt = 0(0%), over = 0, worst = 0
PHY-1001 : End global iterations;  0.021525s wall, 0.015625s user + 0.000000s system = 0.015625s CPU (72.6%)

PHY-1001 : Congestion index: top1 = 12.61, top5 = 5.95, top10 = 3.41, top15 = 2.27.
PHY-1001 : End global routing;  0.050528s wall, 0.046875s user + 0.000000s system = 0.046875s CPU (92.8%)

PHY-1001 : Start detail routing ...
PHY-1001 : Current memory(MB): used = 163, reserve = 135, peak = 176.
PHY-1001 : Detailed router is running in normal mode.
PHY-1001 : Generate detailed routing grids ...
PHY-1001 : Generate nets ...
PHY-1001 : net clk_dup_1 will be routed on clock mesh
PHY-1001 : clock net video_pll_m0/clk0_out will be merged with clock video_pll_m0/clk0_buf
PHY-1001 : net rgb_timing_m0/rgb_clk will be routed on clock mesh
PHY-1001 : Current memory(MB): used = 429, reserve = 405, peak = 429.
PHY-1001 : End build detailed router design. 2.507209s wall, 2.468750s user + 0.031250s system = 2.500000s CPU (99.7%)

PHY-1001 : Detail Route ...
PHY-1001 : ===== Detail Route Phase 1 =====
PHY-1001 : Clock net routing.....
PHY-1001 : Routed 1% nets.
PHY-1022 : len = 3792, over cnt = 0(0%), over = 0, worst = 0, crit = 0
PHY-1001 : End initial clock net routed; 0.202651s wall, 0.171875s user + 0.015625s system = 0.187500s CPU (92.5%)

PHY-1001 : Current memory(MB): used = 461, reserve = 438, peak = 461.
PHY-1001 : End phase 1; 0.206266s wall, 0.171875s user + 0.015625s system = 0.187500s CPU (90.9%)

PHY-1001 : ===== Detail Route Phase 2 =====
PHY-1001 : Initial routing.....
PHY-1001 : Routed 19% nets.
PHY-1001 : Routed 22% nets.
PHY-1001 : Routed 27% nets.
PHY-1001 : Routed 39% nets.
PHY-1001 : Routed 55% nets.
PHY-1022 : len = 29144, over cnt = 3(0%), over = 3, worst = 1, crit = 0
PHY-1001 : Current memory(MB): used = 461, reserve = 438, peak = 461.
PHY-1001 : End initial routed; 0.167595s wall, 0.203125s user + 0.031250s system = 0.234375s CPU (139.8%)

PHY-1001 : Current memory(MB): used = 461, reserve = 438, peak = 461.
PHY-1001 : End phase 2; 0.167627s wall, 0.203125s user + 0.031250s system = 0.234375s CPU (139.8%)

PHY-1001 : ===== Detail Route Phase 3 =====
PHY-1001 : Ripup-reroute.....
PHY-1001 : ===== DR Iter 1 =====
PHY-1022 : len = 29144, over cnt = 0(0%), over = 0, worst = 0, crit = 0
PHY-1001 : End DR Iter 1; 0.008587s wall, 0.000000s user + 0.000000s system = 0.000000s CPU (n/a%)

PHY-1001 : Commit to database.....
PHY-1001 : 1 feed throughs used by 1 nets
PHY-1001 : End commit to database; 0.022425s wall, 0.015625s user + 0.000000s system = 0.015625s CPU (69.7%)

PHY-1001 : Current memory(MB): used = 470, reserve = 447, peak = 470.
PHY-1001 : End phase 3; 0.103944s wall, 0.093750s user + 0.000000s system = 0.093750s CPU (90.2%)

PHY-1003 : Routed, final wirelength = 29144
PHY-1001 : Current memory(MB): used = 470, reserve = 448, peak = 470.
PHY-1001 : End export database. 0.004162s wall, 0.000000s user + 0.000000s system = 0.000000s CPU (n/a%)

PHY-1001 : End detail routing;  3.123282s wall, 3.062500s user + 0.093750s system = 3.156250s CPU (101.1%)

RUN-1003 : finish command "route" in  3.309795s wall, 3.250000s user + 0.093750s system = 3.343750s CPU (101.0%)

RUN-1004 : used memory is 413 MB, reserved memory is 389 MB, peak memory is 470 MB
RUN-1002 : start command "report_area -io_info -file top_phy.area"
RUN-1001 : standard
***Report Model: top Device: EG4S20NG88***

IO Statistics
#IO                        29
  #input                    1
  #output                  28
  #inout                    0

Utilization Statistics
#lut                      318   out of  19600    1.62%
#reg                       36   out of  19600    0.18%
#le                       323
  #lut only               287   out of    323   88.85%
  #reg only                 5   out of    323    1.55%
  #lut&reg                 31   out of    323    9.60%
#dsp                        0   out of     29    0.00%
#bram                       0   out of     64    0.00%
  #bram9k                   0
  #fifo9k                   0
#bram32k                    0   out of     16    0.00%
#pad                       29   out of     66   43.94%
  #ireg                     0
  #oreg                     2
  #treg                     0
#pll                        1   out of      4   25.00%
#gclk                       1   out of     16    6.25%

Clock Resource Statistics
Index     ClockNet                 Type               DriverType         Driver                         Fanout
#1        rgb_timing_m0/rgb_clk    GCLK               pll                video_pll_m0/pll_inst.clkc1    26
#2        clk_dup_1                GeneralRouting     io                 clk_syn_2.di                   1
#3        video_pll_m0/clk0_buf    GCLK               pll                video_pll_m0/pll_inst.clkc0    0


Detailed IO Report

     Name        Direction    Location    IOStandard    DriveStrength    PullType    PackReg  
      clk          INPUT        P35        LVCMOS25          N/A          PULLUP      NONE    
    lcd_clk       OUTPUT        P60        LVCMOS25           8            NONE       NONE    
    lcd_de        OUTPUT        P63        LVCMOS25           8            NONE       NONE    
    lcd_hs        OUTPUT        P61        LVCMOS25           8            NONE       OREG    
  lcd_rgb[23]     OUTPUT        P38        LVCMOS25           8            NONE       NONE    
  lcd_rgb[22]     OUTPUT        P37        LVCMOS25           8            NONE       NONE    
  lcd_rgb[21]     OUTPUT        P33        LVCMOS25           8            NONE       NONE    
  lcd_rgb[20]     OUTPUT        P32        LVCMOS25           8            NONE       NONE    
  lcd_rgb[19]     OUTPUT        P31        LVCMOS25           8            NONE       NONE    
  lcd_rgb[18]     OUTPUT        P30        LVCMOS25           8            NONE       NONE    
  lcd_rgb[17]     OUTPUT        P29        LVCMOS25           8            NONE       NONE    
  lcd_rgb[16]     OUTPUT        P28        LVCMOS25           8            NONE       NONE    
  lcd_rgb[15]     OUTPUT        P47        LVCMOS25           8            NONE       NONE    
  lcd_rgb[14]     OUTPUT        P45        LVCMOS25           8            NONE       NONE    
  lcd_rgb[13]     OUTPUT        P44        LVCMOS25           8            NONE       NONE    
  lcd_rgb[12]     OUTPUT        P42        LVCMOS25           8            NONE       NONE    
  lcd_rgb[11]     OUTPUT        P41        LVCMOS25           8            NONE       NONE    
  lcd_rgb[10]     OUTPUT        P40        LVCMOS25           8            NONE       NONE    
  lcd_rgb[9]      OUTPUT        P39        LVCMOS25           8            NONE       NONE    
  lcd_rgb[8]      OUTPUT        P59        LVCMOS25           8            NONE       NONE    
  lcd_rgb[7]      OUTPUT        P57        LVCMOS25           8            NONE       NONE    
  lcd_rgb[6]      OUTPUT        P55        LVCMOS25           8            NONE       NONE    
  lcd_rgb[5]      OUTPUT        P54        LVCMOS25           8            NONE       NONE    
  lcd_rgb[4]      OUTPUT        P52        LVCMOS25           8            NONE       NONE    
  lcd_rgb[3]      OUTPUT        P51        LVCMOS25           8            NONE       NONE    
  lcd_rgb[2]      OUTPUT        P50        LVCMOS25           8            NONE       NONE    
  lcd_rgb[1]      OUTPUT        P49        LVCMOS25           8            NONE       NONE    
  lcd_rgb[0]      OUTPUT        P48        LVCMOS25           8            NONE       NONE    
    lcd_vs        OUTPUT        P62        LVCMOS25           8            NONE       OREG    

Report Hierarchy Area:
+---------------------------------------------------------------------------------+
|Instance        |Module     |le     |lut     |ripple  |seq     |bram    |dsp     |
+---------------------------------------------------------------------------------+
|top             |top        |323    |198     |120     |38      |0       |0       |
|  rgb_timing_m0 |rgb_timing |80     |57      |18      |35      |0       |0       |
|  video_pll_m0  |video_pll  |0      |0       |0       |0       |0       |0       |
+---------------------------------------------------------------------------------+


DataNet Average Fanout:

   Index     Fanout    Nets  
    #1         1       165   
    #2         2        24   
    #3         3        17   
    #4         4        19   
    #5        5-10      15   
    #6       11-50      9    
  Average     2.46           

RUN-1002 : start command "export_db top_pr.db"
RUN-1001 : Exported /
RUN-1001 : Exported flow parameters
RUN-1001 : Exported libs
RUN-1001 : Exported entities
RUN-1001 : Exported ports
RUN-1001 : Exported pins
RUN-1001 : Exported instances
RUN-1001 : Exported nets
RUN-1001 : Exported buses
RUN-1001 : Exported models
RUN-1001 : Exported congestions
RUN-1001 : Exported violations
RUN-1001 : Exported IO constraints
RUN-1001 : Exported Inst constraints
RUN-1002 : start command "export_bid top_inst.bid"
RUN-1002 : start command "bitgen -bit top.bit"
BIT-1003 : Start to generate bitstream. 
BIT-1002 : Init instances with 16 threads.
BIT-1002 : Init instances completely, inst num: 201
BIT-1002 : Init pips with 16 threads.
BIT-1002 : Init pips completely, net num: 283, pip num: 2105
BIT-1002 : Init feedthrough completely, num: 1
BIT-1003 : Multithreading accelaration with 16 threads.
BIT-1003 : Generate bitstream completely, there are 478 valid insts, and 7138 bits set as '1'.
BIT-1004 : PLL setting string = 0001
BIT-1004 : Generate bits file top.bit.
RUN-1002 : start command "backup_run_log run.log ../.logs/phy_1/td_20230707_174111.log"
