============================================================
   Tang Dynasty, V5.6.71036
      Copyright (c) 2012-2023 Anlogic Inc.
   Executable = D:/Anlogic/TD5.6.2/bin/td.exe
   Built at =   20:34:38 Mar 21 2023
   Run by =     BigPig
   Run Date =   Thu Jul  6 12:21:56 2023

   Run on =     DESKTOP-9MNJBAS
============================================================
RUN-1002 : start command "open_project top.prj"
RUN-1001 : Print Global Property
RUN-1001 : ---------------------------------------------------------------
RUN-1001 :        Parameters        |  Settings  |  Default Values  |  Note  
RUN-1001 : ---------------------------------------------------------------
RUN-1001 :          message         |  standard  |     standard     |        
RUN-1001 :   mixed_pack_place_flow  |     on     |        on        |        
RUN-1001 :        qor_monitor       |    off     |       off        |        
RUN-1001 :        syn_ip_flow       |    off     |       off        |        
RUN-1001 :          thread          |    auto    |       auto       |        
RUN-1001 : ---------------------------------------------------------------
RUN-1001 : Print Design Property
RUN-1001 : --------------------------------------------------------------
RUN-1001 :        Parameters       |  Settings  |  Default Values  |  Note  
RUN-1001 : --------------------------------------------------------------
RUN-1001 :   default_reg_initial   |    auto    |       auto       |        
RUN-1001 :        infer_add        |     on     |        on        |        
RUN-1001 :        infer_fsm        |    off     |       off        |        
RUN-1001 :        infer_mult       |     on     |        on        |        
RUN-1001 :        infer_ram        |     on     |        on        |        
RUN-1001 :        infer_reg        |     on     |        on        |        
RUN-1001 :   infer_reg_init_value  |     on     |        on        |        
RUN-1001 :        infer_rom        |     on     |        on        |        
RUN-1001 :      infer_shifter      |     on     |        on        |        
RUN-1001 : --------------------------------------------------------------
RUN-1001 : Print Rtl Property
RUN-1001 : --------------------------------------------------------------
RUN-1001 :        Parameters       |  Settings  |  Default Values  |  Note  
RUN-1001 : --------------------------------------------------------------
RUN-1001 :       compress_add      |   ripple   |      ripple      |        
RUN-1001 :        elf_sload        |    off     |       off        |        
RUN-1001 :       fix_undriven      |     0      |        0         |        
RUN-1001 :         flatten         |    off     |       off        |        
RUN-1001 :       gate_sharing      |     on     |        on        |        
RUN-1001 :    hdl_warning_level    |   normal   |      normal      |        
RUN-1001 :   impl_internal_tribuf  |     on     |        on        |        
RUN-1001 :      impl_set_reset     |     on     |        on        |        
RUN-1001 :        infer_gsr        |    off     |       off        |        
RUN-1001 :      keep_hierarchy     |    auto    |       auto       |        
RUN-1001 :        max_fanout       |    9999    |       9999       |        
RUN-1001 :      max_oh2bin_len     |     10     |        10        |        
RUN-1001 :       merge_equal       |     on     |        on        |        
RUN-1001 :       merge_equiv       |     on     |        on        |        
RUN-1001 :        merge_mux        |    off     |       off        |        
RUN-1001 :     min_control_set     |     8      |        8         |        
RUN-1001 :      min_ripple_len     |    auto    |       auto       |        
RUN-1001 :       oh2bin_ratio      |    0.08    |       0.08       |        
RUN-1001 :     opt_adder_fanout    |     on     |        on        |        
RUN-1001 :        opt_arith        |     on     |        on        |        
RUN-1001 :       opt_big_gate      |    off     |       off        |        
RUN-1001 :        opt_const        |     on     |        on        |        
RUN-1001 :      opt_const_mult     |     on     |        on        |        
RUN-1001 :       opt_lessthan      |     on     |        on        |        
RUN-1001 :         opt_mux         |    off     |       off        |        
RUN-1001 :         opt_ram         |    high    |       high       |        
RUN-1001 :      rtl_sim_model      |    off     |       off        |        
RUN-1001 :         seq_syn         |     on     |        on        |        
RUN-1001 : --------------------------------------------------------------
HDL-1007 : analyze verilog file ../../src/top.sv
HDL-5007 WARNING: non-net output port 'led' cannot be initialized at declaration in SystemVerilog mode in ../../src/top.sv(5)
RUN-1001 : Project manager successfully analyzed 1 source files.
RUN-1002 : start command "import_device eagle_s20.db -package EG4S20NG88"
ARC-1001 : Device Initialization.
ARC-1001 : ---------------------------------------------------------------
ARC-1001 :            OPTION            |        IO         |   SETTING   
ARC-1001 : ---------------------------------------------------------------
ARC-1001 :   cso_b/cclk/mosi/miso/dout  |  P69/P82/P81/P80  |    gpio    
ARC-1001 :             done             |        P8         |    gpio    
ARC-1001 :           program_b          |        P67        |  dedicate  
ARC-1001 :        tdi/tms/tck/tdo       |  P25/P22/P26/P21  |  dedicate  
ARC-1001 : ---------------------------------------------------------------
ARC-1004 : Device setting, marked 5 dedicate IOs in total.
RUN-1002 : start command "import_db ../syn_1/top_gate.db"
RUN-1001 : Importing database generated by Tang Dynasty, V5.6.71036.
RUN-1001 : Database version number 46146.
RUN-1001 : Import flow parameters
RUN-1001 : Import IO constraints
RUN-1001 : Import Inst constraints
RUN-1001 : Import design success TD_VERSION=5.6.71036 , DB_VERSION=46146
RUN-1002 : start command "place"
RUN-1001 : Open license file D:/Anlogic/TD5.6.2/license/Anlogic.lic
RUN-1001 : Print Global Property
RUN-1001 : ---------------------------------------------------------------
RUN-1001 :        Parameters        |  Settings  |  Default Values  |  Note  
RUN-1001 : ---------------------------------------------------------------
RUN-1001 :          message         |  standard  |     standard     |        
RUN-1001 :   mixed_pack_place_flow  |     on     |        on        |        
RUN-1001 :        qor_monitor       |    off     |       off        |        
RUN-1001 :        syn_ip_flow       |    off     |       off        |        
RUN-1001 :          thread          |    auto    |       auto       |        
RUN-1001 : ---------------------------------------------------------------
RUN-1001 : Print Place Property
RUN-1001 : --------------------------------------------------------------
RUN-1001 :        Parameters       |  Settings  |  Default Values  |  Note  
RUN-1001 : --------------------------------------------------------------
RUN-1001 :      detailed_place     |     on     |        on        |        
RUN-1001 :          effort         |   medium   |      medium      |        
RUN-1001 :         fix_hold        |    off     |       off        |        
RUN-1001 :       legalization      |    ori     |       ori        |        
RUN-1001 :      new_spreading      |     on     |        on        |        
RUN-1001 :        opt_timing       |   medium   |      medium      |        
RUN-1001 :   post_clock_route_opt  |    off     |       off        |        
RUN-1001 :       pr_strategy       |     1      |        1         |        
RUN-1001 :        relaxation       |    1.00    |       1.00       |        
RUN-1001 :         retiming        |    off     |       off        |        
RUN-1001 : --------------------------------------------------------------
PHY-3001 : Placer runs in 16 thread(s).
RUN-1002 : start command "legalize_phy_inst"
SYN-1011 : Flatten model top
RUN-1002 : start command "phys_opt -simplify_lut"
SYN-4024 : Net "clk_dup_1" drives clk pins.
SYN-4025 : Tag rtl::Net clk_dup_1 as clock net
SYN-4026 : Tagged 1 rtl::Net as clock net
PHY-1001 : Populate physical database on model top.
RUN-1001 : There are total 99 instances
RUN-0007 : 39 luts, 30 seqs, 14 mslices, 7 lslices, 6 pads, 0 brams, 0 dsps
RUN-1001 : There are total 125 nets
RUN-1001 : 86 nets have 2 pins
RUN-1001 : 31 nets have [3 - 5] pins
RUN-1001 : 3 nets have [6 - 10] pins
RUN-1001 : 5 nets have [21 - 99] pins
RUN-1001 : Report Control nets information:
RUN-1001 : DFF Distribution
RUN-1001 : ----------------------------------
RUN-1001 :   CE   |  SSR  |  ASR  |  DFF Count  
RUN-1001 : ----------------------------------
RUN-1001 :   No   |  No   |  No   |      0      
RUN-1001 :   No   |  No   |  Yes  |     30      
RUN-1001 :   No   |  Yes  |  No   |      0      
RUN-1001 :   Yes  |  No   |  No   |      0      
RUN-1001 :   Yes  |  No   |  Yes  |      0      
RUN-1001 :   Yes  |  Yes  |  No   |      0      
RUN-1001 : ----------------------------------
RUN-0007 : Control Group Statistic
RUN-0007 : ---------------------------
RUN-0007 :   #CLK  |  #CE  |  #SSR/ASR  
RUN-0007 : ---------------------------
RUN-0007 :    1    |   1   |     2      
RUN-0007 : ---------------------------
RUN-0007 : Control Set = 1
PHY-3001 : Initial placement ...
PHY-3001 : design contains 97 instances, 39 luts, 30 seqs, 21 slices, 2 macros(21 instances: 14 mslices 7 lslices)
PHY-0007 : Cell area utilization is 0%
PHY-3001 : Global placement ...
PHY-3001 : Initial: Len = 37983.4
PHY-3001 : Clustering ...
PHY-3001 : Level 0 #clusters 97.
PHY-3001 : End clustering;  0.000016s wall, 0.000000s user + 0.000000s system = 0.000000s CPU (n/a%)

PHY-3001 : Run with size of 4
PHY-3001 : Cell area utilization is 0%
PHY-3001 : :::0::: Try harder cell spreading with beta_ = 0
PHY-3002 : Step(1): len = 24336.9, overlap = 0
PHY-3002 : Step(2): len = 16240.5, overlap = 0
PHY-3002 : Step(3): len = 10965.6, overlap = 0
PHY-3002 : Step(4): len = 7097.8, overlap = 0
PHY-3002 : Step(5): len = 4548.7, overlap = 0
PHY-3002 : Step(6): len = 3534.5, overlap = 0
PHY-3002 : Step(7): len = 2849.3, overlap = 0
PHY-3002 : Step(8): len = 2578.7, overlap = 0
PHY-3002 : Step(9): len = 2651.4, overlap = 0
PHY-3002 : Step(10): len = 2685.8, overlap = 0
PHY-3002 : Step(11): len = 2464.1, overlap = 0
PHY-3002 : Step(12): len = 2407.3, overlap = 0
PHY-3002 : Step(13): len = 2540.5, overlap = 0
PHY-3002 : Step(14): len = 2633.4, overlap = 0
PHY-3001 : Legalization ...
PHY-3001 : End legalization;  0.003070s wall, 0.000000s user + 0.000000s system = 0.000000s CPU (n/a%)

PHY-3001 : Run with size of 4
PHY-3001 : Cell area utilization is 0%
PHY-3001 : :::0::: Try harder cell spreading with beta_ = 0
PHY-3002 : Step(15): len = 2384, overlap = 0
PHY-3002 : Step(16): len = 2331.6, overlap = 0
PHY-3002 : Step(17): len = 2331.6, overlap = 0
PHY-3002 : Step(18): len = 2313.8, overlap = 0
PHY-3002 : Step(19): len = 2366.3, overlap = 0
PHY-3002 : Step(20): len = 2512.5, overlap = 0
PHY-3002 : Step(21): len = 2608.8, overlap = 0
PHY-3002 : Step(22): len = 2465.8, overlap = 0
PHY-3002 : Step(23): len = 2237.7, overlap = 0
PHY-3002 : Step(24): len = 2349.7, overlap = 0
PHY-3002 : Step(25): len = 2045.3, overlap = 0.0625
PHY-3002 : Step(26): len = 1896, overlap = 0
PHY-3002 : Step(27): len = 1787.5, overlap = 0
PHY-3002 : Step(28): len = 1845.3, overlap = 0
PHY-3002 : Step(29): len = 1877.1, overlap = 0
PHY-3002 : Step(30): len = 1962.6, overlap = 0
PHY-3002 : Step(31): len = 2086, overlap = 0
PHY-3002 : Step(32): len = 1811.2, overlap = 0
PHY-3002 : Step(33): len = 1849.1, overlap = 0
PHY-3002 : Step(34): len = 1884.5, overlap = 0
PHY-3002 : Step(35): len = 1922.5, overlap = 0
PHY-3002 : Step(36): len = 1815.4, overlap = 0
PHY-3002 : Step(37): len = 1833.6, overlap = 0
PHY-3002 : Step(38): len = 1795.3, overlap = 0
PHY-3002 : Step(39): len = 1646, overlap = 0
PHY-3002 : Step(40): len = 1699.5, overlap = 0
PHY-3002 : Step(41): len = 1633.1, overlap = 0
PHY-3002 : Step(42): len = 1679.8, overlap = 0
PHY-3002 : Step(43): len = 1587.3, overlap = 0
PHY-3002 : Step(44): len = 1542.6, overlap = 0
PHY-3002 : Step(45): len = 1389.6, overlap = 0
PHY-3002 : Step(46): len = 1374.2, overlap = 0
PHY-3002 : Step(47): len = 1321.7, overlap = 0
PHY-3002 : Step(48): len = 1293.2, overlap = 0
PHY-3002 : Step(49): len = 1298.4, overlap = 0
PHY-3002 : Step(50): len = 1363.4, overlap = 0
PHY-3002 : Step(51): len = 1200.4, overlap = 0
PHY-3002 : Step(52): len = 1192.5, overlap = 0
PHY-3002 : Step(53): len = 1115.4, overlap = 0
PHY-3001 : Run with size of 2
PHY-3001 : Cell area utilization is 0%
PHY-3001 : :::0::: Try harder cell spreading with beta_ = 0.000132313
PHY-3002 : Step(54): len = 1177, overlap = 3
PHY-3002 : Step(55): len = 1189.9, overlap = 3
PHY-3002 : Step(56): len = 1196.1, overlap = 3
PHY-3001 : :::1::: Try harder cell spreading with beta_ = 0.000264626
PHY-3002 : Step(57): len = 1133.9, overlap = 2.875
PHY-3002 : Step(58): len = 1133.9, overlap = 2.875
PHY-3001 : :::2::: Try harder cell spreading with beta_ = 0.000529252
PHY-3002 : Step(59): len = 1146.8, overlap = 2.875
PHY-3002 : Step(60): len = 1146.8, overlap = 2.875
OPT-1001 : Start physical optimization ...
OPT-1001 : Total overflow 2.88 peak overflow 0.97
OPT-1001 : Start high-fanout net optimization ...
OPT-1001 : Update timing in global mode
PHY-1001 : Start incremental global routing, caller is place ...
RUN-1001 : Generating global routing grids ...
RUN-1001 : Building simple global routing graph ...
PHY-1001 : Generate routing nets ...
PHY-1001 : Reuse net number 0/125.
PHY-1001 : Global iterations in 16 thread ...
PHY-1002 : len = 1088, over cnt = 6(0%), over = 21, worst = 5
PHY-1001 : End global iterations;  0.003784s wall, 0.000000s user + 0.000000s system = 0.000000s CPU (n/a%)

PHY-1001 : Congestion index: top1 = 3.98, top5 = 0.78, top10 = 0.39, top15 = 0.26.
PHY-1001 : End incremental global routing;  0.040281s wall, 0.046875s user + 0.000000s system = 0.046875s CPU (116.4%)

RUN-1002 : start command "start_timer -report"
TMR-5001 WARNING: No sdc constraints found while initiating timer.
TMR-2505 : Start building timing graph for model top.
TMR-2506 : Build timing graph completely. Port num: 3, tpin num: 412, tnet num: 123, tinst num: 97, tnode num: 518, tedge num: 667.
TMR-2508 : Levelizing timing graph completed, there are 33 levels in total.
TMR-2501 : Timing graph initialized successfully.
OPT-1001 : End timing update;  0.056480s wall, 0.046875s user + 0.000000s system = 0.046875s CPU (83.0%)

OPT-1001 : 0 high-fanout net processed.
OPT-1001 : End high-fanout net optimization;  0.097691s wall, 0.093750s user + 0.000000s system = 0.093750s CPU (96.0%)

OPT-1001 : Current memory(MB): used = 137, reserve = 108, peak = 137.
OPT-1001 : End physical optimization;  0.099759s wall, 0.093750s user + 0.000000s system = 0.093750s CPU (94.0%)

PHY-3001 : Start packing ...
SYN-4007 : Packing 0 MUX to BLE ...
SYN-4008 : Packed 0 MUX and 0 SEQ to BLE.
SYN-4007 : Packing 39 LUT to BLE ...
SYN-4008 : Packed 39 LUT and 30 SEQ to BLE.
SYN-4003 : Packing 0 remaining SEQ's ...
SYN-4005 : Packed 0 SEQ with LUT/SLICE
SYN-4006 : 9 single LUT's are left
SYN-4006 : 0 single SEQ's are left
SYN-4011 : Packing model "top" (AL_USER_NORMAL) with 39/69 primitive instances ...
PHY-3001 : End packing;  0.001801s wall, 0.000000s user + 0.000000s system = 0.000000s CPU (n/a%)

PHY-1001 : Populate physical database on model top.
RUN-1001 : There are total 50 instances
RUN-1001 : 20 mslices, 21 lslices, 6 pads, 0 brams, 0 dsps
RUN-1001 : There are total 95 nets
RUN-1001 : 56 nets have 2 pins
RUN-1001 : 31 nets have [3 - 5] pins
RUN-1001 : 3 nets have [6 - 10] pins
RUN-1001 : 5 nets have [21 - 99] pins
PHY-3001 : design contains 48 instances, 41 slices, 2 macros(21 instances: 14 mslices 7 lslices)
PHY-3001 : Cell area utilization is 0%
PHY-3001 : After packing: Len = 1032.4, Over = 3.75
PHY-3001 : Run with size of 2
PHY-3001 : Cell area utilization is 0%
PHY-3001 : :::0::: Try harder cell spreading with beta_ = 0.000202587
PHY-3002 : Step(61): len = 1007.3, overlap = 4
PHY-3002 : Step(62): len = 1007.3, overlap = 4
PHY-3001 : :::1::: Try harder cell spreading with beta_ = 0.000405173
PHY-3002 : Step(63): len = 1038.5, overlap = 3.75
PHY-3002 : Step(64): len = 1038.5, overlap = 3.75
PHY-3001 : :::2::: Try harder cell spreading with beta_ = 0.000810346
PHY-3002 : Step(65): len = 992, overlap = 4
PHY-3002 : Step(66): len = 1028.9, overlap = 2
PHY-3001 : Legalization ...
PHY-3001 : End legalization;  0.006901s wall, 0.015625s user + 0.015625s system = 0.031250s CPU (452.9%)

PHY-3001 : Trial Legalized: Len = 1703.4
PHY-3001 : Run with size of 2
PHY-3001 : Cell area utilization is 0%
PHY-3001 : :::0::: Try harder cell spreading with beta_ = 0.00849871
PHY-3002 : Step(67): len = 1582.8, overlap = 0
PHY-3002 : Step(68): len = 1551, overlap = 0
PHY-3002 : Step(69): len = 1519, overlap = 0
PHY-3001 : Legalization ...
PHY-3001 : End legalization;  0.003363s wall, 0.000000s user + 0.000000s system = 0.000000s CPU (n/a%)

PHY-3001 : Legalized: Len = 1709.4, Over = 0
PHY-3001 : End spreading;  0.001375s wall, 0.000000s user + 0.000000s system = 0.000000s CPU (n/a%)

PHY-3001 : Final: Len = 1709.4, Over = 0
OPT-1001 : Start physical optimization ...
OPT-1001 : Total overflow 0.00 peak overflow 0.00
OPT-1001 : Start high-fanout net optimization ...
OPT-1001 : Update timing in global mode
PHY-1001 : Start incremental global routing, caller is place ...
RUN-1001 : Generating global routing grids ...
PHY-1001 : Generate routing nets ...
PHY-1001 : Reuse net number 8/95.
PHY-1001 : Global iterations in 16 thread ...
PHY-1002 : len = 1856, over cnt = 12(0%), over = 15, worst = 3
PHY-1002 : len = 1960, over cnt = 0(0%), over = 0, worst = 0
PHY-1001 : End global iterations;  0.006620s wall, 0.000000s user + 0.000000s system = 0.000000s CPU (n/a%)

PHY-1001 : Congestion index: top1 = 7.46, top5 = 1.51, top10 = 0.75, top15 = 0.50.
PHY-1001 : End incremental global routing;  0.035364s wall, 0.046875s user + 0.000000s system = 0.046875s CPU (132.6%)

RUN-1002 : start command "start_timer -report"
TMR-5001 WARNING: No sdc constraints found while initiating timer.
TMR-2505 : Start building timing graph for model top.
TMR-2506 : Build timing graph completely. Port num: 3, tpin num: 330, tnet num: 93, tinst num: 48, tnode num: 414, tedge num: 574.
TMR-2508 : Levelizing timing graph completed, there are 31 levels in total.
TMR-2501 : Timing graph initialized successfully.
OPT-1001 : End timing update;  0.026648s wall, 0.015625s user + 0.000000s system = 0.015625s CPU (58.6%)

OPT-1001 : 0 high-fanout net processed.
OPT-1001 : End high-fanout net optimization;  0.062659s wall, 0.062500s user + 0.000000s system = 0.062500s CPU (99.7%)

OPT-1001 : Current memory(MB): used = 138, reserve = 109, peak = 138.
OPT-1001 : Update timing in Manhattan mode
OPT-1001 : End timing update;  0.000033s wall, 0.000000s user + 0.000000s system = 0.000000s CPU (n/a%)

OPT-1001 : Start pin optimization...
OPT-1001 : skip pin optimization...
RUN-1001 : Generating global routing grids ...
PHY-1001 : Generate routing nets ...
PHY-1001 : Reuse net number 74/95.
PHY-1001 : Global iterations in 16 thread ...
PHY-1002 : len = 1960, over cnt = 0(0%), over = 0, worst = 0
PHY-1001 : End global iterations;  0.000646s wall, 0.000000s user + 0.000000s system = 0.000000s CPU (n/a%)

PHY-1001 : Congestion index: top1 = 7.46, top5 = 1.51, top10 = 0.75, top15 = 0.50.
OPT-1001 : Update timing in Manhattan mode
OPT-1001 : End timing update;  0.000072s wall, 0.000000s user + 0.000000s system = 0.000000s CPU (n/a%)

RUN-1001 : QoR Analysis:
OPT-0007 :   WNS 2147483647 TNS 0 NUM_FEPS 0
RUN-1001 :   No local congestion issue, and most congested 1% tile average routing util is 7.000000
RUN-1001 :   Top critical paths
OPT-1001 : End physical optimization;  0.095622s wall, 0.093750s user + 0.000000s system = 0.093750s CPU (98.0%)

RUN-1003 : finish command "place" in  1.143549s wall, 1.343750s user + 1.812500s system = 3.156250s CPU (276.0%)

RUN-1004 : used memory is 122 MB, reserved memory is 93 MB, peak memory is 138 MB
RUN-1002 : start command "export_db top_place.db"
RUN-1001 : Exported /
RUN-1001 : Exported flow parameters
RUN-1001 : Exported libs
RUN-1001 : Exported entities
RUN-1001 : Exported ports
RUN-1001 : Exported pins
RUN-1001 : Exported instances
RUN-1001 : Exported nets
RUN-1001 : Exported buses
RUN-1001 : Exported models
RUN-1001 : Exported congestions
RUN-1001 : Exported violations
RUN-1001 : Exported IO constraints
RUN-1001 : Exported Inst constraints
RUN-1002 : start command "route"
RUN-1001 : Open license file D:/Anlogic/TD5.6.2/license/Anlogic.lic
RUN-1001 : Print Global Property
RUN-1001 : ---------------------------------------------------------------
RUN-1001 :        Parameters        |  Settings  |  Default Values  |  Note  
RUN-1001 : ---------------------------------------------------------------
RUN-1001 :          message         |  standard  |     standard     |        
RUN-1001 :   mixed_pack_place_flow  |     on     |        on        |        
RUN-1001 :        qor_monitor       |    off     |       off        |        
RUN-1001 :        syn_ip_flow       |    off     |       off        |        
RUN-1001 :          thread          |    auto    |       auto       |        
RUN-1001 : ---------------------------------------------------------------
RUN-1001 : Print Route Property
RUN-1001 : -------------------------------------------------------
RUN-1001 :    Parameters    |  Settings  |  Default Values  |  Note  
RUN-1001 : -------------------------------------------------------
RUN-1001 :      effort      |   medium   |      medium      |        
RUN-1001 :     fix_hold     |    off     |       off        |        
RUN-1001 :    opt_timing    |   medium   |      medium      |        
RUN-1001 :   phy_sim_model  |    off     |       off        |        
RUN-1001 :     priority     |   timing   |      timing      |        
RUN-1001 :     swap_pin     |     on     |        on        |        
RUN-1001 : -------------------------------------------------------
PHY-1001 : Route runs in 16 thread(s)
RUN-1001 : There are total 50 instances
RUN-1001 : 20 mslices, 21 lslices, 6 pads, 0 brams, 0 dsps
RUN-1001 : There are total 95 nets
RUN-1001 : 56 nets have 2 pins
RUN-1001 : 31 nets have [3 - 5] pins
RUN-1001 : 3 nets have [6 - 10] pins
RUN-1001 : 5 nets have [21 - 99] pins
RUN-1002 : start command "start_timer -report"
TMR-5001 WARNING: No sdc constraints found while initiating timer.
TMR-2505 : Start building timing graph for model top.
TMR-2506 : Build timing graph completely. Port num: 3, tpin num: 330, tnet num: 93, tinst num: 48, tnode num: 414, tedge num: 574.
TMR-2508 : Levelizing timing graph completed, there are 31 levels in total.
TMR-2501 : Timing graph initialized successfully.
PHY-1001 : 20 mslices, 21 lslices, 6 pads, 0 brams, 0 dsps
TMR-2503 : Start to update net delay, extr mode = 3.
TMR-2504 : Update delay of 93 nets completely.
TMR-2502 : Annotate delay completely, extr mode = 3.
TMR-3002 : No user constraint, initiate default constraint.
TMR-1501 : Assign derive clock DeriveClock to 46 clock pins, and constraint 84 relative nodes.
TMR-3003 : Constraints initiated successfully.
TMR-3501 : Forward propagation: start to calculate arrival time...
TMR-3502 : Backward propagation: start to calculate required time...
TMR-3503 : Timing propagation completes.
PHY-1001 : Start global routing, caller is route ...
RUN-1001 : Generating global routing grids ...
PHY-1001 : Generate routing nets ...
PHY-1001 : Global iterations in 16 thread ...
PHY-1002 : len = 1840, over cnt = 11(0%), over = 13, worst = 3
PHY-1002 : len = 1896, over cnt = 3(0%), over = 3, worst = 1
PHY-1002 : len = 1944, over cnt = 0(0%), over = 0, worst = 0
PHY-1001 : End global iterations;  0.009893s wall, 0.062500s user + 0.015625s system = 0.078125s CPU (789.7%)

PHY-1001 : Congestion index: top1 = 7.35, top5 = 1.47, top10 = 0.73, top15 = 0.49.
PHY-1001 : End global routing;  0.040279s wall, 0.078125s user + 0.015625s system = 0.093750s CPU (232.8%)

PHY-1001 : Start detail routing ...
PHY-1001 : Current memory(MB): used = 158, reserve = 129, peak = 173.
PHY-1001 : Detailed router is running in normal mode.
PHY-1001 : Generate detailed routing grids ...
PHY-1001 : Generate nets ...
PHY-1001 : net clk_dup_1 will be routed on clock mesh
PHY-1001 : Current memory(MB): used = 428, reserve = 403, peak = 428.
PHY-1001 : End build detailed router design. 2.800158s wall, 2.625000s user + 0.031250s system = 2.656250s CPU (94.9%)

PHY-1001 : Detail Route ...
PHY-1001 : ===== Detail Route Phase 1 =====
PHY-1001 : Clock net routing.....
PHY-1001 : Routed 1% nets.
PHY-1022 : len = 1584, over cnt = 0(0%), over = 0, worst = 0, crit = 0
PHY-1001 : End initial clock net routed; 0.004075s wall, 0.000000s user + 0.000000s system = 0.000000s CPU (n/a%)

PHY-1001 : Current memory(MB): used = 428, reserve = 403, peak = 428.
PHY-1001 : End phase 1; 0.009635s wall, 0.000000s user + 0.000000s system = 0.000000s CPU (n/a%)

PHY-1001 : ===== Detail Route Phase 2 =====
PHY-1001 : Initial routing.....
PHY-1001 : Routed 24% nets.
PHY-1001 : Routed 26% nets.
PHY-1001 : Routed 40% nets.
PHY-1001 : Routed 60% nets.
PHY-1001 : Routed 71% nets.
PHY-1022 : len = 7008, over cnt = 1(0%), over = 1, worst = 1, crit = 0
PHY-1001 : Current memory(MB): used = 430, reserve = 404, peak = 430.
PHY-1001 : End initial routed; 0.031577s wall, 0.031250s user + 0.000000s system = 0.031250s CPU (99.0%)

PHY-1001 : Current memory(MB): used = 430, reserve = 404, peak = 430.
PHY-1001 : End phase 2; 0.031619s wall, 0.031250s user + 0.000000s system = 0.031250s CPU (98.8%)

PHY-1001 : ===== Detail Route Phase 3 =====
PHY-1001 : Ripup-reroute.....
PHY-1001 : ===== DR Iter 1 =====
PHY-1022 : len = 7024, over cnt = 0(0%), over = 0, worst = 0, crit = 0
PHY-1001 : End DR Iter 1; 0.008424s wall, 0.015625s user + 0.000000s system = 0.015625s CPU (185.5%)

PHY-1001 : Commit to database.....
PHY-1001 : 0 feed throughs used by 0 nets
PHY-1001 : End commit to database; 0.010281s wall, 0.000000s user + 0.000000s system = 0.000000s CPU (n/a%)

PHY-1001 : Current memory(MB): used = 439, reserve = 413, peak = 439.
PHY-1001 : End phase 3; 0.092688s wall, 0.093750s user + 0.000000s system = 0.093750s CPU (101.1%)

PHY-1003 : Routed, final wirelength = 7024
PHY-1001 : Current memory(MB): used = 439, reserve = 413, peak = 439.
PHY-1001 : End export database. 0.004008s wall, 0.015625s user + 0.000000s system = 0.015625s CPU (389.9%)

PHY-1001 : End detail routing;  3.068231s wall, 2.890625s user + 0.046875s system = 2.937500s CPU (95.7%)

RUN-1003 : finish command "route" in  3.173001s wall, 3.031250s user + 0.062500s system = 3.093750s CPU (97.5%)

RUN-1004 : used memory is 411 MB, reserved memory is 386 MB, peak memory is 439 MB
RUN-1002 : start command "report_area -io_info -file top_phy.area"
RUN-1001 : standard
***Report Model: top Device: EG4S20NG88***

IO Statistics
#IO                         6
  #input                    2
  #output                   4
  #inout                    0

Utilization Statistics
#lut                       81   out of  19600    0.41%
#reg                       30   out of  19600    0.15%
#le                        81
  #lut only                51   out of     81   62.96%
  #reg only                 0   out of     81    0.00%
  #lut&reg                 30   out of     81   37.04%
#dsp                        0   out of     29    0.00%
#bram                       0   out of     64    0.00%
  #bram9k                   0
  #fifo9k                   0
#bram32k                    0   out of     16    0.00%
#pad                        6   out of     66    9.09%
  #ireg                     0
  #oreg                     4
  #treg                     0
#pll                        0   out of      4    0.00%
#gclk                       0   out of     16    0.00%

Clock Resource Statistics
Index     ClockNet     Type               DriverType         Driver          Fanout
#1        clk_dup_1    GCLK               io                 clk_syn_2.di    23


Detailed IO Report

   Name     Direction    Location    IOStandard    DriveStrength    PullType    PackReg  
   clk        INPUT        P35        LVCMOS25          N/A          PULLUP      NONE    
  rst_n       INPUT        P14        LVCMOS25          N/A          PULLUP      NONE    
  led[3]     OUTPUT         P2        LVCMOS25           8            NONE       OREG    
  led[2]     OUTPUT         P3        LVCMOS25           8            NONE       OREG    
  led[1]     OUTPUT         P4        LVCMOS25           8            NONE       OREG    
  led[0]     OUTPUT         P5        LVCMOS25           8            NONE       OREG    

Report Hierarchy Area:
+----------------------------------------------------------------------+
|Instance |Module |le     |lut     |ripple  |seq     |bram    |dsp     |
+----------------------------------------------------------------------+
|top      |top    |81     |60      |21      |34      |0       |0       |
+----------------------------------------------------------------------+


DataNet Average Fanout:

   Index     Fanout    Nets  
    #1         1        50   
    #2         3        30   
    #3         4        1    
    #4        5-10      3    
    #5       11-50      2    
  Average     2.42           

RUN-1002 : start command "export_db top_pr.db"
RUN-1001 : Exported /
RUN-1001 : Exported flow parameters
RUN-1001 : Exported libs
RUN-1001 : Exported entities
RUN-1001 : Exported ports
RUN-1001 : Exported pins
RUN-1001 : Exported instances
RUN-1001 : Exported nets
RUN-1001 : Exported buses
RUN-1001 : Exported models
RUN-1001 : Exported congestions
RUN-1001 : Exported violations
RUN-1001 : Exported IO constraints
RUN-1001 : Exported Inst constraints
RUN-1002 : start command "export_bid top_inst.bid"
RUN-1002 : start command "bitgen -bit top.bit"
BIT-1003 : Start to generate bitstream. 
BIT-1002 : Init instances with 16 threads.
BIT-1002 : Init instances completely, inst num: 48
BIT-1002 : Init pips with 16 threads.
BIT-1002 : Init pips completely, net num: 95, pip num: 643
BIT-1003 : Multithreading accelaration with 16 threads.
BIT-1003 : Generate bitstream completely, there are 112 valid insts, and 2171 bits set as '1'.
BIT-1004 : PLL setting string = 0000
BIT-1004 : Generate bits file top.bit.
RUN-1002 : start command "backup_run_log run.log ../.logs/phy_1/td_20230706_122156.log"
