============================================================
   Tang Dynasty, V5.6.71036
      Copyright (c) 2012-2023 Anlogic Inc.
   Executable = D:/Anlogic/TD5.6.2/bin/td.exe
   Built at =   20:34:38 Mar 21 2023
   Run by =     BigPig
   Run Date =   Sun Jul  9 16:54:02 2023

   Run on =     DESKTOP-9MNJBAS
============================================================
RUN-1002 : start command "open_project top.prj"
RUN-1001 : Print Global Property
RUN-1001 : ---------------------------------------------------------------
RUN-1001 :        Parameters        |  Settings  |  Default Values  |  Note  
RUN-1001 : ---------------------------------------------------------------
RUN-1001 :          message         |  standard  |     standard     |        
RUN-1001 :   mixed_pack_place_flow  |     on     |        on        |        
RUN-1001 :        qor_monitor       |    off     |       off        |        
RUN-1001 :        syn_ip_flow       |    off     |       off        |        
RUN-1001 :          thread          |    auto    |       auto       |        
RUN-1001 : ---------------------------------------------------------------
RUN-1001 : Print Design Property
RUN-1001 : --------------------------------------------------------------
RUN-1001 :        Parameters       |  Settings  |  Default Values  |  Note  
RUN-1001 : --------------------------------------------------------------
RUN-1001 :   default_reg_initial   |    auto    |       auto       |        
RUN-1001 :        infer_add        |     on     |        on        |        
RUN-1001 :        infer_fsm        |    off     |       off        |        
RUN-1001 :        infer_mult       |     on     |        on        |        
RUN-1001 :        infer_ram        |     on     |        on        |        
RUN-1001 :        infer_reg        |     on     |        on        |        
RUN-1001 :   infer_reg_init_value  |     on     |        on        |        
RUN-1001 :        infer_rom        |     on     |        on        |        
RUN-1001 :      infer_shifter      |     on     |        on        |        
RUN-1001 : --------------------------------------------------------------
RUN-1001 : Print Rtl Property
RUN-1001 : --------------------------------------------------------------
RUN-1001 :        Parameters       |  Settings  |  Default Values  |  Note  
RUN-1001 : --------------------------------------------------------------
RUN-1001 :       compress_add      |   ripple   |      ripple      |        
RUN-1001 :        elf_sload        |    off     |       off        |        
RUN-1001 :       fix_undriven      |     0      |        0         |        
RUN-1001 :         flatten         |    off     |       off        |        
RUN-1001 :       gate_sharing      |     on     |        on        |        
RUN-1001 :    hdl_warning_level    |   normal   |      normal      |        
RUN-1001 :   impl_internal_tribuf  |     on     |        on        |        
RUN-1001 :      impl_set_reset     |     on     |        on        |        
RUN-1001 :        infer_gsr        |    off     |       off        |        
RUN-1001 :      keep_hierarchy     |    auto    |       auto       |        
RUN-1001 :        max_fanout       |    9999    |       9999       |        
RUN-1001 :      max_oh2bin_len     |     10     |        10        |        
RUN-1001 :       merge_equal       |     on     |        on        |        
RUN-1001 :       merge_equiv       |     on     |        on        |        
RUN-1001 :        merge_mux        |    off     |       off        |        
RUN-1001 :     min_control_set     |     8      |        8         |        
RUN-1001 :      min_ripple_len     |    auto    |       auto       |        
RUN-1001 :       oh2bin_ratio      |    0.08    |       0.08       |        
RUN-1001 :     opt_adder_fanout    |     on     |        on        |        
RUN-1001 :        opt_arith        |     on     |        on        |        
RUN-1001 :       opt_big_gate      |    off     |       off        |        
RUN-1001 :        opt_const        |     on     |        on        |        
RUN-1001 :      opt_const_mult     |     on     |        on        |        
RUN-1001 :       opt_lessthan      |     on     |        on        |        
RUN-1001 :         opt_mux         |    off     |       off        |        
RUN-1001 :         opt_ram         |    high    |       high       |        
RUN-1001 :      rtl_sim_model      |    off     |       off        |        
RUN-1001 :         seq_syn         |     on     |        on        |        
RUN-1001 : --------------------------------------------------------------
HDL-1007 : analyze verilog file ../../al_ip/video_pll.v
HDL-1007 : undeclared symbol 'open', assumed default net type 'wire' in ../../al_ip/video_pll.v(57)
HDL-1007 : analyze verilog file ../../al_ip/video_fifo.v
HDL-1007 : analyze verilog file ../../src/rgb_timing.v
HDL-1007 : analyze verilog file ../../src/top.v
HDL-1007 : undeclared symbol 'cmos_16bit_wr', assumed default net type 'wire' in ../../src/top.v(67)
HDL-1007 : analyze verilog file ../../src/cmos_8_16bit.v
HDL-1007 : analyze verilog file ../../src/iic_init/iic_ctrl.sv
HDL-5007 WARNING: parameter 'DELAY' becomes localparam in 'iic_ctrl' with formal parameter declaration list in ../../src/iic_init/iic_ctrl.sv(14)
HDL-5007 WARNING: parameter 'STATE_DELAY' becomes localparam in 'iic_ctrl' with formal parameter declaration list in ../../src/iic_init/iic_ctrl.sv(16)
HDL-5007 WARNING: parameter 'STATE_INIT' becomes localparam in 'iic_ctrl' with formal parameter declaration list in ../../src/iic_init/iic_ctrl.sv(17)
HDL-5007 WARNING: parameter 'STATE_FINISH' becomes localparam in 'iic_ctrl' with formal parameter declaration list in ../../src/iic_init/iic_ctrl.sv(18)
HDL-5007 WARNING: parameter 'STATE_WAIT_BUSY' becomes localparam in 'iic_ctrl' with formal parameter declaration list in ../../src/iic_init/iic_ctrl.sv(19)
HDL-1007 : analyze verilog file ../../src/iic_init/iic_master.sv
HDL-5007 WARNING: non-net output port 'recv_data' cannot be initialized at declaration in SystemVerilog mode in ../../src/iic_init/iic_master.sv(19)
HDL-5007 WARNING: non-net output port 'iic_scl' cannot be initialized at declaration in SystemVerilog mode in ../../src/iic_init/iic_master.sv(24)
HDL-5007 WARNING: parameter 'CLK_DIV' becomes localparam in 'iic_master' with formal parameter declaration list in ../../src/iic_init/iic_master.sv(35)
HDL-1007 : analyze verilog file ../../src/video_timing_data.v
RUN-1001 : Project manager successfully analyzed 8 source files.
RUN-1002 : start command "import_device eagle_s20.db -package EG4S20NG88"
ARC-1001 : Device Initialization.
ARC-1001 : ---------------------------------------------------------------
ARC-1001 :            OPTION            |        IO         |   SETTING   
ARC-1001 : ---------------------------------------------------------------
ARC-1001 :   cso_b/cclk/mosi/miso/dout  |  P69/P82/P81/P80  |    gpio    
ARC-1001 :             done             |        P8         |    gpio    
ARC-1001 :           program_b          |        P67        |  dedicate  
ARC-1001 :        tdi/tms/tck/tdo       |  P25/P22/P26/P21  |  dedicate  
ARC-1001 : ---------------------------------------------------------------
ARC-1004 : Device setting, marked 5 dedicate IOs in total.
RUN-1002 : start command "import_db ../syn_1/top_gate.db"
RUN-1001 : Importing database generated by Tang Dynasty, V5.6.71036.
RUN-1001 : Database version number 46146.
RUN-1001 : Import flow parameters
RUN-1001 : Import IO constraints
RUN-1001 : Import Inst constraints
RUN-1001 : Import design success TD_VERSION=5.6.71036 , DB_VERSION=46146
RUN-1002 : start command "place"
RUN-1001 : Open license file D:/Anlogic/TD5.6.2/license/Anlogic.lic
RUN-1001 : Print Global Property
RUN-1001 : ---------------------------------------------------------------
RUN-1001 :        Parameters        |  Settings  |  Default Values  |  Note  
RUN-1001 : ---------------------------------------------------------------
RUN-1001 :          message         |  standard  |     standard     |        
RUN-1001 :   mixed_pack_place_flow  |     on     |        on        |        
RUN-1001 :        qor_monitor       |    off     |       off        |        
RUN-1001 :        syn_ip_flow       |    off     |       off        |        
RUN-1001 :          thread          |    auto    |       auto       |        
RUN-1001 : ---------------------------------------------------------------
RUN-1001 : Print Place Property
RUN-1001 : --------------------------------------------------------------
RUN-1001 :        Parameters       |  Settings  |  Default Values  |  Note  
RUN-1001 : --------------------------------------------------------------
RUN-1001 :      detailed_place     |     on     |        on        |        
RUN-1001 :          effort         |   medium   |      medium      |        
RUN-1001 :         fix_hold        |    off     |       off        |        
RUN-1001 :       legalization      |    ori     |       ori        |        
RUN-1001 :      new_spreading      |     on     |        on        |        
RUN-1001 :        opt_timing       |   medium   |      medium      |        
RUN-1001 :   post_clock_route_opt  |    off     |       off        |        
RUN-1001 :       pr_strategy       |     1      |        1         |        
RUN-1001 :        relaxation       |    1.00    |       1.00       |        
RUN-1001 :         retiming        |    off     |       off        |        
RUN-1001 : --------------------------------------------------------------
PHY-3001 : Placer runs in 16 thread(s).
RUN-1002 : start command "legalize_phy_inst"
SYN-1011 : Flatten model top
RUN-1002 : start command "phys_opt -simplify_lut"
SYN-4027 : Net video_timing_data_m0/video_clk is clkc0 of pll video_pll_m0/pll_inst.
SYN-4019 : Net clk_dup_1 is refclk of pll video_pll_m0/pll_inst.
SYN-4024 : Net "cmos_pclk_dup_1" drives clk pins.
SYN-4024 : Net "iic_ctrl_m0/iic_master_m0/scl_x2" drives clk pins.
SYN-4025 : Tag rtl::Net clk_dup_1 as clock net
SYN-4025 : Tag rtl::Net cmos_pclk_dup_1 as clock net
SYN-4025 : Tag rtl::Net iic_ctrl_m0/iic_master_m0/scl_x2 as clock net
SYN-4025 : Tag rtl::Net video_timing_data_m0/video_clk as clock net
SYN-4026 : Tagged 4 rtl::Net as clock net
SYN-4015 : Create BUFG instance for clk Net iic_ctrl_m0/iic_master_m0/scl_x2 to drive 39 clock pins.
PHY-1001 : Populate physical database on model top.
RUN-1001 : There are total 589 instances
RUN-0007 : 292 luts, 205 seqs, 18 mslices, 17 lslices, 44 pads, 8 brams, 0 dsps
RUN-1001 : There are total 692 nets
RUN-1001 : 521 nets have 2 pins
RUN-1001 : 120 nets have [3 - 5] pins
RUN-1001 : 22 nets have [6 - 10] pins
RUN-1001 : 10 nets have [11 - 20] pins
RUN-1001 : 17 nets have [21 - 99] pins
RUN-1001 : 2 nets have 100+ pins
RUN-1001 : Report Control nets information:
RUN-1001 : DFF Distribution
RUN-1001 : ----------------------------------
RUN-1001 :   CE   |  SSR  |  ASR  |  DFF Count  
RUN-1001 : ----------------------------------
RUN-1001 :   No   |  No   |  No   |     82      
RUN-1001 :   No   |  No   |  Yes  |     24      
RUN-1001 :   No   |  Yes  |  No   |      0      
RUN-1001 :   Yes  |  No   |  No   |     71      
RUN-1001 :   Yes  |  No   |  Yes  |     28      
RUN-1001 :   Yes  |  Yes  |  No   |      0      
RUN-1001 : ----------------------------------
RUN-0007 : Control Group Statistic
RUN-0007 : ---------------------------
RUN-0007 :   #CLK  |  #CE  |  #SSR/ASR  
RUN-0007 : ---------------------------
RUN-0007 :    4    |   6   |     3      
RUN-0007 : ---------------------------
RUN-0007 : Control Set = 11
PHY-3001 : Initial placement ...
PHY-3001 : design contains 587 instances, 292 luts, 205 seqs, 35 slices, 6 macros(35 instances: 18 mslices 17 lslices)
PHY-0007 : Cell area utilization is 2%
PHY-3001 : Global placement ...
PHY-3001 : Initial: Len = 148611
PHY-3001 : Clustering ...
PHY-3001 : Level 0 #clusters 587.
PHY-3001 : End clustering;  0.000008s wall, 0.000000s user + 0.000000s system = 0.000000s CPU (n/a%)

PHY-3001 : Run with size of 4
PHY-3001 : Cell area utilization is 2%
PHY-3001 : :::0::: Try harder cell spreading with beta_ = 0
PHY-3002 : Step(1): len = 94504.3, overlap = 18
PHY-3002 : Step(2): len = 62374.6, overlap = 18
PHY-3002 : Step(3): len = 49307.9, overlap = 15.75
PHY-3002 : Step(4): len = 38485.9, overlap = 18
PHY-3002 : Step(5): len = 32181.1, overlap = 18
PHY-3002 : Step(6): len = 28855.4, overlap = 18
PHY-3002 : Step(7): len = 28420.1, overlap = 18
PHY-3002 : Step(8): len = 25774.9, overlap = 18
PHY-3002 : Step(9): len = 24010.3, overlap = 18
PHY-3002 : Step(10): len = 22211.5, overlap = 18.9062
PHY-3002 : Step(11): len = 21721.6, overlap = 19.9062
PHY-3002 : Step(12): len = 20258.8, overlap = 26.5
PHY-3002 : Step(13): len = 19274, overlap = 30.75
PHY-3002 : Step(14): len = 19260, overlap = 31.5938
PHY-3001 : :::1::: Try harder cell spreading with beta_ = 4.66367e-06
PHY-3002 : Step(15): len = 18852.1, overlap = 29.3438
PHY-3002 : Step(16): len = 18674.8, overlap = 29.5625
PHY-3002 : Step(17): len = 18768.2, overlap = 29.7188
PHY-3002 : Step(18): len = 18233, overlap = 25.2188
PHY-3002 : Step(19): len = 17792.2, overlap = 23.4062
PHY-3002 : Step(20): len = 17543.1, overlap = 22.625
PHY-3002 : Step(21): len = 17483.5, overlap = 23.1562
PHY-3002 : Step(22): len = 17374.7, overlap = 20.9062
PHY-3002 : Step(23): len = 17210.9, overlap = 27.8438
PHY-3002 : Step(24): len = 16969.3, overlap = 27.9375
PHY-3002 : Step(25): len = 16879.7, overlap = 25.875
PHY-3002 : Step(26): len = 16526.2, overlap = 21.4688
PHY-3002 : Step(27): len = 16479.7, overlap = 21.5625
PHY-3002 : Step(28): len = 16411, overlap = 19.3125
PHY-3001 : :::2::: Try harder cell spreading with beta_ = 9.32734e-06
PHY-3002 : Step(29): len = 16421.2, overlap = 19.3125
PHY-3002 : Step(30): len = 16417.9, overlap = 19.3125
PHY-3002 : Step(31): len = 16417.9, overlap = 19.3125
PHY-3001 : :::3::: Try harder cell spreading with beta_ = 1.86547e-05
PHY-3002 : Step(32): len = 16373.3, overlap = 19.3125
PHY-3002 : Step(33): len = 16373.3, overlap = 19.3125
PHY-3001 : :::4::: Try harder cell spreading with beta_ = 3.73093e-05
PHY-3002 : Step(34): len = 16349.3, overlap = 21.5625
PHY-3002 : Step(35): len = 16341.9, overlap = 21.5625
PHY-3001 : :::5::: Try harder cell spreading with beta_ = 7.46187e-05
PHY-3002 : Step(36): len = 16351.6, overlap = 19.3125
PHY-3002 : Step(37): len = 16348.6, overlap = 19.3125
PHY-3001 : :::6::: Try harder cell spreading with beta_ = 0.000149237
PHY-3002 : Step(38): len = 16343.2, overlap = 19.3125
PHY-3002 : Step(39): len = 16343.2, overlap = 19.3125
PHY-3001 : Legalization ...
PHY-3001 : End legalization;  0.006853s wall, 0.000000s user + 0.000000s system = 0.000000s CPU (n/a%)

PHY-3001 : Run with size of 4
PHY-3001 : Cell area utilization is 2%
PHY-3001 : :::0::: Try harder cell spreading with beta_ = 6.2358e-05
PHY-3002 : Step(40): len = 16242, overlap = 23.9375
PHY-3002 : Step(41): len = 16242, overlap = 23.9375
PHY-3002 : Step(42): len = 16311.9, overlap = 23.9375
PHY-3001 : :::1::: Try harder cell spreading with beta_ = 0.000124716
PHY-3002 : Step(43): len = 16175.4, overlap = 23.9375
PHY-3002 : Step(44): len = 16175.4, overlap = 23.9375
PHY-3001 : :::2::: Try harder cell spreading with beta_ = 0.000249432
PHY-3002 : Step(45): len = 16307.9, overlap = 23.9375
PHY-3002 : Step(46): len = 16307.9, overlap = 23.9375
PHY-3001 : :::3::: Try harder cell spreading with beta_ = 0.000498864
PHY-3002 : Step(47): len = 16255.5, overlap = 23.9375
PHY-3002 : Step(48): len = 16255.5, overlap = 23.9375
PHY-3001 : :::4::: Try harder cell spreading with beta_ = 0.000997728
PHY-3002 : Step(49): len = 16396.4, overlap = 23.75
PHY-3002 : Step(50): len = 16396.4, overlap = 23.75
PHY-3001 : :::5::: Try harder cell spreading with beta_ = 0.00199546
PHY-3002 : Step(51): len = 16274.1, overlap = 23.75
PHY-3002 : Step(52): len = 16274.1, overlap = 23.75
PHY-3001 : :::6::: Try harder cell spreading with beta_ = 0.00399091
PHY-3002 : Step(53): len = 16240.3, overlap = 23.75
PHY-3002 : Step(54): len = 16286.5, overlap = 23.75
PHY-3001 : Run with size of 2
PHY-3001 : Cell area utilization is 2%
PHY-3001 : :::0::: Try harder cell spreading with beta_ = 7.63452e-06
PHY-3002 : Step(55): len = 16850.7, overlap = 32.25
PHY-3002 : Step(56): len = 16959.2, overlap = 32.25
PHY-3002 : Step(57): len = 17145.8, overlap = 26.0625
PHY-3002 : Step(58): len = 17321.3, overlap = 26.0625
PHY-3002 : Step(59): len = 16985.2, overlap = 24.3125
PHY-3002 : Step(60): len = 16985.2, overlap = 24.3125
PHY-3002 : Step(61): len = 16771, overlap = 23.625
PHY-3001 : :::1::: Try harder cell spreading with beta_ = 1.5269e-05
PHY-3002 : Step(62): len = 17019.5, overlap = 20.625
PHY-3002 : Step(63): len = 17019.5, overlap = 20.625
PHY-3001 : :::2::: Try harder cell spreading with beta_ = 3.05381e-05
PHY-3002 : Step(64): len = 17291.7, overlap = 15.3125
PHY-3002 : Step(65): len = 17345.9, overlap = 15.5
PHY-3002 : Step(66): len = 17399.8, overlap = 14.4375
PHY-3001 : :::3::: Try harder cell spreading with beta_ = 6.10762e-05
PHY-3002 : Step(67): len = 17651.2, overlap = 13.2812
PHY-3002 : Step(68): len = 17651.2, overlap = 13.2812
PHY-3002 : Step(69): len = 17576.8, overlap = 13.5938
PHY-3001 : :::4::: Try harder cell spreading with beta_ = 0.000122152
PHY-3002 : Step(70): len = 17642.2, overlap = 15
PHY-3002 : Step(71): len = 17728.5, overlap = 14.8125
PHY-3002 : Step(72): len = 17855.3, overlap = 13.6562
OPT-1001 : Start physical optimization ...
OPT-1001 : Total overflow 38.22 peak overflow 2.88
OPT-1001 : Start high-fanout net optimization ...
OPT-1001 : Update timing in global mode
PHY-1001 : Start incremental global routing, caller is place ...
RUN-1001 : Generating global routing grids ...
RUN-1001 : Building simple global routing graph ...
PHY-1001 : Generate routing nets ...
PHY-1001 : Reuse net number 0/692.
PHY-1001 : Global iterations in 16 thread ...
PHY-1002 : len = 19552, over cnt = 43(0%), over = 168, worst = 13
PHY-1001 : End global iterations;  0.023518s wall, 0.015625s user + 0.000000s system = 0.015625s CPU (66.4%)

PHY-1001 : Congestion index: top1 = 17.93, top5 = 7.93, top10 = 4.79, top15 = 3.50.
PHY-1001 : End incremental global routing;  0.059679s wall, 0.046875s user + 0.000000s system = 0.046875s CPU (78.5%)

RUN-1002 : start command "start_timer -report"
TMR-5001 WARNING: No sdc constraints found while initiating timer.
TMR-2505 : Start building timing graph for model top.
TMR-2506 : Build timing graph completely. Port num: 14, tpin num: 2725, tnet num: 690, tinst num: 587, tnode num: 3419, tedge num: 4288.
TMR-2508 : Levelizing timing graph completed, there are 21 levels in total.
TMR-2501 : Timing graph initialized successfully.
OPT-1001 : End timing update;  0.213504s wall, 0.218750s user + 0.000000s system = 0.218750s CPU (102.5%)

OPT-1001 : 0 high-fanout net processed.
OPT-1001 : End high-fanout net optimization;  0.279066s wall, 0.265625s user + 0.000000s system = 0.265625s CPU (95.2%)

OPT-1001 : Current memory(MB): used = 154, reserve = 123, peak = 154.
OPT-1001 : End physical optimization;  0.282743s wall, 0.468750s user + 0.015625s system = 0.484375s CPU (171.3%)

PHY-3001 : Start packing ...
SYN-4007 : Packing 0 MUX to BLE ...
SYN-4008 : Packed 0 MUX and 0 SEQ to BLE.
SYN-4007 : Packing 292 LUT to BLE ...
SYN-4008 : Packed 292 LUT and 83 SEQ to BLE.
SYN-4003 : Packing 122 remaining SEQ's ...
SYN-4005 : Packed 42 SEQ with LUT/SLICE
SYN-4006 : 126 single LUT's are left
SYN-4006 : 80 single SEQ's are left
SYN-4011 : Packing model "top" (AL_USER_NORMAL) with 372/464 primitive instances ...
PHY-3001 : End packing;  0.015072s wall, 0.015625s user + 0.000000s system = 0.015625s CPU (103.7%)

PHY-1001 : Populate physical database on model top.
RUN-1001 : There are total 336 instances
RUN-1001 : 140 mslices, 139 lslices, 44 pads, 8 brams, 0 dsps
RUN-1001 : There are total 611 nets
RUN-1001 : 403 nets have 2 pins
RUN-1001 : 155 nets have [3 - 5] pins
RUN-1001 : 23 nets have [6 - 10] pins
RUN-1001 : 12 nets have [11 - 20] pins
RUN-1001 : 12 nets have [21 - 99] pins
RUN-1001 : 6 nets have 100+ pins
PHY-3001 : design contains 334 instances, 279 slices, 6 macros(35 instances: 18 mslices 17 lslices)
PHY-3001 : Cell area utilization is 3%
PHY-3001 : After packing: Len = 18324.4, Over = 19.25
PHY-3001 : Run with size of 2
PHY-3001 : Cell area utilization is 3%
PHY-3001 : :::0::: Try harder cell spreading with beta_ = 1.64977e-05
PHY-3002 : Step(73): len = 18108.5, overlap = 18.25
PHY-3002 : Step(74): len = 18217.8, overlap = 21
PHY-3002 : Step(75): len = 17808.5, overlap = 21
PHY-3002 : Step(76): len = 17833.9, overlap = 20.25
PHY-3002 : Step(77): len = 17845.5, overlap = 18.75
PHY-3001 : :::1::: Try harder cell spreading with beta_ = 3.29954e-05
PHY-3002 : Step(78): len = 18014.7, overlap = 19.25
PHY-3002 : Step(79): len = 18058.4, overlap = 19.25
PHY-3002 : Step(80): len = 18048.4, overlap = 17.75
PHY-3001 : :::2::: Try harder cell spreading with beta_ = 6.59908e-05
PHY-3002 : Step(81): len = 18097.1, overlap = 16.75
PHY-3002 : Step(82): len = 18097.1, overlap = 16.75
PHY-3001 : Legalization ...
PHY-3001 : End legalization;  0.058834s wall, 0.015625s user + 0.171875s system = 0.187500s CPU (318.7%)

PHY-3001 : Trial Legalized: Len = 23049.2
PHY-3001 : Run with size of 2
PHY-3001 : Cell area utilization is 3%
PHY-3001 : :::0::: Try harder cell spreading with beta_ = 0.000403734
PHY-3002 : Step(83): len = 20584.3, overlap = 4.25
PHY-3002 : Step(84): len = 20045.3, overlap = 6
PHY-3002 : Step(85): len = 19143.2, overlap = 7.25
PHY-3002 : Step(86): len = 19081.1, overlap = 7
PHY-3002 : Step(87): len = 18987.9, overlap = 7.5
PHY-3002 : Step(88): len = 18929.4, overlap = 7.5
PHY-3002 : Step(89): len = 18872.6, overlap = 8.75
PHY-3001 : :::1::: Try harder cell spreading with beta_ = 0.000807467
PHY-3002 : Step(90): len = 18865.7, overlap = 8.5
PHY-3002 : Step(91): len = 18854.4, overlap = 8.5
PHY-3001 : :::2::: Try harder cell spreading with beta_ = 0.00161493
PHY-3002 : Step(92): len = 18843.5, overlap = 8.5
PHY-3002 : Step(93): len = 18834.9, overlap = 8.5
PHY-3001 : Legalization ...
PHY-3001 : End legalization;  0.003731s wall, 0.000000s user + 0.000000s system = 0.000000s CPU (n/a%)

PHY-3001 : Legalized: Len = 21072.1, Over = 0
PHY-3001 : End spreading;  0.002114s wall, 0.000000s user + 0.000000s system = 0.000000s CPU (n/a%)

PHY-3001 : Final: Len = 21072.1, Over = 0
OPT-1001 : Start physical optimization ...
OPT-1001 : Total overflow 0.00 peak overflow 0.00
OPT-1001 : Start high-fanout net optimization ...
OPT-1001 : Update timing in global mode
PHY-1001 : Start incremental global routing, caller is place ...
RUN-1001 : Generating global routing grids ...
PHY-1001 : Generate routing nets ...
PHY-1001 : Reuse net number 41/611.
PHY-1001 : Global iterations in 16 thread ...
PHY-1002 : len = 24280, over cnt = 57(0%), over = 77, worst = 3
PHY-1002 : len = 24800, over cnt = 6(0%), over = 6, worst = 1
PHY-1002 : len = 24896, over cnt = 0(0%), over = 0, worst = 0
PHY-1001 : End global iterations;  0.043153s wall, 0.031250s user + 0.000000s system = 0.031250s CPU (72.4%)

PHY-1001 : Congestion index: top1 = 19.38, top5 = 10.57, top10 = 6.45, top15 = 4.70.
PHY-1001 : End incremental global routing;  0.077458s wall, 0.078125s user + 0.000000s system = 0.078125s CPU (100.9%)

RUN-1002 : start command "start_timer -report"
TMR-5001 WARNING: No sdc constraints found while initiating timer.
TMR-2505 : Start building timing graph for model top.
TMR-2506 : Build timing graph completely. Port num: 14, tpin num: 2856, tnet num: 609, tinst num: 334, tnode num: 3417, tedge num: 4792.
TMR-2508 : Levelizing timing graph completed, there are 21 levels in total.
TMR-2501 : Timing graph initialized successfully.
OPT-1001 : End timing update;  0.171231s wall, 0.171875s user + 0.000000s system = 0.171875s CPU (100.4%)

OPT-1001 : 0 high-fanout net processed.
OPT-1001 : End high-fanout net optimization;  0.256234s wall, 0.265625s user + 0.000000s system = 0.265625s CPU (103.7%)

OPT-1001 : Current memory(MB): used = 158, reserve = 127, peak = 158.
OPT-1001 : Update timing in Manhattan mode
OPT-1001 : End timing update;  0.000507s wall, 0.000000s user + 0.000000s system = 0.000000s CPU (n/a%)

OPT-1001 : Start pin optimization...
OPT-1001 : skip pin optimization...
RUN-1001 : Generating global routing grids ...
PHY-1001 : Generate routing nets ...
PHY-1001 : Reuse net number 469/611.
PHY-1001 : Global iterations in 16 thread ...
PHY-1002 : len = 24896, over cnt = 0(0%), over = 0, worst = 0
PHY-1001 : End global iterations;  0.001332s wall, 0.000000s user + 0.000000s system = 0.000000s CPU (n/a%)

PHY-1001 : Congestion index: top1 = 19.38, top5 = 10.57, top10 = 6.45, top15 = 4.70.
OPT-1001 : Update timing in Manhattan mode
OPT-1001 : End timing update;  0.000596s wall, 0.000000s user + 0.000000s system = 0.000000s CPU (n/a%)

RUN-1001 : QoR Analysis:
OPT-0007 :   WNS 2147483647 TNS 0 NUM_FEPS 0
RUN-1001 :   No local congestion issue, and most congested 1% tile average routing util is 19.000000
RUN-1001 :   Top critical paths
OPT-1001 : End physical optimization;  0.294354s wall, 0.296875s user + 0.000000s system = 0.296875s CPU (100.9%)

RUN-1003 : finish command "place" in  2.018931s wall, 2.781250s user + 2.296875s system = 5.078125s CPU (251.5%)

RUN-1004 : used memory is 141 MB, reserved memory is 110 MB, peak memory is 158 MB
RUN-1002 : start command "export_db top_place.db"
RUN-1001 : Exported /
RUN-1001 : Exported flow parameters
RUN-1001 : Exported libs
RUN-1001 : Exported entities
RUN-1001 : Exported ports
RUN-1001 : Exported pins
RUN-1001 : Exported instances
RUN-1001 : Exported nets
RUN-1001 : Exported buses
RUN-1001 : Exported models
RUN-1001 : Exported congestions
RUN-1001 : Exported violations
RUN-1001 : Exported IO constraints
RUN-1001 : Exported Inst constraints
RUN-1002 : start command "route"
RUN-1001 : Open license file D:/Anlogic/TD5.6.2/license/Anlogic.lic
RUN-1001 : Print Global Property
RUN-1001 : ---------------------------------------------------------------
RUN-1001 :        Parameters        |  Settings  |  Default Values  |  Note  
RUN-1001 : ---------------------------------------------------------------
RUN-1001 :          message         |  standard  |     standard     |        
RUN-1001 :   mixed_pack_place_flow  |     on     |        on        |        
RUN-1001 :        qor_monitor       |    off     |       off        |        
RUN-1001 :        syn_ip_flow       |    off     |       off        |        
RUN-1001 :          thread          |    auto    |       auto       |        
RUN-1001 : ---------------------------------------------------------------
RUN-1001 : Print Route Property
RUN-1001 : -------------------------------------------------------
RUN-1001 :    Parameters    |  Settings  |  Default Values  |  Note  
RUN-1001 : -------------------------------------------------------
RUN-1001 :      effort      |   medium   |      medium      |        
RUN-1001 :     fix_hold     |    off     |       off        |        
RUN-1001 :    opt_timing    |   medium   |      medium      |        
RUN-1001 :   phy_sim_model  |    off     |       off        |        
RUN-1001 :     priority     |   timing   |      timing      |        
RUN-1001 :     swap_pin     |     on     |        on        |        
RUN-1001 : -------------------------------------------------------
PHY-1001 : Route runs in 16 thread(s)
RUN-1001 : There are total 336 instances
RUN-1001 : 140 mslices, 139 lslices, 44 pads, 8 brams, 0 dsps
RUN-1001 : There are total 611 nets
RUN-1001 : 403 nets have 2 pins
RUN-1001 : 155 nets have [3 - 5] pins
RUN-1001 : 23 nets have [6 - 10] pins
RUN-1001 : 12 nets have [11 - 20] pins
RUN-1001 : 12 nets have [21 - 99] pins
RUN-1001 : 6 nets have 100+ pins
RUN-1002 : start command "start_timer -report"
TMR-5001 WARNING: No sdc constraints found while initiating timer.
TMR-2505 : Start building timing graph for model top.
TMR-2506 : Build timing graph completely. Port num: 14, tpin num: 2856, tnet num: 609, tinst num: 334, tnode num: 3417, tedge num: 4792.
TMR-2508 : Levelizing timing graph completed, there are 21 levels in total.
TMR-2501 : Timing graph initialized successfully.
PHY-1001 : 140 mslices, 139 lslices, 44 pads, 8 brams, 0 dsps
TMR-2503 : Start to update net delay, extr mode = 3.
TMR-2504 : Update delay of 609 nets completely.
TMR-2502 : Annotate delay completely, extr mode = 3.
TMR-3002 : No user constraint, initiate default constraint.
TMR-1501 : Assign derive clock DeriveClock to 340 clock pins, and constraint 559 relative nodes.
TMR-3003 : Constraints initiated successfully.
TMR-3501 : Forward propagation: start to calculate arrival time...
TMR-3502 : Backward propagation: start to calculate required time...
TMR-3503 : Timing propagation completes.
PHY-1001 : Start global routing, caller is route ...
RUN-1001 : Generating global routing grids ...
PHY-1001 : Generate routing nets ...
PHY-1001 : Global iterations in 16 thread ...
PHY-1002 : len = 24200, over cnt = 58(0%), over = 79, worst = 3
PHY-1002 : len = 24736, over cnt = 5(0%), over = 5, worst = 1
PHY-1002 : len = 24816, over cnt = 0(0%), over = 0, worst = 0
PHY-1001 : End global iterations;  0.055681s wall, 0.046875s user + 0.031250s system = 0.078125s CPU (140.3%)

PHY-1001 : Congestion index: top1 = 19.46, top5 = 10.61, top10 = 6.46, top15 = 4.66.
PHY-1001 : End global routing;  0.091068s wall, 0.093750s user + 0.031250s system = 0.125000s CPU (137.3%)

PHY-1001 : Start detail routing ...
PHY-1001 : Current memory(MB): used = 184, reserve = 153, peak = 196.
PHY-1001 : Detailed router is running in normal mode.
PHY-1001 : Generate detailed routing grids ...
PHY-1001 : Generate nets ...
PHY-1001 : net clk_dup_1 will be routed on clock mesh
PHY-1001 : net cmos_pclk_dup_1 will be routed on clock mesh
PHY-1001 : clock net iic_ctrl_m0/iic_master_m0/scl_x2_syn_4 will be merged with clock iic_ctrl_m0/iic_master_m0/scl_x2
PHY-1001 : net video_timing_data_m0/video_clk will be routed on clock mesh
PHY-1001 : Current memory(MB): used = 450, reserve = 424, peak = 450.
PHY-1001 : End build detailed router design. 2.559458s wall, 2.546875s user + 0.000000s system = 2.546875s CPU (99.5%)

PHY-1001 : Detail Route ...
PHY-1001 : ===== Detail Route Phase 1 =====
PHY-1001 : Clock net routing.....
PHY-1001 : Routed 0% nets.
PHY-1022 : len = 14320, over cnt = 0(0%), over = 0, worst = 0, crit = 0
PHY-1001 : End initial clock net routed; 0.707388s wall, 0.687500s user + 0.000000s system = 0.687500s CPU (97.2%)

PHY-1001 : Current memory(MB): used = 482, reserve = 457, peak = 482.
PHY-1001 : End phase 1; 0.712153s wall, 0.703125s user + 0.000000s system = 0.703125s CPU (98.7%)

PHY-1001 : ===== Detail Route Phase 2 =====
PHY-1001 : Initial routing.....
PHY-1001 : Routed 29% nets.
PHY-1001 : Routed 33% nets.
PHY-1001 : Routed 42% nets.
PHY-1001 : Routed 59% nets.
PHY-1001 : Routed 87% nets.
PHY-1022 : len = 90784, over cnt = 21(0%), over = 21, worst = 1, crit = 0
PHY-1001 : Current memory(MB): used = 482, reserve = 457, peak = 482.
PHY-1001 : End initial routed; 0.554211s wall, 0.687500s user + 0.000000s system = 0.687500s CPU (124.1%)

PHY-1001 : Current memory(MB): used = 482, reserve = 457, peak = 482.
PHY-1001 : End phase 2; 0.554253s wall, 0.687500s user + 0.000000s system = 0.687500s CPU (124.0%)

PHY-1001 : ===== Detail Route Phase 3 =====
PHY-1001 : Ripup-reroute.....
PHY-1001 : ===== DR Iter 1 =====
PHY-1022 : len = 90152, over cnt = 3(0%), over = 3, worst = 1, crit = 0
PHY-1001 : End DR Iter 1; 0.015918s wall, 0.015625s user + 0.000000s system = 0.015625s CPU (98.2%)

PHY-1001 : ===== DR Iter 2 =====
PHY-1022 : len = 90200, over cnt = 0(0%), over = 0, worst = 0, crit = 0
PHY-1001 : End DR Iter 2; 0.010259s wall, 0.031250s user + 0.015625s system = 0.046875s CPU (456.9%)

PHY-1001 : Commit to database.....
PHY-5014 WARNING: Detail route doesn't find pib for video_pll_m0/pll_inst.fbclk[0]
PHY-1001 : 3 feed throughs used by 3 nets
PHY-1001 : End commit to database; 0.059512s wall, 0.062500s user + 0.000000s system = 0.062500s CPU (105.0%)

PHY-1001 : Current memory(MB): used = 493, reserve = 468, peak = 493.
PHY-1001 : End phase 3; 0.177451s wall, 0.203125s user + 0.015625s system = 0.218750s CPU (123.3%)

PHY-1003 : Routed, final wirelength = 90200
PHY-1001 : Current memory(MB): used = 493, reserve = 468, peak = 493.
PHY-1001 : End export database. 0.005084s wall, 0.000000s user + 0.000000s system = 0.000000s CPU (n/a%)

PHY-1001 : End detail routing;  4.150723s wall, 4.265625s user + 0.031250s system = 4.296875s CPU (103.5%)

RUN-1003 : finish command "route" in  4.472627s wall, 4.578125s user + 0.062500s system = 4.640625s CPU (103.8%)

RUN-1004 : used memory is 430 MB, reserved memory is 404 MB, peak memory is 493 MB
RUN-1002 : start command "report_area -io_info -file top_phy.area"
RUN-1001 : standard
***Report Model: top Device: EG4S20NG88***

IO Statistics
#IO                        44
  #input                   13
  #output                  30
  #inout                    1

Utilization Statistics
#lut                      458   out of  19600    2.34%
#reg                      218   out of  19600    1.11%
#le                       537
  #lut only               319   out of    537   59.40%
  #reg only                79   out of    537   14.71%
  #lut&reg                139   out of    537   25.88%
#dsp                        0   out of     29    0.00%
#bram                       8   out of     64   12.50%
  #bram9k                   0
  #fifo9k                   8
#bram32k                    0   out of     16    0.00%
#pad                       44   out of     66   66.67%
  #ireg                     9
  #oreg                     5
  #treg                     1
#pll                        1   out of      4   25.00%
#gclk                       1   out of     16    6.25%

Clock Resource Statistics
Index     ClockNet                            Type               DriverType         Driver                                           Fanout
#1        clk_dup_1                           GCLK               io                 clk_syn_2.di                                     85
#2        video_timing_data_m0/video_clk      GCLK               pll                video_pll_m0/pll_inst.clkc0                      31
#3        iic_ctrl_m0/iic_master_m0/scl_x2    GCLK               mslice             iic_ctrl_m0/iic_master_m0/scl_x2_reg_syn_5.q1    29
#4        cmos_pclk_dup_1                     GCLK               io                 cmos_pclk_syn_2.di                               26


Detailed IO Report

     Name        Direction    Location    IOStandard    DriveStrength    PullType     PackReg   
      clk          INPUT        P35        LVCMOS25          N/A          PULLUP       NONE     
  cmos_db[7]       INPUT        P23        LVCMOS25          N/A           N/A         IREG     
  cmos_db[6]       INPUT        P19        LVCMOS25          N/A           N/A         IREG     
  cmos_db[5]       INPUT        P18        LVCMOS25          N/A           N/A         IREG     
  cmos_db[4]       INPUT        P16        LVCMOS25          N/A           N/A         IREG     
  cmos_db[3]       INPUT        P17        LVCMOS25          N/A           N/A         IREG     
  cmos_db[2]       INPUT         P8        LVCMOS25          N/A           N/A         IREG     
  cmos_db[1]       INPUT         P4        LVCMOS25          N/A           N/A         IREG     
  cmos_db[0]       INPUT         P5        LVCMOS25          N/A           N/A         IREG     
   cmos_href       INPUT         P3        LVCMOS25          N/A           N/A         NONE     
   cmos_pclk       INPUT        P34        LVCMOS25          N/A           N/A         NONE     
  cmos_vsync       INPUT        P69        LVCMOS25          N/A           N/A         IREG     
     rst_n         INPUT        P77        LVCMOS25          N/A           N/A         NONE     
   cmos_pwdn      OUTPUT         P2        LVCMOS25           8            N/A         NONE     
   cmos_scl       OUTPUT        P83        LVCMOS25           8            N/A         OREG     
    lcd_clk       OUTPUT        P60        LVCMOS25           8            NONE        NONE     
    lcd_de        OUTPUT        P63        LVCMOS25           8            NONE        OREG     
    lcd_hs        OUTPUT        P61        LVCMOS25           8            NONE        OREG     
  lcd_rgb[23]     OUTPUT        P38        LVCMOS25           8            NONE        NONE     
  lcd_rgb[22]     OUTPUT        P37        LVCMOS25           8            NONE        NONE     
  lcd_rgb[21]     OUTPUT        P33        LVCMOS25           8            NONE        NONE     
  lcd_rgb[20]     OUTPUT        P32        LVCMOS25           8            NONE        NONE     
  lcd_rgb[19]     OUTPUT        P31        LVCMOS25           8            NONE        NONE     
  lcd_rgb[18]     OUTPUT        P30        LVCMOS25           8            NONE        NONE     
  lcd_rgb[17]     OUTPUT        P29        LVCMOS25           8            NONE        NONE     
  lcd_rgb[16]     OUTPUT        P28        LVCMOS25           8            NONE        NONE     
  lcd_rgb[15]     OUTPUT        P48        LVCMOS25           8            NONE        NONE     
  lcd_rgb[14]     OUTPUT        P47        LVCMOS25           8            NONE        NONE     
  lcd_rgb[13]     OUTPUT        P45        LVCMOS25           8            NONE        NONE     
  lcd_rgb[12]     OUTPUT        P44        LVCMOS25           8            NONE        NONE     
  lcd_rgb[11]     OUTPUT        P42        LVCMOS25           8            NONE        NONE     
  lcd_rgb[10]     OUTPUT        P41        LVCMOS25           8            NONE        NONE     
  lcd_rgb[9]      OUTPUT        P40        LVCMOS25           8            NONE        NONE     
  lcd_rgb[8]      OUTPUT        P39        LVCMOS25           8            NONE        NONE     
  lcd_rgb[7]      OUTPUT        P59        LVCMOS25           8            NONE        NONE     
  lcd_rgb[6]      OUTPUT        P57        LVCMOS25           8            NONE        NONE     
  lcd_rgb[5]      OUTPUT        P55        LVCMOS25           8            NONE        NONE     
  lcd_rgb[4]      OUTPUT        P54        LVCMOS25           8            NONE        NONE     
  lcd_rgb[3]      OUTPUT        P52        LVCMOS25           8            NONE        NONE     
  lcd_rgb[2]      OUTPUT        P51        LVCMOS25           8            NONE        NONE     
  lcd_rgb[1]      OUTPUT        P50        LVCMOS25           8            NONE        NONE     
  lcd_rgb[0]      OUTPUT        P49        LVCMOS25           8            NONE        NONE     
    lcd_vs        OUTPUT        P62        LVCMOS25           8            NONE        OREG     
   cmos_sda        INOUT        P72        LVCMOS25           8            N/A       OREG;TREG  

Report Hierarchy Area:
+-----------------------------------------------------------------------------------------------+
|Instance               |Module            |le     |lut     |ripple  |seq     |bram    |dsp     |
+-----------------------------------------------------------------------------------------------+
|top                    |top               |537    |423     |35      |233     |8       |0       |
|  cmos_8_16bit_m0      |cmos_8_16bit      |18     |2       |0       |18      |0       |0       |
|  iic_ctrl_m0          |iic_ctrl          |463    |374     |27      |170     |0       |0       |
|    iic_master_m0      |iic_master        |160    |99      |12      |96      |0       |0       |
|  video_pll_m0         |video_pll         |0      |0       |0       |0       |0       |0       |
|  video_timing_data_m0 |video_timing_data |55     |46      |8       |30      |8       |0       |
|    rgb_timing_m0      |rgb_timing        |51     |43      |8       |28      |0       |0       |
|    video_fifo_m0      |video_fifo        |2      |2       |0       |0       |8       |0       |
+-----------------------------------------------------------------------------------------------+


DataNet Average Fanout:

   Index     Fanout     Nets  
    #1          1       359   
    #2          2       109   
    #3          3        32   
    #4          4        14   
    #5        5-10       25   
    #6        11-50      16   
    #7       51-100      1    
    #8       101-500     5    
  Average     3.62            

RUN-1002 : start command "export_db top_pr.db"
RUN-1001 : Exported /
RUN-1001 : Exported flow parameters
RUN-1001 : Exported libs
RUN-1001 : Exported entities
RUN-1001 : Exported ports
RUN-1001 : Exported pins
RUN-1001 : Exported instances
RUN-1001 : Exported nets
RUN-1001 : Exported buses
RUN-1001 : Exported models
RUN-1001 : Exported congestions
RUN-1001 : Exported violations
RUN-1001 : Exported IO constraints
RUN-1001 : Exported Inst constraints
RUN-1002 : start command "export_bid top_inst.bid"
RUN-1002 : start command "bitgen -bit top.bit"
BIT-1003 : Start to generate bitstream. 
BIT-1002 : Init instances with 16 threads.
BIT-1002 : Init instances completely, inst num: 334
BIT-1002 : Init pips with 16 threads.
BIT-1002 : Init pips completely, net num: 611, pip num: 6337
BIT-1002 : Init feedthrough completely, num: 3
BIT-1003 : Multithreading accelaration with 16 threads.
BIT-1003 : Generate bitstream completely, there are 997 valid insts, and 17585 bits set as '1'.
BIT-1004 : PLL setting string = 0001
BIT-1004 : Generate bits file top.bit.
RUN-1003 : finish command "bitgen -bit top.bit" in  1.022182s wall, 8.468750s user + 0.093750s system = 8.562500s CPU (837.7%)

RUN-1004 : used memory is 439 MB, reserved memory is 421 MB, peak memory is 631 MB
RUN-1002 : start command "backup_run_log run.log ../.logs/phy_1/td_20230709_165402.log"
