============================================================
   Tang Dynasty, V5.6.71036
      Copyright (c) 2012-2023 Anlogic Inc.
   Executable = D:/Anlogic/TD5.6.2/bin/td.exe
   Built at =   20:34:38 Mar 21 2023
   Run by =     BigPig
   Run Date =   Sun Jul  9 17:09:02 2023

   Run on =     DESKTOP-9MNJBAS
============================================================
RUN-1002 : start command "open_project top.prj"
RUN-1001 : Print Global Property
RUN-1001 : ---------------------------------------------------------------
RUN-1001 :        Parameters        |  Settings  |  Default Values  |  Note  
RUN-1001 : ---------------------------------------------------------------
RUN-1001 :          message         |  standard  |     standard     |        
RUN-1001 :   mixed_pack_place_flow  |     on     |        on        |        
RUN-1001 :        qor_monitor       |    off     |       off        |        
RUN-1001 :        syn_ip_flow       |    off     |       off        |        
RUN-1001 :          thread          |    auto    |       auto       |        
RUN-1001 : ---------------------------------------------------------------
RUN-1001 : Print Design Property
RUN-1001 : --------------------------------------------------------------
RUN-1001 :        Parameters       |  Settings  |  Default Values  |  Note  
RUN-1001 : --------------------------------------------------------------
RUN-1001 :   default_reg_initial   |    auto    |       auto       |        
RUN-1001 :        infer_add        |     on     |        on        |        
RUN-1001 :        infer_fsm        |    off     |       off        |        
RUN-1001 :        infer_mult       |     on     |        on        |        
RUN-1001 :        infer_ram        |     on     |        on        |        
RUN-1001 :        infer_reg        |     on     |        on        |        
RUN-1001 :   infer_reg_init_value  |     on     |        on        |        
RUN-1001 :        infer_rom        |     on     |        on        |        
RUN-1001 :      infer_shifter      |     on     |        on        |        
RUN-1001 : --------------------------------------------------------------
RUN-1001 : Print Rtl Property
RUN-1001 : --------------------------------------------------------------
RUN-1001 :        Parameters       |  Settings  |  Default Values  |  Note  
RUN-1001 : --------------------------------------------------------------
RUN-1001 :       compress_add      |   ripple   |      ripple      |        
RUN-1001 :        elf_sload        |    off     |       off        |        
RUN-1001 :       fix_undriven      |     0      |        0         |        
RUN-1001 :         flatten         |    off     |       off        |        
RUN-1001 :       gate_sharing      |     on     |        on        |        
RUN-1001 :    hdl_warning_level    |   normal   |      normal      |        
RUN-1001 :   impl_internal_tribuf  |     on     |        on        |        
RUN-1001 :      impl_set_reset     |     on     |        on        |        
RUN-1001 :        infer_gsr        |    off     |       off        |        
RUN-1001 :      keep_hierarchy     |    auto    |       auto       |        
RUN-1001 :        max_fanout       |    9999    |       9999       |        
RUN-1001 :      max_oh2bin_len     |     10     |        10        |        
RUN-1001 :       merge_equal       |     on     |        on        |        
RUN-1001 :       merge_equiv       |     on     |        on        |        
RUN-1001 :        merge_mux        |    off     |       off        |        
RUN-1001 :     min_control_set     |     8      |        8         |        
RUN-1001 :      min_ripple_len     |    auto    |       auto       |        
RUN-1001 :       oh2bin_ratio      |    0.08    |       0.08       |        
RUN-1001 :     opt_adder_fanout    |     on     |        on        |        
RUN-1001 :        opt_arith        |     on     |        on        |        
RUN-1001 :       opt_big_gate      |    off     |       off        |        
RUN-1001 :        opt_const        |     on     |        on        |        
RUN-1001 :      opt_const_mult     |     on     |        on        |        
RUN-1001 :       opt_lessthan      |     on     |        on        |        
RUN-1001 :         opt_mux         |    off     |       off        |        
RUN-1001 :         opt_ram         |    high    |       high       |        
RUN-1001 :      rtl_sim_model      |    off     |       off        |        
RUN-1001 :         seq_syn         |     on     |        on        |        
RUN-1001 : --------------------------------------------------------------
HDL-1007 : analyze verilog file ../../al_ip/video_pll.v
HDL-1007 : undeclared symbol 'open', assumed default net type 'wire' in ../../al_ip/video_pll.v(57)
HDL-1007 : analyze verilog file ../../al_ip/video_fifo.v
HDL-1007 : analyze verilog file ../../src/rgb_timing.v
HDL-1007 : analyze verilog file ../../src/top.v
HDL-1007 : undeclared symbol 'cmos_16bit_wr', assumed default net type 'wire' in ../../src/top.v(67)
HDL-1007 : analyze verilog file ../../src/cmos_8_16bit.v
HDL-1007 : analyze verilog file ../../src/iic_init/iic_ctrl.sv
HDL-5007 WARNING: parameter 'DELAY' becomes localparam in 'iic_ctrl' with formal parameter declaration list in ../../src/iic_init/iic_ctrl.sv(14)
HDL-5007 WARNING: parameter 'STATE_DELAY' becomes localparam in 'iic_ctrl' with formal parameter declaration list in ../../src/iic_init/iic_ctrl.sv(16)
HDL-5007 WARNING: parameter 'STATE_INIT' becomes localparam in 'iic_ctrl' with formal parameter declaration list in ../../src/iic_init/iic_ctrl.sv(17)
HDL-5007 WARNING: parameter 'STATE_FINISH' becomes localparam in 'iic_ctrl' with formal parameter declaration list in ../../src/iic_init/iic_ctrl.sv(18)
HDL-5007 WARNING: parameter 'STATE_WAIT_BUSY' becomes localparam in 'iic_ctrl' with formal parameter declaration list in ../../src/iic_init/iic_ctrl.sv(19)
HDL-1007 : analyze verilog file ../../src/iic_init/iic_master.sv
HDL-5007 WARNING: non-net output port 'recv_data' cannot be initialized at declaration in SystemVerilog mode in ../../src/iic_init/iic_master.sv(19)
HDL-5007 WARNING: non-net output port 'iic_scl' cannot be initialized at declaration in SystemVerilog mode in ../../src/iic_init/iic_master.sv(24)
HDL-5007 WARNING: parameter 'CLK_DIV' becomes localparam in 'iic_master' with formal parameter declaration list in ../../src/iic_init/iic_master.sv(35)
HDL-1007 : analyze verilog file ../../src/video_timing_data.v
RUN-1001 : Project manager successfully analyzed 8 source files.
RUN-1002 : start command "import_device eagle_s20.db -package EG4S20NG88"
ARC-1001 : Device Initialization.
ARC-1001 : ---------------------------------------------------------------
ARC-1001 :            OPTION            |        IO         |   SETTING   
ARC-1001 : ---------------------------------------------------------------
ARC-1001 :   cso_b/cclk/mosi/miso/dout  |  P69/P82/P81/P80  |    gpio    
ARC-1001 :             done             |        P8         |    gpio    
ARC-1001 :           program_b          |        P67        |    gpio    
ARC-1001 :        tdi/tms/tck/tdo       |  P25/P22/P26/P21  |    gpio    
ARC-1001 : ---------------------------------------------------------------
RUN-1002 : start command "import_db ../syn_1/top_gate.db"
RUN-1001 : Importing database generated by Tang Dynasty, V5.6.71036.
RUN-1001 : Database version number 46146.
RUN-1001 : Import flow parameters
RUN-1001 : Import IO constraints
RUN-1001 : Import Inst constraints
RUN-1001 : Import design success TD_VERSION=5.6.71036 , DB_VERSION=46146
RUN-1002 : start command "place"
RUN-1001 : Open license file D:/Anlogic/TD5.6.2/license/Anlogic.lic
RUN-1001 : Print Global Property
RUN-1001 : ---------------------------------------------------------------
RUN-1001 :        Parameters        |  Settings  |  Default Values  |  Note  
RUN-1001 : ---------------------------------------------------------------
RUN-1001 :          message         |  standard  |     standard     |        
RUN-1001 :   mixed_pack_place_flow  |     on     |        on        |        
RUN-1001 :        qor_monitor       |    off     |       off        |        
RUN-1001 :        syn_ip_flow       |    off     |       off        |        
RUN-1001 :          thread          |    auto    |       auto       |        
RUN-1001 : ---------------------------------------------------------------
RUN-1001 : Print Place Property
RUN-1001 : --------------------------------------------------------------
RUN-1001 :        Parameters       |  Settings  |  Default Values  |  Note  
RUN-1001 : --------------------------------------------------------------
RUN-1001 :      detailed_place     |     on     |        on        |        
RUN-1001 :          effort         |   medium   |      medium      |        
RUN-1001 :         fix_hold        |    off     |       off        |        
RUN-1001 :       legalization      |    ori     |       ori        |        
RUN-1001 :      new_spreading      |     on     |        on        |        
RUN-1001 :        opt_timing       |   medium   |      medium      |        
RUN-1001 :   post_clock_route_opt  |    off     |       off        |        
RUN-1001 :       pr_strategy       |     1      |        1         |        
RUN-1001 :        relaxation       |    1.00    |       1.00       |        
RUN-1001 :         retiming        |    off     |       off        |        
RUN-1001 : --------------------------------------------------------------
PHY-3001 : Placer runs in 16 thread(s).
RUN-1002 : start command "legalize_phy_inst"
SYN-1011 : Flatten model top
RUN-1002 : start command "phys_opt -simplify_lut"
SYN-4027 : Net video_timing_data_m0/video_clk is clkc0 of pll video_pll_m0/pll_inst.
SYN-4019 : Net clk_dup_1 is refclk of pll video_pll_m0/pll_inst.
SYN-4024 : Net "cmos_pclk_dup_1" drives clk pins.
SYN-4024 : Net "iic_ctrl_m0/iic_master_m0/scl_x2" drives clk pins.
SYN-4025 : Tag rtl::Net clk_dup_1 as clock net
SYN-4025 : Tag rtl::Net cmos_pclk_dup_1 as clock net
SYN-4025 : Tag rtl::Net iic_ctrl_m0/iic_master_m0/scl_x2 as clock net
SYN-4025 : Tag rtl::Net video_timing_data_m0/video_clk as clock net
SYN-4026 : Tagged 4 rtl::Net as clock net
SYN-4015 : Create BUFG instance for clk Net iic_ctrl_m0/iic_master_m0/scl_x2 to drive 39 clock pins.
SYN-4015 : Create BUFG instance for clk Net cmos_pclk_dup_1 to drive 34 clock pins.
PHY-1001 : Populate physical database on model top.
RUN-1001 : There are total 590 instances
RUN-0007 : 292 luts, 205 seqs, 18 mslices, 17 lslices, 44 pads, 8 brams, 0 dsps
RUN-1001 : There are total 693 nets
RUN-1001 : 522 nets have 2 pins
RUN-1001 : 120 nets have [3 - 5] pins
RUN-1001 : 22 nets have [6 - 10] pins
RUN-1001 : 10 nets have [11 - 20] pins
RUN-1001 : 17 nets have [21 - 99] pins
RUN-1001 : 2 nets have 100+ pins
RUN-1001 : Report Control nets information:
RUN-1001 : DFF Distribution
RUN-1001 : ----------------------------------
RUN-1001 :   CE   |  SSR  |  ASR  |  DFF Count  
RUN-1001 : ----------------------------------
RUN-1001 :   No   |  No   |  No   |     82      
RUN-1001 :   No   |  No   |  Yes  |     24      
RUN-1001 :   No   |  Yes  |  No   |      0      
RUN-1001 :   Yes  |  No   |  No   |     71      
RUN-1001 :   Yes  |  No   |  Yes  |     28      
RUN-1001 :   Yes  |  Yes  |  No   |      0      
RUN-1001 : ----------------------------------
RUN-0007 : Control Group Statistic
RUN-0007 : ---------------------------
RUN-0007 :   #CLK  |  #CE  |  #SSR/ASR  
RUN-0007 : ---------------------------
RUN-0007 :    4    |   6   |     3      
RUN-0007 : ---------------------------
RUN-0007 : Control Set = 11
PHY-3001 : Initial placement ...
PHY-3001 : design contains 588 instances, 292 luts, 205 seqs, 35 slices, 6 macros(35 instances: 18 mslices 17 lslices)
PHY-0007 : Cell area utilization is 2%
PHY-3001 : Global placement ...
PHY-3001 : Initial: Len = 148776
PHY-3001 : Clustering ...
PHY-3001 : Level 0 #clusters 588.
PHY-3001 : End clustering;  0.000019s wall, 0.000000s user + 0.000000s system = 0.000000s CPU (n/a%)

PHY-3001 : Run with size of 4
PHY-3001 : Cell area utilization is 2%
PHY-3001 : :::0::: Try harder cell spreading with beta_ = 0
PHY-3002 : Step(1): len = 101266, overlap = 18
PHY-3002 : Step(2): len = 66732.2, overlap = 18
PHY-3002 : Step(3): len = 49826.8, overlap = 13.5
PHY-3002 : Step(4): len = 40246.7, overlap = 18
PHY-3002 : Step(5): len = 34671.4, overlap = 18
PHY-3002 : Step(6): len = 31248.2, overlap = 9
PHY-3002 : Step(7): len = 28760.2, overlap = 13.5
PHY-3002 : Step(8): len = 27488.6, overlap = 4.5
PHY-3002 : Step(9): len = 25175.1, overlap = 6.75
PHY-3002 : Step(10): len = 24235.1, overlap = 13.7812
PHY-3002 : Step(11): len = 23123.5, overlap = 17
PHY-3002 : Step(12): len = 21884.2, overlap = 22.625
PHY-3002 : Step(13): len = 20835.7, overlap = 23.625
PHY-3002 : Step(14): len = 20750.2, overlap = 20.1875
PHY-3001 : :::1::: Try harder cell spreading with beta_ = 5.57535e-05
PHY-3002 : Step(15): len = 20267.5, overlap = 29.1875
PHY-3002 : Step(16): len = 19893.8, overlap = 29.2812
PHY-3002 : Step(17): len = 19186.6, overlap = 30.8125
PHY-3002 : Step(18): len = 19449.6, overlap = 31.25
PHY-3002 : Step(19): len = 18445.6, overlap = 26.75
PHY-3002 : Step(20): len = 18436.9, overlap = 26.75
PHY-3002 : Step(21): len = 18454.9, overlap = 26.75
PHY-3001 : :::2::: Try harder cell spreading with beta_ = 0.000111507
PHY-3002 : Step(22): len = 18426.9, overlap = 26.75
PHY-3002 : Step(23): len = 18396.8, overlap = 26.75
PHY-3001 : :::3::: Try harder cell spreading with beta_ = 0.000223014
PHY-3002 : Step(24): len = 18370, overlap = 26.75
PHY-3002 : Step(25): len = 18205.8, overlap = 26.75
PHY-3001 : Legalization ...
PHY-3001 : End legalization;  0.005745s wall, 0.000000s user + 0.000000s system = 0.000000s CPU (n/a%)

PHY-3001 : Run with size of 4
PHY-3001 : Cell area utilization is 2%
PHY-3001 : :::0::: Try harder cell spreading with beta_ = 0.000154573
PHY-3002 : Step(26): len = 18708.2, overlap = 24.625
PHY-3002 : Step(27): len = 18750.4, overlap = 24.625
PHY-3002 : Step(28): len = 18338.3, overlap = 24.25
PHY-3002 : Step(29): len = 18441.8, overlap = 24.25
PHY-3002 : Step(30): len = 18175.9, overlap = 24.25
PHY-3002 : Step(31): len = 18109.2, overlap = 24.0625
PHY-3002 : Step(32): len = 17900.7, overlap = 23.1562
PHY-3002 : Step(33): len = 18078.4, overlap = 22.9688
PHY-3002 : Step(34): len = 17609, overlap = 20.4375
PHY-3002 : Step(35): len = 17297.6, overlap = 21.2812
PHY-3002 : Step(36): len = 17386.5, overlap = 21.4688
PHY-3002 : Step(37): len = 17422, overlap = 21.7812
PHY-3001 : :::1::: Try harder cell spreading with beta_ = 0.000309146
PHY-3002 : Step(38): len = 16960.8, overlap = 22.4062
PHY-3002 : Step(39): len = 16967.9, overlap = 23.2812
PHY-3001 : :::2::: Try harder cell spreading with beta_ = 0.000618292
PHY-3002 : Step(40): len = 16924.7, overlap = 21.9375
PHY-3002 : Step(41): len = 16924.7, overlap = 21.9375
PHY-3001 : :::3::: Try harder cell spreading with beta_ = 0.00123658
PHY-3002 : Step(42): len = 17052.1, overlap = 21.9688
PHY-3002 : Step(43): len = 17052.1, overlap = 21.9688
PHY-3001 : :::4::: Try harder cell spreading with beta_ = 0.00247317
PHY-3002 : Step(44): len = 16916.3, overlap = 20
PHY-3002 : Step(45): len = 16916.3, overlap = 20
PHY-3001 : :::5::: Try harder cell spreading with beta_ = 0.00400159
PHY-3002 : Step(46): len = 16945.8, overlap = 20.875
PHY-3002 : Step(47): len = 16945.8, overlap = 20.875
PHY-3001 : :::6::: Try harder cell spreading with beta_ = 0.00647457
PHY-3002 : Step(48): len = 16974.3, overlap = 19.4375
PHY-3002 : Step(49): len = 16974.3, overlap = 19.4375
PHY-3001 : :::7::: Try harder cell spreading with beta_ = 0.0104759
PHY-3002 : Step(50): len = 16984.7, overlap = 19.875
PHY-3002 : Step(51): len = 16984.7, overlap = 19.875
PHY-3001 : Run with size of 2
PHY-3001 : Cell area utilization is 2%
PHY-3001 : :::0::: Try harder cell spreading with beta_ = 5.28049e-06
PHY-3002 : Step(52): len = 17395.2, overlap = 28.4688
PHY-3002 : Step(53): len = 17395.2, overlap = 28.4688
PHY-3002 : Step(54): len = 17225.3, overlap = 28.2812
PHY-3001 : :::1::: Try harder cell spreading with beta_ = 1.0561e-05
PHY-3002 : Step(55): len = 17742, overlap = 20.2812
PHY-3002 : Step(56): len = 17849, overlap = 20.2812
PHY-3002 : Step(57): len = 18002, overlap = 18.9062
PHY-3001 : :::2::: Try harder cell spreading with beta_ = 2.1122e-05
PHY-3002 : Step(58): len = 17972, overlap = 16.125
PHY-3002 : Step(59): len = 18025.8, overlap = 15.9688
PHY-3002 : Step(60): len = 18144, overlap = 15.8438
PHY-3001 : :::3::: Try harder cell spreading with beta_ = 4.22439e-05
PHY-3002 : Step(61): len = 18314.3, overlap = 12.9062
PHY-3002 : Step(62): len = 18314.3, overlap = 12.9062
PHY-3002 : Step(63): len = 18301.6, overlap = 12.4062
PHY-3001 : :::4::: Try harder cell spreading with beta_ = 8.44879e-05
PHY-3002 : Step(64): len = 18634.1, overlap = 10.6562
PHY-3002 : Step(65): len = 18634.1, overlap = 10.6562
PHY-3002 : Step(66): len = 18458.3, overlap = 8.9375
OPT-1001 : Start physical optimization ...
OPT-1001 : Total overflow 32.50 peak overflow 3.12
OPT-1001 : Start high-fanout net optimization ...
OPT-1001 : Update timing in global mode
PHY-1001 : Start incremental global routing, caller is place ...
RUN-1001 : Generating global routing grids ...
RUN-1001 : Building simple global routing graph ...
PHY-1001 : Generate routing nets ...
PHY-1001 : Reuse net number 0/693.
PHY-1001 : Global iterations in 16 thread ...
PHY-1002 : len = 20568, over cnt = 48(0%), over = 147, worst = 16
PHY-1001 : End global iterations;  0.021749s wall, 0.031250s user + 0.015625s system = 0.046875s CPU (215.5%)

PHY-1001 : Congestion index: top1 = 18.53, top5 = 7.66, top10 = 4.64, top15 = 3.45.
PHY-1001 : End incremental global routing;  0.057466s wall, 0.078125s user + 0.015625s system = 0.093750s CPU (163.1%)

RUN-1002 : start command "start_timer -report"
TMR-5001 WARNING: No sdc constraints found while initiating timer.
TMR-2505 : Start building timing graph for model top.
TMR-2506 : Build timing graph completely. Port num: 14, tpin num: 2727, tnet num: 691, tinst num: 588, tnode num: 3421, tedge num: 4290.
TMR-2508 : Levelizing timing graph completed, there are 21 levels in total.
TMR-2501 : Timing graph initialized successfully.
OPT-1001 : End timing update;  0.184315s wall, 0.187500s user + 0.000000s system = 0.187500s CPU (101.7%)

OPT-1001 : 0 high-fanout net processed.
OPT-1001 : End high-fanout net optimization;  0.248298s wall, 0.265625s user + 0.015625s system = 0.281250s CPU (113.3%)

OPT-1001 : Current memory(MB): used = 151, reserve = 122, peak = 151.
OPT-1001 : End physical optimization;  0.252238s wall, 0.265625s user + 0.015625s system = 0.281250s CPU (111.5%)

PHY-3001 : Start packing ...
SYN-4007 : Packing 0 MUX to BLE ...
SYN-4008 : Packed 0 MUX and 0 SEQ to BLE.
SYN-4007 : Packing 292 LUT to BLE ...
SYN-4008 : Packed 292 LUT and 83 SEQ to BLE.
SYN-4003 : Packing 122 remaining SEQ's ...
SYN-4005 : Packed 43 SEQ with LUT/SLICE
SYN-4006 : 125 single LUT's are left
SYN-4006 : 79 single SEQ's are left
SYN-4011 : Packing model "top" (AL_USER_NORMAL) with 371/464 primitive instances ...
PHY-3001 : End packing;  0.017989s wall, 0.015625s user + 0.015625s system = 0.031250s CPU (173.7%)

PHY-1001 : Populate physical database on model top.
RUN-1001 : There are total 345 instances
RUN-1001 : 144 mslices, 143 lslices, 44 pads, 8 brams, 0 dsps
RUN-1001 : There are total 612 nets
RUN-1001 : 405 nets have 2 pins
RUN-1001 : 153 nets have [3 - 5] pins
RUN-1001 : 23 nets have [6 - 10] pins
RUN-1001 : 13 nets have [11 - 20] pins
RUN-1001 : 12 nets have [21 - 99] pins
RUN-1001 : 6 nets have 100+ pins
PHY-3001 : design contains 343 instances, 287 slices, 6 macros(35 instances: 18 mslices 17 lslices)
PHY-3001 : Cell area utilization is 3%
PHY-3001 : After packing: Len = 18918.6, Over = 17.75
PHY-3001 : Run with size of 2
PHY-3001 : Cell area utilization is 3%
PHY-3001 : :::0::: Try harder cell spreading with beta_ = 1.43698e-05
PHY-3002 : Step(67): len = 18759.1, overlap = 18.75
PHY-3002 : Step(68): len = 18811.1, overlap = 20
PHY-3002 : Step(69): len = 18790, overlap = 20.5
PHY-3001 : :::1::: Try harder cell spreading with beta_ = 2.87395e-05
PHY-3002 : Step(70): len = 18948.4, overlap = 18
PHY-3002 : Step(71): len = 19019.2, overlap = 18
PHY-3002 : Step(72): len = 19076.4, overlap = 16.5
PHY-3001 : :::2::: Try harder cell spreading with beta_ = 5.74791e-05
PHY-3002 : Step(73): len = 19262.6, overlap = 16
PHY-3002 : Step(74): len = 19262.6, overlap = 16
PHY-3001 : Legalization ...
PHY-3001 : End legalization;  0.066012s wall, 0.062500s user + 0.140625s system = 0.203125s CPU (307.7%)

PHY-3001 : Trial Legalized: Len = 24049.9
PHY-3001 : Run with size of 2
PHY-3001 : Cell area utilization is 3%
PHY-3001 : :::0::: Try harder cell spreading with beta_ = 0.000440378
PHY-3002 : Step(75): len = 21897.5, overlap = 4.75
PHY-3002 : Step(76): len = 21450.3, overlap = 5.25
PHY-3002 : Step(77): len = 20955.6, overlap = 6
PHY-3002 : Step(78): len = 20488.4, overlap = 6.25
PHY-3002 : Step(79): len = 20277.4, overlap = 6.75
PHY-3002 : Step(80): len = 20168.1, overlap = 7.75
PHY-3001 : :::1::: Try harder cell spreading with beta_ = 0.000729869
PHY-3002 : Step(81): len = 20172.5, overlap = 7.75
PHY-3002 : Step(82): len = 20162.7, overlap = 7.75
PHY-3001 : :::2::: Try harder cell spreading with beta_ = 0.00145974
PHY-3002 : Step(83): len = 20163.6, overlap = 7.75
PHY-3002 : Step(84): len = 20163.6, overlap = 7.75
PHY-3001 : Legalization ...
PHY-3001 : End legalization;  0.003600s wall, 0.015625s user + 0.000000s system = 0.015625s CPU (434.0%)

PHY-3001 : Legalized: Len = 22096.1, Over = 0
PHY-3001 : Spreading special nets. 1 overflows in 2952 tiles.
PHY-3001 : End spreading;  0.002148s wall, 0.000000s user + 0.000000s system = 0.000000s CPU (n/a%)

PHY-3001 : 2 instances has been re-located, deltaX = 0, deltaY = 2, maxDist = 1.
PHY-3001 : Final: Len = 22158.1, Over = 0
OPT-1001 : Start physical optimization ...
OPT-1001 : Total overflow 0.00 peak overflow 0.00
OPT-1001 : Start high-fanout net optimization ...
OPT-1001 : Update timing in global mode
PHY-1001 : Start incremental global routing, caller is place ...
RUN-1001 : Generating global routing grids ...
PHY-1001 : Generate routing nets ...
PHY-1001 : Reuse net number 66/612.
PHY-1001 : Global iterations in 16 thread ...
PHY-1002 : len = 26072, over cnt = 70(0%), over = 101, worst = 4
PHY-1002 : len = 26752, over cnt = 8(0%), over = 8, worst = 1
PHY-1002 : len = 26864, over cnt = 1(0%), over = 1, worst = 1
PHY-1002 : len = 26880, over cnt = 0(0%), over = 0, worst = 0
PHY-1001 : End global iterations;  0.051791s wall, 0.031250s user + 0.015625s system = 0.046875s CPU (90.5%)

PHY-1001 : Congestion index: top1 = 19.83, top5 = 11.23, top10 = 6.86, top15 = 5.01.
PHY-1001 : End incremental global routing;  0.085213s wall, 0.078125s user + 0.015625s system = 0.093750s CPU (110.0%)

RUN-1002 : start command "start_timer -report"
TMR-5001 WARNING: No sdc constraints found while initiating timer.
TMR-2505 : Start building timing graph for model top.
TMR-2506 : Build timing graph completely. Port num: 14, tpin num: 2882, tnet num: 610, tinst num: 343, tnode num: 3467, tedge num: 4828.
TMR-2508 : Levelizing timing graph completed, there are 21 levels in total.
TMR-2501 : Timing graph initialized successfully.
OPT-1001 : End timing update;  0.178805s wall, 0.171875s user + 0.000000s system = 0.171875s CPU (96.1%)

OPT-1001 : 0 high-fanout net processed.
OPT-1001 : End high-fanout net optimization;  0.272945s wall, 0.265625s user + 0.015625s system = 0.281250s CPU (103.0%)

OPT-1001 : Current memory(MB): used = 155, reserve = 126, peak = 155.
OPT-1001 : Update timing in Manhattan mode
OPT-1001 : End timing update;  0.000512s wall, 0.000000s user + 0.000000s system = 0.000000s CPU (n/a%)

OPT-1001 : Start pin optimization...
OPT-1001 : skip pin optimization...
RUN-1001 : Generating global routing grids ...
PHY-1001 : Generate routing nets ...
PHY-1001 : Reuse net number 477/612.
PHY-1001 : Global iterations in 16 thread ...
PHY-1002 : len = 26880, over cnt = 0(0%), over = 0, worst = 0
PHY-1001 : End global iterations;  0.002669s wall, 0.000000s user + 0.000000s system = 0.000000s CPU (n/a%)

PHY-1001 : Congestion index: top1 = 19.83, top5 = 11.23, top10 = 6.86, top15 = 5.01.
OPT-1001 : Update timing in Manhattan mode
OPT-1001 : End timing update;  0.001137s wall, 0.000000s user + 0.000000s system = 0.000000s CPU (n/a%)

RUN-1001 : QoR Analysis:
OPT-0007 :   WNS 2147483647 TNS 0 NUM_FEPS 0
RUN-1001 :   No local congestion issue, and most congested 1% tile average routing util is 19.310345
RUN-1001 :   Top critical paths
OPT-1001 : End physical optimization;  0.312653s wall, 0.296875s user + 0.015625s system = 0.312500s CPU (100.0%)

RUN-1003 : finish command "place" in  1.902303s wall, 2.515625s user + 1.953125s system = 4.468750s CPU (234.9%)

RUN-1004 : used memory is 138 MB, reserved memory is 109 MB, peak memory is 156 MB
RUN-1002 : start command "export_db top_place.db"
RUN-1001 : Exported /
RUN-1001 : Exported flow parameters
RUN-1001 : Exported libs
RUN-1001 : Exported entities
RUN-1001 : Exported ports
RUN-1001 : Exported pins
RUN-1001 : Exported instances
RUN-1001 : Exported nets
RUN-1001 : Exported buses
RUN-1001 : Exported models
RUN-1001 : Exported congestions
RUN-1001 : Exported violations
RUN-1001 : Exported IO constraints
RUN-1001 : Exported Inst constraints
RUN-1002 : start command "route"
RUN-1001 : Open license file D:/Anlogic/TD5.6.2/license/Anlogic.lic
RUN-1001 : Print Global Property
RUN-1001 : ---------------------------------------------------------------
RUN-1001 :        Parameters        |  Settings  |  Default Values  |  Note  
RUN-1001 : ---------------------------------------------------------------
RUN-1001 :          message         |  standard  |     standard     |        
RUN-1001 :   mixed_pack_place_flow  |     on     |        on        |        
RUN-1001 :        qor_monitor       |    off     |       off        |        
RUN-1001 :        syn_ip_flow       |    off     |       off        |        
RUN-1001 :          thread          |    auto    |       auto       |        
RUN-1001 : ---------------------------------------------------------------
RUN-1001 : Print Route Property
RUN-1001 : -------------------------------------------------------
RUN-1001 :    Parameters    |  Settings  |  Default Values  |  Note  
RUN-1001 : -------------------------------------------------------
RUN-1001 :      effort      |   medium   |      medium      |        
RUN-1001 :     fix_hold     |    off     |       off        |        
RUN-1001 :    opt_timing    |   medium   |      medium      |        
RUN-1001 :   phy_sim_model  |    off     |       off        |        
RUN-1001 :     priority     |   timing   |      timing      |        
RUN-1001 :     swap_pin     |     on     |        on        |        
RUN-1001 : -------------------------------------------------------
PHY-1001 : Route runs in 16 thread(s)
RUN-1001 : There are total 345 instances
RUN-1001 : 144 mslices, 143 lslices, 44 pads, 8 brams, 0 dsps
RUN-1001 : There are total 612 nets
RUN-1001 : 405 nets have 2 pins
RUN-1001 : 153 nets have [3 - 5] pins
RUN-1001 : 23 nets have [6 - 10] pins
RUN-1001 : 13 nets have [11 - 20] pins
RUN-1001 : 12 nets have [21 - 99] pins
RUN-1001 : 6 nets have 100+ pins
RUN-1002 : start command "start_timer -report"
TMR-5001 WARNING: No sdc constraints found while initiating timer.
TMR-2505 : Start building timing graph for model top.
TMR-2506 : Build timing graph completely. Port num: 14, tpin num: 2882, tnet num: 610, tinst num: 343, tnode num: 3467, tedge num: 4828.
TMR-2508 : Levelizing timing graph completed, there are 21 levels in total.
TMR-2501 : Timing graph initialized successfully.
PHY-1001 : 144 mslices, 143 lslices, 44 pads, 8 brams, 0 dsps
TMR-2503 : Start to update net delay, extr mode = 3.
TMR-2504 : Update delay of 610 nets completely.
TMR-2502 : Annotate delay completely, extr mode = 3.
TMR-3002 : No user constraint, initiate default constraint.
TMR-1501 : Assign derive clock DeriveClock to 368 clock pins, and constraint 583 relative nodes.
TMR-3003 : Constraints initiated successfully.
TMR-3501 : Forward propagation: start to calculate arrival time...
TMR-3502 : Backward propagation: start to calculate required time...
TMR-3503 : Timing propagation completes.
PHY-1001 : Start global routing, caller is route ...
RUN-1001 : Generating global routing grids ...
PHY-1001 : Generate routing nets ...
PHY-1001 : Global iterations in 16 thread ...
PHY-1002 : len = 25944, over cnt = 69(0%), over = 104, worst = 4
PHY-1002 : len = 26704, over cnt = 7(0%), over = 7, worst = 1
PHY-1002 : len = 26768, over cnt = 3(0%), over = 3, worst = 1
PHY-1002 : len = 26816, over cnt = 0(0%), over = 0, worst = 0
PHY-1001 : End global iterations;  0.059897s wall, 0.031250s user + 0.015625s system = 0.046875s CPU (78.3%)

PHY-1001 : Congestion index: top1 = 19.53, top5 = 11.18, top10 = 6.85, top15 = 4.98.
PHY-1001 : End global routing;  0.093116s wall, 0.078125s user + 0.015625s system = 0.093750s CPU (100.7%)

PHY-1001 : Start detail routing ...
PHY-1001 : Current memory(MB): used = 178, reserve = 149, peak = 193.
PHY-1001 : Detailed router is running in normal mode.
PHY-1001 : Generate detailed routing grids ...
PHY-1001 : Generate nets ...
PHY-1001 : net clk_dup_1 will be routed on clock mesh
PHY-1001 : clock net cmos_pclk_syn_4 will be merged with clock cmos_pclk_dup_1
PHY-1001 : clock net iic_ctrl_m0/iic_master_m0/scl_x2_syn_4 will be merged with clock iic_ctrl_m0/iic_master_m0/scl_x2
PHY-1001 : net video_timing_data_m0/video_clk will be routed on clock mesh
PHY-1001 : Current memory(MB): used = 446, reserve = 423, peak = 446.
PHY-1001 : End build detailed router design. 2.639149s wall, 2.437500s user + 0.031250s system = 2.468750s CPU (93.5%)

PHY-1001 : Detail Route ...
PHY-1001 : ===== Detail Route Phase 1 =====
PHY-1001 : Clock net routing.....
PHY-1001 : Routed 0% nets.
PHY-1022 : len = 19456, over cnt = 0(0%), over = 0, worst = 0, crit = 0
PHY-1001 : End initial clock net routed; 0.719664s wall, 0.687500s user + 0.000000s system = 0.687500s CPU (95.5%)

PHY-1001 : Current memory(MB): used = 478, reserve = 458, peak = 478.
PHY-1001 : End phase 1; 0.724114s wall, 0.687500s user + 0.000000s system = 0.687500s CPU (94.9%)

PHY-1001 : ===== Detail Route Phase 2 =====
PHY-1001 : Initial routing.....
PHY-1001 : Routed 27% nets.
PHY-1001 : Routed 36% nets.
PHY-1001 : Routed 51% nets.
PHY-1001 : Routed 65% nets.
PHY-1001 : Routed 87% nets.
PHY-1022 : len = 90712, over cnt = 29(0%), over = 29, worst = 1, crit = 0
PHY-1001 : Current memory(MB): used = 478, reserve = 458, peak = 479.
PHY-1001 : End initial routed; 0.472551s wall, 0.625000s user + 0.078125s system = 0.703125s CPU (148.8%)

PHY-1001 : Current memory(MB): used = 478, reserve = 458, peak = 479.
PHY-1001 : End phase 2; 0.472580s wall, 0.625000s user + 0.078125s system = 0.703125s CPU (148.8%)

PHY-1001 : ===== Detail Route Phase 3 =====
PHY-1001 : Ripup-reroute.....
PHY-1001 : ===== DR Iter 1 =====
PHY-1022 : len = 89784, over cnt = 2(0%), over = 2, worst = 1, crit = 0
PHY-1001 : End DR Iter 1; 0.020879s wall, 0.015625s user + 0.000000s system = 0.015625s CPU (74.8%)

PHY-1001 : ===== DR Iter 2 =====
PHY-1022 : len = 89816, over cnt = 0(0%), over = 0, worst = 0, crit = 0
PHY-1001 : End DR Iter 2; 0.011277s wall, 0.000000s user + 0.000000s system = 0.000000s CPU (n/a%)

PHY-1001 : Commit to database.....
PHY-5014 WARNING: Detail route doesn't find pib for video_pll_m0/pll_inst.fbclk[0]
PHY-1001 : 5 feed throughs used by 3 nets
PHY-1001 : End commit to database; 0.060425s wall, 0.062500s user + 0.000000s system = 0.062500s CPU (103.4%)

PHY-1001 : Current memory(MB): used = 489, reserve = 467, peak = 489.
PHY-1001 : End phase 3; 0.176205s wall, 0.171875s user + 0.000000s system = 0.171875s CPU (97.5%)

PHY-1003 : Routed, final wirelength = 89816
PHY-1001 : Current memory(MB): used = 489, reserve = 467, peak = 489.
PHY-1001 : End export database. 0.005434s wall, 0.000000s user + 0.000000s system = 0.000000s CPU (n/a%)

PHY-1001 : End detail routing;  4.167376s wall, 4.078125s user + 0.109375s system = 4.187500s CPU (100.5%)

RUN-1003 : finish command "route" in  4.483522s wall, 4.359375s user + 0.125000s system = 4.484375s CPU (100.0%)

RUN-1004 : used memory is 447 MB, reserved memory is 426 MB, peak memory is 489 MB
RUN-1002 : start command "report_area -io_info -file top_phy.area"
RUN-1001 : standard
***Report Model: top Device: EG4S20NG88***

IO Statistics
#IO                        44
  #input                   13
  #output                  30
  #inout                    1

Utilization Statistics
#lut                      458   out of  19600    2.34%
#reg                      218   out of  19600    1.11%
#le                       537
  #lut only               319   out of    537   59.40%
  #reg only                79   out of    537   14.71%
  #lut&reg                139   out of    537   25.88%
#dsp                        0   out of     29    0.00%
#bram                       8   out of     64   12.50%
  #bram9k                   0
  #fifo9k                   8
#bram32k                    0   out of     16    0.00%
#pad                       44   out of     71   61.97%
  #ireg                     9
  #oreg                     5
  #treg                     1
#pll                        1   out of      4   25.00%
#gclk                       2   out of     16   12.50%

Clock Resource Statistics
Index     ClockNet                            Type               DriverType         Driver                                           Fanout
#1        clk_dup_1                           GCLK               io                 clk_syn_2.di                                     94
#2        video_timing_data_m0/video_clk      GCLK               pll                video_pll_m0/pll_inst.clkc0                      32
#3        iic_ctrl_m0/iic_master_m0/scl_x2    GCLK               mslice             iic_ctrl_m0/iic_master_m0/scl_x2_reg_syn_5.q1    31
#4        cmos_pclk_dup_1                     GCLK               io                 cmos_pclk_syn_2.di                               28


Detailed IO Report

     Name        Direction    Location    IOStandard    DriveStrength    PullType     PackReg   
      clk          INPUT        P35        LVCMOS25          N/A          PULLUP       NONE     
  cmos_db[7]       INPUT        P67        LVCMOS25          N/A          PULLUP       IREG     
  cmos_db[6]       INPUT        P70        LVCMOS25          N/A          PULLUP       IREG     
  cmos_db[5]       INPUT        P71        LVCMOS25          N/A          PULLUP       IREG     
  cmos_db[4]       INPUT        P72        LVCMOS25          N/A          PULLUP       IREG     
  cmos_db[3]       INPUT        P74        LVCMOS25          N/A          PULLUP       IREG     
  cmos_db[2]       INPUT        P75        LVCMOS25          N/A          PULLUP       IREG     
  cmos_db[1]       INPUT        P76        LVCMOS25          N/A          PULLUP       IREG     
  cmos_db[0]       INPUT        P77        LVCMOS25          N/A          PULLUP       IREG     
   cmos_href       INPUT        P83        LVCMOS25          N/A          PULLUP       NONE     
   cmos_pclk       INPUT        P68        LVCMOS25          N/A          PULLUP       NONE     
  cmos_vsync       INPUT        P87        LVCMOS25          N/A          PULLUP       IREG     
     rst_n         INPUT        P16        LVCMOS25          N/A           N/A         NONE     
   cmos_pwdn      OUTPUT        P22        LVCMOS25           8            N/A         NONE     
   cmos_scl       OUTPUT        P86        LVCMOS25           8            NONE        OREG     
    lcd_clk       OUTPUT        P60        LVCMOS25           8            NONE        NONE     
    lcd_de        OUTPUT        P63        LVCMOS25           8            NONE        OREG     
    lcd_hs        OUTPUT        P61        LVCMOS25           8            NONE        OREG     
  lcd_rgb[23]     OUTPUT        P38        LVCMOS25           8            NONE        NONE     
  lcd_rgb[22]     OUTPUT        P37        LVCMOS25           8            NONE        NONE     
  lcd_rgb[21]     OUTPUT        P33        LVCMOS25           8            NONE        NONE     
  lcd_rgb[20]     OUTPUT        P32        LVCMOS25           8            NONE        NONE     
  lcd_rgb[19]     OUTPUT        P31        LVCMOS25           8            NONE        NONE     
  lcd_rgb[18]     OUTPUT        P30        LVCMOS25           8            NONE        NONE     
  lcd_rgb[17]     OUTPUT        P29        LVCMOS25           8            NONE        NONE     
  lcd_rgb[16]     OUTPUT        P28        LVCMOS25           8            NONE        NONE     
  lcd_rgb[15]     OUTPUT        P48        LVCMOS25           8            NONE        NONE     
  lcd_rgb[14]     OUTPUT        P47        LVCMOS25           8            NONE        NONE     
  lcd_rgb[13]     OUTPUT        P45        LVCMOS25           8            NONE        NONE     
  lcd_rgb[12]     OUTPUT        P44        LVCMOS25           8            NONE        NONE     
  lcd_rgb[11]     OUTPUT        P42        LVCMOS25           8            NONE        NONE     
  lcd_rgb[10]     OUTPUT        P41        LVCMOS25           8            NONE        NONE     
  lcd_rgb[9]      OUTPUT        P40        LVCMOS25           8            NONE        NONE     
  lcd_rgb[8]      OUTPUT        P39        LVCMOS25           8            NONE        NONE     
  lcd_rgb[7]      OUTPUT        P59        LVCMOS25           8            NONE        NONE     
  lcd_rgb[6]      OUTPUT        P57        LVCMOS25           8            NONE        NONE     
  lcd_rgb[5]      OUTPUT        P55        LVCMOS25           8            NONE        NONE     
  lcd_rgb[4]      OUTPUT        P54        LVCMOS25           8            NONE        NONE     
  lcd_rgb[3]      OUTPUT        P52        LVCMOS25           8            NONE        NONE     
  lcd_rgb[2]      OUTPUT        P51        LVCMOS25           8            NONE        NONE     
  lcd_rgb[1]      OUTPUT        P50        LVCMOS25           8            NONE        NONE     
  lcd_rgb[0]      OUTPUT        P49        LVCMOS25           8            NONE        NONE     
    lcd_vs        OUTPUT        P62        LVCMOS25           8            NONE        OREG     
   cmos_sda        INOUT        P79        LVCMOS25           8           PULLUP     OREG;TREG  

Report Hierarchy Area:
+-----------------------------------------------------------------------------------------------+
|Instance               |Module            |le     |lut     |ripple  |seq     |bram    |dsp     |
+-----------------------------------------------------------------------------------------------+
|top                    |top               |537    |423     |35      |233     |8       |0       |
|  cmos_8_16bit_m0      |cmos_8_16bit      |18     |2       |0       |18      |0       |0       |
|  iic_ctrl_m0          |iic_ctrl          |463    |374     |27      |170     |0       |0       |
|    iic_master_m0      |iic_master        |159    |98      |12      |95      |0       |0       |
|  video_pll_m0         |video_pll         |0      |0       |0       |0       |0       |0       |
|  video_timing_data_m0 |video_timing_data |55     |46      |8       |30      |8       |0       |
|    rgb_timing_m0      |rgb_timing        |49     |41      |8       |27      |0       |0       |
|    video_fifo_m0      |video_fifo        |2      |2       |0       |0       |8       |0       |
+-----------------------------------------------------------------------------------------------+


DataNet Average Fanout:

   Index     Fanout     Nets  
    #1          1       361   
    #2          2       108   
    #3          3        30   
    #4          4        15   
    #5        5-10       24   
    #6        11-50      18   
    #7       51-100      1    
    #8       101-500     5    
  Average     3.63            

RUN-1002 : start command "export_db top_pr.db"
RUN-1001 : Exported /
RUN-1001 : Exported flow parameters
RUN-1001 : Exported libs
RUN-1001 : Exported entities
RUN-1001 : Exported ports
RUN-1001 : Exported pins
RUN-1001 : Exported instances
RUN-1001 : Exported nets
RUN-1001 : Exported buses
RUN-1001 : Exported models
RUN-1001 : Exported congestions
RUN-1001 : Exported violations
RUN-1001 : Exported IO constraints
RUN-1001 : Exported Inst constraints
RUN-1002 : start command "export_bid top_inst.bid"
RUN-1002 : start command "bitgen -bit top.bit"
BIT-1003 : Start to generate bitstream. 
BIT-1002 : Init instances with 16 threads.
BIT-1002 : Init instances completely, inst num: 343
BIT-1002 : Init pips with 16 threads.
BIT-1002 : Init pips completely, net num: 612, pip num: 6312
BIT-1002 : Init feedthrough completely, num: 5
BIT-1003 : Multithreading accelaration with 16 threads.
BIT-1003 : Generate bitstream completely, there are 920 valid insts, and 17567 bits set as '1'.
BIT-1004 : PLL setting string = 0001
BIT-1004 : Generate bits file top.bit.
RUN-1002 : start command "backup_run_log run.log ../.logs/phy_1/td_20230709_170902.log"
