============================================================
   Tang Dynasty, V5.6.71036
      Copyright (c) 2012-2023 Anlogic Inc.
   Executable = D:/Anlogic/TD5.6.2/bin/td.exe
   Built at =   20:34:38 Mar 21 2023
   Run by =     BigPig
   Run Date =   Fri Jun  2 16:13:50 2023

   Run on =     DESKTOP-9MNJBAS
============================================================
RUN-1002 : start command "open_project top.prj"
RUN-1001 : Print Global Property
RUN-1001 : ---------------------------------------------------------------
RUN-1001 :        Parameters        |  Settings  |  Default Values  |  Note  
RUN-1001 : ---------------------------------------------------------------
RUN-1001 :          message         |  standard  |     standard     |        
RUN-1001 :   mixed_pack_place_flow  |     on     |        on        |        
RUN-1001 :        qor_monitor       |    off     |       off        |        
RUN-1001 :        syn_ip_flow       |    off     |       off        |        
RUN-1001 :          thread          |    auto    |       auto       |        
RUN-1001 : ---------------------------------------------------------------
RUN-1001 : Print Design Property
RUN-1001 : --------------------------------------------------------------
RUN-1001 :        Parameters       |  Settings  |  Default Values  |  Note  
RUN-1001 : --------------------------------------------------------------
RUN-1001 :   default_reg_initial   |    auto    |       auto       |        
RUN-1001 :        infer_add        |     on     |        on        |        
RUN-1001 :        infer_fsm        |    off     |       off        |        
RUN-1001 :        infer_mult       |     on     |        on        |        
RUN-1001 :        infer_ram        |     on     |        on        |        
RUN-1001 :        infer_reg        |     on     |        on        |        
RUN-1001 :   infer_reg_init_value  |     on     |        on        |        
RUN-1001 :        infer_rom        |     on     |        on        |        
RUN-1001 :      infer_shifter      |     on     |        on        |        
RUN-1001 : --------------------------------------------------------------
RUN-1001 : Print Rtl Property
RUN-1001 : --------------------------------------------------------------
RUN-1001 :        Parameters       |  Settings  |  Default Values  |  Note  
RUN-1001 : --------------------------------------------------------------
RUN-1001 :       compress_add      |   ripple   |      ripple      |        
RUN-1001 :        elf_sload        |    off     |       off        |        
RUN-1001 :       fix_undriven      |     0      |        0         |        
RUN-1001 :         flatten         |    off     |       off        |        
RUN-1001 :       gate_sharing      |     on     |        on        |        
RUN-1001 :    hdl_warning_level    |   normal   |      normal      |        
RUN-1001 :   impl_internal_tribuf  |     on     |        on        |        
RUN-1001 :      impl_set_reset     |     on     |        on        |        
RUN-1001 :        infer_gsr        |    off     |       off        |        
RUN-1001 :      keep_hierarchy     |    auto    |       auto       |        
RUN-1001 :        max_fanout       |    9999    |       9999       |        
RUN-1001 :      max_oh2bin_len     |     10     |        10        |        
RUN-1001 :       merge_equal       |     on     |        on        |        
RUN-1001 :       merge_equiv       |     on     |        on        |        
RUN-1001 :        merge_mux        |    off     |       off        |        
RUN-1001 :     min_control_set     |     8      |        8         |        
RUN-1001 :      min_ripple_len     |    auto    |       auto       |        
RUN-1001 :       oh2bin_ratio      |    0.08    |       0.08       |        
RUN-1001 :     opt_adder_fanout    |     on     |        on        |        
RUN-1001 :        opt_arith        |     on     |        on        |        
RUN-1001 :       opt_big_gate      |    off     |       off        |        
RUN-1001 :        opt_const        |     on     |        on        |        
RUN-1001 :      opt_const_mult     |     on     |        on        |        
RUN-1001 :       opt_lessthan      |     on     |        on        |        
RUN-1001 :         opt_mux         |    off     |       off        |        
RUN-1001 :         opt_ram         |    high    |       high       |        
RUN-1001 :      rtl_sim_model      |    off     |       off        |        
RUN-1001 :         seq_syn         |     on     |        on        |        
RUN-1001 : --------------------------------------------------------------
HDL-1007 : analyze verilog file ../../src/top.sv
HDL-5007 WARNING: non-net output port 'led' cannot be initialized at declaration in SystemVerilog mode in ../../src/top.sv(5)
RUN-1001 : Project manager successfully analyzed 1 source files.
RUN-1002 : start command "import_device ef2_4.db -package EF2L45LG144B"
ARC-1001 : Device Initialization.
ARC-1001 : ---------------------------------------------------------
ARC-1001 :       OPTION       |          IO           |   SETTING   
ARC-1001 : ---------------------------------------------------------
ARC-1001 :        done        |         P109          |    gpio    
ARC-1001 :        initn       |         P110          |    gpio    
ARC-1001 :       jtagen       |         P120          |    gpio    
ARC-1001 :      programn      |         P119          |  dedicate  
ARC-1001 :   tdi/tms/tck/tdo  |  P136/P130/P131/P137  |  dedicate  
ARC-1001 : ---------------------------------------------------------
ARC-1004 : Device setting, marked 5 dedicate IOs in total.
RUN-1002 : start command "import_db ../syn_1/top_gate.db"
RUN-1001 : Importing database generated by Tang Dynasty, V5.6.71036.
RUN-1001 : Database version number 46146.
RUN-1001 : Import flow parameters
RUN-1001 : Import IO constraints
RUN-1001 : Import Inst constraints
RUN-1001 : Import design success TD_VERSION=5.6.71036 , DB_VERSION=46146
RUN-1002 : start command "place"
RUN-1001 : Open license file D:/Anlogic/TD5.6.2/license/Anlogic.lic
RUN-1001 : Print Global Property
RUN-1001 : ---------------------------------------------------------------
RUN-1001 :        Parameters        |  Settings  |  Default Values  |  Note  
RUN-1001 : ---------------------------------------------------------------
RUN-1001 :          message         |  standard  |     standard     |        
RUN-1001 :   mixed_pack_place_flow  |     on     |        on        |        
RUN-1001 :        qor_monitor       |    off     |       off        |        
RUN-1001 :        syn_ip_flow       |    off     |       off        |        
RUN-1001 :          thread          |    auto    |       auto       |        
RUN-1001 : ---------------------------------------------------------------
RUN-1001 : Print Place Property
RUN-1001 : --------------------------------------------------------------
RUN-1001 :        Parameters       |  Settings  |  Default Values  |  Note  
RUN-1001 : --------------------------------------------------------------
RUN-1001 :      detailed_place     |     on     |        on        |        
RUN-1001 :          effort         |   medium   |      medium      |        
RUN-1001 :         fix_hold        |    off     |       off        |        
RUN-1001 :       legalization      |    ori     |       ori        |        
RUN-1001 :      new_spreading      |     on     |        on        |        
RUN-1001 :        opt_timing       |   medium   |      medium      |        
RUN-1001 :   post_clock_route_opt  |    off     |       off        |        
RUN-1001 :       pr_strategy       |     1      |        1         |        
RUN-1001 :        relaxation       |    1.00    |       1.00       |        
RUN-1001 :         retiming        |    off     |       off        |        
RUN-1001 : --------------------------------------------------------------
PHY-3001 : Placer runs in 16 thread(s).
RUN-1002 : start command "legalize_phy_inst"
SYN-1011 : Flatten model top
RUN-1002 : start command "phys_opt -simplify_lut"
SYN-4024 : Net "clk_dup_1" drives clk pins.
SYN-4025 : Tag rtl::Net clk_dup_1 as clock net
SYN-4026 : Tagged 1 rtl::Net as clock net
PHY-1001 : Populate physical database on model top.
RUN-1001 : There are total 97 instances
RUN-0007 : 38 luts, 29 seqs, 14 mslices, 7 lslices, 6 pads, 0 brams, 0 dsps
RUN-1001 : There are total 123 nets
RUN-1001 : 85 nets have 2 pins
RUN-1001 : 33 nets have [3 - 5] pins
RUN-1001 : 5 nets have [21 - 99] pins
RUN-1001 : Report Control nets information:
RUN-1001 : DFF Distribution
RUN-1001 : ----------------------------------
RUN-1001 :   CE   |  SSR  |  ASR  |  DFF Count  
RUN-1001 : ----------------------------------
RUN-1001 :   No   |  No   |  No   |      0      
RUN-1001 :   No   |  No   |  Yes  |     29      
RUN-1001 :   No   |  Yes  |  No   |      0      
RUN-1001 :   Yes  |  No   |  No   |      0      
RUN-1001 :   Yes  |  No   |  Yes  |      0      
RUN-1001 :   Yes  |  Yes  |  No   |      0      
RUN-1001 : ----------------------------------
RUN-0007 : Control Group Statistic
RUN-0007 : ---------------------------
RUN-0007 :   #CLK  |  #CE  |  #SSR/ASR  
RUN-0007 : ---------------------------
RUN-0007 :    1    |   1   |     2      
RUN-0007 : ---------------------------
RUN-0007 : Control Set = 1
PHY-3001 : Initial placement ...
PHY-3001 : design contains 95 instances, 38 luts, 29 seqs, 21 slices, 2 macros(21 instances: 14 mslices 7 lslices)
PHY-0007 : Cell area utilization is 1%
PHY-3001 : Global placement ...
PHY-3001 : Initial: Len = 18431
PHY-3001 : Run with size of 3
PHY-3001 : Cell area utilization is 1%
PHY-3001 : :::0::: Try harder cell spreading with beta_ = 0
PHY-3002 : Step(1): len = 10452.5, overlap = 0
PHY-3002 : Step(2): len = 5432.9, overlap = 0
PHY-3002 : Step(3): len = 3430.7, overlap = 0
PHY-3002 : Step(4): len = 2215.9, overlap = 0
PHY-3002 : Step(5): len = 1589.5, overlap = 0
PHY-3002 : Step(6): len = 1395.2, overlap = 0
PHY-3002 : Step(7): len = 1488, overlap = 0
PHY-3002 : Step(8): len = 1511, overlap = 0
PHY-3001 : Legalization ...
PHY-3001 : End legalization;  0.000773s wall, 0.000000s user + 0.000000s system = 0.000000s CPU (n/a%)

PHY-3001 : Run with size of 3
PHY-3001 : Cell area utilization is 2%
PHY-3001 : :::0::: Try harder cell spreading with beta_ = 0
PHY-3002 : Step(9): len = 1254.4, overlap = 1.15625
PHY-3002 : Step(10): len = 1210.6, overlap = 1.21875
PHY-3002 : Step(11): len = 1206.1, overlap = 1.34375
PHY-3002 : Step(12): len = 1224.4, overlap = 1.34375
PHY-3002 : Step(13): len = 1262.5, overlap = 1.53125
PHY-3002 : Step(14): len = 1271.7, overlap = 1.53125
PHY-3002 : Step(15): len = 1204.9, overlap = 1.28125
PHY-3002 : Step(16): len = 1248.1, overlap = 1.375
PHY-3002 : Step(17): len = 1193.7, overlap = 1.71875
PHY-3002 : Step(18): len = 1210.8, overlap = 1.90625
PHY-3002 : Step(19): len = 1218.4, overlap = 1.90625
PHY-3001 : Run with size of 1
PHY-3001 : Cell area utilization is 2%
PHY-3001 : :::0::: Try harder cell spreading with beta_ = 1.91553e-05
PHY-3002 : Step(20): len = 1206.1, overlap = 6.5
PHY-3002 : Step(21): len = 1206.1, overlap = 6.5
PHY-3001 : :::1::: Try harder cell spreading with beta_ = 3.09933e-05
PHY-3002 : Step(22): len = 1301, overlap = 6.71875
PHY-3002 : Step(23): len = 1301, overlap = 6.71875
PHY-3001 : :::2::: Try harder cell spreading with beta_ = 6.19866e-05
PHY-3002 : Step(24): len = 1458.7, overlap = 6.25
PHY-3002 : Step(25): len = 1458.7, overlap = 6.25
PHY-3001 : :::3::: Try harder cell spreading with beta_ = 0.000123973
PHY-3002 : Step(26): len = 1786.3, overlap = 4.65625
PHY-3002 : Step(27): len = 1786.3, overlap = 4.65625
PHY-3002 : Step(28): len = 1695.2, overlap = 4.5625
PHY-3002 : Step(29): len = 1687.9, overlap = 4.46875
PHY-3002 : Step(30): len = 1684.3, overlap = 4.875
PHY-3002 : Step(31): len = 1705.8, overlap = 4.34375
PHY-3002 : Step(32): len = 1661.9, overlap = 4.4375
PHY-3002 : Step(33): len = 1660.7, overlap = 4.4375
PHY-3002 : Step(34): len = 1639.1, overlap = 4.375
PHY-3001 : :::4::: Try harder cell spreading with beta_ = 0.000247946
PHY-3002 : Step(35): len = 1724.7, overlap = 3.625
PHY-3002 : Step(36): len = 1737.5, overlap = 3.625
PHY-3002 : Step(37): len = 1737.5, overlap = 3.625
PHY-3001 : :::5::: Try harder cell spreading with beta_ = 0.000495893
PHY-3002 : Step(38): len = 1785.9, overlap = 3.53125
PHY-3002 : Step(39): len = 1801, overlap = 3.25
OPT-1001 : Start physical optimization ...
OPT-1001 : Total overflow 3.25 peak overflow 0.69
OPT-1001 : Start high-fanout net optimization ...
OPT-1001 : Update timing in global mode
PHY-1001 : Start incremental global routing, caller is place ...
RUN-1001 : Generating global routing grids ...
RUN-1001 : Building simple global routing graph ...
PHY-1001 : Generate routing nets ...
PHY-1001 : Reuse net number 0/123.
PHY-1001 : Global iterations in 16 thread ...
PHY-1002 : len = 1888, over cnt = 11(0%), over = 23, worst = 4
PHY-1001 : End global iterations;  0.004258s wall, 0.000000s user + 0.000000s system = 0.000000s CPU (n/a%)

PHY-1001 : Congestion index: top1 = 15.89, top5 = 6.29, top10 = 3.24, top15 = 2.17.
PHY-1001 : End incremental global routing;  0.012477s wall, 0.015625s user + 0.000000s system = 0.015625s CPU (125.2%)

RUN-1002 : start command "start_timer -report"
TMR-5001 WARNING: No sdc constraints found while initiating timer.
TMR-2505 : Start building timing graph for model top.
TMR-2506 : Build timing graph completely. Port num: 3, tpin num: 400, tnet num: 121, tinst num: 95, tnode num: 502, tedge num: 647.
TMR-2508 : Levelizing timing graph completed, there are 33 levels in total.
TMR-2501 : Timing graph initialized successfully.
OPT-1001 : End timing update;  0.052219s wall, 0.062500s user + 0.000000s system = 0.062500s CPU (119.7%)

OPT-1001 : 0 high-fanout net processed.
OPT-1001 : End high-fanout net optimization;  0.065366s wall, 0.078125s user + 0.000000s system = 0.078125s CPU (119.5%)

OPT-1001 : Current memory(MB): used = 114, reserve = 87, peak = 114.
OPT-1001 : End physical optimization;  0.066703s wall, 0.078125s user + 0.000000s system = 0.078125s CPU (117.1%)

PHY-3001 : Start packing ...
SYN-4007 : Packing 0 MUX to BLE ...
SYN-4008 : Packed 0 MUX and 0 SEQ to BLE.
SYN-4007 : Packing 38 LUT to BLE ...
SYN-4008 : Packed 38 LUT and 29 SEQ to BLE.
SYN-4003 : Packing 0 remaining SEQ's ...
SYN-4005 : Packed 0 SEQ with LUT/SLICE
SYN-4006 : 9 single LUT's are left
SYN-4006 : 0 single SEQ's are left
SYN-4011 : Packing model "top" (AL_USER_NORMAL) with 38/68 primitive instances ...
PHY-3001 : End packing;  0.002368s wall, 0.000000s user + 0.000000s system = 0.000000s CPU (n/a%)

PHY-1001 : Populate physical database on model top.
RUN-1001 : There are total 51 instances
RUN-1001 : 21 mslices, 21 lslices, 6 pads, 0 brams, 0 dsps
RUN-1001 : There are total 94 nets
RUN-1001 : 56 nets have 2 pins
RUN-1001 : 33 nets have [3 - 5] pins
RUN-1001 : 5 nets have [21 - 99] pins
PHY-3001 : design contains 49 instances, 42 slices, 2 macros(21 instances: 14 mslices 7 lslices)
PHY-3001 : Cell area utilization is 2%
PHY-3001 : After packing: Len = 1740.2, Over = 4
PHY-3001 : Run with size of 1
PHY-3001 : Cell area utilization is 2%
PHY-3001 : :::0::: Try harder cell spreading with beta_ = 0.000112599
PHY-3002 : Step(40): len = 1598, overlap = 4.25
PHY-3002 : Step(41): len = 1569.1, overlap = 4
PHY-3002 : Step(42): len = 1591.7, overlap = 3.25
PHY-3001 : :::1::: Try harder cell spreading with beta_ = 0.000220377
PHY-3002 : Step(43): len = 1690.9, overlap = 3.25
PHY-3002 : Step(44): len = 1715.8, overlap = 3.25
PHY-3002 : Step(45): len = 1715.8, overlap = 3.25
PHY-3001 : :::2::: Try harder cell spreading with beta_ = 0.000440755
PHY-3002 : Step(46): len = 1759.3, overlap = 3.25
PHY-3002 : Step(47): len = 1767.7, overlap = 3.25
PHY-3002 : Step(48): len = 1781.3, overlap = 3
PHY-3001 : Legalization ...
PHY-3001 : End legalization;  0.013807s wall, 0.015625s user + 0.015625s system = 0.031250s CPU (226.3%)

PHY-3001 : Trial Legalized: Len = 2003.2
PHY-3001 : Run with size of 1
PHY-3001 : Cell area utilization is 2%
PHY-3001 : :::0::: Try harder cell spreading with beta_ = 0.000579347
PHY-3002 : Step(49): len = 1894.2, overlap = 0.25
PHY-3002 : Step(50): len = 1749.7, overlap = 0.75
PHY-3002 : Step(51): len = 1733.5, overlap = 1.25
PHY-3002 : Step(52): len = 1719.1, overlap = 1
PHY-3002 : Step(53): len = 1710.6, overlap = 1
PHY-3002 : Step(54): len = 1697.6, overlap = 1
PHY-3001 : :::1::: Try harder cell spreading with beta_ = 0.0011209
PHY-3002 : Step(55): len = 1726.3, overlap = 1.25
PHY-3002 : Step(56): len = 1737.6, overlap = 0.75
PHY-3002 : Step(57): len = 1740.6, overlap = 0.75
PHY-3001 : :::2::: Try harder cell spreading with beta_ = 0.00224181
PHY-3002 : Step(58): len = 1751.9, overlap = 1
PHY-3002 : Step(59): len = 1754.9, overlap = 1
PHY-3001 : Legalization ...
PHY-3001 : End legalization;  0.001178s wall, 0.000000s user + 0.000000s system = 0.000000s CPU (n/a%)

PHY-3001 : Legalized: Len = 1743.2, Over = 0
PHY-3001 : End spreading;  0.000439s wall, 0.000000s user + 0.000000s system = 0.000000s CPU (n/a%)

PHY-3001 : Final: Len = 1743.2, Over = 0
RUN-1002 : start command "export_db top_place.db"
RUN-1001 : Exported /
RUN-1001 : Exported flow parameters
RUN-1001 : Exported libs
RUN-1001 : Exported entities
RUN-1001 : Exported ports
RUN-1001 : Exported pins
RUN-1001 : Exported instances
RUN-1001 : Exported nets
RUN-1001 : Exported buses
RUN-1001 : Exported models
RUN-1001 : Exported congestions
RUN-1001 : Exported violations
RUN-1001 : Exported IO constraints
RUN-1001 : Exported Inst constraints
RUN-1002 : start command "route"
RUN-1001 : Open license file D:/Anlogic/TD5.6.2/license/Anlogic.lic
RUN-1001 : Print Global Property
RUN-1001 : ---------------------------------------------------------------
RUN-1001 :        Parameters        |  Settings  |  Default Values  |  Note  
RUN-1001 : ---------------------------------------------------------------
RUN-1001 :          message         |  standard  |     standard     |        
RUN-1001 :   mixed_pack_place_flow  |     on     |        on        |        
RUN-1001 :        qor_monitor       |    off     |       off        |        
RUN-1001 :        syn_ip_flow       |    off     |       off        |        
RUN-1001 :          thread          |    auto    |       auto       |        
RUN-1001 : ---------------------------------------------------------------
RUN-1001 : Print Route Property
RUN-1001 : -------------------------------------------------------
RUN-1001 :    Parameters    |  Settings  |  Default Values  |  Note  
RUN-1001 : -------------------------------------------------------
RUN-1001 :      effort      |   medium   |      medium      |        
RUN-1001 :     fix_hold     |    off     |       off        |        
RUN-1001 :    opt_timing    |   medium   |      medium      |        
RUN-1001 :   phy_sim_model  |    off     |       off        |        
RUN-1001 :     priority     |   timing   |      timing      |        
RUN-1001 :     swap_pin     |     on     |        on        |        
RUN-1001 : -------------------------------------------------------
PHY-1001 : Route runs in 16 thread(s)
RUN-1001 : There are total 51 instances
RUN-1001 : 21 mslices, 21 lslices, 6 pads, 0 brams, 0 dsps
RUN-1001 : There are total 94 nets
RUN-1001 : 56 nets have 2 pins
RUN-1001 : 33 nets have [3 - 5] pins
RUN-1001 : 5 nets have [21 - 99] pins
RUN-1002 : start command "start_timer -report"
TMR-5001 WARNING: No sdc constraints found while initiating timer.
TMR-2505 : Start building timing graph for model top.
TMR-2506 : Build timing graph completely. Port num: 3, tpin num: 318, tnet num: 92, tinst num: 49, tnode num: 396, tedge num: 553.
TMR-2508 : Levelizing timing graph completed, there are 31 levels in total.
TMR-2501 : Timing graph initialized successfully.
PHY-1001 : 21 mslices, 21 lslices, 6 pads, 0 brams, 0 dsps
TMR-2503 : Start to update net delay, extr mode = 3.
TMR-2504 : Update delay of 92 nets completely.
TMR-2502 : Annotate delay completely, extr mode = 3.
TMR-3002 : No user constraint, initiate default constraint.
TMR-1501 : Assign derive clock DeriveClock to 42 clock pins, and constraint 78 relative nodes.
TMR-3003 : Constraints initiated successfully.
TMR-3501 : Forward propagation: start to calculate arrival time...
TMR-3502 : Backward propagation: start to calculate required time...
TMR-3503 : Timing propagation completes.
PHY-1001 : Start global routing, caller is route ...
RUN-1001 : Generating global routing grids ...
PHY-1001 : Generate routing nets ...
PHY-1001 : Global iterations in 16 thread ...
PHY-1002 : len = 1912, over cnt = 6(0%), over = 10, worst = 2
PHY-1002 : len = 1952, over cnt = 2(0%), over = 2, worst = 1
PHY-1002 : len = 1976, over cnt = 0(0%), over = 0, worst = 0
PHY-1001 : End global iterations;  0.005737s wall, 0.000000s user + 0.000000s system = 0.000000s CPU (n/a%)

PHY-1001 : Congestion index: top1 = 14.02, top5 = 6.27, top10 = 3.13, top15 = 2.10.
PHY-1001 : End global routing;  0.011478s wall, 0.000000s user + 0.000000s system = 0.000000s CPU (n/a%)

PHY-1001 : Start detail routing ...
PHY-1001 : Current memory(MB): used = 136, reserve = 109, peak = 149.
PHY-1001 : Detailed router is running in normal mode.
PHY-1001 : Generate detailed routing grids ...
PHY-1001 : Generate nets ...
PHY-1001 : net clk_dup_1 will be routed on clock mesh
PHY-1001 : Current memory(MB): used = 215, reserve = 188, peak = 215.
PHY-1001 : End build detailed router design. 0.791190s wall, 0.781250s user + 0.000000s system = 0.781250s CPU (98.7%)

PHY-1001 : Detail Route ...
PHY-1001 : ===== Detail Route Phase 1 =====
PHY-1001 : Clock net routing.....
PHY-1001 : Routed 1% nets.
PHY-1022 : len = 1344, over cnt = 0(0%), over = 0, worst = 0, crit = 0
PHY-1001 : End initial clock net routed; 0.001646s wall, 0.000000s user + 0.000000s system = 0.000000s CPU (n/a%)

PHY-1001 : Current memory(MB): used = 216, reserve = 189, peak = 216.
PHY-1001 : End phase 1; 0.002817s wall, 0.000000s user + 0.000000s system = 0.000000s CPU (n/a%)

PHY-1001 : ===== Detail Route Phase 2 =====
PHY-1001 : Initial routing.....
PHY-1001 : Routed 27% nets.
PHY-1001 : Routed 34% nets.
PHY-1001 : Routed 40% nets.
PHY-1001 : Routed 52% nets.
PHY-1001 : Routed 71% nets.
PHY-1022 : len = 6840, over cnt = 0(0%), over = 0, worst = 0, crit = 0
PHY-1001 : Current memory(MB): used = 218, reserve = 192, peak = 218.
PHY-1001 : End initial routed; 0.039589s wall, 0.046875s user + 0.015625s system = 0.062500s CPU (157.9%)

PHY-1001 : Current memory(MB): used = 218, reserve = 192, peak = 218.
PHY-1001 : End phase 2; 0.039630s wall, 0.046875s user + 0.015625s system = 0.062500s CPU (157.7%)

PHY-1001 : ===== Detail Route Phase 3 =====
PHY-1001 : Commit to database.....
PHY-1001 : 0 feed throughs used by 0 nets
PHY-1001 : End commit to database; 0.009190s wall, 0.000000s user + 0.000000s system = 0.000000s CPU (n/a%)

PHY-1001 : Current memory(MB): used = 225, reserve = 198, peak = 225.
PHY-1001 : End phase 3; 0.009254s wall, 0.000000s user + 0.000000s system = 0.000000s CPU (n/a%)

PHY-1003 : Routed, final wirelength = 6840
PHY-1001 : Current memory(MB): used = 225, reserve = 198, peak = 225.
PHY-1001 : End export database. 0.001178s wall, 0.000000s user + 0.000000s system = 0.000000s CPU (n/a%)

PHY-1001 : End detail routing;  0.892774s wall, 0.875000s user + 0.015625s system = 0.890625s CPU (99.8%)

RUN-1002 : start command "report_area -io_info -file top_phy.area"
RUN-1001 : standard
***Report Model: top Device: EF2L45LG144B***

IO Statistics
#IO                         6
  #input                    2
  #output                   4
  #inout                    0

Utilization Statistics
#lut                       80   out of   4480    1.79%
#reg                       29   out of   4480    0.65%
#le                        80
  #lut only                51   out of     80   63.75%
  #reg only                 0   out of     80    0.00%
  #lut&reg                 29   out of     80   36.25%
#dsp                        0   out of     15    0.00%
#bram                       0   out of     12    0.00%
  #bram9k                   0
  #fifo9k                   0
#bram32k                    0   out of      6    0.00%
#pad                        6   out of    109    5.50%
  #ireg                     0
  #oreg                     4
  #treg                     0
#pll                        0   out of      1    0.00%
#gclk                       0   out of     16    0.00%

Clock Resource Statistics
Index     ClockNet     Type               DriverType         Driver          Fanout
#1        clk_dup_1    GCLK               io                 clk_syn_2.di    21


Detailed IO Report

   Name     Direction    Location    IOStandard    DriveStrength    PullType    PackReg  
   clk        INPUT        P57        LVCMOS25          N/A          PULLUP      NONE    
  rst_n       INPUT        P52        LVCMOS25          N/A          PULLUP      NONE    
  led[3]     OUTPUT        P141       LVCMOS25           8            NONE       OREG    
  led[2]     OUTPUT        P140       LVCMOS25           8            NONE       OREG    
  led[1]     OUTPUT        P139       LVCMOS25           8            NONE       OREG    
  led[0]     OUTPUT        P138       LVCMOS25           8            NONE       OREG    

Report Hierarchy Area:
+----------------------------------------------------------------------+
|Instance |Module |le     |lut     |ripple  |seq     |bram    |dsp     |
+----------------------------------------------------------------------+
|top      |top    |80     |59      |21      |33      |0       |0       |
+----------------------------------------------------------------------+


DataNet Average Fanout:

   Index     Fanout    Nets  
    #1         1        50   
    #2         2        1    
    #3         3        28   
    #4         4        4    
    #5       11-50      2    
  Average     2.34           

RUN-1002 : start command "export_db top_pr.db"
RUN-1001 : Exported /
RUN-1001 : Exported flow parameters
RUN-1001 : Exported libs
RUN-1001 : Exported entities
RUN-1001 : Exported ports
RUN-1001 : Exported pins
RUN-1001 : Exported instances
RUN-1001 : Exported nets
RUN-1001 : Exported buses
RUN-1001 : Exported models
RUN-1001 : Exported congestions
RUN-1001 : Exported violations
RUN-1001 : Exported IO constraints
RUN-1001 : Exported Inst constraints
RUN-1002 : start command "export_bid top_inst.bid"
RUN-1002 : start command "bitgen -bit top.bit"
BIT-1003 : Start to generate bitstream. 
BIT-1002 : Init instances with 16 threads.
BIT-1002 : Init instances completely, inst num: 49
BIT-1002 : Init pips with 16 threads.
BIT-1002 : Init pips completely, net num: 94, pip num: 642
BIT-1003 : Multithreading accelaration with 16 threads.
BIT-1003 : Generate bitstream completely, there are 137 valid insts, and 2138 bits set as '1'.
BIT-1004 : Generate bits file top.bit.
RUN-1002 : start command "backup_run_log run.log ../.logs/phy_1/td_20230602_161350.log"
