============================================================
   Tang Dynasty, V5.6.71036
      Copyright (c) 2012-2023 Anlogic Inc.
   Executable = D:/Anlogic/TD5.6.2/bin/td.exe
   Built at =   20:34:38 Mar 21 2023
   Run by =     BigPig
   Run Date =   Fri Jul  7 21:47:04 2023

   Run on =     DESKTOP-9MNJBAS
============================================================
RUN-1002 : start command "open_project top.prj"
RUN-1001 : Print Global Property
RUN-1001 : ---------------------------------------------------------------
RUN-1001 :        Parameters        |  Settings  |  Default Values  |  Note  
RUN-1001 : ---------------------------------------------------------------
RUN-1001 :          message         |  standard  |     standard     |        
RUN-1001 :   mixed_pack_place_flow  |     on     |        on        |        
RUN-1001 :        qor_monitor       |    off     |       off        |        
RUN-1001 :        syn_ip_flow       |    off     |       off        |        
RUN-1001 :          thread          |    auto    |       auto       |        
RUN-1001 : ---------------------------------------------------------------
RUN-1001 : Print Design Property
RUN-1001 : --------------------------------------------------------------
RUN-1001 :        Parameters       |  Settings  |  Default Values  |  Note  
RUN-1001 : --------------------------------------------------------------
RUN-1001 :   default_reg_initial   |    auto    |       auto       |        
RUN-1001 :        infer_add        |     on     |        on        |        
RUN-1001 :        infer_fsm        |    off     |       off        |        
RUN-1001 :        infer_mult       |     on     |        on        |        
RUN-1001 :        infer_ram        |     on     |        on        |        
RUN-1001 :        infer_reg        |     on     |        on        |        
RUN-1001 :   infer_reg_init_value  |     on     |        on        |        
RUN-1001 :        infer_rom        |     on     |        on        |        
RUN-1001 :      infer_shifter      |     on     |        on        |        
RUN-1001 : --------------------------------------------------------------
RUN-1001 : Print Rtl Property
RUN-1001 : --------------------------------------------------------------
RUN-1001 :        Parameters       |  Settings  |  Default Values  |  Note  
RUN-1001 : --------------------------------------------------------------
RUN-1001 :       compress_add      |   ripple   |      ripple      |        
RUN-1001 :        elf_sload        |    off     |       off        |        
RUN-1001 :       fix_undriven      |     0      |        0         |        
RUN-1001 :         flatten         |    off     |       off        |        
RUN-1001 :       gate_sharing      |     on     |        on        |        
RUN-1001 :    hdl_warning_level    |   normal   |      normal      |        
RUN-1001 :   impl_internal_tribuf  |     on     |        on        |        
RUN-1001 :      impl_set_reset     |     on     |        on        |        
RUN-1001 :        infer_gsr        |    off     |       off        |        
RUN-1001 :      keep_hierarchy     |    auto    |       auto       |        
RUN-1001 :        max_fanout       |    9999    |       9999       |        
RUN-1001 :      max_oh2bin_len     |     10     |        10        |        
RUN-1001 :       merge_equal       |     on     |        on        |        
RUN-1001 :       merge_equiv       |     on     |        on        |        
RUN-1001 :        merge_mux        |    off     |       off        |        
RUN-1001 :     min_control_set     |     8      |        8         |        
RUN-1001 :      min_ripple_len     |    auto    |       auto       |        
RUN-1001 :       oh2bin_ratio      |    0.08    |       0.08       |        
RUN-1001 :     opt_adder_fanout    |     on     |        on        |        
RUN-1001 :        opt_arith        |     on     |        on        |        
RUN-1001 :       opt_big_gate      |    off     |       off        |        
RUN-1001 :        opt_const        |     on     |        on        |        
RUN-1001 :      opt_const_mult     |     on     |        on        |        
RUN-1001 :       opt_lessthan      |     on     |        on        |        
RUN-1001 :         opt_mux         |    off     |       off        |        
RUN-1001 :         opt_ram         |    high    |       high       |        
RUN-1001 :      rtl_sim_model      |    off     |       off        |        
RUN-1001 :         seq_syn         |     on     |        on        |        
RUN-1001 : --------------------------------------------------------------
HDL-1007 : analyze verilog file ../../src/uart_rx.sv
HDL-5007 WARNING: non-net output port 'recv_data' cannot be initialized at declaration in SystemVerilog mode in ../../src/uart_rx.sv(9)
HDL-5007 WARNING: parameter 'RATE_CNT' becomes localparam in 'uart_rx' with formal parameter declaration list in ../../src/uart_rx.sv(14)
HDL-1007 : analyze verilog file ../../src/uart_top.sv
HDL-1007 : undeclared symbol 'send_busy', assumed default net type 'wire' in ../../src/uart_top.sv(63)
HDL-1007 : analyze verilog file ../../src/uart_tx.sv
HDL-5007 WARNING: non-net output port 'tx_pin' cannot be initialized at declaration in SystemVerilog mode in ../../src/uart_tx.sv(12)
HDL-5007 WARNING: parameter 'RATE_CNT' becomes localparam in 'uart_tx' with formal parameter declaration list in ../../src/uart_tx.sv(14)
RUN-1001 : Project manager successfully analyzed 3 source files.
RUN-1002 : start command "import_device eagle_s20.db -package EG4S20NG88"
ARC-1001 : Device Initialization.
ARC-1001 : ---------------------------------------------------------------
ARC-1001 :            OPTION            |        IO         |   SETTING   
ARC-1001 : ---------------------------------------------------------------
ARC-1001 :   cso_b/cclk/mosi/miso/dout  |  P69/P82/P81/P80  |    gpio    
ARC-1001 :             done             |        P8         |    gpio    
ARC-1001 :           program_b          |        P67        |  dedicate  
ARC-1001 :        tdi/tms/tck/tdo       |  P25/P22/P26/P21  |  dedicate  
ARC-1001 : ---------------------------------------------------------------
ARC-1004 : Device setting, marked 5 dedicate IOs in total.
RUN-1002 : start command "import_db ../syn_1/top_gate.db"
RUN-1001 : Importing database generated by Tang Dynasty, V5.6.71036.
RUN-1001 : Database version number 46146.
RUN-1001 : Import flow parameters
RUN-1001 : Import IO constraints
RUN-1001 : Import Inst constraints
RUN-1001 : Import design success TD_VERSION=5.6.71036 , DB_VERSION=46146
RUN-1002 : start command "place"
RUN-1001 : Open license file D:/Anlogic/TD5.6.2/license/Anlogic.lic
RUN-1001 : Print Global Property
RUN-1001 : ---------------------------------------------------------------
RUN-1001 :        Parameters        |  Settings  |  Default Values  |  Note  
RUN-1001 : ---------------------------------------------------------------
RUN-1001 :          message         |  standard  |     standard     |        
RUN-1001 :   mixed_pack_place_flow  |     on     |        on        |        
RUN-1001 :        qor_monitor       |    off     |       off        |        
RUN-1001 :        syn_ip_flow       |    off     |       off        |        
RUN-1001 :          thread          |    auto    |       auto       |        
RUN-1001 : ---------------------------------------------------------------
RUN-1001 : Print Place Property
RUN-1001 : --------------------------------------------------------------
RUN-1001 :        Parameters       |  Settings  |  Default Values  |  Note  
RUN-1001 : --------------------------------------------------------------
RUN-1001 :      detailed_place     |     on     |        on        |        
RUN-1001 :          effort         |   medium   |      medium      |        
RUN-1001 :         fix_hold        |    off     |       off        |        
RUN-1001 :       legalization      |    ori     |       ori        |        
RUN-1001 :      new_spreading      |     on     |        on        |        
RUN-1001 :        opt_timing       |   medium   |      medium      |        
RUN-1001 :   post_clock_route_opt  |    off     |       off        |        
RUN-1001 :       pr_strategy       |     1      |        1         |        
RUN-1001 :        relaxation       |    1.00    |       1.00       |        
RUN-1001 :         retiming        |    off     |       off        |        
RUN-1001 : --------------------------------------------------------------
PHY-3001 : Placer runs in 16 thread(s).
RUN-1002 : start command "legalize_phy_inst"
SYN-1011 : Flatten model uart_top
RUN-1002 : start command "phys_opt -simplify_lut"
SYN-4024 : Net "clk_dup_1" drives clk pins.
SYN-4025 : Tag rtl::Net clk_dup_1 as clock net
SYN-4026 : Tagged 1 rtl::Net as clock net
PHY-1001 : Populate physical database on model uart_top.
RUN-1001 : There are total 259 instances
RUN-0007 : 134 luts, 98 seqs, 12 mslices, 9 lslices, 3 pads, 0 brams, 0 dsps
RUN-1001 : There are total 312 nets
RUN-1001 : 183 nets have 2 pins
RUN-1001 : 103 nets have [3 - 5] pins
RUN-1001 : 12 nets have [6 - 10] pins
RUN-1001 : 11 nets have [11 - 20] pins
RUN-1001 : 2 nets have [21 - 99] pins
RUN-1001 : 1 nets have 100+ pins
RUN-1001 : Report Control nets information:
RUN-1001 : DFF Distribution
RUN-1001 : ----------------------------------
RUN-1001 :   CE   |  SSR  |  ASR  |  DFF Count  
RUN-1001 : ----------------------------------
RUN-1001 :   No   |  No   |  No   |     44      
RUN-1001 :   No   |  No   |  Yes  |      0      
RUN-1001 :   No   |  Yes  |  No   |      0      
RUN-1001 :   Yes  |  No   |  No   |     54      
RUN-1001 :   Yes  |  No   |  Yes  |      0      
RUN-1001 :   Yes  |  Yes  |  No   |      0      
RUN-1001 : ----------------------------------
RUN-0007 : Control Group Statistic
RUN-0007 : ---------------------------
RUN-0007 :   #CLK  |  #CE  |  #SSR/ASR  
RUN-0007 : ---------------------------
RUN-0007 :    1    |   5   |     1      
RUN-0007 : ---------------------------
RUN-0007 : Control Set = 5
PHY-3001 : Initial placement ...
PHY-3001 : design contains 257 instances, 134 luts, 98 seqs, 21 slices, 3 macros(21 instances: 12 mslices 9 lslices)
PHY-0007 : Cell area utilization is 0%
PHY-3001 : Global placement ...
PHY-3001 : Initial: Len = 86377.6
PHY-3001 : Clustering ...
PHY-3001 : Level 0 #clusters 257.
PHY-3001 : End clustering;  0.000008s wall, 0.000000s user + 0.000000s system = 0.000000s CPU (n/a%)

PHY-3001 : Run with size of 4
PHY-3001 : Cell area utilization is 0%
PHY-3001 : :::0::: Try harder cell spreading with beta_ = 0
PHY-3002 : Step(1): len = 49806.7, overlap = 0
PHY-3002 : Step(2): len = 32898.9, overlap = 0
PHY-3002 : Step(3): len = 22458.7, overlap = 0
PHY-3002 : Step(4): len = 16184.7, overlap = 0
PHY-3002 : Step(5): len = 13108.2, overlap = 0
PHY-3002 : Step(6): len = 11408.5, overlap = 0
PHY-3002 : Step(7): len = 10678.7, overlap = 0
PHY-3002 : Step(8): len = 10169.4, overlap = 0
PHY-3002 : Step(9): len = 9122.8, overlap = 0
PHY-3002 : Step(10): len = 8928.2, overlap = 0
PHY-3002 : Step(11): len = 8372, overlap = 0
PHY-3002 : Step(12): len = 7172.8, overlap = 0
PHY-3002 : Step(13): len = 6773.5, overlap = 0
PHY-3002 : Step(14): len = 6682.9, overlap = 0
PHY-3002 : Step(15): len = 5746.3, overlap = 0
PHY-3002 : Step(16): len = 5630, overlap = 0
PHY-3002 : Step(17): len = 5619.7, overlap = 0
PHY-3002 : Step(18): len = 4899.5, overlap = 0
PHY-3002 : Step(19): len = 4830.6, overlap = 0
PHY-3002 : Step(20): len = 4834.7, overlap = 0
PHY-3002 : Step(21): len = 4300.1, overlap = 0
PHY-3002 : Step(22): len = 4300.1, overlap = 0
PHY-3002 : Step(23): len = 4111.6, overlap = 0
PHY-3002 : Step(24): len = 4111.6, overlap = 0
PHY-3002 : Step(25): len = 3947.4, overlap = 0
PHY-3002 : Step(26): len = 3947.4, overlap = 0
PHY-3002 : Step(27): len = 3901, overlap = 0
PHY-3001 : Legalization ...
PHY-3001 : End legalization;  0.003159s wall, 0.000000s user + 0.000000s system = 0.000000s CPU (n/a%)

PHY-3001 : Run with size of 4
PHY-3001 : Cell area utilization is 1%
PHY-3001 : :::0::: Try harder cell spreading with beta_ = 0
PHY-3002 : Step(28): len = 3878.6, overlap = 0
PHY-3002 : Step(29): len = 3926.2, overlap = 0
PHY-3002 : Step(30): len = 4010.5, overlap = 0
PHY-3002 : Step(31): len = 4125.8, overlap = 0
PHY-3002 : Step(32): len = 4184.6, overlap = 0.75
PHY-3002 : Step(33): len = 3763.7, overlap = 0.9375
PHY-3002 : Step(34): len = 3861.1, overlap = 0.875
PHY-3002 : Step(35): len = 3981.9, overlap = 1.1875
PHY-3002 : Step(36): len = 3451.2, overlap = 1
PHY-3002 : Step(37): len = 3248.8, overlap = 1.75
PHY-3002 : Step(38): len = 3322.1, overlap = 2.4375
PHY-3002 : Step(39): len = 3065.1, overlap = 3.5
PHY-3002 : Step(40): len = 3079.5, overlap = 3.90625
PHY-3002 : Step(41): len = 3138.9, overlap = 4.96875
PHY-3002 : Step(42): len = 3122.4, overlap = 5.6875
PHY-3002 : Step(43): len = 2912.4, overlap = 5.78125
PHY-3002 : Step(44): len = 3013.2, overlap = 5.53125
PHY-3002 : Step(45): len = 3065.4, overlap = 5.25
PHY-3002 : Step(46): len = 3029.4, overlap = 2.96875
PHY-3002 : Step(47): len = 2824.3, overlap = 1.59375
PHY-3002 : Step(48): len = 2677.8, overlap = 3.5
PHY-3002 : Step(49): len = 2710.1, overlap = 3.96875
PHY-3002 : Step(50): len = 2707.6, overlap = 5.1875
PHY-3002 : Step(51): len = 2699.9, overlap = 5.625
PHY-3002 : Step(52): len = 2587.1, overlap = 5.875
PHY-3002 : Step(53): len = 2613.5, overlap = 7.125
PHY-3002 : Step(54): len = 2668.8, overlap = 8.09375
PHY-3002 : Step(55): len = 2672.8, overlap = 8.59375
PHY-3002 : Step(56): len = 2542.4, overlap = 8.65625
PHY-3002 : Step(57): len = 2392.9, overlap = 8.8125
PHY-3002 : Step(58): len = 2392.9, overlap = 8.8125
PHY-3002 : Step(59): len = 2325.3, overlap = 9.09375
PHY-3002 : Step(60): len = 2345.2, overlap = 9.09375
PHY-3002 : Step(61): len = 2345.2, overlap = 9.09375
PHY-3001 : Run with size of 2
PHY-3001 : Cell area utilization is 1%
PHY-3001 : :::0::: Try harder cell spreading with beta_ = 4.84014e-06
PHY-3002 : Step(62): len = 2370.3, overlap = 15.1562
PHY-3002 : Step(63): len = 2370.3, overlap = 15.1562
PHY-3001 : :::1::: Try harder cell spreading with beta_ = 9.68028e-06
PHY-3002 : Step(64): len = 2533.3, overlap = 13.125
PHY-3002 : Step(65): len = 2533.3, overlap = 13.125
PHY-3001 : :::2::: Try harder cell spreading with beta_ = 1.7407e-05
PHY-3002 : Step(66): len = 2817.3, overlap = 11.1875
PHY-3002 : Step(67): len = 2924, overlap = 11.0312
PHY-3002 : Step(68): len = 3112.4, overlap = 7
PHY-3002 : Step(69): len = 3112.4, overlap = 7
PHY-3002 : Step(70): len = 2809.4, overlap = 7.0625
OPT-1001 : Start physical optimization ...
OPT-1001 : Total overflow 16.03 peak overflow 3.03
OPT-1001 : Start high-fanout net optimization ...
OPT-1001 : Update timing in global mode
PHY-1001 : Start incremental global routing, caller is place ...
RUN-1001 : Generating global routing grids ...
RUN-1001 : Building simple global routing graph ...
PHY-1001 : Generate routing nets ...
PHY-1001 : Reuse net number 0/312.
PHY-1001 : Global iterations in 16 thread ...
PHY-1002 : len = 2928, over cnt = 22(0%), over = 81, worst = 10
PHY-1001 : End global iterations;  0.007782s wall, 0.015625s user + 0.000000s system = 0.015625s CPU (200.8%)

PHY-1001 : Congestion index: top1 = 11.12, top5 = 2.36, top10 = 1.18, top15 = 0.79.
PHY-1001 : End incremental global routing;  0.042806s wall, 0.046875s user + 0.000000s system = 0.046875s CPU (109.5%)

RUN-1002 : start command "start_timer -report"
TMR-5001 WARNING: No sdc constraints found while initiating timer.
TMR-2505 : Start building timing graph for model uart_top.
TMR-2506 : Build timing graph completely. Port num: 3, tpin num: 1107, tnet num: 310, tinst num: 257, tnode num: 1375, tedge num: 1757.
TMR-2508 : Levelizing timing graph completed, there are 21 levels in total.
TMR-2501 : Timing graph initialized successfully.
OPT-1001 : End timing update;  0.044058s wall, 0.046875s user + 0.000000s system = 0.046875s CPU (106.4%)

OPT-1001 : 0 high-fanout net processed.
OPT-1001 : End high-fanout net optimization;  0.089292s wall, 0.093750s user + 0.000000s system = 0.093750s CPU (105.0%)

OPT-1001 : Current memory(MB): used = 138, reserve = 110, peak = 138.
OPT-1001 : End physical optimization;  0.092713s wall, 0.093750s user + 0.000000s system = 0.093750s CPU (101.1%)

PHY-3001 : Start packing ...
SYN-4007 : Packing 0 MUX to BLE ...
SYN-4008 : Packed 0 MUX and 0 SEQ to BLE.
SYN-4007 : Packing 134 LUT to BLE ...
SYN-4008 : Packed 134 LUT and 63 SEQ to BLE.
SYN-4003 : Packing 35 remaining SEQ's ...
SYN-4005 : Packed 35 SEQ with LUT/SLICE
SYN-4006 : 40 single LUT's are left
SYN-4006 : 0 single SEQ's are left
SYN-4011 : Packing model "uart_top" (AL_USER_NORMAL) with 134/161 primitive instances ...
PHY-3001 : End packing;  0.006026s wall, 0.015625s user + 0.000000s system = 0.015625s CPU (259.3%)

PHY-1001 : Populate physical database on model uart_top.
RUN-1001 : There are total 102 instances
RUN-1001 : 48 mslices, 48 lslices, 3 pads, 0 brams, 0 dsps
RUN-1001 : There are total 250 nets
RUN-1001 : 112 nets have 2 pins
RUN-1001 : 110 nets have [3 - 5] pins
RUN-1001 : 13 nets have [6 - 10] pins
RUN-1001 : 12 nets have [11 - 20] pins
RUN-1001 : 3 nets have [21 - 99] pins
PHY-3001 : design contains 100 instances, 96 slices, 3 macros(21 instances: 12 mslices 9 lslices)
PHY-3001 : Cell area utilization is 1%
PHY-3001 : After packing: Len = 2939.2, Over = 9.75
PHY-3001 : Run with size of 2
PHY-3001 : Cell area utilization is 1%
PHY-3001 : :::0::: Try harder cell spreading with beta_ = 7.53027e-06
PHY-3002 : Step(71): len = 2759.7, overlap = 10.25
PHY-3002 : Step(72): len = 2753.9, overlap = 9.75
PHY-3002 : Step(73): len = 2756.3, overlap = 9.5
PHY-3001 : :::1::: Try harder cell spreading with beta_ = 1.50605e-05
PHY-3002 : Step(74): len = 2939, overlap = 8.25
PHY-3002 : Step(75): len = 3000, overlap = 8.25
PHY-3002 : Step(76): len = 3151.6, overlap = 7.5
PHY-3001 : :::2::: Try harder cell spreading with beta_ = 3.01211e-05
PHY-3002 : Step(77): len = 3190, overlap = 7.5
PHY-3002 : Step(78): len = 3206.6, overlap = 7.5
PHY-3002 : Step(79): len = 3273.4, overlap = 7.75
PHY-3001 : Legalization ...
PHY-3001 : End legalization;  0.009397s wall, 0.000000s user + 0.000000s system = 0.000000s CPU (n/a%)

PHY-3001 : Trial Legalized: Len = 6213.2
PHY-3001 : Run with size of 2
PHY-3001 : Cell area utilization is 1%
PHY-3001 : :::0::: Try harder cell spreading with beta_ = 0.00077062
PHY-3002 : Step(80): len = 4996.8, overlap = 1.5
PHY-3002 : Step(81): len = 4579.5, overlap = 2
PHY-3002 : Step(82): len = 3766.5, overlap = 3.75
PHY-3002 : Step(83): len = 3680.3, overlap = 4.75
PHY-3002 : Step(84): len = 3684.6, overlap = 5
PHY-3002 : Step(85): len = 3638.4, overlap = 4.25
PHY-3002 : Step(86): len = 3625.5, overlap = 4
PHY-3001 : :::1::: Try harder cell spreading with beta_ = 0.00154124
PHY-3002 : Step(87): len = 3574.6, overlap = 4.25
PHY-3002 : Step(88): len = 3565.3, overlap = 4.25
PHY-3001 : :::2::: Try harder cell spreading with beta_ = 0.00249373
PHY-3002 : Step(89): len = 3589.3, overlap = 4.25
PHY-3002 : Step(90): len = 3589.3, overlap = 4.25
PHY-3001 : Legalization ...
PHY-3001 : End legalization;  0.003373s wall, 0.015625s user + 0.000000s system = 0.015625s CPU (463.2%)

PHY-3001 : Legalized: Len = 5262.2, Over = 0
PHY-3001 : End spreading;  0.001635s wall, 0.000000s user + 0.000000s system = 0.000000s CPU (n/a%)

PHY-3001 : Final: Len = 5262.2, Over = 0
OPT-1001 : Start physical optimization ...
OPT-1001 : Total overflow 0.00 peak overflow 0.00
OPT-1001 : Start high-fanout net optimization ...
OPT-1001 : Update timing in global mode
PHY-1001 : Start incremental global routing, caller is place ...
RUN-1001 : Generating global routing grids ...
PHY-1001 : Generate routing nets ...
PHY-1001 : Reuse net number 5/250.
PHY-1001 : Global iterations in 16 thread ...
PHY-1002 : len = 5800, over cnt = 28(0%), over = 35, worst = 2
PHY-1002 : len = 6064, over cnt = 4(0%), over = 4, worst = 1
PHY-1002 : len = 6128, over cnt = 0(0%), over = 0, worst = 0
PHY-1001 : End global iterations;  0.017360s wall, 0.015625s user + 0.000000s system = 0.015625s CPU (90.0%)

PHY-1001 : Congestion index: top1 = 17.72, top5 = 4.50, top10 = 2.24, top15 = 1.50.
PHY-1001 : End incremental global routing;  0.049055s wall, 0.046875s user + 0.000000s system = 0.046875s CPU (95.6%)

RUN-1002 : start command "start_timer -report"
TMR-5001 WARNING: No sdc constraints found while initiating timer.
TMR-2505 : Start building timing graph for model uart_top.
TMR-2506 : Build timing graph completely. Port num: 3, tpin num: 979, tnet num: 248, tinst num: 100, tnode num: 1200, tedge num: 1658.
TMR-2508 : Levelizing timing graph completed, there are 21 levels in total.
TMR-2501 : Timing graph initialized successfully.
OPT-1001 : End timing update;  0.022537s wall, 0.031250s user + 0.000000s system = 0.031250s CPU (138.7%)

OPT-1001 : 0 high-fanout net processed.
OPT-1001 : End high-fanout net optimization;  0.074208s wall, 0.078125s user + 0.000000s system = 0.078125s CPU (105.3%)

OPT-1001 : Current memory(MB): used = 139, reserve = 112, peak = 139.
OPT-1001 : Update timing in Manhattan mode
OPT-1001 : End timing update;  0.000214s wall, 0.000000s user + 0.000000s system = 0.000000s CPU (n/a%)

OPT-1001 : Start pin optimization...
OPT-1001 : skip pin optimization...
RUN-1001 : Generating global routing grids ...
PHY-1001 : Generate routing nets ...
PHY-1001 : Reuse net number 217/250.
PHY-1001 : Global iterations in 16 thread ...
PHY-1002 : len = 6128, over cnt = 0(0%), over = 0, worst = 0
PHY-1001 : End global iterations;  0.000815s wall, 0.000000s user + 0.000000s system = 0.000000s CPU (n/a%)

PHY-1001 : Congestion index: top1 = 17.72, top5 = 4.50, top10 = 2.24, top15 = 1.50.
OPT-1001 : Update timing in Manhattan mode
OPT-1001 : End timing update;  0.000242s wall, 0.000000s user + 0.000000s system = 0.000000s CPU (n/a%)

RUN-1001 : QoR Analysis:
OPT-0007 :   WNS 2147483647 TNS 0 NUM_FEPS 0
RUN-1001 :   No local congestion issue, and most congested 1% tile average routing util is 17.172414
RUN-1001 :   Top critical paths
OPT-1001 : End physical optimization;  0.108565s wall, 0.109375s user + 0.000000s system = 0.109375s CPU (100.7%)

RUN-1003 : finish command "place" in  1.358467s wall, 1.359375s user + 1.656250s system = 3.015625s CPU (222.0%)

RUN-1004 : used memory is 125 MB, reserved memory is 97 MB, peak memory is 139 MB
RUN-1002 : start command "export_db top_place.db"
RUN-1001 : Exported /
RUN-1001 : Exported flow parameters
RUN-1001 : Exported libs
RUN-1001 : Exported entities
RUN-1001 : Exported ports
RUN-1001 : Exported pins
RUN-1001 : Exported instances
RUN-1001 : Exported nets
RUN-1001 : Exported buses
RUN-1001 : Exported models
RUN-1001 : Exported congestions
RUN-1001 : Exported violations
RUN-1001 : Exported IO constraints
RUN-1001 : Exported Inst constraints
RUN-1002 : start command "route"
RUN-1001 : Open license file D:/Anlogic/TD5.6.2/license/Anlogic.lic
RUN-1001 : Print Global Property
RUN-1001 : ---------------------------------------------------------------
RUN-1001 :        Parameters        |  Settings  |  Default Values  |  Note  
RUN-1001 : ---------------------------------------------------------------
RUN-1001 :          message         |  standard  |     standard     |        
RUN-1001 :   mixed_pack_place_flow  |     on     |        on        |        
RUN-1001 :        qor_monitor       |    off     |       off        |        
RUN-1001 :        syn_ip_flow       |    off     |       off        |        
RUN-1001 :          thread          |    auto    |       auto       |        
RUN-1001 : ---------------------------------------------------------------
RUN-1001 : Print Route Property
RUN-1001 : -------------------------------------------------------
RUN-1001 :    Parameters    |  Settings  |  Default Values  |  Note  
RUN-1001 : -------------------------------------------------------
RUN-1001 :      effort      |   medium   |      medium      |        
RUN-1001 :     fix_hold     |    off     |       off        |        
RUN-1001 :    opt_timing    |   medium   |      medium      |        
RUN-1001 :   phy_sim_model  |    off     |       off        |        
RUN-1001 :     priority     |   timing   |      timing      |        
RUN-1001 :     swap_pin     |     on     |        on        |        
RUN-1001 : -------------------------------------------------------
PHY-1001 : Route runs in 16 thread(s)
RUN-1001 : There are total 102 instances
RUN-1001 : 48 mslices, 48 lslices, 3 pads, 0 brams, 0 dsps
RUN-1001 : There are total 250 nets
RUN-1001 : 112 nets have 2 pins
RUN-1001 : 110 nets have [3 - 5] pins
RUN-1001 : 13 nets have [6 - 10] pins
RUN-1001 : 12 nets have [11 - 20] pins
RUN-1001 : 3 nets have [21 - 99] pins
RUN-1002 : start command "start_timer -report"
TMR-5001 WARNING: No sdc constraints found while initiating timer.
TMR-2505 : Start building timing graph for model uart_top.
TMR-2506 : Build timing graph completely. Port num: 3, tpin num: 979, tnet num: 248, tinst num: 100, tnode num: 1200, tedge num: 1658.
TMR-2508 : Levelizing timing graph completed, there are 21 levels in total.
TMR-2501 : Timing graph initialized successfully.
PHY-1001 : 48 mslices, 48 lslices, 3 pads, 0 brams, 0 dsps
TMR-2503 : Start to update net delay, extr mode = 3.
TMR-2504 : Update delay of 248 nets completely.
TMR-2502 : Annotate delay completely, extr mode = 3.
TMR-3002 : No user constraint, initiate default constraint.
TMR-1501 : Assign derive clock DeriveClock to 150 clock pins, and constraint 221 relative nodes.
TMR-3003 : Constraints initiated successfully.
TMR-3501 : Forward propagation: start to calculate arrival time...
TMR-3502 : Backward propagation: start to calculate required time...
TMR-3503 : Timing propagation completes.
PHY-1001 : Start global routing, caller is route ...
RUN-1001 : Generating global routing grids ...
PHY-1001 : Generate routing nets ...
PHY-1001 : Global iterations in 16 thread ...
PHY-1002 : len = 5792, over cnt = 28(0%), over = 33, worst = 2
PHY-1002 : len = 6016, over cnt = 4(0%), over = 4, worst = 1
PHY-1002 : len = 6080, over cnt = 0(0%), over = 0, worst = 0
PHY-1001 : End global iterations;  0.021408s wall, 0.015625s user + 0.000000s system = 0.015625s CPU (73.0%)

PHY-1001 : Congestion index: top1 = 17.65, top5 = 4.48, top10 = 2.23, top15 = 1.49.
PHY-1001 : End global routing;  0.050718s wall, 0.046875s user + 0.000000s system = 0.046875s CPU (92.4%)

PHY-1001 : Start detail routing ...
PHY-1001 : Current memory(MB): used = 160, reserve = 133, peak = 176.
PHY-1001 : Detailed router is running in normal mode.
PHY-1001 : Generate detailed routing grids ...
PHY-1001 : Generate nets ...
PHY-1001 : net clk_dup_1 will be routed on clock mesh
PHY-1001 : Current memory(MB): used = 429, reserve = 406, peak = 429.
PHY-1001 : End build detailed router design. 2.593004s wall, 2.562500s user + 0.015625s system = 2.578125s CPU (99.4%)

PHY-1001 : Detail Route ...
PHY-1001 : ===== Detail Route Phase 1 =====
PHY-1001 : Clock net routing.....
PHY-1001 : Routed 0% nets.
PHY-1022 : len = 5496, over cnt = 0(0%), over = 0, worst = 0, crit = 0
PHY-1001 : End initial clock net routed; 0.005439s wall, 0.015625s user + 0.000000s system = 0.015625s CPU (287.3%)

PHY-1001 : Current memory(MB): used = 431, reserve = 408, peak = 431.
PHY-1001 : End phase 1; 0.009156s wall, 0.015625s user + 0.000000s system = 0.015625s CPU (170.7%)

PHY-1001 : ===== Detail Route Phase 2 =====
PHY-1001 : Initial routing.....
PHY-1001 : Routed 36% nets.
PHY-1001 : Routed 42% nets.
PHY-1001 : Routed 53% nets.
PHY-1001 : Routed 70% nets.
PHY-1001 : Routed 90% nets.
PHY-1022 : len = 17128, over cnt = 13(0%), over = 13, worst = 1, crit = 0
PHY-1001 : Current memory(MB): used = 434, reserve = 411, peak = 435.
PHY-1001 : End initial routed; 0.059796s wall, 0.062500s user + 0.031250s system = 0.093750s CPU (156.8%)

PHY-1001 : Current memory(MB): used = 434, reserve = 411, peak = 435.
PHY-1001 : End phase 2; 0.059830s wall, 0.062500s user + 0.031250s system = 0.093750s CPU (156.7%)

PHY-1001 : ===== Detail Route Phase 3 =====
PHY-1001 : Ripup-reroute.....
PHY-1001 : ===== DR Iter 1 =====
PHY-1022 : len = 17032, over cnt = 4(0%), over = 4, worst = 1, crit = 0
PHY-1001 : End DR Iter 1; 0.010577s wall, 0.015625s user + 0.000000s system = 0.015625s CPU (147.7%)

PHY-1001 : ===== DR Iter 2 =====
PHY-1022 : len = 17064, over cnt = 0(0%), over = 0, worst = 0, crit = 0
PHY-1001 : End DR Iter 2; 0.010602s wall, 0.015625s user + 0.000000s system = 0.015625s CPU (147.4%)

PHY-1001 : Commit to database.....
PHY-1001 : 4 feed throughs used by 4 nets
PHY-1001 : End commit to database; 0.021846s wall, 0.015625s user + 0.000000s system = 0.015625s CPU (71.5%)

PHY-1001 : Current memory(MB): used = 444, reserve = 420, peak = 444.
PHY-1001 : End phase 3; 0.115979s wall, 0.109375s user + 0.000000s system = 0.109375s CPU (94.3%)

PHY-1003 : Routed, final wirelength = 17064
PHY-1001 : Current memory(MB): used = 444, reserve = 420, peak = 444.
PHY-1001 : End export database. 0.004135s wall, 0.000000s user + 0.000000s system = 0.000000s CPU (n/a%)

PHY-1001 : End detail routing;  2.917194s wall, 2.890625s user + 0.046875s system = 2.937500s CPU (100.7%)

RUN-1003 : finish command "route" in  3.027711s wall, 3.000000s user + 0.046875s system = 3.046875s CPU (100.6%)

RUN-1004 : used memory is 417 MB, reserved memory is 393 MB, peak memory is 444 MB
RUN-1002 : start command "report_area -io_info -file top_phy.area"
RUN-1001 : standard
***Report Model: uart_top Device: EG4S20NG88***

IO Statistics
#IO                         3
  #input                    2
  #output                   1
  #inout                    0

Utilization Statistics
#lut                      187   out of  19600    0.95%
#reg                      103   out of  19600    0.53%
#le                       187
  #lut only                84   out of    187   44.92%
  #reg only                 0   out of    187    0.00%
  #lut&reg                103   out of    187   55.08%
#dsp                        0   out of     29    0.00%
#bram                       0   out of     64    0.00%
  #bram9k                   0
  #fifo9k                   0
#bram32k                    0   out of     16    0.00%
#pad                        3   out of     66    4.55%
  #ireg                     1
  #oreg                     1
  #treg                     0
#pll                        0   out of      4    0.00%
#gclk                       0   out of     16    0.00%

Clock Resource Statistics
Index     ClockNet     Type               DriverType         Driver          Fanout
#1        clk_dup_1    GCLK               io                 clk_syn_2.di    75


Detailed IO Report

   Name      Direction    Location    IOStandard    DriveStrength    PullType    PackReg  
    clk        INPUT        P35        LVCMOS25          N/A          PULLUP      NONE    
  uart_rx      INPUT        P34        LVCMOS25          N/A          PULLUP      IREG    
  uart_tx     OUTPUT        P10        LVCMOS25           8            NONE       OREG    

Report Hierarchy Area:
+----------------------------------------------------------------------------+
|Instance     |Module   |le     |lut     |ripple  |seq     |bram    |dsp     |
+----------------------------------------------------------------------------+
|top          |uart_top |187    |166     |21      |105     |0       |0       |
|  uart_rx_m0 |uart_rx  |71     |65      |6       |37      |0       |0       |
|  uart_tx_m0 |uart_tx  |38     |32      |6       |19      |0       |0       |
+----------------------------------------------------------------------------+


DataNet Average Fanout:

   Index     Fanout    Nets  
    #1         1       109   
    #2         2        73   
    #3         3        16   
    #4         4        20   
    #5        5-10      15   
    #6       11-50      11   
  Average     2.68           

RUN-1002 : start command "export_db top_pr.db"
RUN-1001 : Exported /
RUN-1001 : Exported flow parameters
RUN-1001 : Exported libs
RUN-1001 : Exported entities
RUN-1001 : Exported ports
RUN-1001 : Exported pins
RUN-1001 : Exported instances
RUN-1001 : Exported nets
RUN-1001 : Exported buses
RUN-1001 : Exported models
RUN-1001 : Exported congestions
RUN-1001 : Exported violations
RUN-1001 : Exported IO constraints
RUN-1001 : Exported Inst constraints
RUN-1002 : start command "export_bid top_inst.bid"
RUN-1002 : start command "bitgen -bit top.bit"
BIT-1003 : Start to generate bitstream. 
BIT-1002 : Init instances with 16 threads.
BIT-1002 : Init instances completely, inst num: 100
BIT-1002 : Init pips with 16 threads.
BIT-1002 : Init pips completely, net num: 250, pip num: 1947
BIT-1002 : Init feedthrough completely, num: 4
BIT-1003 : Multithreading accelaration with 16 threads.
BIT-1003 : Generate bitstream completely, there are 157 valid insts, and 5821 bits set as '1'.
BIT-1004 : PLL setting string = 0000
BIT-1004 : Generate bits file top.bit.
RUN-1002 : start command "backup_run_log run.log ../.logs/phy_1/td_20230707_214704.log"
