============================================================
   Tang Dynasty, V5.6.71036
      Copyright (c) 2012-2023 Anlogic Inc.
   Executable = D:/Anlogic/TD5.6.2/bin/td.exe
   Built at =   20:34:38 Mar 21 2023
   Run by =     BigPig
   Run Date =   Wed Jun  7 23:00:25 2023

   Run on =     DESKTOP-9MNJBAS
============================================================
RUN-1002 : start command "open_project top.prj"
RUN-1001 : Print Global Property
RUN-1001 : ---------------------------------------------------------------
RUN-1001 :        Parameters        |  Settings  |  Default Values  |  Note  
RUN-1001 : ---------------------------------------------------------------
RUN-1001 :          message         |  standard  |     standard     |        
RUN-1001 :   mixed_pack_place_flow  |     on     |        on        |        
RUN-1001 :        qor_monitor       |    off     |       off        |        
RUN-1001 :        syn_ip_flow       |    off     |       off        |        
RUN-1001 :          thread          |    auto    |       auto       |        
RUN-1001 : ---------------------------------------------------------------
RUN-1001 : Print Design Property
RUN-1001 : --------------------------------------------------------------
RUN-1001 :        Parameters       |  Settings  |  Default Values  |  Note  
RUN-1001 : --------------------------------------------------------------
RUN-1001 :   default_reg_initial   |    auto    |       auto       |        
RUN-1001 :        infer_add        |     on     |        on        |        
RUN-1001 :        infer_fsm        |    off     |       off        |        
RUN-1001 :        infer_mult       |     on     |        on        |        
RUN-1001 :        infer_ram        |     on     |        on        |        
RUN-1001 :        infer_reg        |     on     |        on        |        
RUN-1001 :   infer_reg_init_value  |     on     |        on        |        
RUN-1001 :        infer_rom        |     on     |        on        |        
RUN-1001 :      infer_shifter      |     on     |        on        |        
RUN-1001 : --------------------------------------------------------------
RUN-1001 : Print Rtl Property
RUN-1001 : --------------------------------------------------------------
RUN-1001 :        Parameters       |  Settings  |  Default Values  |  Note  
RUN-1001 : --------------------------------------------------------------
RUN-1001 :       compress_add      |   ripple   |      ripple      |        
RUN-1001 :        elf_sload        |    off     |       off        |        
RUN-1001 :       fix_undriven      |     0      |        0         |        
RUN-1001 :         flatten         |    off     |       off        |        
RUN-1001 :       gate_sharing      |     on     |        on        |        
RUN-1001 :    hdl_warning_level    |   normal   |      normal      |        
RUN-1001 :   impl_internal_tribuf  |     on     |        on        |        
RUN-1001 :      impl_set_reset     |     on     |        on        |        
RUN-1001 :        infer_gsr        |    off     |       off        |        
RUN-1001 :      keep_hierarchy     |    auto    |       auto       |        
RUN-1001 :        max_fanout       |    9999    |       9999       |        
RUN-1001 :      max_oh2bin_len     |     10     |        10        |        
RUN-1001 :       merge_equal       |     on     |        on        |        
RUN-1001 :       merge_equiv       |     on     |        on        |        
RUN-1001 :        merge_mux        |    off     |       off        |        
RUN-1001 :     min_control_set     |     8      |        8         |        
RUN-1001 :      min_ripple_len     |    auto    |       auto       |        
RUN-1001 :       oh2bin_ratio      |    0.08    |       0.08       |        
RUN-1001 :     opt_adder_fanout    |     on     |        on        |        
RUN-1001 :        opt_arith        |     on     |        on        |        
RUN-1001 :       opt_big_gate      |    off     |       off        |        
RUN-1001 :        opt_const        |     on     |        on        |        
RUN-1001 :      opt_const_mult     |     on     |        on        |        
RUN-1001 :       opt_lessthan      |     on     |        on        |        
RUN-1001 :         opt_mux         |    off     |       off        |        
RUN-1001 :         opt_ram         |    high    |       high       |        
RUN-1001 :      rtl_sim_model      |    off     |       off        |        
RUN-1001 :         seq_syn         |     on     |        on        |        
RUN-1001 : --------------------------------------------------------------
HDL-1007 : analyze verilog file ../../src/top.sv
HDL-1007 : analyze verilog file ../../src/eeprom_test.sv
HDL-1007 : analyze verilog file ../../src/iic_master.sv
HDL-5007 WARNING: non-net output port 'recv_data' cannot be initialized at declaration in SystemVerilog mode in ../../src/iic_master.sv(19)
HDL-5007 WARNING: non-net output port 'iic_scl' cannot be initialized at declaration in SystemVerilog mode in ../../src/iic_master.sv(24)
HDL-5007 WARNING: parameter 'CLK_DIV' becomes localparam in 'iic_master' with formal parameter declaration list in ../../src/iic_master.sv(35)
RUN-1001 : Project manager successfully analyzed 3 source files.
RUN-1002 : start command "import_device ef2_4.db -package EF2L45LG144B"
ARC-1001 : Device Initialization.
ARC-1001 : ---------------------------------------------------------
ARC-1001 :       OPTION       |          IO           |   SETTING   
ARC-1001 : ---------------------------------------------------------
ARC-1001 :        done        |         P109          |    gpio    
ARC-1001 :        initn       |         P110          |    gpio    
ARC-1001 :       jtagen       |         P120          |    gpio    
ARC-1001 :      programn      |         P119          |  dedicate  
ARC-1001 :   tdi/tms/tck/tdo  |  P136/P130/P131/P137  |  dedicate  
ARC-1001 : ---------------------------------------------------------
ARC-1004 : Device setting, marked 5 dedicate IOs in total.
RUN-1002 : start command "import_db ../syn_1/top_gate.db"
RUN-1001 : Importing database generated by Tang Dynasty, V5.6.71036.
RUN-1001 : Database version number 46146.
RUN-1001 : Import flow parameters
RUN-1001 : Import IO constraints
RUN-1001 : Import Inst constraints
RUN-1001 : Import design success TD_VERSION=5.6.71036 , DB_VERSION=46146
RUN-1002 : start command "place"
RUN-1001 : Open license file D:/Anlogic/TD5.6.2/license/Anlogic.lic
RUN-1001 : Print Global Property
RUN-1001 : ---------------------------------------------------------------
RUN-1001 :        Parameters        |  Settings  |  Default Values  |  Note  
RUN-1001 : ---------------------------------------------------------------
RUN-1001 :          message         |  standard  |     standard     |        
RUN-1001 :   mixed_pack_place_flow  |     on     |        on        |        
RUN-1001 :        qor_monitor       |    off     |       off        |        
RUN-1001 :        syn_ip_flow       |    off     |       off        |        
RUN-1001 :          thread          |    auto    |       auto       |        
RUN-1001 : ---------------------------------------------------------------
RUN-1001 : Print Place Property
RUN-1001 : --------------------------------------------------------------
RUN-1001 :        Parameters       |  Settings  |  Default Values  |  Note  
RUN-1001 : --------------------------------------------------------------
RUN-1001 :      detailed_place     |     on     |        on        |        
RUN-1001 :          effort         |   medium   |      medium      |        
RUN-1001 :         fix_hold        |    off     |       off        |        
RUN-1001 :       legalization      |    ori     |       ori        |        
RUN-1001 :      new_spreading      |     on     |        on        |        
RUN-1001 :        opt_timing       |   medium   |      medium      |        
RUN-1001 :   post_clock_route_opt  |    off     |       off        |        
RUN-1001 :       pr_strategy       |     1      |        1         |        
RUN-1001 :        relaxation       |    1.00    |       1.00       |        
RUN-1001 :         retiming        |    off     |       off        |        
RUN-1001 : --------------------------------------------------------------
PHY-3001 : Placer runs in 16 thread(s).
RUN-1002 : start command "legalize_phy_inst"
SYN-1011 : Flatten model top
RUN-1002 : start command "phys_opt -simplify_lut"
SYN-4024 : Net "clk_dup_1" drives clk pins.
SYN-4024 : Net "iic_master_m0/scl_x2" drives clk pins.
SYN-4025 : Tag rtl::Net clk_dup_1 as clock net
SYN-4025 : Tag rtl::Net iic_master_m0/scl_x2 as clock net
SYN-4026 : Tagged 2 rtl::Net as clock net
SYN-4015 : Create BUFG instance for clk Net iic_master_m0/scl_x2 to drive 45 clock pins.
PHY-1001 : Populate physical database on model top.
RUN-1001 : There are total 422 instances
RUN-0007 : 223 luts, 150 seqs, 30 mslices, 10 lslices, 5 pads, 0 brams, 0 dsps
RUN-1001 : There are total 462 nets
RUN-1001 : 301 nets have 2 pins
RUN-1001 : 103 nets have [3 - 5] pins
RUN-1001 : 33 nets have [6 - 10] pins
RUN-1001 : 10 nets have [11 - 20] pins
RUN-1001 : 14 nets have [21 - 99] pins
RUN-1001 : 1 nets have 100+ pins
RUN-1001 : Report Control nets information:
RUN-1001 : DFF Distribution
RUN-1001 : ----------------------------------
RUN-1001 :   CE   |  SSR  |  ASR  |  DFF Count  
RUN-1001 : ----------------------------------
RUN-1001 :   No   |  No   |  No   |     96      
RUN-1001 :   No   |  No   |  Yes  |      4      
RUN-1001 :   No   |  Yes  |  No   |      0      
RUN-1001 :   Yes  |  No   |  No   |     42      
RUN-1001 :   Yes  |  No   |  Yes  |      8      
RUN-1001 :   Yes  |  Yes  |  No   |      0      
RUN-1001 : ----------------------------------
RUN-0007 : Control Group Statistic
RUN-0007 : ---------------------------
RUN-0007 :   #CLK  |  #CE  |  #SSR/ASR  
RUN-0007 : ---------------------------
RUN-0007 :    2    |   5   |     2      
RUN-0007 : ---------------------------
RUN-0007 : Control Set = 7
PHY-3001 : Initial placement ...
PHY-3001 : design contains 420 instances, 223 luts, 150 seqs, 40 slices, 6 macros(40 instances: 30 mslices 10 lslices)
PHY-0007 : Cell area utilization is 6%
PHY-3001 : Global placement ...
PHY-3001 : Initial: Len = 44334.8
PHY-3001 : Run with size of 3
PHY-3001 : Cell area utilization is 6%
PHY-3001 : :::0::: Try harder cell spreading with beta_ = 0
PHY-3002 : Step(1): len = 28004.3, overlap = 0
PHY-3002 : Step(2): len = 20161.6, overlap = 0
PHY-3002 : Step(3): len = 13370, overlap = 0.75
PHY-3002 : Step(4): len = 10821.2, overlap = 0.4375
PHY-3002 : Step(5): len = 9325.7, overlap = 1.71875
PHY-3002 : Step(6): len = 7405.2, overlap = 2.71875
PHY-3002 : Step(7): len = 7094.8, overlap = 3.0625
PHY-3002 : Step(8): len = 6416.1, overlap = 1.5
PHY-3002 : Step(9): len = 6356.6, overlap = 1.1875
PHY-3002 : Step(10): len = 5559.1, overlap = 1.90625
PHY-3002 : Step(11): len = 5545.2, overlap = 3.125
PHY-3002 : Step(12): len = 5592.4, overlap = 3.21875
PHY-3001 : Legalization ...
PHY-3001 : End legalization;  0.000781s wall, 0.015625s user + 0.000000s system = 0.015625s CPU (n/a%)

PHY-3001 : Run with size of 3
PHY-3001 : Cell area utilization is 8%
PHY-3001 : :::0::: Try harder cell spreading with beta_ = 4.63473e-05
PHY-3002 : Step(13): len = 5000.1, overlap = 10.6562
PHY-3002 : Step(14): len = 5028.1, overlap = 10.75
PHY-3002 : Step(15): len = 5028.1, overlap = 10.75
PHY-3001 : :::1::: Try harder cell spreading with beta_ = 9.26945e-05
PHY-3002 : Step(16): len = 4898.5, overlap = 10.5625
PHY-3002 : Step(17): len = 4898.5, overlap = 10.5625
PHY-3002 : Step(18): len = 4815.5, overlap = 10.125
PHY-3001 : :::2::: Try harder cell spreading with beta_ = 0.000185389
PHY-3002 : Step(19): len = 4929.7, overlap = 6.96875
PHY-3002 : Step(20): len = 4966.4, overlap = 7.03125
PHY-3002 : Step(21): len = 4943.7, overlap = 12.0938
PHY-3002 : Step(22): len = 4656.1, overlap = 12.8125
PHY-3002 : Step(23): len = 4656.1, overlap = 12.8125
PHY-3002 : Step(24): len = 4514.1, overlap = 12.9062
PHY-3001 : Run with size of 1
PHY-3001 : Cell area utilization is 8%
PHY-3001 : :::0::: Try harder cell spreading with beta_ = 7.47681e-06
PHY-3002 : Step(25): len = 4526, overlap = 28.5625
PHY-3002 : Step(26): len = 4526, overlap = 28.5625
PHY-3001 : :::1::: Try harder cell spreading with beta_ = 1.49536e-05
PHY-3002 : Step(27): len = 4661.2, overlap = 27.25
PHY-3002 : Step(28): len = 4722.4, overlap = 27.0312
PHY-3002 : Step(29): len = 4830.1, overlap = 27.2188
PHY-3001 : :::2::: Try harder cell spreading with beta_ = 2.99072e-05
PHY-3002 : Step(30): len = 5386.5, overlap = 24.875
PHY-3002 : Step(31): len = 5386.5, overlap = 24.875
PHY-3002 : Step(32): len = 5406.3, overlap = 22.6562
PHY-3002 : Step(33): len = 5406.3, overlap = 22.6562
PHY-3002 : Step(34): len = 5467.8, overlap = 23.0312
PHY-3001 : :::3::: Try harder cell spreading with beta_ = 5.98145e-05
PHY-3002 : Step(35): len = 5992.7, overlap = 18.0625
PHY-3002 : Step(36): len = 5992.7, overlap = 18.0625
PHY-3002 : Step(37): len = 5863.9, overlap = 21.125
PHY-3001 : :::4::: Try harder cell spreading with beta_ = 0.000117823
PHY-3002 : Step(38): len = 6234.7, overlap = 14.5625
PHY-3002 : Step(39): len = 6400.6, overlap = 13.8125
PHY-3002 : Step(40): len = 6471.6, overlap = 13.5938
OPT-1001 : Start physical optimization ...
OPT-1001 : Total overflow 13.59 peak overflow 0.97
OPT-1001 : Start high-fanout net optimization ...
OPT-1001 : Update timing in global mode
PHY-1001 : Start incremental global routing, caller is place ...
RUN-1001 : Generating global routing grids ...
RUN-1001 : Building simple global routing graph ...
PHY-1001 : Generate routing nets ...
PHY-1001 : Reuse net number 0/462.
PHY-1001 : Global iterations in 16 thread ...
PHY-1002 : len = 7584, over cnt = 45(0%), over = 121, worst = 7
PHY-1001 : End global iterations;  0.014163s wall, 0.031250s user + 0.015625s system = 0.046875s CPU (331.0%)

PHY-1001 : Congestion index: top1 = 24.55, top5 = 17.53, top10 = 11.19, top15 = 8.05.
PHY-1001 : End incremental global routing;  0.023835s wall, 0.046875s user + 0.015625s system = 0.062500s CPU (262.2%)

RUN-1002 : start command "start_timer -report"
TMR-5001 WARNING: No sdc constraints found while initiating timer.
TMR-2505 : Start building timing graph for model top.
TMR-2506 : Build timing graph completely. Port num: 5, tpin num: 1791, tnet num: 460, tinst num: 420, tnode num: 2165, tedge num: 2788.
TMR-2508 : Levelizing timing graph completed, there are 33 levels in total.
TMR-2501 : Timing graph initialized successfully.
OPT-1001 : End timing update;  0.052072s wall, 0.046875s user + 0.000000s system = 0.046875s CPU (90.0%)

OPT-1001 : 0 high-fanout net processed.
OPT-1001 : End high-fanout net optimization;  0.079627s wall, 0.093750s user + 0.015625s system = 0.109375s CPU (137.4%)

OPT-1001 : Current memory(MB): used = 123, reserve = 94, peak = 123.
OPT-1001 : End physical optimization;  0.081784s wall, 0.093750s user + 0.015625s system = 0.109375s CPU (133.7%)

PHY-3001 : Start packing ...
SYN-4007 : Packing 0 MUX to BLE ...
SYN-4008 : Packed 0 MUX and 0 SEQ to BLE.
SYN-4007 : Packing 223 LUT to BLE ...
SYN-4008 : Packed 223 LUT and 74 SEQ to BLE.
SYN-4003 : Packing 76 remaining SEQ's ...
SYN-4005 : Packed 29 SEQ with LUT/SLICE
SYN-4006 : 122 single LUT's are left
SYN-4006 : 47 single SEQ's are left
SYN-4011 : Packing model "top" (AL_USER_NORMAL) with 270/319 primitive instances ...
PHY-3001 : End packing;  0.009343s wall, 0.015625s user + 0.000000s system = 0.015625s CPU (167.2%)

PHY-1001 : Populate physical database on model top.
RUN-1001 : There are total 194 instances
RUN-1001 : 92 mslices, 93 lslices, 5 pads, 0 brams, 0 dsps
RUN-1001 : There are total 390 nets
RUN-1001 : 225 nets have 2 pins
RUN-1001 : 103 nets have [3 - 5] pins
RUN-1001 : 36 nets have [6 - 10] pins
RUN-1001 : 11 nets have [11 - 20] pins
RUN-1001 : 15 nets have [21 - 99] pins
PHY-3001 : design contains 192 instances, 185 slices, 6 macros(40 instances: 30 mslices 10 lslices)
PHY-3001 : Cell area utilization is 10%
PHY-3001 : After packing: Len = 6408.4, Over = 22
PHY-3001 : Run with size of 1
PHY-3001 : Cell area utilization is 10%
PHY-3001 : :::0::: Try harder cell spreading with beta_ = 2.78182e-05
PHY-3002 : Step(41): len = 5913.9, overlap = 22.75
PHY-3002 : Step(42): len = 5881.8, overlap = 22.75
PHY-3002 : Step(43): len = 5692, overlap = 23.5
PHY-3001 : :::1::: Try harder cell spreading with beta_ = 5.38016e-05
PHY-3002 : Step(44): len = 6065.9, overlap = 22.25
PHY-3002 : Step(45): len = 6186.4, overlap = 22.5
PHY-3002 : Step(46): len = 6186.4, overlap = 22.5
PHY-3001 : :::2::: Try harder cell spreading with beta_ = 0.000107603
PHY-3002 : Step(47): len = 6471.6, overlap = 19.5
PHY-3002 : Step(48): len = 6584.9, overlap = 20.25
PHY-3002 : Step(49): len = 6754.5, overlap = 18.25
PHY-3001 : Legalization ...
PHY-3001 : End legalization;  0.046660s wall, 0.062500s user + 0.093750s system = 0.156250s CPU (334.9%)

PHY-3001 : Trial Legalized: Len = 8162.6
PHY-3001 : Run with size of 1
PHY-3001 : Cell area utilization is 10%
PHY-3001 : :::0::: Try harder cell spreading with beta_ = 0.000204404
PHY-3002 : Step(50): len = 7224.9, overlap = 6.75
PHY-3002 : Step(51): len = 6928.9, overlap = 9.5
PHY-3002 : Step(52): len = 6882, overlap = 11
PHY-3002 : Step(53): len = 6835.3, overlap = 11.75
PHY-3002 : Step(54): len = 6831, overlap = 12.75
PHY-3002 : Step(55): len = 6809.1, overlap = 13
PHY-3001 : :::1::: Try harder cell spreading with beta_ = 0.000408807
PHY-3002 : Step(56): len = 6872.5, overlap = 12.5
PHY-3002 : Step(57): len = 6912.3, overlap = 12.75
PHY-3002 : Step(58): len = 6929.8, overlap = 12.75
PHY-3001 : :::2::: Try harder cell spreading with beta_ = 0.000817614
PHY-3002 : Step(59): len = 6993.7, overlap = 11.5
PHY-3002 : Step(60): len = 7015.1, overlap = 12
PHY-3001 : Legalization ...
PHY-3001 : End legalization;  0.001414s wall, 0.000000s user + 0.000000s system = 0.000000s CPU (n/a%)

PHY-3001 : Legalized: Len = 7558.5, Over = 0
PHY-3001 : Spreading special nets. 5 overflows in 750 tiles.
PHY-3001 : End spreading;  0.001048s wall, 0.000000s user + 0.000000s system = 0.000000s CPU (n/a%)

PHY-3001 : 7 instances has been re-located, deltaX = 2, deltaY = 5, maxDist = 1.
PHY-3001 : Final: Len = 7802.5, Over = 0
RUN-1002 : start command "export_db top_place.db"
RUN-1001 : Exported /
RUN-1001 : Exported flow parameters
RUN-1001 : Exported libs
RUN-1001 : Exported entities
RUN-1001 : Exported ports
RUN-1001 : Exported pins
RUN-1001 : Exported instances
RUN-1001 : Exported nets
RUN-1001 : Exported buses
RUN-1001 : Exported models
RUN-1001 : Exported congestions
RUN-1001 : Exported violations
RUN-1001 : Exported IO constraints
RUN-1001 : Exported Inst constraints
RUN-1002 : start command "route"
RUN-1001 : Open license file D:/Anlogic/TD5.6.2/license/Anlogic.lic
RUN-1001 : Print Global Property
RUN-1001 : ---------------------------------------------------------------
RUN-1001 :        Parameters        |  Settings  |  Default Values  |  Note  
RUN-1001 : ---------------------------------------------------------------
RUN-1001 :          message         |  standard  |     standard     |        
RUN-1001 :   mixed_pack_place_flow  |     on     |        on        |        
RUN-1001 :        qor_monitor       |    off     |       off        |        
RUN-1001 :        syn_ip_flow       |    off     |       off        |        
RUN-1001 :          thread          |    auto    |       auto       |        
RUN-1001 : ---------------------------------------------------------------
RUN-1001 : Print Route Property
RUN-1001 : -------------------------------------------------------
RUN-1001 :    Parameters    |  Settings  |  Default Values  |  Note  
RUN-1001 : -------------------------------------------------------
RUN-1001 :      effort      |   medium   |      medium      |        
RUN-1001 :     fix_hold     |    off     |       off        |        
RUN-1001 :    opt_timing    |   medium   |      medium      |        
RUN-1001 :   phy_sim_model  |    off     |       off        |        
RUN-1001 :     priority     |   timing   |      timing      |        
RUN-1001 :     swap_pin     |     on     |        on        |        
RUN-1001 : -------------------------------------------------------
PHY-1001 : Route runs in 16 thread(s)
RUN-1001 : There are total 194 instances
RUN-1001 : 92 mslices, 93 lslices, 5 pads, 0 brams, 0 dsps
RUN-1001 : There are total 390 nets
RUN-1001 : 225 nets have 2 pins
RUN-1001 : 103 nets have [3 - 5] pins
RUN-1001 : 36 nets have [6 - 10] pins
RUN-1001 : 11 nets have [11 - 20] pins
RUN-1001 : 15 nets have [21 - 99] pins
RUN-1002 : start command "start_timer -report"
TMR-5001 WARNING: No sdc constraints found while initiating timer.
TMR-2505 : Start building timing graph for model top.
TMR-2506 : Build timing graph completely. Port num: 5, tpin num: 1616, tnet num: 388, tinst num: 192, tnode num: 1921, tedge num: 2645.
TMR-2508 : Levelizing timing graph completed, there are 31 levels in total.
TMR-2501 : Timing graph initialized successfully.
PHY-1001 : 92 mslices, 93 lslices, 5 pads, 0 brams, 0 dsps
TMR-2503 : Start to update net delay, extr mode = 3.
TMR-2504 : Update delay of 388 nets completely.
TMR-2502 : Annotate delay completely, extr mode = 3.
TMR-3002 : No user constraint, initiate default constraint.
TMR-1501 : Assign derive clock DeriveClock to 208 clock pins, and constraint 303 relative nodes.
TMR-3003 : Constraints initiated successfully.
TMR-3501 : Forward propagation: start to calculate arrival time...
TMR-3502 : Backward propagation: start to calculate required time...
TMR-3503 : Timing propagation completes.
PHY-1001 : Start global routing, caller is route ...
RUN-1001 : Generating global routing grids ...
PHY-1001 : Generate routing nets ...
PHY-1001 : Global iterations in 16 thread ...
PHY-1002 : len = 8840, over cnt = 40(0%), over = 67, worst = 5
PHY-1002 : len = 9280, over cnt = 10(0%), over = 13, worst = 3
PHY-1002 : len = 9472, over cnt = 0(0%), over = 0, worst = 0
PHY-1001 : End global iterations;  0.021836s wall, 0.015625s user + 0.000000s system = 0.015625s CPU (71.6%)

PHY-1001 : Congestion index: top1 = 24.29, top5 = 18.38, top10 = 12.46, top15 = 9.08.
PHY-1001 : End global routing;  0.031046s wall, 0.031250s user + 0.000000s system = 0.031250s CPU (100.7%)

PHY-1001 : Start detail routing ...
PHY-1001 : Current memory(MB): used = 148, reserve = 119, peak = 160.
PHY-1001 : Detailed router is running in normal mode.
PHY-1001 : Generate detailed routing grids ...
PHY-1001 : Generate nets ...
PHY-1001 : net clk_dup_1 will be routed on clock mesh
PHY-1001 : clock net iic_master_m0/scl_x2_syn_4 will be merged with clock iic_master_m0/scl_x2
PHY-1001 : Current memory(MB): used = 225, reserve = 197, peak = 225.
PHY-1001 : End build detailed router design. 0.797424s wall, 0.765625s user + 0.015625s system = 0.781250s CPU (98.0%)

PHY-1001 : Detail Route ...
PHY-1001 : ===== Detail Route Phase 1 =====
PHY-1001 : Clock net routing.....
PHY-1001 : Routed 0% nets.
PHY-1022 : len = 3784, over cnt = 0(0%), over = 0, worst = 0, crit = 0
PHY-1001 : End initial clock net routed; 0.068877s wall, 0.078125s user + 0.000000s system = 0.078125s CPU (113.4%)

PHY-1001 : Current memory(MB): used = 233, reserve = 206, peak = 233.
PHY-1001 : End phase 1; 0.069700s wall, 0.078125s user + 0.000000s system = 0.078125s CPU (112.1%)

PHY-1001 : ===== Detail Route Phase 2 =====
PHY-1001 : Initial routing.....
PHY-1001 : Routed 38% nets.
PHY-1001 : Routed 48% nets.
PHY-1001 : Routed 57% nets.
PHY-1001 : Routed 71% nets.
PHY-1001 : Routed 89% nets.
PHY-1022 : len = 25288, over cnt = 30(0%), over = 30, worst = 1, crit = 0
PHY-1001 : Current memory(MB): used = 233, reserve = 206, peak = 233.
PHY-1001 : End initial routed; 0.080137s wall, 0.109375s user + 0.062500s system = 0.171875s CPU (214.5%)

PHY-1001 : Current memory(MB): used = 233, reserve = 206, peak = 233.
PHY-1001 : End phase 2; 0.080170s wall, 0.109375s user + 0.062500s system = 0.171875s CPU (214.4%)

PHY-1001 : ===== Detail Route Phase 3 =====
PHY-1001 : Ripup-reroute.....
PHY-1001 : ===== DR Iter 1 =====
PHY-1022 : len = 25136, over cnt = 5(0%), over = 5, worst = 1, crit = 0
PHY-1001 : End DR Iter 1; 0.013528s wall, 0.015625s user + 0.000000s system = 0.015625s CPU (115.5%)

PHY-1001 : ===== DR Iter 2 =====
PHY-1022 : len = 25168, over cnt = 0(0%), over = 0, worst = 0, crit = 0
PHY-1001 : End DR Iter 2; 0.006060s wall, 0.000000s user + 0.000000s system = 0.000000s CPU (n/a%)

PHY-1001 : Commit to database.....
PHY-1001 : 7 feed throughs used by 7 nets
PHY-1001 : End commit to database; 0.030013s wall, 0.031250s user + 0.000000s system = 0.031250s CPU (104.1%)

PHY-1001 : Current memory(MB): used = 241, reserve = 214, peak = 241.
PHY-1001 : End phase 3; 0.064177s wall, 0.062500s user + 0.000000s system = 0.062500s CPU (97.4%)

PHY-1003 : Routed, final wirelength = 25168
PHY-1001 : Current memory(MB): used = 241, reserve = 214, peak = 241.
PHY-1001 : End export database. 0.001772s wall, 0.000000s user + 0.000000s system = 0.000000s CPU (n/a%)

PHY-1001 : End detail routing;  1.067479s wall, 1.078125s user + 0.078125s system = 1.156250s CPU (108.3%)

RUN-1003 : finish command "route" in  1.147911s wall, 1.156250s user + 0.078125s system = 1.234375s CPU (107.5%)

RUN-1004 : used memory is 203 MB, reserved memory is 176 MB, peak memory is 241 MB
RUN-1002 : start command "report_area -io_info -file top_phy.area"
RUN-1001 : standard
***Report Model: top Device: EF2L45LG144B***

IO Statistics
#IO                         5
  #input                    2
  #output                   2
  #inout                    1

Utilization Statistics
#lut                      313   out of   4480    6.99%
#reg                      151   out of   4480    3.37%
#le                       360
  #lut only               209   out of    360   58.06%
  #reg only                47   out of    360   13.06%
  #lut&reg                104   out of    360   28.89%
#dsp                        0   out of     15    0.00%
#bram                       0   out of     12    0.00%
  #bram9k                   0
  #fifo9k                   0
#bram32k                    0   out of      6    0.00%
#pad                        5   out of    109    4.59%
  #ireg                     1
  #oreg                     2
  #treg                     0
#pll                        0   out of      1    0.00%
#gclk                       1   out of     16    6.25%

Clock Resource Statistics
Index     ClockNet                Type               DriverType         Driver                               Fanout
#1        clk_dup_1               GCLK               io                 clk_syn_2.di                         73
#2        iic_master_m0/scl_x2    GCLK               mslice             iic_master_m0/scl_x2_reg_syn_5.q1    32


Detailed IO Report

    Name       Direction    Location    IOStandard    DriveStrength    PullType    PackReg  
     clk         INPUT        P57        LVCMOS25          N/A          PULLUP      NONE    
    rst_n        INPUT         P1        LVCMOS25          N/A          PULLUP      NONE    
  data_beat     OUTPUT        P138       LVCMOS25           8            NONE       OREG    
   iic_scl      OUTPUT        P67        LVCMOS25           8            NONE       OREG    
   iic_sda       INOUT        P65        LVCMOS25           8           PULLUP      IREG    

Report Hierarchy Area:
+-----------------------------------------------------------------------------------+
|Instance         |Module      |le     |lut     |ripple  |seq     |bram    |dsp     |
+-----------------------------------------------------------------------------------+
|top              |top         |360    |273     |40      |154     |0       |0       |
|  eeprom_test_m0 |eeprom_test |181    |145     |32      |47      |0       |0       |
|  iic_master_m0  |iic_master  |179    |128     |8       |104     |0       |0       |
+-----------------------------------------------------------------------------------+


DataNet Average Fanout:

   Index     Fanout    Nets  
    #1         1       220   
    #2         2        60   
    #3         3        27   
    #4         4        16   
    #5        5-10      39   
    #6       11-50      19   
  Average     2.94           

RUN-1002 : start command "export_db top_pr.db"
RUN-1001 : Exported /
RUN-1001 : Exported flow parameters
RUN-1001 : Exported libs
RUN-1001 : Exported entities
RUN-1001 : Exported ports
RUN-1001 : Exported pins
RUN-1001 : Exported instances
RUN-1001 : Exported nets
RUN-1001 : Exported buses
RUN-1001 : Exported models
RUN-1001 : Exported congestions
RUN-1001 : Exported violations
RUN-1001 : Exported IO constraints
RUN-1001 : Exported Inst constraints
RUN-1002 : start command "export_bid top_inst.bid"
RUN-1002 : start command "bitgen -bit top.bit"
BIT-1003 : Start to generate bitstream. 
BIT-1002 : Init instances with 16 threads.
BIT-1002 : Init instances completely, inst num: 192
BIT-1002 : Init pips with 16 threads.
BIT-1002 : Init pips completely, net num: 390, pip num: 3182
BIT-1002 : Init feedthrough completely, num: 7
BIT-1003 : Multithreading accelaration with 16 threads.
BIT-1003 : Generate bitstream completely, there are 257 valid insts, and 10361 bits set as '1'.
BIT-1004 : Generate bits file top.bit.
RUN-1002 : start command "backup_run_log run.log ../.logs/phy_1/td_20230607_230025.log"
