============================================================
   Tang Dynasty, V5.6.71036
      Copyright (c) 2012-2023 Anlogic Inc.
   Executable = D:/Anlogic/TD5.6.2/bin/td.exe
   Built at =   20:34:38 Mar 21 2023
   Run by =     BigPig
   Run Date =   Mon Jan  8 23:52:59 2024

   Run on =     DESKTOP-9MNJBAS
============================================================
ARC-1001 : Device Initialization.
ARC-1001 : ---------------------------------------------------------
ARC-1001 :       OPTION       |          IO           |   SETTING   
ARC-1001 : ---------------------------------------------------------
ARC-1001 :        done        |         P109          |    gpio    
ARC-1001 :        initn       |         P110          |    gpio    
ARC-1001 :       jtagen       |         P120          |    gpio    
ARC-1001 :      programn      |         P119          |  dedicate  
ARC-1001 :   tdi/tms/tck/tdo  |  P136/P130/P131/P137  |  dedicate  
ARC-1001 : ---------------------------------------------------------
ARC-1004 : Device setting, marked 5 dedicate IOs in total.
RUN-1001 : Print Global Property
RUN-1001 : ---------------------------------------------------------------
RUN-1001 :        Parameters        |  Settings  |  Default Values  |  Note  
RUN-1001 : ---------------------------------------------------------------
RUN-1001 :          message         |  standard  |     standard     |        
RUN-1001 :   mixed_pack_place_flow  |     on     |        on        |        
RUN-1001 :        qor_monitor       |    off     |       off        |        
RUN-1001 :        syn_ip_flow       |    off     |       off        |        
RUN-1001 :          thread          |    auto    |       auto       |        
RUN-1001 : ---------------------------------------------------------------
RUN-1001 : Print Design Property
RUN-1001 : --------------------------------------------------------------
RUN-1001 :        Parameters       |  Settings  |  Default Values  |  Note  
RUN-1001 : --------------------------------------------------------------
RUN-1001 :   default_reg_initial   |    auto    |       auto       |        
RUN-1001 :        infer_add        |     on     |        on        |        
RUN-1001 :        infer_fsm        |    off     |       off        |        
RUN-1001 :        infer_mult       |     on     |        on        |        
RUN-1001 :        infer_ram        |     on     |        on        |        
RUN-1001 :        infer_reg        |     on     |        on        |        
RUN-1001 :   infer_reg_init_value  |     on     |        on        |        
RUN-1001 :        infer_rom        |     on     |        on        |        
RUN-1001 :      infer_shifter      |     on     |        on        |        
RUN-1001 : --------------------------------------------------------------
RUN-1001 : Print Rtl Property
RUN-1001 : --------------------------------------------------------------
RUN-1001 :        Parameters       |  Settings  |  Default Values  |  Note  
RUN-1001 : --------------------------------------------------------------
RUN-1001 :       compress_add      |   ripple   |      ripple      |        
RUN-1001 :        elf_sload        |    off     |       off        |        
RUN-1001 :       fix_undriven      |     0      |        0         |        
RUN-1001 :         flatten         |    off     |       off        |        
RUN-1001 :       gate_sharing      |     on     |        on        |        
RUN-1001 :    hdl_warning_level    |   normal   |      normal      |        
RUN-1001 :   impl_internal_tribuf  |     on     |        on        |        
RUN-1001 :      impl_set_reset     |     on     |        on        |        
RUN-1001 :        infer_gsr        |    off     |       off        |        
RUN-1001 :      keep_hierarchy     |    auto    |       auto       |        
RUN-1001 :        max_fanout       |    9999    |       9999       |        
RUN-1001 :      max_oh2bin_len     |     10     |        10        |        
RUN-1001 :       merge_equal       |     on     |        on        |        
RUN-1001 :       merge_equiv       |     on     |        on        |        
RUN-1001 :        merge_mux        |    off     |       off        |        
RUN-1001 :     min_control_set     |     8      |        8         |        
RUN-1001 :      min_ripple_len     |    auto    |       auto       |        
RUN-1001 :       oh2bin_ratio      |    0.08    |       0.08       |        
RUN-1001 :     opt_adder_fanout    |     on     |        on        |        
RUN-1001 :        opt_arith        |     on     |        on        |        
RUN-1001 :       opt_big_gate      |    off     |       off        |        
RUN-1001 :        opt_const        |     on     |        on        |        
RUN-1001 :      opt_const_mult     |     on     |        on        |        
RUN-1001 :       opt_lessthan      |     on     |        on        |        
RUN-1001 :         opt_mux         |    off     |       off        |        
RUN-1001 :         opt_ram         |    high    |       high       |        
RUN-1001 :      rtl_sim_model      |    off     |       off        |        
RUN-1001 :         seq_syn         |     on     |        on        |        
RUN-1001 : --------------------------------------------------------------
HDL-1007 : analyze verilog file src/dac904e_ctrl.sv
HDL-1007 : analyze verilog file src/top.sv
GUI-5005 WARNING: Unknown file icon ...
GUI-5005 WARNING: Unknown file icon ...
RUN-1001 : launch_runs syn_1 -step opt_gate.
RUN-1001 : reset_run phy_1.
RUN-1001 : syn_1: run complete.
GUI-5005 WARNING: Unknown file icon ...
RUN-8001 ERROR: Run syn_1 should be up to date.
RUN-1001 : reset_run syn_1 phy_1.
RUN-1001 : launch_runs syn_1 phy_1  -jobs 6.
RUN-1001 : syn_1: run complete.
RUN-1001 : phy_1: run complete.
RUN-1002 : start command "download -bit top_Runs\phy_1\top.bit -mode jtag -spd 7 -sec 64 -cable 0"
PRG-2014 : Chip validation success: EF2L45B
RUN-1002 : start command "bit_to_vec -chip EF2L45B -m jtag_burst -freq 4 -bit top_Runs/phy_1/top.bit"
RUN-1002 : start command "program -cable 0 -mode svf -spd 7 -p"
RUN-1003 : finish command "program -cable 0 -mode svf -spd 7 -p" in  4.006030s wall, 0.015625s user + 0.015625s system = 0.031250s CPU (0.8%)

RUN-1004 : used memory is 257 MB, reserved memory is 179 MB, peak memory is 260 MB
RUN-1003 : finish command "download -bit top_Runs\phy_1\top.bit -mode jtag -spd 7 -sec 64 -cable 0" in  4.166114s wall, 0.046875s user + 0.015625s system = 0.062500s CPU (1.5%)

RUN-1004 : used memory is 257 MB, reserved memory is 179 MB, peak memory is 260 MB
GUI-1001 : Downloading succeeded!
RUN-1001 : reset_run phy_1 syn_1.
GUI-6001 WARNING: File E:/FPGA_work/FPGA_Boards_Git/Anlogic/FA202/DAC_dac904e/top_Runs/phy_1/top.bit does not exist!
RUN-1001 : launch_runs syn_1 phy_1  -jobs 6.
RUN-1001 : syn_1: run complete.
RUN-1001 : phy_1: run complete.
RUN-1002 : start command "download -bit top_Runs\phy_1\top.bit -mode jtag -spd 7 -sec 64 -cable 0"
PRG-2014 : Chip validation success: EF2L45B
RUN-1002 : start command "bit_to_vec -chip EF2L45B -m jtag_burst -freq 4 -bit top_Runs/phy_1/top.bit"
RUN-1002 : start command "program -cable 0 -mode svf -spd 7 -p"
RUN-1003 : finish command "program -cable 0 -mode svf -spd 7 -p" in  4.003642s wall, 0.000000s user + 0.000000s system = 0.000000s CPU (n/a%)

RUN-1004 : used memory is 259 MB, reserved memory is 182 MB, peak memory is 263 MB
RUN-1003 : finish command "download -bit top_Runs\phy_1\top.bit -mode jtag -spd 7 -sec 64 -cable 0" in  4.168884s wall, 0.031250s user + 0.015625s system = 0.046875s CPU (1.1%)

RUN-1004 : used memory is 259 MB, reserved memory is 182 MB, peak memory is 263 MB
GUI-1001 : Downloading succeeded!
